Log file open, 06/06/18 21:46:16
LogWindows: Failed to load 'aqProf.dll' (GetLastError=126)
LogWindows: File 'aqProf.dll' does not exist
LogWindows: Failed to load 'VtuneApi.dll' (GetLastError=126)
LogWindows: File 'VtuneApi.dll' does not exist
LogWindows: Failed to load 'VtuneApi32e.dll' (GetLastError=126)
LogWindows: File 'VtuneApi32e.dll' does not exist
LogInit: Display: Running engine for game: HowTo_Components
LogPlatformFile: Not using cached read wrapper
LogInit: Display: RandInit(1702672766) SRandInit(1702672766).
LogInit: Read version file with build ID '3944462'
LogInit: Overriding engine version to CL 4033788, compatible CL 3944462
LogInit: Registered custom module enumerator with build ID '3944462'
LogTaskGraph: Started task graph with 5 named threads and 14 total threads with 3 sets of task threads.
LogStats: Stats thread started at 0.204672
LogD3D11RHI: Aftermath initialized
LogICUInternationalization: Display: ICU TimeZone Detection - Raw Offset: +8:00, Platform Override: ''
LogPluginManager: Mounting plugin Paper2D
LogPluginManager: Mounting plugin LiveLink
LogPluginManager: Mounting plugin LightPropagationVolume
LogPluginManager: Mounting plugin CLionSourceCodeAccess
LogPluginManager: Mounting plugin CodeLiteSourceCodeAccess
LogPluginManager: Mounting plugin GitSourceControl
LogPluginManager: Mounting plugin KDevelopSourceCodeAccess
LogPluginManager: Mounting plugin NullSourceCodeAccess
LogPluginManager: Mounting plugin PerforceSourceControl
LogPluginManager: Mounting plugin SubversionSourceControl
LogPluginManager: Mounting plugin UObjectPlugin
LogPluginManager: Mounting plugin VisualStudioCodeSourceCodeAccess
LogPluginManager: Mounting plugin VisualStudioSourceCodeAccess
LogPluginManager: Mounting plugin XCodeSourceCodeAccess
LogPluginManager: Mounting plugin AssetManagerEditor
LogPluginManager: Mounting plugin CryptoKeys
LogPluginManager: Mounting plugin DataValidation
LogPluginManager: Mounting plugin FacialAnimation
LogPluginManager: Mounting plugin GameplayTagsEditor
LogPluginManager: Mounting plugin MobileLauncherProfileWizard
LogPluginManager: Mounting plugin PluginBrowser
LogPluginManager: Mounting plugin SpeedTreeImporter
LogPluginManager: Mounting plugin DatasmithContent
LogPluginManager: Mounting plugin AlembicImporter
LogPluginManager: Mounting plugin CharacterAI
LogPluginManager: Mounting plugin HTML5Networking
LogPluginManager: Mounting plugin AndroidMedia
LogPluginManager: Mounting plugin AvfMedia
LogPluginManager: Mounting plugin ImgMedia
LogPluginManager: Mounting plugin LinearTimecode
LogPluginManager: Mounting plugin MediaCompositing
LogPluginManager: Mounting plugin MediaPlayerEditor
LogPluginManager: Mounting plugin WmfMedia
LogPluginManager: Mounting plugin TcpMessaging
LogPluginManager: Mounting plugin UdpMessaging
LogPluginManager: Mounting plugin ActorSequence
LogPluginManager: Mounting plugin LevelSequenceEditor
LogPluginManager: Mounting plugin MatineeToLevelSequence
LogPluginManager: Mounting plugin NetcodeUnitTest
LogPluginManager: Mounting plugin NUTUnrealEngine4
LogPluginManager: Mounting plugin OnlineSubsystemGooglePlay
LogPluginManager: Mounting plugin OnlineSubsystemIOS
LogPluginManager: Mounting plugin OnlineSubsystem
LogPluginManager: Mounting plugin OnlineSubsystemNull
LogPluginManager: Mounting plugin OnlineSubsystemUtils
LogPluginManager: Mounting plugin AndroidDeviceProfileSelector
LogPluginManager: Mounting plugin AndroidMoviePlayer
LogPluginManager: Mounting plugin AndroidPermission
LogPluginManager: Mounting plugin AppleARKit
LogPluginManager: Mounting plugin AppleMoviePlayer
LogPluginManager: Mounting plugin ArchVisCharacter
LogPluginManager: Mounting plugin AudioCapture
LogPluginManager: Mounting plugin CableComponent
LogPluginManager: Mounting plugin CustomMeshComponent
LogPluginManager: Mounting plugin ExampleDeviceProfileSelector
LogPluginManager: Mounting plugin GoogleCloudMessaging
LogPluginManager: Mounting plugin ImmediatePhysics
LogPluginManager: Mounting plugin IOSDeviceProfileSelector
LogPluginManager: Mounting plugin LinuxDeviceProfileSelector
LogPluginManager: Mounting plugin LocationServicesBPLibrary
LogPluginManager: Mounting plugin MobilePatchingUtils
LogPluginManager: Mounting plugin OculusVR
LogPluginManager: Plugin shader directory ../../../Engine/Plugins/Runtime/Oculus/OculusVR/Shaders found
LogPluginManager: Mapping shader source directory ../../../Engine/Plugins/Runtime/Oculus/OculusVR/Shaders to virtual directory /Plugin/OculusVR
LogPluginManager: Mounting plugin PhysXVehicles
LogPluginManager: Mounting plugin ProceduralMeshComponent
LogPluginManager: Mounting plugin RuntimePhysXCooking
LogPluginManager: Mounting plugin SteamVR
LogPluginManager: Mounting plugin WindowsMoviePlayer
LogStreaming: Display: Took  0.296s to configure plugins.
LogModuleManager: Display: Found up-to-date module file ../../../../../../Users/User/Documents/GitHub Files/UE4 Crash Course/HowTo_Components/Binaries/Win64/UE4Editor-HowTo_Components-2166.dll (API version 3944462).
LogModuleManager: Display: Found up-to-date module file ../../../Engine/Plugins/2D/Paper2D/Binaries/Win64/UE4Editor-Paper2D.dll (API version 3944462).
LogModuleManager: Display: Found up-to-date module file ../../../Engine/Plugins/2D/Paper2D/Binaries/Win64/UE4Editor-Paper2DEditor.dll (API version 3944462).
LogModuleManager: Display: Found up-to-date module file ../../../Engine/Plugins/2D/Paper2D/Binaries/Win64/UE4Editor-PaperSpriteSheetImporter.dll (API version 3944462).
LogModuleManager: Display: Found up-to-date module file ../../../Engine/Plugins/2D/Paper2D/Binaries/Win64/UE4Editor-PaperTiledImporter.dll (API version 3944462).
LogModuleManager: Display: Found up-to-date module file ../../../Engine/Plugins/2D/Paper2D/Binaries/Win64/UE4Editor-SmartSnapping.dll (API version 3944462).
LogModuleManager: Display: Found up-to-date module file ../../../Engine/Plugins/Animation/LiveLink/Binaries/Win64/UE4Editor-LiveLink.dll (API version 3944462).
LogModuleManager: Display: Found up-to-date module file ../../../Engine/Plugins/Animation/LiveLink/Binaries/Win64/UE4Editor-LiveLinkEditor.dll (API version 3944462).
LogModuleManager: Display: Found up-to-date module file ../../../Engine/Plugins/Blendables/LightPropagationVolume/Binaries/Win64/UE4Editor-LightPropagationVolumeRuntime.dll (API version 3944462).
LogModuleManager: Display: Found up-to-date module file ../../../Engine/Plugins/Blendables/LightPropagationVolume/Binaries/Win64/UE4Editor-LightPropagationVolumeEditor.dll (API version 3944462).
LogModuleManager: Display: Found up-to-date module file ../../../Engine/Plugins/Developer/CLionSourceCodeAccess/Binaries/Win64/UE4Editor-CLionSourceCodeAccess.dll (API version 3944462).
LogModuleManager: Display: Found up-to-date module file ../../../Engine/Plugins/Developer/GitSourceControl/Binaries/Win64/UE4Editor-GitSourceControl.dll (API version 3944462).
LogModuleManager: Display: Found up-to-date module file ../../../Engine/Plugins/Developer/PerforceSourceControl/Binaries/Win64/UE4Editor-PerforceSourceControl.dll (API version 3944462).
LogModuleManager: Display: Found up-to-date module file ../../../Engine/Plugins/Developer/SubversionSourceControl/Binaries/Win64/UE4Editor-SubversionSourceControl.dll (API version 3944462).
LogModuleManager: Display: Found up-to-date module file ../../../Engine/Plugins/Developer/UObjectPlugin/Binaries/Win64/UE4Editor-UObjectPlugin.dll (API version 3944462).
LogModuleManager: Display: Found up-to-date module file ../../../Engine/Plugins/Developer/VisualStudioCodeSourceCodeAccess/Binaries/Win64/UE4Editor-VisualStudioCodeSourceCodeAccess.dll (API version 3944462).
LogModuleManager: Display: Found up-to-date module file ../../../Engine/Plugins/Developer/VisualStudioSourceCodeAccess/Binaries/Win64/UE4Editor-VisualStudioSourceCodeAccess.dll (API version 3944462).
LogModuleManager: Display: Found up-to-date module file ../../../Engine/Plugins/Editor/AssetManagerEditor/Binaries/Win64/UE4Editor-AssetManagerEditor.dll (API version 3944462).
LogModuleManager: Display: Found up-to-date module file ../../../Engine/Plugins/Editor/CryptoKeys/Binaries/Win64/UE4Editor-CryptoKeys.dll (API version 3944462).
LogModuleManager: Display: Found up-to-date module file ../../../Engine/Plugins/Editor/CryptoKeys/Binaries/Win64/UE4Editor-CryptoKeysOpenSSL.dll (API version 3944462).
LogModuleManager: Display: Found up-to-date module file ../../../Engine/Plugins/Editor/DataValidation/Binaries/Win64/UE4Editor-DataValidation.dll (API version 3944462).
LogModuleManager: Display: Found up-to-date module file ../../../Engine/Plugins/Editor/FacialAnimation/Binaries/Win64/UE4Editor-FacialAnimation.dll (API version 3944462).
LogModuleManager: Display: Found up-to-date module file ../../../Engine/Plugins/Editor/FacialAnimation/Binaries/Win64/UE4Editor-FacialAnimationEditor.dll (API version 3944462).
LogModuleManager: Display: Found up-to-date module file ../../../Engine/Plugins/Editor/GameplayTagsEditor/Binaries/Win64/UE4Editor-GameplayTagsEditor.dll (API version 3944462).
LogModuleManager: Display: Found up-to-date module file ../../../Engine/Plugins/Editor/MobileLauncherProfileWizard/Binaries/Win64/UE4Editor-MobileLauncherProfileWizard.dll (API version 3944462).
LogModuleManager: Display: Found up-to-date module file ../../../Engine/Plugins/Editor/PluginBrowser/Binaries/Win64/UE4Editor-PluginBrowser.dll (API version 3944462).
LogModuleManager: Display: Found up-to-date module file ../../../Engine/Plugins/Editor/SpeedTreeImporter/Binaries/Win64/UE4Editor-SpeedTreeImporter.dll (API version 3944462).
LogModuleManager: Display: Found up-to-date module file ../../../Engine/Plugins/Enterprise/DatasmithContent/Binaries/Win64/UE4Editor-DatasmithContent.dll (API version 3944462).
LogModuleManager: Display: Found up-to-date module file ../../../Engine/Plugins/Experimental/AlembicImporter/Binaries/Win64/UE4Editor-AlembicImporter.dll (API version 3944462).
LogModuleManager: Display: Found up-to-date module file ../../../Engine/Plugins/Experimental/AlembicImporter/Binaries/Win64/UE4Editor-AlembicLibrary.dll (API version 3944462).
LogModuleManager: Display: Found up-to-date module file ../../../Engine/Plugins/Experimental/CharacterAI/Binaries/Win64/UE4Editor-CharacterAI.dll (API version 3944462).
LogModuleManager: Display: Found up-to-date module file ../../../Engine/Plugins/Experimental/HTML5Networking/Binaries/Win64/UE4Editor-HTML5Networking.dll (API version 3944462).
LogModuleManager: Display: Found up-to-date module file ../../../Engine/Plugins/Media/AndroidMedia/Binaries/Win64/UE4Editor-AndroidMediaEditor.dll (API version 3944462).
LogModuleManager: Display: Found up-to-date module file ../../../Engine/Plugins/Media/AndroidMedia/Binaries/Win64/UE4Editor-AndroidMediaFactory.dll (API version 3944462).
LogModuleManager: Display: Found up-to-date module file ../../../Engine/Plugins/Media/AvfMedia/Binaries/Win64/UE4Editor-AvfMediaEditor.dll (API version 3944462).
LogModuleManager: Display: Found up-to-date module file ../../../Engine/Plugins/Media/AvfMedia/Binaries/Win64/UE4Editor-AvfMediaFactory.dll (API version 3944462).
LogModuleManager: Display: Found up-to-date module file ../../../Engine/Plugins/Media/AvfMedia/Binaries/Win64/UE4Editor-AvfMediaFactory.dll (API version 3944462).
LogModuleManager: Display: Found up-to-date module file ../../../Engine/Plugins/Media/ImgMedia/Binaries/Win64/UE4Editor-ImgMedia.dll (API version 3944462).
LogModuleManager: Display: Found up-to-date module file ../../../Engine/Plugins/Media/ImgMedia/Binaries/Win64/UE4Editor-ImgMediaEditor.dll (API version 3944462).
LogModuleManager: Display: Found up-to-date module file ../../../Engine/Plugins/Media/ImgMedia/Binaries/Win64/UE4Editor-ImgMediaFactory.dll (API version 3944462).
LogModuleManager: Display: Found up-to-date module file ../../../Engine/Plugins/Media/ImgMedia/Binaries/Win64/UE4Editor-ImgMediaFactory.dll (API version 3944462).
LogModuleManager: Display: Found up-to-date module file ../../../Engine/Plugins/Media/ImgMedia/Binaries/Win64/UE4Editor-OpenExrWrapper.dll (API version 3944462).
LogModuleManager: Display: Found up-to-date module file ../../../Engine/Plugins/Media/LinearTimecode/Binaries/Win64/UE4Editor-LinearTimecode.dll (API version 3944462).
LogModuleManager: Display: Found up-to-date module file ../../../Engine/Plugins/Media/MediaCompositing/Binaries/Win64/UE4Editor-MediaCompositing.dll (API version 3944462).
LogModuleManager: Display: Found up-to-date module file ../../../Engine/Plugins/Media/MediaCompositing/Binaries/Win64/UE4Editor-MediaCompositingEditor.dll (API version 3944462).
LogModuleManager: Display: Found up-to-date module file ../../../Engine/Plugins/Media/MediaPlayerEditor/Binaries/Win64/UE4Editor-MediaPlayerEditor.dll (API version 3944462).
LogModuleManager: Display: Found up-to-date module file ../../../Engine/Plugins/Media/WmfMedia/Binaries/Win64/UE4Editor-WmfMedia.dll (API version 3944462).
LogModuleManager: Display: Found up-to-date module file ../../../Engine/Plugins/Media/WmfMedia/Binaries/Win64/UE4Editor-WmfMediaEditor.dll (API version 3944462).
LogModuleManager: Display: Found up-to-date module file ../../../Engine/Plugins/Media/WmfMedia/Binaries/Win64/UE4Editor-WmfMediaFactory.dll (API version 3944462).
LogModuleManager: Display: Found up-to-date module file ../../../Engine/Plugins/Media/WmfMedia/Binaries/Win64/UE4Editor-WmfMediaFactory.dll (API version 3944462).
LogModuleManager: Display: Found up-to-date module file ../../../Engine/Plugins/Messaging/TcpMessaging/Binaries/Win64/UE4Editor-TcpMessaging.dll (API version 3944462).
LogModuleManager: Display: Found up-to-date module file ../../../Engine/Plugins/Messaging/UdpMessaging/Binaries/Win64/UE4Editor-UdpMessaging.dll (API version 3944462).
LogModuleManager: Display: Found up-to-date module file ../../../Engine/Plugins/MovieScene/ActorSequence/Binaries/Win64/UE4Editor-ActorSequence.dll (API version 3944462).
LogModuleManager: Display: Found up-to-date module file ../../../Engine/Plugins/MovieScene/LevelSequenceEditor/Binaries/Win64/UE4Editor-LevelSequenceEditor.dll (API version 3944462).
LogModuleManager: Display: Found up-to-date module file ../../../Engine/Plugins/MovieScene/MatineeToLevelSequence/Binaries/Win64/UE4Editor-MatineeToLevelSequence.dll (API version 3944462).
LogModuleManager: Display: Found up-to-date module file ../../../Engine/Plugins/NetcodeUnitTest/NetcodeUnitTest/Binaries/Win64/UE4Editor-NetcodeUnitTest.dll (API version 3944462).
LogModuleManager: Display: Found up-to-date module file ../../../Engine/Plugins/NetcodeUnitTest/NUTUnrealEngine4/Binaries/Win64/UE4Editor-NUTUnrealEngine4.dll (API version 3944462).
LogModuleManager: Display: Found up-to-date module file ../../../Engine/Plugins/Online/OnlineSubsystem/Binaries/Win64/UE4Editor-OnlineSubsystem.dll (API version 3944462).
LogModuleManager: Display: Found up-to-date module file ../../../Engine/Plugins/Online/OnlineSubsystemNull/Binaries/Win64/UE4Editor-OnlineSubsystemNull.dll (API version 3944462).
LogModuleManager: Display: Found up-to-date module file ../../../Engine/Plugins/Online/OnlineSubsystemUtils/Binaries/Win64/UE4Editor-OnlineSubsystemUtils.dll (API version 3944462).
LogModuleManager: Display: Found up-to-date module file ../../../Engine/Plugins/Online/OnlineSubsystemUtils/Binaries/Win64/UE4Editor-OnlineBlueprintSupport.dll (API version 3944462).
LogModuleManager: Display: Found up-to-date module file ../../../Engine/Plugins/Runtime/AndroidDeviceProfileSelector/Binaries/Win64/UE4Editor-AndroidDeviceProfileSelector.dll (API version 3944462).
LogModuleManager: Display: Found up-to-date module file ../../../Engine/Plugins/Runtime/AndroidPermission/Binaries/Win64/UE4Editor-AndroidPermission.dll (API version 3944462).
LogModuleManager: Display: Found up-to-date module file ../../../Engine/Plugins/Runtime/AppleARKit/Binaries/Win64/UE4Editor-AppleARKit.dll (API version 3944462).
LogModuleManager: Display: Found up-to-date module file ../../../Engine/Plugins/Runtime/ArchVisCharacter/Binaries/Win64/UE4Editor-ArchVisCharacter.dll (API version 3944462).
LogModuleManager: Display: Found up-to-date module file ../../../Engine/Plugins/Runtime/AudioCapture/Binaries/Win64/UE4Editor-AudioCapture.dll (API version 3944462).
LogModuleManager: Display: Found up-to-date module file ../../../Engine/Plugins/Runtime/AudioCapture/Binaries/Win64/UE4Editor-AudioCaptureEditor.dll (API version 3944462).
LogModuleManager: Display: Found up-to-date module file ../../../Engine/Plugins/Runtime/CableComponent/Binaries/Win64/UE4Editor-CableComponent.dll (API version 3944462).
LogModuleManager: Display: Found up-to-date module file ../../../Engine/Plugins/Runtime/CustomMeshComponent/Binaries/Win64/UE4Editor-CustomMeshComponent.dll (API version 3944462).
LogModuleManager: Display: Found up-to-date module file ../../../Engine/Plugins/Runtime/ExampleDeviceProfileSelector/Binaries/Win64/UE4Editor-ExampleDeviceProfileSelector.dll (API version 3944462).
LogModuleManager: Display: Found up-to-date module file ../../../Engine/Plugins/Runtime/ImmediatePhysics/Binaries/Win64/UE4Editor-ImmediatePhysics.dll (API version 3944462).
LogModuleManager: Display: Found up-to-date module file ../../../Engine/Plugins/Runtime/ImmediatePhysics/Binaries/Win64/UE4Editor-ImmediatePhysicsEditor.dll (API version 3944462).
LogModuleManager: Display: Found up-to-date module file ../../../Engine/Plugins/Runtime/LocationServicesBPLibrary/Binaries/Win64/UE4Editor-LocationServicesBPLibrary.dll (API version 3944462).
LogModuleManager: Display: Found up-to-date module file ../../../Engine/Plugins/Runtime/MobilePatchingUtils/Binaries/Win64/UE4Editor-MobilePatchingUtils.dll (API version 3944462).
LogModuleManager: Display: Found up-to-date module file ../../../Engine/Plugins/Runtime/Oculus/OculusVR/Binaries/Win64/UE4Editor-OculusHMD.dll (API version 3944462).
LogModuleManager: Display: Found up-to-date module file ../../../Engine/Plugins/Runtime/Oculus/OculusVR/Binaries/Win64/UE4Editor-OculusInput.dll (API version 3944462).
LogModuleManager: Display: Found up-to-date module file ../../../Engine/Plugins/Runtime/Oculus/OculusVR/Binaries/Win64/UE4Editor-OculusEditor.dll (API version 3944462).
LogModuleManager: Display: Found up-to-date module file ../../../Engine/Plugins/Runtime/PhysXVehicles/Binaries/Win64/UE4Editor-PhysXVehicles.dll (API version 3944462).
LogModuleManager: Display: Found up-to-date module file ../../../Engine/Plugins/Runtime/PhysXVehicles/Binaries/Win64/UE4Editor-PhysXVehiclesEditor.dll (API version 3944462).
LogModuleManager: Display: Found up-to-date module file ../../../Engine/Plugins/Runtime/ProceduralMeshComponent/Binaries/Win64/UE4Editor-ProceduralMeshComponent.dll (API version 3944462).
LogModuleManager: Display: Found up-to-date module file ../../../Engine/Plugins/Runtime/ProceduralMeshComponent/Binaries/Win64/UE4Editor-ProceduralMeshComponentEditor.dll (API version 3944462).
LogModuleManager: Display: Found up-to-date module file ../../../Engine/Plugins/Runtime/RuntimePhysXCooking/Binaries/Win64/UE4Editor-RuntimePhysXCooking.dll (API version 3944462).
LogModuleManager: Display: Found up-to-date module file ../../../Engine/Plugins/Runtime/Steam/SteamVR/Binaries/Win64/UE4Editor-SteamVR.dll (API version 3944462).
LogModuleManager: Display: Found up-to-date module file ../../../Engine/Plugins/Runtime/Steam/SteamVR/Binaries/Win64/UE4Editor-SteamVRController.dll (API version 3944462).
LogModuleManager: Display: Found up-to-date module file ../../../Engine/Plugins/Runtime/WindowsMoviePlayer/Binaries/Win64/UE4Editor-WindowsMoviePlayer.dll (API version 3944462).
LogInit: Using libcurl 7.47.1
LogInit:  - built for x86_64-pc-win32
LogInit:  - supports SSL with OpenSSL/1.0.2g
LogInit:  - supports HTTP deflate (compression) using libz 1.2.8
LogInit:  - other features:
LogInit:      CURL_VERSION_SSL
LogInit:      CURL_VERSION_LIBZ
LogInit:      CURL_VERSION_IPV6
LogInit:      CURL_VERSION_ASYNCHDNS
LogInit:      CURL_VERSION_LARGEFILE
LogInit:      CURL_VERSION_IDN
LogInit:  CurlRequestOptions (configurable via config and command line):
LogInit:  - bVerifyPeer = false  - Libcurl will NOT verify peer certificate
LogInit:  - bUseHttpProxy = false  - Libcurl will NOT use HTTP proxy
LogInit:  - bDontReuseConnections = false  - Libcurl will reuse connections
LogInit:  - CertBundlePath = nullptr  - Libcurl will use whatever was configured at build time.
LogInit:  - MaxHostConnections = 16  - Libcurl will limit the number of connections to a host
LogInit:  - LocalHostAddr = Default
LogInit: WinSock: version 1.1 (2.2), MaxSocks=32767, MaxUdp=65467
LogInit: WinSock: I am Asus (192.168.0.5:0)
LogInit: Build: ++UE4+Release-4.19-CL-4033788
LogInit: Engine Version: 4.19.2-4033788+++UE4+Release-4.19
LogInit: Compatible Engine Version: 4.19.0-3944462+++UE4+Release-4.19
LogInit: Net CL: 3944462
LogDevObjectVersion: Number of dev versions registered: 18
LogDevObjectVersion:   Dev-Blueprints (B0D832E4-1F89-4F0D-ACCF-7EB736FD4AA2): 10
LogDevObjectVersion:   Dev-Build (E1C64328-A22C-4D53-A36C-8E866417BD8C): 0
LogDevObjectVersion:   Dev-Core (375EC13C-06E4-48FB-B500-84F0262A717E): 2
LogDevObjectVersion:   Dev-Editor (E4B068ED-F494-42E9-A231-DA0B2E46BB41): 23
LogDevObjectVersion:   Dev-Framework (CFFC743F-43B0-4480-9391-14DF171D2073): 33
LogDevObjectVersion:   Dev-Mobile (B02B49B5-BB20-44E9-A304-32B752E40360): 2
LogDevObjectVersion:   Dev-Networking (A4E4105C-59A1-49B5-A7C5-40C4547EDFEE): 0
LogDevObjectVersion:   Dev-Online (39C831C9-5AE6-47DC-9A44-9C173E1C8E7C): 0
LogDevObjectVersion:   Dev-Physics (78F01B33-EBEA-4F98-B9B4-84EACCB95AA2): 0
LogDevObjectVersion:   Dev-Platform (6631380F-2D4D-43E0-8009-CF276956A95A): 0
LogDevObjectVersion:   Dev-Rendering (12F88B9F-8875-4AFC-A67C-D90C383ABD29): 25
LogDevObjectVersion:   Dev-Sequencer (7B5AE74C-D270-4C10-A958-57980B212A5A): 6
LogDevObjectVersion:   Dev-VR (D7296918-1DD6-4BDD-9DE2-64A83CC13884): 1
LogDevObjectVersion:   Dev-LoadTimes (C2A15278-BFE7-4AFE-6C17-90FF531DF755): 1
LogDevObjectVersion:   Private-Geometry (6EACA3D4-40EC-4CC1-B786-8BED09428FC5): 2
LogDevObjectVersion:   Dev-AnimPhys (29E575DD-E0A3-4627-9D10-D276232CDCEA): 16
LogDevObjectVersion:   Dev-ReflectionCapture (6B266CEC-1EC7-4B8F-A30B-E4D90942FC07): 1
LogDevObjectVersion:   Dev-Automation (0DF73D61-A23F-47EA-B727-89E90C41499A): 1
LogInit: Compiled (64-bit): Apr 27 2018 02:06:57
LogInit: Compiled with Visual C++: 19.00.24215.01
LogInit: Build Configuration: Development
LogInit: Branch Name: ++UE4+Release-4.19
LogInit: Command Line: 
LogInit: Base Directory: C:/Program Files/Epic Games/UE_4.19/Engine/Binaries/Win64/
LogInit: Installed Engine Build: 1
LogStreaming: Display: Took  0.001s to delete old logs.
LogInit: Presizing for max 8388607 objects, including 0 objects not considered by GC, pre-allocating 0 bytes for permanent pool.
LogInit: Object subsystem initialized
[2018.06.06-13.46.19:827][  0]LogInit: Selected Device Profile: [Windows]
[2018.06.06-13.46.19:827][  0]LogInit: Applying CVar settings loaded from the selected device profile: [Windows]
[2018.06.06-13.46.19:842][  0]LogInit: Computer: ASUS
[2018.06.06-13.46.19:842][  0]LogInit: User: User
[2018.06.06-13.46.19:842][  0]LogInit: CPU Page size=4096, Cores=4
[2018.06.06-13.46.19:842][  0]LogInit: High frequency timer resolution =2.437499 MHz
[2018.06.06-13.46.19:842][  0]LogMemory: Memory total: Physical=7.9GB (8GB approx)
[2018.06.06-13.46.19:842][  0]LogMemory: Platform Memory Stats for Windows
[2018.06.06-13.46.19:842][  0]LogMemory: Process Physical Memory: 276.91 MB used, 276.91 MB peak
[2018.06.06-13.46.19:842][  0]LogMemory: Process Virtual Memory: 266.07 MB used, 266.07 MB peak
[2018.06.06-13.46.19:842][  0]LogMemory: Physical Memory: 3912.83 MB used,  4164.19 MB free, 8077.02 MB total
[2018.06.06-13.46.19:842][  0]LogMemory: Virtual Memory: 4766.52 MB used,  4164.19 MB free, 134217728.00 MB total
[2018.06.06-13.46.19:872][  0]LogInit: Using OS detected language (en-US).
[2018.06.06-13.46.19:872][  0]LogInit: Using OS detected locale (en-US).
[2018.06.06-13.46.19:877][  0]LogTextLocalizationManager: No specific localization for 'en-US' exists, so the 'en' localization will be used.
[2018.06.06-13.46.20:424][  0]LogStreaming: Display: Took  0.552s to EndInitTextLocalization.
[2018.06.06-13.46.20:424][  0]LogInit: Setting process to per monitor DPI aware
[2018.06.06-13.46.20:457][  0]LogSlate: New Slate User Created.  User Index 0, Is Virtual User: 0
[2018.06.06-13.46.20:457][  0]LogSlate: Slate User Registered.  User Index 0, Is Virtual User: 0
[2018.06.06-13.46.20:750][  0]LogD3D11RHI: D3D11 adapters:
[2018.06.06-13.46.20:816][  0]LogD3D11RHI:    0. 'NVIDIA GeForce GTX 1050' (Feature Level 11_0)
[2018.06.06-13.46.20:816][  0]LogD3D11RHI:       4021/0/4038 MB DedicatedVideo/DedicatedSystem/SharedSystem, Outputs:1, VendorId:0x10de
[2018.06.06-13.46.20:825][  0]LogD3D11RHI:    1. 'Intel(R) HD Graphics 630' (Feature Level 11_0)
[2018.06.06-13.46.20:825][  0]LogD3D11RHI:       128/0/4038 MB DedicatedVideo/DedicatedSystem/SharedSystem, Outputs:0, VendorId:0x8086
[2018.06.06-13.46.20:828][  0]LogD3D11RHI:    2. 'Microsoft Basic Render Driver' (Feature Level 11_0)
[2018.06.06-13.46.20:828][  0]LogD3D11RHI:       0/0/4038 MB DedicatedVideo/DedicatedSystem/SharedSystem, Outputs:0, VendorId:0x1414
[2018.06.06-13.46.20:828][  0]LogD3D11RHI: Chosen D3D11 Adapter: 0
[2018.06.06-13.46.20:839][  0]LogD3D11RHI: Creating new Direct3DDevice
[2018.06.06-13.46.20:839][  0]LogD3D11RHI:     GPU DeviceId: 0x1c8d (for the marketing name, search the web for "GPU Device Id")
[2018.06.06-13.46.20:839][  0]LogWindows: EnumDisplayDevices:
[2018.06.06-13.46.20:839][  0]LogWindows:    0. 'Intel(R) HD Graphics 630' (P:1 D:1)
[2018.06.06-13.46.20:840][  0]LogWindows:    1. 'Intel(R) HD Graphics 630' (P:0 D:0)
[2018.06.06-13.46.20:840][  0]LogWindows:    2. 'Intel(R) HD Graphics 630' (P:0 D:0)
[2018.06.06-13.46.20:840][  0]LogWindows: DebugString: GetVideoDriverDetailsInvalid PrimaryIsNotTheChoosenAdapter GetVideoDriverDetailsInvalid PrimaryIsNotTheChoosenAdapter GetVideoDriverDetailsInvalid PrimaryIsNotTheChoosenAdapter FoundDriverCount:0 
[2018.06.06-13.46.20:840][  0]LogD3D11RHI:     Adapter Name: NVIDIA GeForce GTX 1050
[2018.06.06-13.46.20:840][  0]LogD3D11RHI:   Driver Version: Unknown (internal:Unknown, unified:Unknown)
[2018.06.06-13.46.20:840][  0]LogD3D11RHI:      Driver Date: Unknown
[2018.06.06-13.46.20:840][  0]LogRHI: Texture pool is 2814 MB (70% of 4021 MB)
[2018.06.06-13.46.20:888][  0]LogD3D11RHI: [Aftermath] Aftermath enabled and primed
[2018.06.06-13.46.20:888][  0]LogD3D11RHI: [Aftermath] Aftermath enabled and primed
[2018.06.06-13.46.20:888][  0]LogD3D11RHI: Async texture creation enabled
[2018.06.06-13.46.20:906][  0]LogD3D11RHI: GPU Timing Frequency: 1000.000000 (Debug: 2 2)
[2018.06.06-13.46.20:907][  0]LogShaderCompilers: Guid format shader working directory is -40 characters bigger than the processId version (../../../../../../Users/User/Documents/GitHub Files/UE4 Crash Course/HowTo_Components/Intermediate/Shaders/WorkingDirectory/7652/).
[2018.06.06-13.46.20:907][  0]LogShaderCompilers: Cleaned the shader compiler working directory 'C:/Users/User/AppData/Local/Temp/UnrealShaderWorkingDir/E6810C114DE43441CAC09686028D2E71/'.
[2018.06.06-13.46.21:193][  0]LogTemp: Display: Loaded TP AllDesktopTargetPlatform
[2018.06.06-13.46.21:212][  0]LogTemp: Display: Loaded TP MacClientTargetPlatform
[2018.06.06-13.46.21:232][  0]LogTemp: Display: Loaded TP MacNoEditorTargetPlatform
[2018.06.06-13.46.21:251][  0]LogTemp: Display: Loaded TP MacServerTargetPlatform
[2018.06.06-13.46.21:270][  0]LogTemp: Display: Loaded TP MacTargetPlatform
[2018.06.06-13.46.21:290][  0]LogTemp: Display: Loaded TP WindowsClientTargetPlatform
[2018.06.06-13.46.21:310][  0]LogTemp: Display: Loaded TP WindowsNoEditorTargetPlatform
[2018.06.06-13.46.21:329][  0]LogTemp: Display: Loaded TP WindowsServerTargetPlatform
[2018.06.06-13.46.21:339][  0]LogTemp: Display: Loaded TP WindowsTargetPlatform
[2018.06.06-13.46.21:356][  0]LogTemp: Display: Loaded TP Android_ASTCTargetPlatform
[2018.06.06-13.46.21:373][  0]LogTemp: Display: Loaded TP Android_ATCTargetPlatform
[2018.06.06-13.46.21:390][  0]LogTemp: Display: Loaded TP Android_DXTTargetPlatform
[2018.06.06-13.46.21:406][  0]LogTemp: Display: Loaded TP Android_ETC1aTargetPlatform
[2018.06.06-13.46.21:423][  0]LogTemp: Display: Loaded TP Android_ETC1TargetPlatform
[2018.06.06-13.46.21:440][  0]LogTemp: Display: Loaded TP Android_ETC2TargetPlatform
[2018.06.06-13.46.21:474][  0]LogTemp: Display: Loaded TP Android_MultiTargetPlatform
[2018.06.06-13.46.21:474][  0]LogTemp: Display: Loaded TP Android_PVRTCTargetPlatform
[2018.06.06-13.46.21:491][  0]LogTemp: Display: Loaded TP AndroidTargetPlatform
[2018.06.06-13.46.21:493][  0]LogTemp: Display: Loaded TP HTML5TargetPlatform
[2018.06.06-13.46.21:536][  0]LogTemp: Display: Loaded TP IOSTargetPlatform
[2018.06.06-13.46.21:552][  0]LogTemp: Display: Loaded TP TVOSTargetPlatform
[2018.06.06-13.46.21:568][  0]LogTemp: Display: Loaded TP LinuxClientTargetPlatform
[2018.06.06-13.46.21:585][  0]LogTemp: Display: Loaded TP LinuxNoEditorTargetPlatform
[2018.06.06-13.46.21:604][  0]LogTemp: Display: Loaded TP LinuxServerTargetPlatform
[2018.06.06-13.46.21:625][  0]LogTemp: Display: Loaded TP LinuxTargetPlatform
[2018.06.06-13.46.21:626][  0]LogTargetPlatformManager: Display: Building Assets For Windows
[2018.06.06-13.46.21:820][  0]LogXGEController: Cannot use XGE Controller as Incredibuild is not installed on this machine.
[2018.06.06-13.46.21:820][  0]LogShaderCompilers: Cannot use XGE Shader Compiler as Incredibuild is not installed on this machine.
[2018.06.06-13.46.21:820][  0]LogShaderCompilers: Display: Using Local Shader Compiler.
[2018.06.06-13.46.22:748][  0]LogDerivedDataCache: Display: Max Cache Size: 512 MB
[2018.06.06-13.46.22:829][  0]LogDerivedDataCache: Loaded boot cache 0.08s 74MB C:/Users/User/AppData/Local/UnrealEngine/4.19/DerivedDataCache/Boot.ddc.
[2018.06.06-13.46.22:829][  0]LogDerivedDataCache: Display: Loaded Boot cache: C:/Users/User/AppData/Local/UnrealEngine/4.19/DerivedDataCache/Boot.ddc
[2018.06.06-13.46.22:829][  0]LogDerivedDataCache: FDerivedDataBackendGraph:  Pak pak cache file ../../../../../../Users/User/Documents/GitHub Files/UE4 Crash Course/HowTo_Components/DerivedDataCache/DDC.ddp not found, will not use a pak cache.
[2018.06.06-13.46.22:829][  0]LogDerivedDataCache: Unable to find inner node Pak for hierarchical cache Hierarchy.
[2018.06.06-13.46.22:829][  0]LogDerivedDataCache: FDerivedDataBackendGraph:  CompressedPak pak cache file ../../../../../../Users/User/Documents/GitHub Files/UE4 Crash Course/HowTo_Components/DerivedDataCache/Compressed.ddp not found, will not use a pak cache.
[2018.06.06-13.46.22:829][  0]LogDerivedDataCache: Unable to find inner node CompressedPak for hierarchical cache Hierarchy.
[2018.06.06-13.46.22:851][  0]LogDerivedDataCache: Display: Pak cache opened for reading ../../../Engine/DerivedDataCache/Compressed.ddp.
[2018.06.06-13.46.22:864][  0]LogDerivedDataCache: Using Local data cache path C:/Users/User/AppData/Local/UnrealEngine/Common/DerivedDataCache: Writable
[2018.06.06-13.46.22:864][  0]LogDerivedDataCache: Shared data cache path not found in *engine.ini, will not use an Shared cache.
[2018.06.06-13.46.22:864][  0]LogDerivedDataCache: Unable to find inner node Shared for hierarchical cache Hierarchy.
[2018.06.06-13.46.22:879][  0]LogMaterial: Verifying Global Shaders for PCD3D_SM5
[2018.06.06-13.46.22:880][  0]LogSlate: Using Freetype 2.6.0
[2018.06.06-13.46.22:881][  0]LogSlate: SlateFontCache - WITH_FREETYPE: 1, WITH_HARFBUZZ: 1
[2018.06.06-13.46.22:881][  0]LogSlate: SlateFontCache - WITH_FREETYPE: 1, WITH_HARFBUZZ: 1
[2018.06.06-13.46.23:075][  0]LogAssetRegistry: FAssetRegistry took 0.0282 seconds to start up
[2018.06.06-13.46.23:480][  0]LogInit: Selected Device Profile: [Windows]
[2018.06.06-13.46.23:695][  0]LogSimplygon: Simplygon DLL not present - disabling.
[2018.06.06-13.46.23:700][  0]LogMeshReduction: Using SimplygonSwarm for distributed automatic mesh merging
[2018.06.06-13.46.23:700][  0]LogMeshReduction: Using QuadricMeshReduction for automatic static mesh reduction
[2018.06.06-13.46.23:700][  0]LogMeshReduction: No automatic skeletal mesh reduction module available
[2018.06.06-13.46.23:700][  0]LogMeshReduction: No automatic mesh merging module available
[2018.06.06-13.46.23:700][  0]LogMeshMerging: No automatic mesh merging module available
[2018.06.06-13.46.23:750][  0]LogNetVersion: HowTo_Components , NetCL: 3944462, EngineNetVer: 2, GameNetVer: 0 (Checksum: 2081593917)
[2018.06.06-13.46.24:385][  0]LogPackageLocalizationCache: Processed 9 localized package path(s) for 2 prioritized culture(s) in 0.151632 seconds
[2018.06.06-13.46.24:392][  0]LogUObjectArray: 36728 objects as part of root set at end of initial load.
[2018.06.06-13.46.24:392][  0]LogUObjectAllocator: 7314312 out of 0 bytes used by permanent object pool.
[2018.06.06-13.46.24:392][  0]LogUObjectArray: CloseDisregardForGC: 0/0 objects in disregard for GC pool
[2018.06.06-13.46.26:803][  0]LogTcpMessaging: Initializing TcpMessaging bridge
[2018.06.06-13.46.26:848][  0]LogUdpMessaging: Initializing bridge on interface 0.0.0.0:0 to multicast group 230.0.0.1:6666.
[2018.06.06-13.46.27:480][  0]SourceControl: Source control is disabled
[2018.06.06-13.46.27:480][  0]SourceControl: Source control is disabled
[2018.06.06-13.46.27:516][  0]SourceControl: Source control is disabled
[2018.06.06-13.46.27:550][  0]SourceControl: Source control is disabled
[2018.06.06-13.46.28:375][  0]LogAndroidPermission: UAndroidPermissionCallbackProxy::GetInstance
[2018.06.06-13.46.28:641][  0]LogOcInput: OculusInput pre-init called
[2018.06.06-13.46.28:811][  0]LogEngine: Initializing Engine...
[2018.06.06-13.46.28:813][  0]LogHMD: Failed to initialize OpenVR with code 110
[2018.06.06-13.46.28:815][  0]LogStats: UGameplayTagsManager::ConstructGameplayTagTree: Construct from data asset -  0.000 s
[2018.06.06-13.46.28:815][  0]LogStats: UGameplayTagsManager::ConstructGameplayTagTree: GameplayTagTreeChangedEvent.Broadcast -  0.000 s
[2018.06.06-13.46.29:098][  0]LogAIModule: Creating AISystem for world Untitled
[2018.06.06-13.46.29:163][  0]LogInit: XAudio2 using 'Speakers (Realtek High Definition Audio)' : 2 channels at 48 kHz using 32 bits per sample (channel mask 0x3)
[2018.06.06-13.46.29:198][  0]LogInit: FAudioDevice initialized.
[2018.06.06-13.46.29:711][  0]LogDerivedDataCache: Saved boot cache 0.51s 74MB C:/Users/User/AppData/Local/UnrealEngine/4.19/DerivedDataCache/Boot.ddc.
[2018.06.06-13.46.29:725][  0]LogInit: Texture streaming: Enabled
[2018.06.06-13.46.29:759][  0]LogInit: Transaction tracking system initialized
[2018.06.06-13.46.29:799][  0]BlueprintLog: New page: Editor Load
[2018.06.06-13.46.29:922][  0]LocalizationService: Localization service is disabled
[2018.06.06-13.46.30:088][  0]LogUObjectGlobals: Created PersistentFrame Addr=0x000001d5261dd360, Size=88, Default__Landscape_Sculpt_Mode_C Function /Engine/Tutorial/Landscape/Landscape_Sculpt_Mode.Landscape_Sculpt_Mode_C:ExecuteUbergraph_Landscape_Sculpt_Mode
[2018.06.06-13.46.30:091][  0]LogUObjectGlobals: Destroyed PersistentFrame Addr=0x000001d5261dd360, Size=88
[2018.06.06-13.46.30:091][  0]LogUObjectGlobals: Created PersistentFrame Addr=0x000001d5261dd360, Size=88, Default__Landscape_Sculpt_Mode_C Function /Engine/Transient.REINST_Landscape_Sculpt_Mode_C_3:ExecuteUbergraph_Landscape_Sculpt_Mode
[2018.06.06-13.46.30:094][  0]LogUObjectGlobals: Created PersistentFrame Addr=0x000001d5260438d0, Size=80, Default__Landscape_Sculpt_Mode_C Function /Engine/Tutorial/Landscape/Landscape_Sculpt_Mode.Landscape_Sculpt_Mode_C:ExecuteUbergraph_Landscape_Sculpt_Mode
[2018.06.06-13.46.30:548][  0]LogConsoleResponse: Display: 
[2018.06.06-13.46.30:760][  0]LogCook: Display: Max memory allowance for cook 16384mb min free memory 0mb
[2018.06.06-13.46.30:760][  0]LogCook: Display: Mobile HDR setting 1
[2018.06.06-13.46.30:760][  0]LogGameplayTags: Display: UGameplayTagsManager::DoneAddingNativeTags. DelegateIsBound: 0
[2018.06.06-13.46.30:760][  0]LogStats: UGameplayTagsManager::ConstructGameplayTagTree: Construct from data asset -  0.000 s
[2018.06.06-13.46.30:760][  0]LogStats: UGameplayTagsManager::ConstructGameplayTagTree: GameplayTagTreeChangedEvent.Broadcast -  0.000 s
[2018.06.06-13.46.30:768][  0]LogFileCache: Scanning file cache for directory 'C:/Users/User/Documents/GitHub Files/UE4 Crash Course/HowTo_Components/Content/' took 0.02s
[2018.06.06-13.46.31:426][  0]SourceControl: Source control is disabled
[2018.06.06-13.46.31:426][  0]Cmd: MAP LOAD FILE="../../../../../../Users/User/Documents/GitHub Files/UE4 Crash Course/HowTo_Components/Content/StarterContent/Maps/Minimal_Default.umap" TEMPLATE=0 SHOWPROGRESS=1 FEATURELEVEL=3
[2018.06.06-13.46.31:427][  0]LightingResults: New page: Lighting Build
[2018.06.06-13.46.31:431][  0]MapCheck: New page: Map Check
[2018.06.06-13.46.31:431][  0]LightingResults: New page: Lighting Build
[2018.06.06-13.46.31:447][  0]LogUObjectGlobals: Destroyed PersistentFrame Addr=0x000001d5261dd360, Size=88
[2018.06.06-13.46.31:794][  0]LogAIModule: Creating AISystem for world Minimal_Default
[2018.06.06-13.46.31:803][  0]LogEditorServer: Finished looking for orphan Actors (0.000 secs)
[2018.06.06-13.46.31:820][  0]Cmd: MAP CHECKDEP NOCLEARLOG
[2018.06.06-13.46.31:930][  0]MapCheck: Map check complete: 0 Error(s), 0 Warning(s), took 110.063ms to complete.
[2018.06.06-13.46.31:931][  0]LogFileHelpers: Loading map 'Minimal_Default' took 0.505
[2018.06.06-13.46.32:073][  0]LogCollectionManager: Loaded 0 collections in 0.003111 seconds
[2018.06.06-13.46.32:124][  0]LogFileCache: Scanning file cache for directory 'C:/Users/User/Documents/GitHub Files/UE4 Crash Course/HowTo_Components/Saved/Collections/' took 0.01s
[2018.06.06-13.46.32:124][  0]LogFileCache: Scanning file cache for directory 'C:/Users/User/Documents/GitHub Files/UE4 Crash Course/HowTo_Components/Content/Developers/User/Collections/' took 0.01s
[2018.06.06-13.46.32:124][  0]LogFileCache: Scanning file cache for directory 'C:/Users/User/Documents/GitHub Files/UE4 Crash Course/HowTo_Components/Content/Collections/' took 0.01s
[2018.06.06-13.46.32:124][  0]LogCollectionManager: Rebuilt the GUID cache for 0 collections in 0.000000 seconds
[2018.06.06-13.46.32:136][  0]LogContentBrowser: Native class hierarchy populated in 0.0126 seconds. Added 2454 classes and 560 folders.
[2018.06.06-13.46.32:147][  0]LogContentBrowser: Native class hierarchy updated for 'WidgetCarousel' in 0.0012 seconds. Added 0 classes and 0 folders.
[2018.06.06-13.46.32:228][  0]LogContentBrowser: Native class hierarchy updated for 'AddContentDialog' in 0.0012 seconds. Added 0 classes and 0 folders.
[2018.06.06-13.46.32:241][  0]LogContentBrowser: Native class hierarchy updated for 'SceneOutliner' in 0.0012 seconds. Added 1 classes and 2 folders.
[2018.06.06-13.46.32:325][  0]LogSlate: Took 0.000267 seconds to synchronously load lazily loaded font '../../../Engine/Content/Slate/Fonts/Roboto-Regular.ttf' (155K)
[2018.06.06-13.46.32:332][  0]LogSlate: Took 0.000359 seconds to synchronously load lazily loaded font '../../../Engine/Content/Slate/Fonts/Roboto-Bold.ttf' (160K)
[2018.06.06-13.46.32:335][  0]LogSlate: Took 0.000323 seconds to synchronously load lazily loaded font '../../../Engine/Content/Editor/Slate/Fonts/FontAwesome.ttf' (139K)
[2018.06.06-13.46.32:443][  0]LogRenderer: Reallocating scene render targets to support 1120x548 Format 9 NumSamples 1 (Frame:1).
[2018.06.06-13.46.32:481][  0]LogSlate: Took 0.000322 seconds to synchronously load lazily loaded font '../../../Engine/Content/Slate/Fonts/Roboto-Light.ttf' (167K)
[2018.06.06-13.46.32:626][  0]LogContentBrowser: Native class hierarchy updated for 'HierarchicalLODOutliner' in 0.0013 seconds. Added 0 classes and 0 folders.
[2018.06.06-13.46.32:626][  0]LogLoad: (Engine Initialization) Total time: 17.72 seconds
[2018.06.06-13.46.32:626][  0]LogLoad: (Engine Initialization) Total Blueprint compile time: 0.00 seconds
[2018.06.06-13.46.32:985][  0]LogContentStreaming: Texture pool size now 400 MB
[2018.06.06-13.46.33:308][  1]LogAssetRegistry: Asset discovery search completed in 10.2567 seconds
[2018.06.06-13.46.33:311][  1]LogCollectionManager: Rebuilt the object cache for 0 collections in 0.000000 seconds (found 0 objects)
[2018.06.06-13.46.33:311][  1]LogCollectionManager: Fixed up redirectors for 0 collections in 0.000075 seconds (updated 0 objects)
[2018.06.06-13.46.51:791][206]LogSlate: FSceneViewport::OnFocusLost() reason 2
[2018.06.06-14.03.18:284][420]LogHotReload: New module detected: UE4Editor-HowTo_Components-3098.dll
[2018.06.06-14.03.22:004][432]LogHotReload: Starting Hot-Reload from IDE
[2018.06.06-14.03.22:151][432]LogSlate: Took 0.013379 seconds to synchronously load lazily loaded font '../../../Engine/Content/Slate/Fonts/Roboto-Light.ttf' (167K)
[2018.06.06-14.03.22:363][432]LogClass: Could not find existing class CollidingPawn in package /Script/HowTo_Components for HotReload, assuming new class
[2018.06.06-14.03.22:366][432]LogHotReload: Re-instancing CollidingPawn after hot-reload.
[2018.06.06-14.03.23:023][432]LogContentBrowser: Native class hierarchy updated for 'HowTo_Components' in 0.0014 seconds. Added 2 classes and 2 folders.
[2018.06.06-14.03.23:025][432]Display: HotReload successful (0 functions remapped  0 scriptstructs remapped)
[2018.06.06-14.03.23:126][432]LogContentBrowser: Native class hierarchy populated in 0.0147 seconds. Added 2455 classes and 562 folders.
[2018.06.06-14.03.23:259][432]Display: HotReload took  1.3s.
[2018.06.06-14.58.01:584][312]LogHotReload: New module detected: UE4Editor-HowTo_Components-5854.dll
[2018.06.06-14.58.03:135][317]LogHotReload: Starting Hot-Reload from IDE
[2018.06.06-14.58.06:132][317]LogHotReload: Re-instancing CollidingPawn after hot-reload.
[2018.06.06-14.58.06:327][317]LogContentBrowser: Native class hierarchy updated for 'HowTo_Components' in 0.0020 seconds. Added 2 classes and 2 folders.
[2018.06.06-14.58.06:329][317]Display: HotReload successful (0 functions remapped  0 scriptstructs remapped)
[2018.06.06-14.58.06:472][317]LogContentBrowser: Native class hierarchy populated in 0.0315 seconds. Added 2455 classes and 562 folders.
[2018.06.06-14.58.06:487][317]Display: HotReload took  3.4s.
[2018.06.06-15.23.04:264][810]LogHotReload: New module detected: UE4Editor-HowTo_Components-5638.dll
[2018.06.06-15.23.05:276][814]LogHotReload: Starting Hot-Reload from IDE
[2018.06.06-15.23.05:342][814]LogContentBrowser: Native class hierarchy updated for 'HowTo_Components' in 0.0014 seconds. Added 2 classes and 2 folders.
[2018.06.06-15.23.05:344][814]Display: HotReload successful (0 functions remapped  0 scriptstructs remapped)
[2018.06.06-15.23.05:409][814]LogContentBrowser: Native class hierarchy populated in 0.0134 seconds. Added 2455 classes and 562 folders.
[2018.06.06-15.23.05:412][814]Display: HotReload took  0.1s.
[2018.06.06-15.25.57:605][330]LogHotReload: New module detected: UE4Editor-HowTo_Components-4549.dll
[2018.06.06-15.25.58:618][334]LogHotReload: Starting Hot-Reload from IDE
[2018.06.06-15.25.58:690][334]LogHotReload: Re-instancing CollidingPawn after hot-reload.
[2018.06.06-15.25.58:748][334]LogContentBrowser: Native class hierarchy updated for 'HowTo_Components' in 0.0015 seconds. Added 2 classes and 2 folders.
[2018.06.06-15.25.58:754][334]Display: HotReload successful (0 functions remapped  0 scriptstructs remapped)
[2018.06.06-15.25.58:823][334]LogContentBrowser: Native class hierarchy populated in 0.0135 seconds. Added 2455 classes and 562 folders.
[2018.06.06-15.25.58:826][334]Display: HotReload took  0.2s.
[2018.06.06-16.02.40:543][938]LogHotReload: New module detected: UE4Editor-HowTo_Components-7349.dll
[2018.06.06-16.02.41:555][942]LogHotReload: Starting Hot-Reload from IDE
[2018.06.06-16.02.41:712][942]LogContentBrowser: Native class hierarchy updated for 'HowTo_Components' in 0.0024 seconds. Added 2 classes and 2 folders.
[2018.06.06-16.02.41:714][942]Display: HotReload successful (0 functions remapped  0 scriptstructs remapped)
[2018.06.06-16.02.41:994][942]LogContentBrowser: Native class hierarchy populated in 0.0897 seconds. Added 2455 classes and 562 folders.
[2018.06.06-16.02.41:999][942]Display: HotReload took  0.4s.
[2018.06.06-16.02.46:168][974]LogSlate: FSceneViewport::OnFocusLost() reason 2
[2018.06.06-16.02.47:502][ 29]LogSlate: FSceneViewport::OnFocusLost() reason 2
[2018.06.06-16.02.47:849][ 39]LogSlate: FSceneViewport::OnFocusLost() reason 2
[2018.06.06-16.02.48:180][ 58]LogSlate: FSceneViewport::OnFocusLost() reason 2
[2018.06.06-16.02.49:535][136]LogSlate: FSceneViewport::OnFocusLost() reason 2
[2018.06.06-16.02.58:592][136]LogTemp: Executing iPhonePackager certificates Engine -bundlename com.YourCompany.HowToComponents
[2018.06.06-16.02.58:592][136]LogTemp: CWD: C:\Program Files\Epic Games\UE_4.19\Engine\Binaries\DotNET\IOS
[2018.06.06-16.02.58:592][136]LogTemp: Initial Dir: C:\Program Files\Epic Games\UE_4.19
[2018.06.06-16.02.58:592][136]LogTemp: Env CWD: C:\Program Files\Epic Games\UE_4.19\Engine\Binaries\DotNET\IOS
[2018.06.06-16.02.58:592][136]LogTemp: BranchPath = ASUS/C/Program Files/Epic Games/UE_4.19/Engine/Binaries --- GameBranchPath = ASUS/C/Program Files/Epic Games/UE_4.19/Engine/Binaries
[2018.06.06-16.02.58:592][136]LogSlate: Only BGRA pngs, bmps or icos are supported in by External Image Picker
[2018.06.06-16.02.59:663][137]LogTemp: IPP ERROR: Could not find provision directory 'C:\Users\User\AppData\Local/Apple Computer/MobileDevice/Provisioning Profiles/'.
[2018.06.06-16.15.05:619][485]LogSlate: Window 'Project Settings' being destroyed
[2018.06.06-16.15.06:236][522]LogSlate: FSceneViewport::OnFocusLost() reason 0
[2018.06.06-16.15.16:209][782]LogSlate: FSceneViewport::OnFocusLost() reason 0
[2018.06.06-16.15.23:914][ 54]LogSlate: Took 0.031908 seconds to synchronously load lazily loaded font '../../../Engine/Content/Slate/Fonts/Roboto-BoldCondensed.ttf' (158K)
[2018.06.06-16.16.19:052][391]Running C:/Program Files/Epic Games/UE_4.19/Engine/Binaries/DotNET/UnrealBuildTool.exe HowTo_Components Win64 Development -editorrecompile "C:/Users/User/Documents/GitHub Files/UE4 Crash Course/HowTo_Components/HowTo_Components.uproject" -invalidatemakefilesonly
[2018.06.06-16.16.19:674][391]Invalidating makefiles only in this run.
[2018.06.06-16.16.20:039][391]Candidate modules for hot reload:
[2018.06.06-16.16.20:039][391]  HowTo_Components
[2018.06.06-16.16.20:039][391]Launching UnrealBuildTool... [C:/Program Files/Epic Games/UE_4.19/Engine/Binaries/DotNET/UnrealBuildTool.exe HowTo_Components -ModuleWithSuffix=HowTo_Components,2945 Win64 Development -editorrecompile -canskiplink "C:/Users/User/Documents/GitHub Files/UE4 Crash Course/HowTo_Components/HowTo_Components.uproject" ]
[2018.06.06-16.16.51:002][391]CompilerResultsLog: New page: Compilation - Jun 7, 2018, 8:16:50 AM
[2018.06.06-16.16.51:002][391]CompilerResultsLog: Using 'git status' to determine working set for adaptive non-unity build.
[2018.06.06-16.16.51:002][391]CompilerResultsLog: Creating makefile for hot reloading HowTo_Components (no existing makefile)
[2018.06.06-16.16.51:003][391]CompilerResultsLog: Compiling game modules for hot reload
[2018.06.06-16.16.51:003][391]CompilerResultsLog: Parsing headers for HowTo_ComponentsEditor
[2018.06.06-16.16.51:003][391]CompilerResultsLog:   Running UnrealHeaderTool "C:\Users\User\Documents\GitHub Files\UE4 Crash Course\HowTo_Components\HowTo_Components.uproject" "C:\Users\User\Documents\GitHub Files\UE4 Crash Course\HowTo_Components\Intermediate\Build\Win64\HowTo_ComponentsEditor\Development\HowTo_ComponentsEditor.uhtmanifest" -LogCmds="loginit warning, logexit warning, logdatabase error" -Unattended -WarningsAsErrors -installed
[2018.06.06-16.16.51:003][391]CompilerResultsLog: Reflection code generated for HowTo_ComponentsEditor in 12.3007008 seconds
[2018.06.06-16.16.51:003][391]CompilerResultsLog: Performing 5 actions (4 in parallel)
[2018.06.06-16.16.51:003][391]CompilerResultsLog: CollidingPawnMovementComponent.cpp
[2018.06.06-16.16.51:003][391]CompilerResultsLog: CollidingPawnMovementComponent.gen.cpp
[2018.06.06-16.16.51:003][391]CompilerResultsLog: HowTo_Components.init.gen.cpp
[2018.06.06-16.16.51:003][391]CompilerResultsLog: [4/5] Link UE4Editor-HowTo_Components-2945.dll
[2018.06.06-16.16.51:003][391]CompilerResultsLog: [5/5] Link UE4Editor-HowTo_Components-2945.lib
[2018.06.06-16.16.51:003][391]CompilerResultsLog:    Creating library C:\Users\User\Documents\GitHub Files\UE4 Crash Course\HowTo_Components\Intermediate\Build\Win64\UE4Editor\Development\UE4Editor-HowTo_Components-2945.lib and object C:\Users\User\Documents\GitHub Files\UE4 Crash Course\HowTo_Components\Intermediate\Build\Win64\UE4Editor\Development\UE4Editor-HowTo_Components-2945.exp
[2018.06.06-16.16.51:003][391]CompilerResultsLog:    Creating library C:\Users\User\Documents\GitHub Files\UE4 Crash Course\HowTo_Components\Intermediate\Build\Win64\UE4Editor\Development\UE4Editor-HowTo_Components-2945.suppressed.lib and object C:\Users\User\Documents\GitHub Files\UE4 Crash Course\HowTo_Components\Intermediate\Build\Win64\UE4Editor\Development\UE4Editor-HowTo_Components-2945.suppressed.exp
[2018.06.06-16.16.51:003][391]CompilerResultsLog: Total build time: 30.53 seconds (Local executor: 7.56 seconds)
[2018.06.06-16.16.51:003][391]LogMainFrame: MainFrame: Module compiling took 30.969 seconds
[2018.06.06-16.16.51:023][391]LogClass: Could not find existing class CollidingPawnMovementComponent in package /Script/HowTo_Components for HotReload, assuming new class
[2018.06.06-16.16.51:047][391]LogContentBrowser: Native class hierarchy updated for 'HowTo_Components' in 0.0014 seconds. Added 3 classes and 2 folders.
[2018.06.06-16.16.51:049][391]Display: HotReload successful (0 functions remapped  0 scriptstructs remapped)
[2018.06.06-16.16.51:547][391]LogContentBrowser: Native class hierarchy populated in 0.0136 seconds. Added 2456 classes and 562 folders.
[2018.06.06-16.16.51:547][391]Display: HotReload took 31.7s.
[2018.06.06-16.16.51:548][391]Warning: HotReload operation took 31.7s.
[2018.06.06-16.16.52:447][391]LogSlate: Window 'Add C++ Class' being destroyed
[2018.06.06-16.16.52:500][391]LogHotReload: New module detected: UE4Editor-HowTo_Components-2945.dll
[2018.06.06-16.16.52:702][392]LogHotReload: Starting Hot-Reload from IDE
[2018.06.06-16.16.52:749][392]LogContentBrowser: Native class hierarchy updated for 'HowTo_Components' in 0.0014 seconds. Added 3 classes and 2 folders.
[2018.06.06-16.16.52:751][392]Display: HotReload successful (0 functions remapped  0 scriptstructs remapped)
[2018.06.06-16.16.52:804][392]LogContentBrowser: Native class hierarchy populated in 0.0134 seconds. Added 2456 classes and 562 folders.
[2018.06.06-16.16.52:829][392]Display: HotReload took  0.1s.
[2018.06.06-16.17.54:076][927]LogSavePackage: Save=1067.02ms
[2018.06.06-16.17.54:076][927]LogSavePackage: Moving '../../../../../../Users/User/Documents/GitHub Files/UE4 Crash Course/HowTo_Components/Saved/Minimal_DefaultFA37D6F3442C9CE890E956A84866C327.tmp' to '../../../../../../Users/User/Documents/GitHub Files/UE4 Crash Course/HowTo_Components/Content/StarterContent/Maps/Minimal_Default.umap'
[2018.06.06-16.17.54:134][927]LogSavePackage: Display: Finished SavePackage ../../../../../../Users/User/Documents/GitHub Files/UE4 Crash Course/HowTo_Components/Content/StarterContent/Maps/Minimal_Default.umap
[2018.06.06-16.17.54:468][927]LogSavePackage: Save=185.16ms
[2018.06.06-16.17.54:468][927]LogSavePackage: Moving '../../../../../../Users/User/Documents/GitHub Files/UE4 Crash Course/HowTo_Components/Saved/Minimal_Default_BuiltDataA3A849354FD6B35511687195346196BE.tmp' to '../../../../../../Users/User/Documents/GitHub Files/UE4 Crash Course/HowTo_Components/Content/StarterContent/Maps/Minimal_Default_BuiltData.uasset'
[2018.06.06-16.17.54:472][927]LogSavePackage: Display: Finished SavePackage ../../../../../../Users/User/Documents/GitHub Files/UE4 Crash Course/HowTo_Components/Content/StarterContent/Maps/Minimal_Default_BuiltData.uasset
[2018.06.06-16.17.59:909][224]LogSlate: FSceneViewport::OnFocusLost() reason 2
[2018.06.06-16.18.00:819][224]LogSavePackage: Save=609.85ms
[2018.06.06-16.18.00:819][224]LogSavePackage: Moving '../../../../../../Users/User/Documents/GitHub Files/UE4 Crash Course/HowTo_Components/Saved/Minimal_DefaultE3CA664C440198F477394F81878E3DDD.tmp' to '../../../../../../Users/User/Documents/GitHub Files/UE4 Crash Course/HowTo_Components/Content/StarterContent/Maps/Minimal_Default.umap'
[2018.06.06-16.18.00:829][224]LogSavePackage: Display: Finished SavePackage ../../../../../../Users/User/Documents/GitHub Files/UE4 Crash Course/HowTo_Components/Content/StarterContent/Maps/Minimal_Default.umap
[2018.06.06-16.18.00:905][224]LogSavePackage: Save=42.72ms
[2018.06.06-16.18.00:905][224]LogSavePackage: Moving '../../../../../../Users/User/Documents/GitHub Files/UE4 Crash Course/HowTo_Components/Saved/Minimal_Default_BuiltDataDF00B1894758D78E9943C79B7B8A71FA.tmp' to '../../../../../../Users/User/Documents/GitHub Files/UE4 Crash Course/HowTo_Components/Content/StarterContent/Maps/Minimal_Default_BuiltData.uasset'
[2018.06.06-16.18.00:909][224]LogSavePackage: Display: Finished SavePackage ../../../../../../Users/User/Documents/GitHub Files/UE4 Crash Course/HowTo_Components/Content/StarterContent/Maps/Minimal_Default_BuiltData.uasset
[2018.06.06-16.18.03:985][382]LogSlate: Window 'HowTo_Components - Unreal Editor' being destroyed
[2018.06.06-16.18.03:987][382]LogWindowsTextInputMethodSystem: Display: IME system now deactivated.
[2018.06.06-16.18.05:146][383]Cmd: QUIT_EDITOR
[2018.06.06-16.18.06:294][383]LogSlate: Slate User Destroyed.  User Index 0, Is Virtual User: 0
[2018.06.06-16.18.06:416][383]LogExit: Preparing to exit.
[2018.06.06-16.18.11:345][383]LogDirectoryWatcher: A directory notification for 'C:/Users/User/Documents/GitHub Files/UE4 Crash Course/HowTo_Components/Content/' was aborted.
[2018.06.06-16.18.12:257][383]LogExit: Editor shut down
[2018.06.06-16.18.12:294][383]LogExit: Transaction tracking system shut down
[2018.06.06-16.18.12:294][383]LogUObjectGlobals: Destroyed PersistentFrame Addr=0x000001d5260438d0, Size=80
[2018.06.06-16.18.12:984][383]LogDirectoryWatcher: A directory notification for '../../../Engine/Content/' was aborted.
[2018.06.06-16.18.12:984][383]LogDirectoryWatcher: A directory notification for '../../../../../../Users/User/Documents/GitHub Files/UE4 Crash Course/HowTo_Components/Content/' was aborted.
[2018.06.06-16.18.12:984][383]LogDirectoryWatcher: A directory notification for '../../Plugins/2D/Paper2D/Content/' was aborted.
[2018.06.06-16.18.12:984][383]LogDirectoryWatcher: A directory notification for '../../Plugins/Enterprise/DatasmithContent/Content/' was aborted.
[2018.06.06-16.18.12:985][383]LogDirectoryWatcher: A directory notification for '../../Plugins/Media/MediaCompositing/Content/' was aborted.
[2018.06.06-16.18.12:985][383]LogDirectoryWatcher: A directory notification for '../../Plugins/Runtime/AppleARKit/Content/' was aborted.
[2018.06.06-16.18.12:985][383]LogDirectoryWatcher: A directory notification for '../../Plugins/Runtime/Oculus/OculusVR/Content/' was aborted.
[2018.06.06-16.18.12:985][383]LogDirectoryWatcher: A directory notification for '../../Plugins/Runtime/Steam/SteamVR/Content/' was aborted.
[2018.06.06-16.18.14:733][383]LogExit: Object subsystem successfully closed.
[2018.06.06-16.18.15:060][383]LogShaderCompilers: Display: Shaders left to compile 0
[2018.06.06-16.18.15:086][383]LogD3D11RHI: Shutdown
[2018.06.06-16.18.15:087][383]LogD3D11RHI: CleanupD3DDevice
[2018.06.06-16.18.15:136][383]LogD3D11RHI: ~FD3D11DynamicRHI
[2018.06.06-16.18.15:849][383]LogModuleManager: Shutting down and abandoning module HowTo_Components (581)
[2018.06.06-16.18.15:849][383]LogModuleManager: Shutting down and abandoning module ExternalImagePicker (579)
[2018.06.06-16.18.15:849][383]LogModuleManager: Shutting down and abandoning module HierarchicalLODOutliner (572)
[2018.06.06-16.18.15:849][383]LogModuleManager: Shutting down and abandoning module DesktopPlatform (570)
[2018.06.06-16.18.15:849][383]LogModuleManager: Shutting down and abandoning module SceneOutliner (568)
[2018.06.06-16.18.15:863][383]LogModuleManager: Shutting down and abandoning module AddContentDialog (566)
[2018.06.06-16.18.15:874][383]LogDirectoryWatcher: A directory notification for 'C:/Program Files/Epic Games/UE_4.19/FeaturePacks/' was aborted.
[2018.06.06-16.18.16:039][383]LogModuleManager: Shutting down and abandoning module WidgetCarousel (565)
[2018.06.06-16.18.16:039][383]LogModuleManager: Shutting down and abandoning module EditorWidgets (562)
[2018.06.06-16.18.16:040][383]LogModuleManager: Shutting down and abandoning module CollectionManager (560)
[2018.06.06-16.18.16:051][383]LogDirectoryWatcher: A directory notification for 'C:/Users/User/Documents/GitHub Files/UE4 Crash Course/HowTo_Components/Content/Collections/' was aborted.
[2018.06.06-16.18.16:051][383]LogDirectoryWatcher: A directory notification for 'C:/Users/User/Documents/GitHub Files/UE4 Crash Course/HowTo_Components/Content/Developers/User/Collections/' was aborted.
[2018.06.06-16.18.16:051][383]LogDirectoryWatcher: A directory notification for 'C:/Users/User/Documents/GitHub Files/UE4 Crash Course/HowTo_Components/Saved/Collections/' was aborted.
[2018.06.06-16.18.16:051][383]LogModuleManager: Shutting down and abandoning module LauncherPlatform (558)
[2018.06.06-16.18.16:051][383]LogModuleManager: Shutting down and abandoning module StatsViewer (556)
[2018.06.06-16.18.16:064][383]LogModuleManager: Shutting down and abandoning module FoliageEdit (554)
[2018.06.06-16.18.16:064][383]LogModuleManager: Shutting down and abandoning module LandscapeEditor (552)
[2018.06.06-16.18.16:074][383]LogModuleManager: Shutting down and abandoning module MeshPaintMode (550)
[2018.06.06-16.18.16:075][383]LogModuleManager: Shutting down and abandoning module SceneDepthPickerMode (548)
[2018.06.06-16.18.16:075][383]LogModuleManager: Shutting down and abandoning module ActorPickerMode (546)
[2018.06.06-16.18.16:075][383]LogModuleManager: Shutting down and abandoning module GeometryMode (544)
[2018.06.06-16.18.16:083][383]LogModuleManager: Shutting down and abandoning module TextureAlignMode (542)
[2018.06.06-16.18.16:083][383]LogModuleManager: Shutting down and abandoning module BspMode (540)
[2018.06.06-16.18.16:083][383]LogModuleManager: Shutting down and abandoning module PIEPreviewDeviceProfileSelector (538)
[2018.06.06-16.18.16:083][383]LogModuleManager: Shutting down and abandoning module SequenceRecorderSections (536)
[2018.06.06-16.18.16:096][383]LogModuleManager: Shutting down and abandoning module AutomationWorker (534)
[2018.06.06-16.18.16:096][383]LogModuleManager: Shutting down and abandoning module AudioCaptureEditor (532)
[2018.06.06-16.18.16:096][383]LogModuleManager: Shutting down and abandoning module SequenceRecorder (531)
[2018.06.06-16.18.16:101][383]LogModuleManager: Shutting down and abandoning module MatineeToLevelSequence (528)
[2018.06.06-16.18.16:115][383]LogModuleManager: Shutting down and abandoning module LevelSequenceEditor (526)
[2018.06.06-16.18.16:140][383]LogModuleManager: Shutting down and abandoning module PlacementMode (525)
[2018.06.06-16.18.16:140][383]LogModuleManager: Shutting down and abandoning module MaterialEditor (524)
[2018.06.06-16.18.16:153][383]LogModuleManager: Shutting down and abandoning module WmfMediaFactory (520)
[2018.06.06-16.18.16:153][383]LogModuleManager: Shutting down and abandoning module WmfMediaEditor (518)
[2018.06.06-16.18.16:153][383]LogModuleManager: Shutting down and abandoning module MediaPlayerEditor (516)
[2018.06.06-16.18.16:169][383]LogModuleManager: Shutting down and abandoning module OpenExrWrapper (514)
[2018.06.06-16.18.16:169][383]LogModuleManager: Shutting down and abandoning module ImgMediaFactory (512)
[2018.06.06-16.18.16:169][383]LogModuleManager: Shutting down and abandoning module ImgMediaEditor (510)
[2018.06.06-16.18.16:169][383]LogModuleManager: Shutting down and abandoning module AvfMediaFactory (508)
[2018.06.06-16.18.16:169][383]LogModuleManager: Shutting down and abandoning module AvfMediaEditor (506)
[2018.06.06-16.18.16:169][383]LogModuleManager: Shutting down and abandoning module AndroidMediaFactory (504)
[2018.06.06-16.18.16:169][383]LogModuleManager: Shutting down and abandoning module AndroidMediaEditor (502)
[2018.06.06-16.18.16:169][383]LogModuleManager: Shutting down and abandoning module CharacterAI (500)
[2018.06.06-16.18.16:169][383]LogModuleManager: Shutting down and abandoning module SmartSnapping (498)
[2018.06.06-16.18.16:169][383]LogModuleManager: Shutting down and abandoning module SessionServices (496)
[2018.06.06-16.18.16:169][383]LogModuleManager: Shutting down and abandoning module ViewportSnapping (494)
[2018.06.06-16.18.16:169][383]LogModuleManager: Shutting down and abandoning module ViewportInteraction (492)
[2018.06.06-16.18.16:169][383]LogModuleManager: Shutting down and abandoning module ClothPainter (490)
[2018.06.06-16.18.16:180][383]LogModuleManager: Shutting down and abandoning module SkeletalMeshEditor (489)
[2018.06.06-16.18.16:183][383]LogModuleManager: Shutting down and abandoning module LogVisualizer (486)
[2018.06.06-16.18.16:198][383]LogModuleManager: Shutting down and abandoning module IntroTutorials (484)
[2018.06.06-16.18.16:224][383]LogModuleManager: Shutting down and abandoning module GameProjectGeneration (483)
[2018.06.06-16.18.16:224][383]LogModuleManager: Shutting down and abandoning module IOSPlatformEditor (480)
[2018.06.06-16.18.16:224][383]LogModuleManager: Shutting down and abandoning module HTML5PlatformEditor (478)
[2018.06.06-16.18.16:224][383]LogModuleManager: Shutting down and abandoning module AndroidPlatformEditor (476)
[2018.06.06-16.18.16:224][383]LogModuleManager: Shutting down and abandoning module AndroidDeviceDetection (475)
[2018.06.06-16.18.16:867][383]LogModuleManager: Shutting down and abandoning module WindowsPlatformEditor (472)
[2018.06.06-16.18.16:867][383]LogModuleManager: Shutting down and abandoning module IOSRuntimeSettings (470)
[2018.06.06-16.18.16:868][383]LogModuleManager: Shutting down and abandoning module AndroidRuntimeSettings (468)
[2018.06.06-16.18.16:868][383]LogModuleManager: Shutting down and abandoning module InputBindingEditor (466)
[2018.06.06-16.18.17:129][383]LogModuleManager: Shutting down and abandoning module MergeActors (464)
[2018.06.06-16.18.17:165][383]LogModuleManager: Shutting down and abandoning module LocalizationDashboard (462)
[2018.06.06-16.18.17:196][383]LogModuleManager: Shutting down and abandoning module LocalizationService (461)
[2018.06.06-16.18.17:209][383]LogModuleManager: Shutting down and abandoning module HardwareTargeting (458)
[2018.06.06-16.18.17:209][383]LogModuleManager: Shutting down and abandoning module DeviceProfileEditor (456)
[2018.06.06-16.18.17:235][383]LogModuleManager: Shutting down and abandoning module UndoHistory (454)
[2018.06.06-16.18.17:235][383]LogModuleManager: Shutting down and abandoning module XmlParser (452)
[2018.06.06-16.18.17:456][383]LogModuleManager: Shutting down and abandoning module Blutility (450)
[2018.06.06-16.18.17:456][383]LogModuleManager: Shutting down and abandoning module ProjectSettingsViewer (448)
[2018.06.06-16.18.17:456][383]LogModuleManager: Shutting down and abandoning module ProjectTargetPlatformEditor (447)
[2018.06.06-16.18.17:457][383]LogModuleManager: Shutting down and abandoning module EditorSettingsViewer (444)
[2018.06.06-16.18.17:457][383]LogModuleManager: Shutting down and abandoning module SettingsEditor (442)
[2018.06.06-16.18.17:797][383]LogModuleManager: Shutting down and abandoning module ProjectLauncher (440)
[2018.06.06-16.18.17:807][383]LogModuleManager: Shutting down and abandoning module SessionFrontend (438)
[2018.06.06-16.18.17:821][383]LogModuleManager: Shutting down and abandoning module ProfilerClient (436)
[2018.06.06-16.18.17:827][383]LogModuleManager: Shutting down and abandoning module DeviceManager (434)
[2018.06.06-16.18.17:840][383]LogModuleManager: Shutting down and abandoning module TargetDeviceServices (433)
[2018.06.06-16.18.17:905][383]LogModuleManager: Shutting down and abandoning module AutomationController (430)
[2018.06.06-16.18.17:913][383]LogModuleManager: Shutting down and abandoning module AutomationWindow (428)
[2018.06.06-16.18.17:938][383]LogModuleManager: Shutting down and abandoning module Layers (426)
[2018.06.06-16.18.17:966][383]LogModuleManager: Shutting down and abandoning module ComponentVisualizers (424)
[2018.06.06-16.18.17:966][383]LogModuleManager: Shutting down and abandoning module DetailCustomizations (422)
[2018.06.06-16.18.17:974][383]LogModuleManager: Shutting down and abandoning module PackagesDialog (420)
[2018.06.06-16.18.17:974][383]LogModuleManager: Shutting down and abandoning module Persona (418)
[2018.06.06-16.18.17:992][383]LogModuleManager: Shutting down and abandoning module AdvancedPreviewScene (417)
[2018.06.06-16.18.17:992][383]LogModuleManager: Shutting down and abandoning module AnimGraph (415)
[2018.06.06-16.18.17:992][383]LogModuleManager: Shutting down and abandoning module Kismet (412)
[2018.06.06-16.18.18:006][383]LogModuleManager: Shutting down and abandoning module GraphEditor (410)
[2018.06.06-16.18.18:046][383]LogModuleManager: Shutting down and abandoning module ClassViewer (408)
[2018.06.06-16.18.18:047][383]LogModuleManager: Shutting down and abandoning module Toolbox (406)
[2018.06.06-16.18.18:048][383]LogModuleManager: Shutting down and abandoning module ModuleUI (404)
[2018.06.06-16.18.18:056][383]LogModuleManager: Shutting down and abandoning module MovieSceneTools (402)
[2018.06.06-16.18.18:067][383]LogModuleManager: Shutting down and abandoning module OutputLog (400)
[2018.06.06-16.18.18:067][383]LogModuleManager: Shutting down and abandoning module GammaUI (398)
[2018.06.06-16.18.18:071][383]LogModuleManager: Shutting down and abandoning module Documentation (396)
[2018.06.06-16.18.18:071][383]LogModuleManager: Shutting down and abandoning module MovieSceneTracks (394)
[2018.06.06-16.18.18:071][383]LogModuleManager: Shutting down and abandoning module MovieScene (392)
[2018.06.06-16.18.18:071][383]LogModuleManager: Shutting down and abandoning module StreamingPauseRendering (390)
[2018.06.06-16.18.18:071][383]LogModuleManager: Shutting down and abandoning module PortalServices (388)
[2018.06.06-16.18.18:071][383]LogModuleManager: Shutting down and abandoning module PortalRpc (386)
[2018.06.06-16.18.18:071][383]LogModuleManager: Shutting down and abandoning module MessagingRpc (384)
[2018.06.06-16.18.18:071][383]LogModuleManager: Shutting down and abandoning module AIModule (382)
[2018.06.06-16.18.18:081][383]LogModuleManager: Shutting down and abandoning module GameplayDebugger (381)
[2018.06.06-16.18.18:082][383]LogModuleManager: Shutting down and abandoning module AITestSuite (379)
[2018.06.06-16.18.18:091][383]LogModuleManager: Shutting down and abandoning module ProfilerService (376)
[2018.06.06-16.18.18:153][383]LogModuleManager: Shutting down and abandoning module TaskGraph (374)
[2018.06.06-16.18.18:171][383]LogModuleManager: Shutting down and abandoning module SteamVRController (372)
[2018.06.06-16.18.18:171][383]LogModuleManager: Shutting down and abandoning module ProceduralMeshComponentEditor (370)
[2018.06.06-16.18.18:171][383]LogModuleManager: Shutting down and abandoning module ProceduralMeshComponent (368)
[2018.06.06-16.18.18:176][383]LogModuleManager: Shutting down and abandoning module OculusInput (366)
[2018.06.06-16.18.18:189][383]LogModuleManager: Shutting down and abandoning module MobilePatchingUtils (364)
[2018.06.06-16.18.18:189][383]LogModuleManager: Shutting down and abandoning module CustomMeshComponent (362)
[2018.06.06-16.18.18:189][383]LogModuleManager: Shutting down and abandoning module CableComponent (360)
[2018.06.06-16.18.18:198][383]LogModuleManager: Shutting down and abandoning module AudioCapture (358)
[2018.06.06-16.18.18:198][383]LogModuleManager: Shutting down and abandoning module ArchVisCharacter (356)
[2018.06.06-16.18.18:198][383]LogModuleManager: Shutting down and abandoning module AndroidPermission (354)
[2018.06.06-16.18.18:198][383]LogModuleManager: Shutting down and abandoning module NUTUnrealEngine4 (350)
[2018.06.06-16.18.18:198][383]LogModuleManager: Shutting down and abandoning module NetcodeUnitTest (348)
[2018.06.06-16.18.18:223][383]LogModuleManager: Shutting down and abandoning module MediaCompositingEditor (346)
[2018.06.06-16.18.18:223][383]LogModuleManager: Shutting down and abandoning module MediaCompositing (344)
[2018.06.06-16.18.18:223][383]LogModuleManager: Shutting down and abandoning module LinearTimecode (342)
[2018.06.06-16.18.18:223][383]LogModuleManager: Shutting down and abandoning module ImgMedia (340)
[2018.06.06-16.18.18:234][383]LogModuleManager: Shutting down and abandoning module HTML5Networking (338)
[2018.06.06-16.18.18:234][383]LogModuleManager: Shutting down and abandoning module AlembicImporter (336)
[2018.06.06-16.18.18:239][383]LogModuleManager: Shutting down and abandoning module AlembicLibrary (335)
[2018.06.06-16.18.18:239][383]LogModuleManager: Shutting down and abandoning module GeometryCache (334)
[2018.06.06-16.18.18:239][383]LogModuleManager: Shutting down and abandoning module GeometryCacheEd (333)
[2018.06.06-16.18.18:239][383]LogModuleManager: Shutting down and abandoning module DatasmithContent (328)
[2018.06.06-16.18.18:239][383]LogModuleManager: Shutting down and abandoning module SpeedTreeImporter (326)
[2018.06.06-16.18.18:239][383]LogModuleManager: Shutting down and abandoning module PluginBrowser (324)
[2018.06.06-16.18.18:242][383]LogModuleManager: Shutting down and abandoning module MobileLauncherProfileWizard (322)
[2018.06.06-16.18.18:255][383]LogModuleManager: Shutting down and abandoning module CryptoKeysOpenSSL (320)
[2018.06.06-16.18.18:258][383]LogModuleManager: Shutting down and abandoning module CryptoKeys (318)
[2018.06.06-16.18.18:258][383]LogModuleManager: Shutting down and abandoning module VisualStudioSourceCodeAccess (316)
[2018.06.06-16.18.18:258][383]LogModuleManager: Shutting down and abandoning module VisualStudioCodeSourceCodeAccess (314)
[2018.06.06-16.18.18:258][383]LogModuleManager: Shutting down and abandoning module UObjectPlugin (312)
[2018.06.06-16.18.18:258][383]LogModuleManager: Shutting down and abandoning module SubversionSourceControl (310)
[2018.06.06-16.18.18:270][383]LogModuleManager: Shutting down and abandoning module PerforceSourceControl (308)
[2018.06.06-16.18.18:281][383]LogModuleManager: Shutting down and abandoning module GitSourceControl (306)
[2018.06.06-16.18.18:291][383]LogModuleManager: Shutting down and abandoning module SourceControl (305)
[2018.06.06-16.18.18:303][383]LogModuleManager: Shutting down and abandoning module CLionSourceCodeAccess (302)
[2018.06.06-16.18.18:311][383]LogModuleManager: Shutting down and abandoning module LightPropagationVolumeEditor (300)
[2018.06.06-16.18.18:311][383]LogModuleManager: Shutting down and abandoning module PaperTiledImporter (298)
[2018.06.06-16.18.18:311][383]LogModuleManager: Shutting down and abandoning module PaperSpriteSheetImporter (296)
[2018.06.06-16.18.18:311][383]LogModuleManager: Shutting down and abandoning module Paper2DEditor (294)
[2018.06.06-16.18.18:330][383]LogModuleManager: Shutting down and abandoning module MeshPaint (293)
[2018.06.06-16.18.18:341][383]LogModuleManager: Shutting down and abandoning module RuntimePhysXCooking (288)
[2018.06.06-16.18.18:341][383]LogModuleManager: Shutting down and abandoning module PhysXVehiclesEditor (286)
[2018.06.06-16.18.18:341][383]LogModuleManager: Shutting down and abandoning module PhysXVehicles (284)
[2018.06.06-16.18.18:341][383]LogModuleManager: Shutting down and abandoning module OculusEditor (282)
[2018.06.06-16.18.18:341][383]LogModuleManager: Shutting down and abandoning module LocationServicesBPLibrary (280)
[2018.06.06-16.18.18:341][383]LogModuleManager: Shutting down and abandoning module ImmediatePhysicsEditor (278)
[2018.06.06-16.18.18:341][383]LogModuleManager: Shutting down and abandoning module ImmediatePhysics (276)
[2018.06.06-16.18.18:353][383]LogModuleManager: Shutting down and abandoning module ActorSequence (274)
[2018.06.06-16.18.18:353][383]LogModuleManager: Shutting down and abandoning module UdpMessaging (272)
[2018.06.06-16.18.18:463][383]LogModuleManager: Shutting down and abandoning module TcpMessaging (270)
[2018.06.06-16.18.18:572][383]LogModuleManager: Shutting down and abandoning module GameplayTagsEditor (268)
[2018.06.06-16.18.18:580][383]LogModuleManager: Shutting down and abandoning module FacialAnimationEditor (266)
[2018.06.06-16.18.18:580][383]LogModuleManager: Shutting down and abandoning module FacialAnimation (264)
[2018.06.06-16.18.18:580][383]LogModuleManager: Shutting down and abandoning module DataValidation (262)
[2018.06.06-16.18.18:580][383]LogModuleManager: Shutting down and abandoning module AssetManagerEditor (260)
[2018.06.06-16.18.18:595][383]LogModuleManager: Shutting down and abandoning module LevelEditor (259)
[2018.06.06-16.18.18:614][383]LogModuleManager: Shutting down and abandoning module PixelInspectorModule (258)
[2018.06.06-16.18.18:616][383]LogModuleManager: Shutting down and abandoning module CommonMenuExtensions (256)
[2018.06.06-16.18.18:616][383]LogModuleManager: Shutting down and abandoning module MainFrame (254)
[2018.06.06-16.18.18:617][383]LogModuleManager: Shutting down and abandoning module HotReload (253)
[2018.06.06-16.18.18:617][383]LogDirectoryWatcher: A directory notification for 'C:/Users/User/Documents/GitHub Files/UE4 Crash Course/HowTo_Components/Binaries/Win64' was aborted.
[2018.06.06-16.18.18:617][383]LogModuleManager: Shutting down and abandoning module ContentBrowser (249)
[2018.06.06-16.18.18:618][383]LogModuleManager: Shutting down and abandoning module TreeMap (247)
[2018.06.06-16.18.18:624][383]LogModuleManager: Shutting down and abandoning module LightPropagationVolumeRuntime (244)
[2018.06.06-16.18.18:624][383]LogModuleManager: Shutting down and abandoning module LiveLinkEditor (242)
[2018.06.06-16.18.18:625][383]LogModuleManager: Shutting down and abandoning module LiveLink (240)
[2018.06.06-16.18.19:234][383]LogModuleManager: Shutting down and abandoning module Paper2D (238)
[2018.06.06-16.18.19:299][383]LogModuleManager: Shutting down and abandoning module WindowsMoviePlayer (236)
[2018.06.06-16.18.20:235][383]LogModuleManager: Shutting down and abandoning module WmfMedia (234)
[2018.06.06-16.18.20:289][383]LogModuleManager: Shutting down and abandoning module Media (233)
[2018.06.06-16.18.20:294][383]LogModuleManager: Shutting down and abandoning module PacketHandler (230)
[2018.06.06-16.18.20:294][383]LogModuleManager: Shutting down and abandoning module ClothingSystemEditor (228)
[2018.06.06-16.18.20:295][383]LogModuleManager: Shutting down and abandoning module ClothingSystemRuntime (226)
[2018.06.06-16.18.20:318][383]LogModuleManager: Shutting down and abandoning module MediaAssets (224)
[2018.06.06-16.18.20:319][383]LogModuleManager: Shutting down and abandoning module Overlay (222)
[2018.06.06-16.18.20:319][383]LogModuleManager: Shutting down and abandoning module OverlayEditor (221)
[2018.06.06-16.18.20:319][383]LogModuleManager: Shutting down and abandoning module VREditor (218)
[2018.06.06-16.18.20:335][383]LogModuleManager: Shutting down and abandoning module StringTableEditor (216)
[2018.06.06-16.18.20:335][383]LogModuleManager: Shutting down and abandoning module GameplayTasksEditor (214)
[2018.06.06-16.18.20:335][383]LogModuleManager: Shutting down and abandoning module BehaviorTreeEditor (212)
[2018.06.06-16.18.20:373][383]LogModuleManager: Shutting down and abandoning module FunctionalTesting (210)
[2018.06.06-16.18.20:380][383]LogModuleManager: Shutting down and abandoning module CollisionAnalyzer (208)
[2018.06.06-16.18.20:401][383]LogModuleManager: Shutting down and abandoning module WorkspaceMenuStructure (207)
[2018.06.06-16.18.20:401][383]LogModuleManager: Shutting down and abandoning module UMG (204)
[2018.06.06-16.18.20:420][383]LogModuleManager: Shutting down and abandoning module UMGEditor (203)
[2018.06.06-16.18.20:458][383]LogModuleManager: Shutting down and abandoning module Sequencer (202)
[2018.06.06-16.18.20:473][383]LogModuleManager: Shutting down and abandoning module MessageLog (199)
[2018.06.06-16.18.20:473][383]LogModuleManager: Shutting down and abandoning module SlateReflector (194)
[2018.06.06-16.18.20:497][383]LogModuleManager: Shutting down and abandoning module Slate (192)
[2018.06.06-16.18.20:497][383]LogModuleManager: Shutting down and abandoning module EditorStyle (190)
[2018.06.06-16.18.20:500][383]LogModuleManager: Shutting down and abandoning module MRMesh (188)
[2018.06.06-16.18.20:500][383]LogModuleManager: Shutting down and abandoning module SourceCodeAccess (186)
[2018.06.06-16.18.20:500][383]LogModuleManager: Shutting down and abandoning module HeadMountedDisplay (184)
[2018.06.06-16.18.20:500][383]LogModuleManager: Shutting down and abandoning module XAudio2 (182)
[2018.06.06-16.18.20:500][383]LogModuleManager: Shutting down and abandoning module Networking (180)
[2018.06.06-16.18.20:500][383]LogModuleManager: Shutting down and abandoning module Core (178)
[2018.06.06-16.18.20:500][383]LogModuleManager: Shutting down and abandoning module LevelSequence (176)
[2018.06.06-16.18.20:509][383]LogModuleManager: Shutting down and abandoning module KismetCompiler (174)
[2018.06.06-16.18.20:509][383]LogModuleManager: Shutting down and abandoning module MeshUtilities (172)
[2018.06.06-16.18.20:533][383]LogModuleManager: Shutting down and abandoning module MeshMergeUtilities (171)
[2018.06.06-16.18.20:533][383]LogModuleManager: Shutting down and abandoning module MeshReductionInterface (170)
[2018.06.06-16.18.20:533][383]LogModuleManager: Shutting down and abandoning module SimplygonSwarm (169)
[2018.06.06-16.18.20:543][383]LogModuleManager: Shutting down and abandoning module SimplygonMeshReduction (167)
[2018.06.06-16.18.20:556][383]LogModuleManager: Shutting down and abandoning module QuadricMeshReduction (165)
[2018.06.06-16.18.20:565][383]LogModuleManager: Shutting down and abandoning module MaterialBaking (161)
[2018.06.06-16.18.20:571][383]LogModuleManager: Shutting down and abandoning module DirectoryWatcher (157)
[2018.06.06-16.18.20:581][383]LogModuleManager: Shutting down and abandoning module DerivedDataCache (154)
[2018.06.06-16.18.20:631][383]LogDerivedDataCache: Shutdown
[2018.06.06-16.18.20:631][383]LogModuleManager: Shutting down and abandoning module XGEController (152)
[2018.06.06-16.18.20:631][383]LogModuleManager: Shutting down and abandoning module TargetPlatform (150)
[2018.06.06-16.18.20:631][383]LogModuleManager: Shutting down and abandoning module VulkanShaderFormat (149)
[2018.06.06-16.18.20:657][383]LogModuleManager: Shutting down and abandoning module ShaderFormatVectorVM (147)
[2018.06.06-16.18.20:671][383]LogModuleManager: Shutting down and abandoning module ShaderFormatOpenGL (145)
[2018.06.06-16.18.20:724][383]LogModuleManager: Shutting down and abandoning module ShaderFormatD3D (143)
[2018.06.06-16.18.20:731][383]LogModuleManager: Shutting down and abandoning module MetalShaderFormat (141)
[2018.06.06-16.18.20:743][383]LogModuleManager: Shutting down and abandoning module TextureFormatUncompressed (139)
[2018.06.06-16.18.20:743][383]LogModuleManager: Shutting down and abandoning module TextureFormatPVR (137)
[2018.06.06-16.18.20:743][383]LogModuleManager: Shutting down and abandoning module TextureFormatDXT (135)
[2018.06.06-16.18.20:757][383]LogModuleManager: Shutting down and abandoning module TextureFormatIntelISPCTexComp (133)
[2018.06.06-16.18.20:762][383]LogModuleManager: Shutting down and abandoning module TextureFormatASTC (131)
[2018.06.06-16.18.20:762][383]LogModuleManager: Shutting down and abandoning module ImageWrapper (130)
[2018.06.06-16.18.20:762][383]LogModuleManager: Shutting down and abandoning module TextureFormatAndroid (127)
[2018.06.06-16.18.20:762][383]LogModuleManager: Shutting down and abandoning module AudioFormatOpus (125)
[2018.06.06-16.18.20:762][383]LogModuleManager: Shutting down and abandoning module AudioFormatOgg (123)
[2018.06.06-16.18.20:762][383]LogModuleManager: Shutting down and abandoning module AudioFormatADPCM (121)
[2018.06.06-16.18.20:762][383]LogModuleManager: Shutting down and abandoning module LinuxTargetPlatform (119)
[2018.06.06-16.18.20:762][383]LogModuleManager: Shutting down and abandoning module LinuxServerTargetPlatform (117)
[2018.06.06-16.18.20:762][383]LogModuleManager: Shutting down and abandoning module LinuxNoEditorTargetPlatform (115)
[2018.06.06-16.18.20:762][383]LogModuleManager: Shutting down and abandoning module LinuxClientTargetPlatform (113)
[2018.06.06-16.18.20:762][383]LogModuleManager: Shutting down and abandoning module TVOSTargetPlatform (111)
[2018.06.06-16.18.20:762][383]LogModuleManager: Shutting down and abandoning module Messaging (109)
[2018.06.06-16.18.20:762][383]LogModuleManager: Shutting down and abandoning module IOSTargetPlatform (107)
[2018.06.06-16.18.20:762][383]LogModuleManager: Shutting down and abandoning module HTML5TargetPlatform (105)
[2018.06.06-16.18.20:768][383]LogModuleManager: Shutting down and abandoning module AndroidTargetPlatform (103)
[2018.06.06-16.18.20:768][383]LogModuleManager: Shutting down and abandoning module Android_PVRTCTargetPlatform (101)
[2018.06.06-16.18.20:768][383]LogModuleManager: Shutting down and abandoning module Android_MultiTargetPlatform (99)
[2018.06.06-16.18.20:768][383]LogModuleManager: Shutting down and abandoning module Android_ETC2TargetPlatform (97)
[2018.06.06-16.18.20:768][383]LogModuleManager: Shutting down and abandoning module Android_ETC1TargetPlatform (95)
[2018.06.06-16.18.20:768][383]LogModuleManager: Shutting down and abandoning module Android_ETC1aTargetPlatform (93)
[2018.06.06-16.18.20:768][383]LogModuleManager: Shutting down and abandoning module Android_DXTTargetPlatform (91)
[2018.06.06-16.18.20:768][383]LogModuleManager: Shutting down and abandoning module Android_ATCTargetPlatform (89)
[2018.06.06-16.18.20:768][383]LogModuleManager: Shutting down and abandoning module Android_ASTCTargetPlatform (87)
[2018.06.06-16.18.20:768][383]LogModuleManager: Shutting down and abandoning module WindowsTargetPlatform (85)
[2018.06.06-16.18.20:768][383]LogModuleManager: Shutting down and abandoning module WindowsServerTargetPlatform (83)
[2018.06.06-16.18.20:768][383]LogModuleManager: Shutting down and abandoning module WindowsNoEditorTargetPlatform (81)
[2018.06.06-16.18.20:768][383]LogModuleManager: Shutting down and abandoning module WindowsClientTargetPlatform (79)
[2018.06.06-16.18.20:768][383]LogModuleManager: Shutting down and abandoning module MacTargetPlatform (77)
[2018.06.06-16.18.20:768][383]LogModuleManager: Shutting down and abandoning module MacServerTargetPlatform (75)
[2018.06.06-16.18.20:768][383]LogModuleManager: Shutting down and abandoning module MacNoEditorTargetPlatform (73)
[2018.06.06-16.18.20:768][383]LogModuleManager: Shutting down and abandoning module MacClientTargetPlatform (71)
[2018.06.06-16.18.20:768][383]LogModuleManager: Shutting down and abandoning module AllDesktopTargetPlatform (69)
[2018.06.06-16.18.20:768][383]LogModuleManager: Shutting down and abandoning module InputCore (66)
[2018.06.06-16.18.20:768][383]LogModuleManager: Shutting down and abandoning module Settings (64)
[2018.06.06-16.18.20:768][383]LogModuleManager: Shutting down and abandoning module PhysXCooking (62)
[2018.06.06-16.18.20:768][383]LogModuleManager: Shutting down and abandoning module SteamVR (60)
[2018.06.06-16.18.20:768][383]LogModuleManager: Shutting down and abandoning module OculusHMD (58)
[2018.06.06-16.18.20:779][383]LogModuleManager: Shutting down and abandoning module ExampleDeviceProfileSelector (56)
[2018.06.06-16.18.20:779][383]LogModuleManager: Shutting down and abandoning module AppleARKit (54)
[2018.06.06-16.18.20:779][383]LogModuleManager: Shutting down and abandoning module AugmentedReality (51)
[2018.06.06-16.18.20:779][383]LogModuleManager: Shutting down and abandoning module OnlineBlueprintSupport (48)
[2018.06.06-16.18.20:779][383]LogModuleManager: Shutting down and abandoning module OnlineSubsystem (44)
[2018.06.06-16.18.20:800][383]LogModuleManager: Shutting down and abandoning module XMPP (43)
[2018.06.06-16.18.20:813][383]LogModuleManager: Shutting down and abandoning module HTTP (41)
[2018.06.06-16.18.20:871][383]LogModuleManager: Shutting down and abandoning module SSL (40)
[2018.06.06-16.18.20:881][383]LogModuleManager: Shutting down and abandoning module AnimationModifiers (36)
[2018.06.06-16.18.20:884][383]LogModuleManager: Shutting down and abandoning module PropertyEditor (35)
[2018.06.06-16.18.20:895][383]LogModuleManager: Shutting down and abandoning module AudioEditor (32)
[2018.06.06-16.18.20:927][383]LogModuleManager: Shutting down and abandoning module TextureCompressor (30)
[2018.06.06-16.18.21:018][383]LogModuleManager: Shutting down and abandoning module ShaderCore (28)
[2018.06.06-16.18.21:018][383]LogModuleManager: Shutting down and abandoning module Landscape (26)
[2018.06.06-16.18.21:018][383]LogModuleManager: Shutting down and abandoning module SlateRHIRenderer (24)
[2018.06.06-16.18.21:038][383]LogModuleManager: Shutting down and abandoning module OpenGLDrv (22)
[2018.06.06-16.18.21:053][383]LogModuleManager: Shutting down and abandoning module D3D11RHI (20)
[2018.06.06-16.18.21:053][383]LogModuleManager: Shutting down and abandoning module AnimGraphRuntime (18)
[2018.06.06-16.18.21:054][383]LogModuleManager: Shutting down and abandoning module Renderer (16)
[2018.06.06-16.18.21:054][383]LogModuleManager: Shutting down and abandoning module Engine (14)
[2018.06.06-16.18.21:054][383]LogModuleManager: Shutting down and abandoning module CoreUObject (12)
[2018.06.06-16.18.21:054][383]LogModuleManager: Shutting down and abandoning module NetworkFile (10)
[2018.06.06-16.18.21:062][383]LogModuleManager: Shutting down and abandoning module CookedIterativeFile (8)
[2018.06.06-16.18.21:062][383]LogModuleManager: Shutting down and abandoning module StreamingFile (6)
[2018.06.06-16.18.21:072][383]LogModuleManager: Shutting down and abandoning module SandboxFile (4)
[2018.06.06-16.18.21:077][383]LogModuleManager: Shutting down and abandoning module PakFile (2)
[2018.06.06-16.18.21:128][383]LogExit: Exiting.
[2018.06.06-16.18.21:152][383]Log file closed, 06/07/18 00:18:21
