Log file open, 05/31/18 13:59:18
LogWindows: Failed to load 'aqProf.dll' (GetLastError=126)
LogWindows: File 'aqProf.dll' does not exist
LogWindows: Failed to load 'VtuneApi.dll' (GetLastError=126)
LogWindows: File 'VtuneApi.dll' does not exist
LogWindows: Failed to load 'VtuneApi32e.dll' (GetLastError=126)
LogWindows: File 'VtuneApi32e.dll' does not exist
LogInit: Display: Running engine for game: HowTo_PlayerInput
LogPlatformFile: Not using cached read wrapper
LogInit: Display: RandInit(-983426830) SRandInit(-983426830).
LogInit: Read version file with build ID '3944462'
LogInit: Overriding engine version to CL 4033788, compatible CL 3944462
LogInit: Registered custom module enumerator with build ID '3944462'
LogTaskGraph: Started task graph with 5 named threads and 14 total threads with 3 sets of task threads.
LogStats: Stats thread started at 0.208832
LogD3D11RHI: Aftermath initialized
LogICUInternationalization: Display: ICU TimeZone Detection - Raw Offset: +8:00, Platform Override: ''
LogPluginManager: Mounting plugin Paper2D
LogPluginManager: Mounting plugin LiveLink
LogPluginManager: Mounting plugin LightPropagationVolume
LogPluginManager: Mounting plugin CLionSourceCodeAccess
LogPluginManager: Mounting plugin CodeLiteSourceCodeAccess
LogPluginManager: Mounting plugin GitSourceControl
LogPluginManager: Mounting plugin KDevelopSourceCodeAccess
LogPluginManager: Mounting plugin NullSourceCodeAccess
LogPluginManager: Mounting plugin PerforceSourceControl
LogPluginManager: Mounting plugin SubversionSourceControl
LogPluginManager: Mounting plugin UObjectPlugin
LogPluginManager: Mounting plugin VisualStudioCodeSourceCodeAccess
LogPluginManager: Mounting plugin VisualStudioSourceCodeAccess
LogPluginManager: Mounting plugin XCodeSourceCodeAccess
LogPluginManager: Mounting plugin AssetManagerEditor
LogPluginManager: Mounting plugin CryptoKeys
LogPluginManager: Mounting plugin DataValidation
LogPluginManager: Mounting plugin FacialAnimation
LogPluginManager: Mounting plugin GameplayTagsEditor
LogPluginManager: Mounting plugin MobileLauncherProfileWizard
LogPluginManager: Mounting plugin PluginBrowser
LogPluginManager: Mounting plugin SpeedTreeImporter
LogPluginManager: Mounting plugin DatasmithContent
LogPluginManager: Mounting plugin AlembicImporter
LogPluginManager: Mounting plugin CharacterAI
LogPluginManager: Mounting plugin HTML5Networking
LogPluginManager: Mounting plugin AndroidMedia
LogPluginManager: Mounting plugin AvfMedia
LogPluginManager: Mounting plugin ImgMedia
LogPluginManager: Mounting plugin LinearTimecode
LogPluginManager: Mounting plugin MediaCompositing
LogPluginManager: Mounting plugin MediaPlayerEditor
LogPluginManager: Mounting plugin WmfMedia
LogPluginManager: Mounting plugin TcpMessaging
LogPluginManager: Mounting plugin UdpMessaging
LogPluginManager: Mounting plugin ActorSequence
LogPluginManager: Mounting plugin LevelSequenceEditor
LogPluginManager: Mounting plugin MatineeToLevelSequence
LogPluginManager: Mounting plugin NetcodeUnitTest
LogPluginManager: Mounting plugin NUTUnrealEngine4
LogPluginManager: Mounting plugin OnlineSubsystemGooglePlay
LogPluginManager: Mounting plugin OnlineSubsystemIOS
LogPluginManager: Mounting plugin OnlineSubsystem
LogPluginManager: Mounting plugin OnlineSubsystemNull
LogPluginManager: Mounting plugin OnlineSubsystemUtils
LogPluginManager: Mounting plugin AndroidDeviceProfileSelector
LogPluginManager: Mounting plugin AndroidMoviePlayer
LogPluginManager: Mounting plugin AndroidPermission
LogPluginManager: Mounting plugin AppleARKit
LogPluginManager: Mounting plugin AppleMoviePlayer
LogPluginManager: Mounting plugin ArchVisCharacter
LogPluginManager: Mounting plugin AudioCapture
LogPluginManager: Mounting plugin CableComponent
LogPluginManager: Mounting plugin CustomMeshComponent
LogPluginManager: Mounting plugin ExampleDeviceProfileSelector
LogPluginManager: Mounting plugin GoogleCloudMessaging
LogPluginManager: Mounting plugin ImmediatePhysics
LogPluginManager: Mounting plugin IOSDeviceProfileSelector
LogPluginManager: Mounting plugin LinuxDeviceProfileSelector
LogPluginManager: Mounting plugin LocationServicesBPLibrary
LogPluginManager: Mounting plugin MobilePatchingUtils
LogPluginManager: Mounting plugin OculusVR
LogPluginManager: Plugin shader directory ../../../Engine/Plugins/Runtime/Oculus/OculusVR/Shaders found
LogPluginManager: Mapping shader source directory ../../../Engine/Plugins/Runtime/Oculus/OculusVR/Shaders to virtual directory /Plugin/OculusVR
LogPluginManager: Mounting plugin PhysXVehicles
LogPluginManager: Mounting plugin ProceduralMeshComponent
LogPluginManager: Mounting plugin RuntimePhysXCooking
LogPluginManager: Mounting plugin SteamVR
LogPluginManager: Mounting plugin WindowsMoviePlayer
LogStreaming: Display: Took  0.322s to configure plugins.
LogModuleManager: Display: Found up-to-date module file ../../../../../../Users/User/Documents/GitHub Files/UE4 Crash Course/HowTo_PlayerInput/Binaries/Win64/UE4Editor-HowTo_PlayerInput.dll (API version 3944462).
LogModuleManager: Display: Found up-to-date module file ../../../Engine/Plugins/2D/Paper2D/Binaries/Win64/UE4Editor-Paper2D.dll (API version 3944462).
LogModuleManager: Display: Found up-to-date module file ../../../Engine/Plugins/2D/Paper2D/Binaries/Win64/UE4Editor-Paper2DEditor.dll (API version 3944462).
LogModuleManager: Display: Found up-to-date module file ../../../Engine/Plugins/2D/Paper2D/Binaries/Win64/UE4Editor-PaperSpriteSheetImporter.dll (API version 3944462).
LogModuleManager: Display: Found up-to-date module file ../../../Engine/Plugins/2D/Paper2D/Binaries/Win64/UE4Editor-PaperTiledImporter.dll (API version 3944462).
LogModuleManager: Display: Found up-to-date module file ../../../Engine/Plugins/2D/Paper2D/Binaries/Win64/UE4Editor-SmartSnapping.dll (API version 3944462).
LogModuleManager: Display: Found up-to-date module file ../../../Engine/Plugins/Animation/LiveLink/Binaries/Win64/UE4Editor-LiveLink.dll (API version 3944462).
LogModuleManager: Display: Found up-to-date module file ../../../Engine/Plugins/Animation/LiveLink/Binaries/Win64/UE4Editor-LiveLinkEditor.dll (API version 3944462).
LogModuleManager: Display: Found up-to-date module file ../../../Engine/Plugins/Blendables/LightPropagationVolume/Binaries/Win64/UE4Editor-LightPropagationVolumeRuntime.dll (API version 3944462).
LogModuleManager: Display: Found up-to-date module file ../../../Engine/Plugins/Blendables/LightPropagationVolume/Binaries/Win64/UE4Editor-LightPropagationVolumeEditor.dll (API version 3944462).
LogModuleManager: Display: Found up-to-date module file ../../../Engine/Plugins/Developer/CLionSourceCodeAccess/Binaries/Win64/UE4Editor-CLionSourceCodeAccess.dll (API version 3944462).
LogModuleManager: Display: Found up-to-date module file ../../../Engine/Plugins/Developer/GitSourceControl/Binaries/Win64/UE4Editor-GitSourceControl.dll (API version 3944462).
LogModuleManager: Display: Found up-to-date module file ../../../Engine/Plugins/Developer/PerforceSourceControl/Binaries/Win64/UE4Editor-PerforceSourceControl.dll (API version 3944462).
LogModuleManager: Display: Found up-to-date module file ../../../Engine/Plugins/Developer/SubversionSourceControl/Binaries/Win64/UE4Editor-SubversionSourceControl.dll (API version 3944462).
LogModuleManager: Display: Found up-to-date module file ../../../Engine/Plugins/Developer/UObjectPlugin/Binaries/Win64/UE4Editor-UObjectPlugin.dll (API version 3944462).
LogModuleManager: Display: Found up-to-date module file ../../../Engine/Plugins/Developer/VisualStudioCodeSourceCodeAccess/Binaries/Win64/UE4Editor-VisualStudioCodeSourceCodeAccess.dll (API version 3944462).
LogModuleManager: Display: Found up-to-date module file ../../../Engine/Plugins/Developer/VisualStudioSourceCodeAccess/Binaries/Win64/UE4Editor-VisualStudioSourceCodeAccess.dll (API version 3944462).
LogModuleManager: Display: Found up-to-date module file ../../../Engine/Plugins/Editor/AssetManagerEditor/Binaries/Win64/UE4Editor-AssetManagerEditor.dll (API version 3944462).
LogModuleManager: Display: Found up-to-date module file ../../../Engine/Plugins/Editor/CryptoKeys/Binaries/Win64/UE4Editor-CryptoKeys.dll (API version 3944462).
LogModuleManager: Display: Found up-to-date module file ../../../Engine/Plugins/Editor/CryptoKeys/Binaries/Win64/UE4Editor-CryptoKeysOpenSSL.dll (API version 3944462).
LogModuleManager: Display: Found up-to-date module file ../../../Engine/Plugins/Editor/DataValidation/Binaries/Win64/UE4Editor-DataValidation.dll (API version 3944462).
LogModuleManager: Display: Found up-to-date module file ../../../Engine/Plugins/Editor/FacialAnimation/Binaries/Win64/UE4Editor-FacialAnimation.dll (API version 3944462).
LogModuleManager: Display: Found up-to-date module file ../../../Engine/Plugins/Editor/FacialAnimation/Binaries/Win64/UE4Editor-FacialAnimationEditor.dll (API version 3944462).
LogModuleManager: Display: Found up-to-date module file ../../../Engine/Plugins/Editor/GameplayTagsEditor/Binaries/Win64/UE4Editor-GameplayTagsEditor.dll (API version 3944462).
LogModuleManager: Display: Found up-to-date module file ../../../Engine/Plugins/Editor/MobileLauncherProfileWizard/Binaries/Win64/UE4Editor-MobileLauncherProfileWizard.dll (API version 3944462).
LogModuleManager: Display: Found up-to-date module file ../../../Engine/Plugins/Editor/PluginBrowser/Binaries/Win64/UE4Editor-PluginBrowser.dll (API version 3944462).
LogModuleManager: Display: Found up-to-date module file ../../../Engine/Plugins/Editor/SpeedTreeImporter/Binaries/Win64/UE4Editor-SpeedTreeImporter.dll (API version 3944462).
LogModuleManager: Display: Found up-to-date module file ../../../Engine/Plugins/Enterprise/DatasmithContent/Binaries/Win64/UE4Editor-DatasmithContent.dll (API version 3944462).
LogModuleManager: Display: Found up-to-date module file ../../../Engine/Plugins/Experimental/AlembicImporter/Binaries/Win64/UE4Editor-AlembicImporter.dll (API version 3944462).
LogModuleManager: Display: Found up-to-date module file ../../../Engine/Plugins/Experimental/AlembicImporter/Binaries/Win64/UE4Editor-AlembicLibrary.dll (API version 3944462).
LogModuleManager: Display: Found up-to-date module file ../../../Engine/Plugins/Experimental/CharacterAI/Binaries/Win64/UE4Editor-CharacterAI.dll (API version 3944462).
LogModuleManager: Display: Found up-to-date module file ../../../Engine/Plugins/Experimental/HTML5Networking/Binaries/Win64/UE4Editor-HTML5Networking.dll (API version 3944462).
LogModuleManager: Display: Found up-to-date module file ../../../Engine/Plugins/Media/AndroidMedia/Binaries/Win64/UE4Editor-AndroidMediaEditor.dll (API version 3944462).
LogModuleManager: Display: Found up-to-date module file ../../../Engine/Plugins/Media/AndroidMedia/Binaries/Win64/UE4Editor-AndroidMediaFactory.dll (API version 3944462).
LogModuleManager: Display: Found up-to-date module file ../../../Engine/Plugins/Media/AvfMedia/Binaries/Win64/UE4Editor-AvfMediaEditor.dll (API version 3944462).
LogModuleManager: Display: Found up-to-date module file ../../../Engine/Plugins/Media/AvfMedia/Binaries/Win64/UE4Editor-AvfMediaFactory.dll (API version 3944462).
LogModuleManager: Display: Found up-to-date module file ../../../Engine/Plugins/Media/AvfMedia/Binaries/Win64/UE4Editor-AvfMediaFactory.dll (API version 3944462).
LogModuleManager: Display: Found up-to-date module file ../../../Engine/Plugins/Media/ImgMedia/Binaries/Win64/UE4Editor-ImgMedia.dll (API version 3944462).
LogModuleManager: Display: Found up-to-date module file ../../../Engine/Plugins/Media/ImgMedia/Binaries/Win64/UE4Editor-ImgMediaEditor.dll (API version 3944462).
LogModuleManager: Display: Found up-to-date module file ../../../Engine/Plugins/Media/ImgMedia/Binaries/Win64/UE4Editor-ImgMediaFactory.dll (API version 3944462).
LogModuleManager: Display: Found up-to-date module file ../../../Engine/Plugins/Media/ImgMedia/Binaries/Win64/UE4Editor-ImgMediaFactory.dll (API version 3944462).
LogModuleManager: Display: Found up-to-date module file ../../../Engine/Plugins/Media/ImgMedia/Binaries/Win64/UE4Editor-OpenExrWrapper.dll (API version 3944462).
LogModuleManager: Display: Found up-to-date module file ../../../Engine/Plugins/Media/LinearTimecode/Binaries/Win64/UE4Editor-LinearTimecode.dll (API version 3944462).
LogModuleManager: Display: Found up-to-date module file ../../../Engine/Plugins/Media/MediaCompositing/Binaries/Win64/UE4Editor-MediaCompositing.dll (API version 3944462).
LogModuleManager: Display: Found up-to-date module file ../../../Engine/Plugins/Media/MediaCompositing/Binaries/Win64/UE4Editor-MediaCompositingEditor.dll (API version 3944462).
LogModuleManager: Display: Found up-to-date module file ../../../Engine/Plugins/Media/MediaPlayerEditor/Binaries/Win64/UE4Editor-MediaPlayerEditor.dll (API version 3944462).
LogModuleManager: Display: Found up-to-date module file ../../../Engine/Plugins/Media/WmfMedia/Binaries/Win64/UE4Editor-WmfMedia.dll (API version 3944462).
LogModuleManager: Display: Found up-to-date module file ../../../Engine/Plugins/Media/WmfMedia/Binaries/Win64/UE4Editor-WmfMediaEditor.dll (API version 3944462).
LogModuleManager: Display: Found up-to-date module file ../../../Engine/Plugins/Media/WmfMedia/Binaries/Win64/UE4Editor-WmfMediaFactory.dll (API version 3944462).
LogModuleManager: Display: Found up-to-date module file ../../../Engine/Plugins/Media/WmfMedia/Binaries/Win64/UE4Editor-WmfMediaFactory.dll (API version 3944462).
LogModuleManager: Display: Found up-to-date module file ../../../Engine/Plugins/Messaging/TcpMessaging/Binaries/Win64/UE4Editor-TcpMessaging.dll (API version 3944462).
LogModuleManager: Display: Found up-to-date module file ../../../Engine/Plugins/Messaging/UdpMessaging/Binaries/Win64/UE4Editor-UdpMessaging.dll (API version 3944462).
LogModuleManager: Display: Found up-to-date module file ../../../Engine/Plugins/MovieScene/ActorSequence/Binaries/Win64/UE4Editor-ActorSequence.dll (API version 3944462).
LogModuleManager: Display: Found up-to-date module file ../../../Engine/Plugins/MovieScene/LevelSequenceEditor/Binaries/Win64/UE4Editor-LevelSequenceEditor.dll (API version 3944462).
LogModuleManager: Display: Found up-to-date module file ../../../Engine/Plugins/MovieScene/MatineeToLevelSequence/Binaries/Win64/UE4Editor-MatineeToLevelSequence.dll (API version 3944462).
LogModuleManager: Display: Found up-to-date module file ../../../Engine/Plugins/NetcodeUnitTest/NetcodeUnitTest/Binaries/Win64/UE4Editor-NetcodeUnitTest.dll (API version 3944462).
LogModuleManager: Display: Found up-to-date module file ../../../Engine/Plugins/NetcodeUnitTest/NUTUnrealEngine4/Binaries/Win64/UE4Editor-NUTUnrealEngine4.dll (API version 3944462).
LogModuleManager: Display: Found up-to-date module file ../../../Engine/Plugins/Online/OnlineSubsystem/Binaries/Win64/UE4Editor-OnlineSubsystem.dll (API version 3944462).
LogModuleManager: Display: Found up-to-date module file ../../../Engine/Plugins/Online/OnlineSubsystemNull/Binaries/Win64/UE4Editor-OnlineSubsystemNull.dll (API version 3944462).
LogModuleManager: Display: Found up-to-date module file ../../../Engine/Plugins/Online/OnlineSubsystemUtils/Binaries/Win64/UE4Editor-OnlineSubsystemUtils.dll (API version 3944462).
LogModuleManager: Display: Found up-to-date module file ../../../Engine/Plugins/Online/OnlineSubsystemUtils/Binaries/Win64/UE4Editor-OnlineBlueprintSupport.dll (API version 3944462).
LogModuleManager: Display: Found up-to-date module file ../../../Engine/Plugins/Runtime/AndroidDeviceProfileSelector/Binaries/Win64/UE4Editor-AndroidDeviceProfileSelector.dll (API version 3944462).
LogModuleManager: Display: Found up-to-date module file ../../../Engine/Plugins/Runtime/AndroidPermission/Binaries/Win64/UE4Editor-AndroidPermission.dll (API version 3944462).
LogModuleManager: Display: Found up-to-date module file ../../../Engine/Plugins/Runtime/AppleARKit/Binaries/Win64/UE4Editor-AppleARKit.dll (API version 3944462).
LogModuleManager: Display: Found up-to-date module file ../../../Engine/Plugins/Runtime/ArchVisCharacter/Binaries/Win64/UE4Editor-ArchVisCharacter.dll (API version 3944462).
LogModuleManager: Display: Found up-to-date module file ../../../Engine/Plugins/Runtime/AudioCapture/Binaries/Win64/UE4Editor-AudioCapture.dll (API version 3944462).
LogModuleManager: Display: Found up-to-date module file ../../../Engine/Plugins/Runtime/AudioCapture/Binaries/Win64/UE4Editor-AudioCaptureEditor.dll (API version 3944462).
LogModuleManager: Display: Found up-to-date module file ../../../Engine/Plugins/Runtime/CableComponent/Binaries/Win64/UE4Editor-CableComponent.dll (API version 3944462).
LogModuleManager: Display: Found up-to-date module file ../../../Engine/Plugins/Runtime/CustomMeshComponent/Binaries/Win64/UE4Editor-CustomMeshComponent.dll (API version 3944462).
LogModuleManager: Display: Found up-to-date module file ../../../Engine/Plugins/Runtime/ExampleDeviceProfileSelector/Binaries/Win64/UE4Editor-ExampleDeviceProfileSelector.dll (API version 3944462).
LogModuleManager: Display: Found up-to-date module file ../../../Engine/Plugins/Runtime/ImmediatePhysics/Binaries/Win64/UE4Editor-ImmediatePhysics.dll (API version 3944462).
LogModuleManager: Display: Found up-to-date module file ../../../Engine/Plugins/Runtime/ImmediatePhysics/Binaries/Win64/UE4Editor-ImmediatePhysicsEditor.dll (API version 3944462).
LogModuleManager: Display: Found up-to-date module file ../../../Engine/Plugins/Runtime/LocationServicesBPLibrary/Binaries/Win64/UE4Editor-LocationServicesBPLibrary.dll (API version 3944462).
LogModuleManager: Display: Found up-to-date module file ../../../Engine/Plugins/Runtime/MobilePatchingUtils/Binaries/Win64/UE4Editor-MobilePatchingUtils.dll (API version 3944462).
LogModuleManager: Display: Found up-to-date module file ../../../Engine/Plugins/Runtime/Oculus/OculusVR/Binaries/Win64/UE4Editor-OculusHMD.dll (API version 3944462).
LogModuleManager: Display: Found up-to-date module file ../../../Engine/Plugins/Runtime/Oculus/OculusVR/Binaries/Win64/UE4Editor-OculusInput.dll (API version 3944462).
LogModuleManager: Display: Found up-to-date module file ../../../Engine/Plugins/Runtime/Oculus/OculusVR/Binaries/Win64/UE4Editor-OculusEditor.dll (API version 3944462).
LogModuleManager: Display: Found up-to-date module file ../../../Engine/Plugins/Runtime/PhysXVehicles/Binaries/Win64/UE4Editor-PhysXVehicles.dll (API version 3944462).
LogModuleManager: Display: Found up-to-date module file ../../../Engine/Plugins/Runtime/PhysXVehicles/Binaries/Win64/UE4Editor-PhysXVehiclesEditor.dll (API version 3944462).
LogModuleManager: Display: Found up-to-date module file ../../../Engine/Plugins/Runtime/ProceduralMeshComponent/Binaries/Win64/UE4Editor-ProceduralMeshComponent.dll (API version 3944462).
LogModuleManager: Display: Found up-to-date module file ../../../Engine/Plugins/Runtime/ProceduralMeshComponent/Binaries/Win64/UE4Editor-ProceduralMeshComponentEditor.dll (API version 3944462).
LogModuleManager: Display: Found up-to-date module file ../../../Engine/Plugins/Runtime/RuntimePhysXCooking/Binaries/Win64/UE4Editor-RuntimePhysXCooking.dll (API version 3944462).
LogModuleManager: Display: Found up-to-date module file ../../../Engine/Plugins/Runtime/Steam/SteamVR/Binaries/Win64/UE4Editor-SteamVR.dll (API version 3944462).
LogModuleManager: Display: Found up-to-date module file ../../../Engine/Plugins/Runtime/Steam/SteamVR/Binaries/Win64/UE4Editor-SteamVRController.dll (API version 3944462).
LogModuleManager: Display: Found up-to-date module file ../../../Engine/Plugins/Runtime/WindowsMoviePlayer/Binaries/Win64/UE4Editor-WindowsMoviePlayer.dll (API version 3944462).
LogInit: Using libcurl 7.47.1
LogInit:  - built for x86_64-pc-win32
LogInit:  - supports SSL with OpenSSL/1.0.2g
LogInit:  - supports HTTP deflate (compression) using libz 1.2.8
LogInit:  - other features:
LogInit:      CURL_VERSION_SSL
LogInit:      CURL_VERSION_LIBZ
LogInit:      CURL_VERSION_IPV6
LogInit:      CURL_VERSION_ASYNCHDNS
LogInit:      CURL_VERSION_LARGEFILE
LogInit:      CURL_VERSION_IDN
LogInit:  CurlRequestOptions (configurable via config and command line):
LogInit:  - bVerifyPeer = false  - Libcurl will NOT verify peer certificate
LogInit:  - bUseHttpProxy = false  - Libcurl will NOT use HTTP proxy
LogInit:  - bDontReuseConnections = false  - Libcurl will reuse connections
LogInit:  - CertBundlePath = nullptr  - Libcurl will use whatever was configured at build time.
LogInit:  - MaxHostConnections = 16  - Libcurl will limit the number of connections to a host
LogInit:  - LocalHostAddr = Default
LogInit: WinSock: version 1.1 (2.2), MaxSocks=32767, MaxUdp=65467
LogInit: WinSock: I am Asus (192.168.0.5:0)
LogInit: Build: ++UE4+Release-4.19-CL-4033788
LogInit: Engine Version: 4.19.2-4033788+++UE4+Release-4.19
LogInit: Compatible Engine Version: 4.19.0-3944462+++UE4+Release-4.19
LogInit: Net CL: 3944462
LogDevObjectVersion: Number of dev versions registered: 18
LogDevObjectVersion:   Dev-Blueprints (B0D832E4-1F89-4F0D-ACCF-7EB736FD4AA2): 10
LogDevObjectVersion:   Dev-Build (E1C64328-A22C-4D53-A36C-8E866417BD8C): 0
LogDevObjectVersion:   Dev-Core (375EC13C-06E4-48FB-B500-84F0262A717E): 2
LogDevObjectVersion:   Dev-Editor (E4B068ED-F494-42E9-A231-DA0B2E46BB41): 23
LogDevObjectVersion:   Dev-Framework (CFFC743F-43B0-4480-9391-14DF171D2073): 33
LogDevObjectVersion:   Dev-Mobile (B02B49B5-BB20-44E9-A304-32B752E40360): 2
LogDevObjectVersion:   Dev-Networking (A4E4105C-59A1-49B5-A7C5-40C4547EDFEE): 0
LogDevObjectVersion:   Dev-Online (39C831C9-5AE6-47DC-9A44-9C173E1C8E7C): 0
LogDevObjectVersion:   Dev-Physics (78F01B33-EBEA-4F98-B9B4-84EACCB95AA2): 0
LogDevObjectVersion:   Dev-Platform (6631380F-2D4D-43E0-8009-CF276956A95A): 0
LogDevObjectVersion:   Dev-Rendering (12F88B9F-8875-4AFC-A67C-D90C383ABD29): 25
LogDevObjectVersion:   Dev-Sequencer (7B5AE74C-D270-4C10-A958-57980B212A5A): 6
LogDevObjectVersion:   Dev-VR (D7296918-1DD6-4BDD-9DE2-64A83CC13884): 1
LogDevObjectVersion:   Dev-LoadTimes (C2A15278-BFE7-4AFE-6C17-90FF531DF755): 1
LogDevObjectVersion:   Private-Geometry (6EACA3D4-40EC-4CC1-B786-8BED09428FC5): 2
LogDevObjectVersion:   Dev-AnimPhys (29E575DD-E0A3-4627-9D10-D276232CDCEA): 16
LogDevObjectVersion:   Dev-ReflectionCapture (6B266CEC-1EC7-4B8F-A30B-E4D90942FC07): 1
LogDevObjectVersion:   Dev-Automation (0DF73D61-A23F-47EA-B727-89E90C41499A): 1
LogInit: Compiled (64-bit): Apr 27 2018 02:06:57
LogInit: Compiled with Visual C++: 19.00.24215.01
LogInit: Build Configuration: Development
LogInit: Branch Name: ++UE4+Release-4.19
LogInit: Command Line: 
LogInit: Base Directory: C:/Program Files/Epic Games/UE_4.19/Engine/Binaries/Win64/
LogInit: Installed Engine Build: 1
LogStreaming: Display: Took  0.001s to delete old logs.
LogInit: Presizing for max 8388607 objects, including 0 objects not considered by GC, pre-allocating 0 bytes for permanent pool.
LogInit: Object subsystem initialized
[2018.05.31-05.59.21:564][  0]LogInit: Selected Device Profile: [Windows]
[2018.05.31-05.59.21:564][  0]LogInit: Applying CVar settings loaded from the selected device profile: [Windows]
[2018.05.31-05.59.21:609][  0]LogInit: Computer: ASUS
[2018.05.31-05.59.21:609][  0]LogInit: User: User
[2018.05.31-05.59.21:609][  0]LogInit: CPU Page size=4096, Cores=4
[2018.05.31-05.59.21:609][  0]LogInit: High frequency timer resolution =2.437497 MHz
[2018.05.31-05.59.21:609][  0]LogMemory: Memory total: Physical=7.9GB (8GB approx)
[2018.05.31-05.59.21:609][  0]LogMemory: Platform Memory Stats for Windows
[2018.05.31-05.59.21:609][  0]LogMemory: Process Physical Memory: 276.76 MB used, 276.76 MB peak
[2018.05.31-05.59.21:609][  0]LogMemory: Process Virtual Memory: 263.99 MB used, 263.99 MB peak
[2018.05.31-05.59.21:609][  0]LogMemory: Physical Memory: 5277.23 MB used,  2799.79 MB free, 8077.02 MB total
[2018.05.31-05.59.21:609][  0]LogMemory: Virtual Memory: 4764.45 MB used,  2799.79 MB free, 134217728.00 MB total
[2018.05.31-05.59.21:640][  0]LogInit: Using OS detected language (en-US).
[2018.05.31-05.59.21:640][  0]LogInit: Using OS detected locale (en-US).
[2018.05.31-05.59.21:645][  0]LogTextLocalizationManager: No specific localization for 'en-US' exists, so the 'en' localization will be used.
[2018.05.31-05.59.22:193][  0]LogStreaming: Display: Took  0.552s to EndInitTextLocalization.
[2018.05.31-05.59.22:193][  0]LogInit: Setting process to per monitor DPI aware
[2018.05.31-05.59.22:227][  0]LogSlate: New Slate User Created.  User Index 0, Is Virtual User: 0
[2018.05.31-05.59.22:227][  0]LogSlate: Slate User Registered.  User Index 0, Is Virtual User: 0
[2018.05.31-05.59.22:519][  0]LogD3D11RHI: D3D11 adapters:
[2018.05.31-05.59.22:588][  0]LogD3D11RHI:    0. 'NVIDIA GeForce GTX 1050' (Feature Level 11_0)
[2018.05.31-05.59.22:588][  0]LogD3D11RHI:       4021/0/4038 MB DedicatedVideo/DedicatedSystem/SharedSystem, Outputs:1, VendorId:0x10de
[2018.05.31-05.59.22:597][  0]LogD3D11RHI:    1. 'Intel(R) HD Graphics 630' (Feature Level 11_0)
[2018.05.31-05.59.22:597][  0]LogD3D11RHI:       128/0/4038 MB DedicatedVideo/DedicatedSystem/SharedSystem, Outputs:0, VendorId:0x8086
[2018.05.31-05.59.22:600][  0]LogD3D11RHI:    2. 'Microsoft Basic Render Driver' (Feature Level 11_0)
[2018.05.31-05.59.22:600][  0]LogD3D11RHI:       0/0/4038 MB DedicatedVideo/DedicatedSystem/SharedSystem, Outputs:0, VendorId:0x1414
[2018.05.31-05.59.22:600][  0]LogD3D11RHI: Chosen D3D11 Adapter: 0
[2018.05.31-05.59.22:611][  0]LogD3D11RHI: Creating new Direct3DDevice
[2018.05.31-05.59.22:612][  0]LogD3D11RHI:     GPU DeviceId: 0x1c8d (for the marketing name, search the web for "GPU Device Id")
[2018.05.31-05.59.22:612][  0]LogWindows: EnumDisplayDevices:
[2018.05.31-05.59.22:612][  0]LogWindows:    0. 'Intel(R) HD Graphics 630' (P:1 D:1)
[2018.05.31-05.59.22:612][  0]LogWindows:    1. 'Intel(R) HD Graphics 630' (P:0 D:0)
[2018.05.31-05.59.22:612][  0]LogWindows:    2. 'Intel(R) HD Graphics 630' (P:0 D:0)
[2018.05.31-05.59.22:612][  0]LogWindows: DebugString: GetVideoDriverDetailsInvalid PrimaryIsNotTheChoosenAdapter GetVideoDriverDetailsInvalid PrimaryIsNotTheChoosenAdapter GetVideoDriverDetailsInvalid PrimaryIsNotTheChoosenAdapter FoundDriverCount:0 
[2018.05.31-05.59.22:612][  0]LogD3D11RHI:     Adapter Name: NVIDIA GeForce GTX 1050
[2018.05.31-05.59.22:612][  0]LogD3D11RHI:   Driver Version: Unknown (internal:Unknown, unified:Unknown)
[2018.05.31-05.59.22:612][  0]LogD3D11RHI:      Driver Date: Unknown
[2018.05.31-05.59.22:612][  0]LogRHI: Texture pool is 2814 MB (70% of 4021 MB)
[2018.05.31-05.59.22:660][  0]LogD3D11RHI: [Aftermath] Aftermath enabled and primed
[2018.05.31-05.59.22:661][  0]LogD3D11RHI: [Aftermath] Aftermath enabled and primed
[2018.05.31-05.59.22:661][  0]LogD3D11RHI: Async texture creation enabled
[2018.05.31-05.59.22:679][  0]LogD3D11RHI: GPU Timing Frequency: 1000.000000 (Debug: 2 2)
[2018.05.31-05.59.22:680][  0]LogShaderCompilers: Guid format shader working directory is -41 characters bigger than the processId version (../../../../../../Users/User/Documents/GitHub Files/UE4 Crash Course/HowTo_PlayerInput/Intermediate/Shaders/WorkingDirectory/8916/).
[2018.05.31-05.59.22:680][  0]LogShaderCompilers: Cleaned the shader compiler working directory 'C:/Users/User/AppData/Local/Temp/UnrealShaderWorkingDir/2158079C49CD8078795DB8ABFB35DBDD/'.
[2018.05.31-05.59.23:097][  0]LogTemp: Display: Loaded TP AllDesktopTargetPlatform
[2018.05.31-05.59.23:117][  0]LogTemp: Display: Loaded TP MacClientTargetPlatform
[2018.05.31-05.59.23:137][  0]LogTemp: Display: Loaded TP MacNoEditorTargetPlatform
[2018.05.31-05.59.23:156][  0]LogTemp: Display: Loaded TP MacServerTargetPlatform
[2018.05.31-05.59.23:177][  0]LogTemp: Display: Loaded TP MacTargetPlatform
[2018.05.31-05.59.23:196][  0]LogTemp: Display: Loaded TP WindowsClientTargetPlatform
[2018.05.31-05.59.23:216][  0]LogTemp: Display: Loaded TP WindowsNoEditorTargetPlatform
[2018.05.31-05.59.23:236][  0]LogTemp: Display: Loaded TP WindowsServerTargetPlatform
[2018.05.31-05.59.23:247][  0]LogTemp: Display: Loaded TP WindowsTargetPlatform
[2018.05.31-05.59.23:264][  0]LogTemp: Display: Loaded TP Android_ASTCTargetPlatform
[2018.05.31-05.59.23:281][  0]LogTemp: Display: Loaded TP Android_ATCTargetPlatform
[2018.05.31-05.59.23:298][  0]LogTemp: Display: Loaded TP Android_DXTTargetPlatform
[2018.05.31-05.59.23:315][  0]LogTemp: Display: Loaded TP Android_ETC1aTargetPlatform
[2018.05.31-05.59.23:332][  0]LogTemp: Display: Loaded TP Android_ETC1TargetPlatform
[2018.05.31-05.59.23:350][  0]LogTemp: Display: Loaded TP Android_ETC2TargetPlatform
[2018.05.31-05.59.23:383][  0]LogTemp: Display: Loaded TP Android_MultiTargetPlatform
[2018.05.31-05.59.23:383][  0]LogTemp: Display: Loaded TP Android_PVRTCTargetPlatform
[2018.05.31-05.59.23:400][  0]LogTemp: Display: Loaded TP AndroidTargetPlatform
[2018.05.31-05.59.23:402][  0]LogTemp: Display: Loaded TP HTML5TargetPlatform
[2018.05.31-05.59.23:447][  0]LogTemp: Display: Loaded TP IOSTargetPlatform
[2018.05.31-05.59.23:462][  0]LogTemp: Display: Loaded TP TVOSTargetPlatform
[2018.05.31-05.59.23:479][  0]LogTemp: Display: Loaded TP LinuxClientTargetPlatform
[2018.05.31-05.59.23:497][  0]LogTemp: Display: Loaded TP LinuxNoEditorTargetPlatform
[2018.05.31-05.59.23:514][  0]LogTemp: Display: Loaded TP LinuxServerTargetPlatform
[2018.05.31-05.59.23:531][  0]LogTemp: Display: Loaded TP LinuxTargetPlatform
[2018.05.31-05.59.23:531][  0]LogTargetPlatformManager: Display: Building Assets For Windows
[2018.05.31-05.59.23:723][  0]LogXGEController: Cannot use XGE Controller as Incredibuild is not installed on this machine.
[2018.05.31-05.59.23:723][  0]LogShaderCompilers: Cannot use XGE Shader Compiler as Incredibuild is not installed on this machine.
[2018.05.31-05.59.23:723][  0]LogShaderCompilers: Display: Using Local Shader Compiler.
[2018.05.31-05.59.24:639][  0]LogDerivedDataCache: Display: Max Cache Size: 512 MB
[2018.05.31-05.59.24:716][  0]LogDerivedDataCache: Loaded boot cache 0.08s 74MB C:/Users/User/AppData/Local/UnrealEngine/4.19/DerivedDataCache/Boot.ddc.
[2018.05.31-05.59.24:717][  0]LogDerivedDataCache: Display: Loaded Boot cache: C:/Users/User/AppData/Local/UnrealEngine/4.19/DerivedDataCache/Boot.ddc
[2018.05.31-05.59.24:717][  0]LogDerivedDataCache: FDerivedDataBackendGraph:  Pak pak cache file ../../../../../../Users/User/Documents/GitHub Files/UE4 Crash Course/HowTo_PlayerInput/DerivedDataCache/DDC.ddp not found, will not use a pak cache.
[2018.05.31-05.59.24:717][  0]LogDerivedDataCache: Unable to find inner node Pak for hierarchical cache Hierarchy.
[2018.05.31-05.59.24:717][  0]LogDerivedDataCache: FDerivedDataBackendGraph:  CompressedPak pak cache file ../../../../../../Users/User/Documents/GitHub Files/UE4 Crash Course/HowTo_PlayerInput/DerivedDataCache/Compressed.ddp not found, will not use a pak cache.
[2018.05.31-05.59.24:717][  0]LogDerivedDataCache: Unable to find inner node CompressedPak for hierarchical cache Hierarchy.
[2018.05.31-05.59.24:738][  0]LogDerivedDataCache: Display: Pak cache opened for reading ../../../Engine/DerivedDataCache/Compressed.ddp.
[2018.05.31-05.59.24:752][  0]LogDerivedDataCache: Using Local data cache path C:/Users/User/AppData/Local/UnrealEngine/Common/DerivedDataCache: Writable
[2018.05.31-05.59.24:752][  0]LogDerivedDataCache: Shared data cache path not found in *engine.ini, will not use an Shared cache.
[2018.05.31-05.59.24:752][  0]LogDerivedDataCache: Unable to find inner node Shared for hierarchical cache Hierarchy.
[2018.05.31-05.59.24:767][  0]LogMaterial: Verifying Global Shaders for PCD3D_SM5
[2018.05.31-05.59.24:767][  0]LogSlate: Using Freetype 2.6.0
[2018.05.31-05.59.24:768][  0]LogSlate: SlateFontCache - WITH_FREETYPE: 1, WITH_HARFBUZZ: 1
[2018.05.31-05.59.24:768][  0]LogSlate: SlateFontCache - WITH_FREETYPE: 1, WITH_HARFBUZZ: 1
[2018.05.31-05.59.24:964][  0]LogAssetRegistry: FAssetRegistry took 0.0285 seconds to start up
[2018.05.31-05.59.25:365][  0]LogInit: Selected Device Profile: [Windows]
[2018.05.31-05.59.25:575][  0]LogSimplygon: Simplygon DLL not present - disabling.
[2018.05.31-05.59.25:580][  0]LogMeshReduction: Using SimplygonSwarm for distributed automatic mesh merging
[2018.05.31-05.59.25:580][  0]LogMeshReduction: Using QuadricMeshReduction for automatic static mesh reduction
[2018.05.31-05.59.25:580][  0]LogMeshReduction: No automatic skeletal mesh reduction module available
[2018.05.31-05.59.25:580][  0]LogMeshReduction: No automatic mesh merging module available
[2018.05.31-05.59.25:580][  0]LogMeshMerging: No automatic mesh merging module available
[2018.05.31-05.59.25:633][  0]LogNetVersion: HowTo_PlayerInput , NetCL: 3944462, EngineNetVer: 2, GameNetVer: 0 (Checksum: 1166357435)
[2018.05.31-05.59.26:365][  0]LogPackageLocalizationCache: Processed 9 localized package path(s) for 2 prioritized culture(s) in 0.188662 seconds
[2018.05.31-05.59.26:372][  0]LogUObjectArray: 36728 objects as part of root set at end of initial load.
[2018.05.31-05.59.26:372][  0]LogUObjectAllocator: 7314304 out of 0 bytes used by permanent object pool.
[2018.05.31-05.59.26:372][  0]LogUObjectArray: CloseDisregardForGC: 0/0 objects in disregard for GC pool
[2018.05.31-05.59.28:960][  0]LogTcpMessaging: Initializing TcpMessaging bridge
[2018.05.31-05.59.29:008][  0]LogUdpMessaging: Initializing bridge on interface 0.0.0.0:0 to multicast group 230.0.0.1:6666.
[2018.05.31-05.59.29:631][  0]SourceControl: Source control is disabled
[2018.05.31-05.59.29:631][  0]SourceControl: Source control is disabled
[2018.05.31-05.59.29:666][  0]SourceControl: Source control is disabled
[2018.05.31-05.59.29:700][  0]SourceControl: Source control is disabled
[2018.05.31-05.59.30:563][  0]LogAndroidPermission: UAndroidPermissionCallbackProxy::GetInstance
[2018.05.31-05.59.30:829][  0]LogOcInput: OculusInput pre-init called
[2018.05.31-05.59.30:998][  0]LogEngine: Initializing Engine...
[2018.05.31-05.59.31:000][  0]LogHMD: Failed to initialize OpenVR with code 110
[2018.05.31-05.59.31:002][  0]LogStats: UGameplayTagsManager::ConstructGameplayTagTree: Construct from data asset -  0.000 s
[2018.05.31-05.59.31:002][  0]LogStats: UGameplayTagsManager::ConstructGameplayTagTree: GameplayTagTreeChangedEvent.Broadcast -  0.000 s
[2018.05.31-05.59.31:284][  0]LogAIModule: Creating AISystem for world Untitled
[2018.05.31-05.59.31:349][  0]LogInit: XAudio2 using 'Speakers (Realtek High Definition Audio)' : 2 channels at 48 kHz using 32 bits per sample (channel mask 0x3)
[2018.05.31-05.59.31:384][  0]LogInit: FAudioDevice initialized.
[2018.05.31-05.59.31:576][  0]LogDerivedDataCache: Saved boot cache 0.19s 74MB C:/Users/User/AppData/Local/UnrealEngine/4.19/DerivedDataCache/Boot.ddc.
[2018.05.31-05.59.31:590][  0]LogInit: Texture streaming: Enabled
[2018.05.31-05.59.31:624][  0]LogInit: Transaction tracking system initialized
[2018.05.31-05.59.31:664][  0]BlueprintLog: New page: Editor Load
[2018.05.31-05.59.31:788][  0]LocalizationService: Localization service is disabled
[2018.05.31-05.59.31:953][  0]LogUObjectGlobals: Created PersistentFrame Addr=0x000001d7a60b57e0, Size=88, Default__Landscape_Sculpt_Mode_C Function /Engine/Tutorial/Landscape/Landscape_Sculpt_Mode.Landscape_Sculpt_Mode_C:ExecuteUbergraph_Landscape_Sculpt_Mode
[2018.05.31-05.59.31:956][  0]LogUObjectGlobals: Destroyed PersistentFrame Addr=0x000001d7a60b57e0, Size=88
[2018.05.31-05.59.31:956][  0]LogUObjectGlobals: Created PersistentFrame Addr=0x000001d7a60b57e0, Size=88, Default__Landscape_Sculpt_Mode_C Function /Engine/Transient.REINST_Landscape_Sculpt_Mode_C_3:ExecuteUbergraph_Landscape_Sculpt_Mode
[2018.05.31-05.59.31:959][  0]LogUObjectGlobals: Created PersistentFrame Addr=0x000001d7cb2a6c50, Size=80, Default__Landscape_Sculpt_Mode_C Function /Engine/Tutorial/Landscape/Landscape_Sculpt_Mode.Landscape_Sculpt_Mode_C:ExecuteUbergraph_Landscape_Sculpt_Mode
[2018.05.31-05.59.32:419][  0]LogConsoleResponse: Display: 
[2018.05.31-05.59.32:626][  0]LogCook: Display: Max memory allowance for cook 16384mb min free memory 0mb
[2018.05.31-05.59.32:626][  0]LogCook: Display: Mobile HDR setting 1
[2018.05.31-05.59.32:626][  0]LogGameplayTags: Display: UGameplayTagsManager::DoneAddingNativeTags. DelegateIsBound: 0
[2018.05.31-05.59.32:626][  0]LogStats: UGameplayTagsManager::ConstructGameplayTagTree: Construct from data asset -  0.000 s
[2018.05.31-05.59.32:626][  0]LogStats: UGameplayTagsManager::ConstructGameplayTagTree: GameplayTagTreeChangedEvent.Broadcast -  0.000 s
[2018.05.31-05.59.32:634][  0]LogFileCache: Scanning file cache for directory 'C:/Users/User/Documents/GitHub Files/UE4 Crash Course/HowTo_PlayerInput/Content/' took 0.02s
[2018.05.31-05.59.33:285][  0]SourceControl: Source control is disabled
[2018.05.31-05.59.33:285][  0]Cmd: MAP LOAD FILE="../../../../../../Users/User/Documents/GitHub Files/UE4 Crash Course/HowTo_PlayerInput/Content/StarterContent/Maps/Minimal_Default.umap" TEMPLATE=0 SHOWPROGRESS=1 FEATURELEVEL=3
[2018.05.31-05.59.33:285][  0]LightingResults: New page: Lighting Build
[2018.05.31-05.59.33:290][  0]MapCheck: New page: Map Check
[2018.05.31-05.59.33:290][  0]LightingResults: New page: Lighting Build
[2018.05.31-05.59.33:306][  0]LogUObjectGlobals: Destroyed PersistentFrame Addr=0x000001d7a60b57e0, Size=88
[2018.05.31-05.59.34:908][  0]LogAIModule: Creating AISystem for world Minimal_Default
[2018.05.31-05.59.34:935][  0]LogEditorServer: Finished looking for orphan Actors (0.000 secs)
[2018.05.31-05.59.34:953][  0]Cmd: MAP CHECKDEP NOCLEARLOG
[2018.05.31-05.59.35:061][  0]MapCheck: Map check complete: 0 Error(s), 0 Warning(s), took 108.694ms to complete.
[2018.05.31-05.59.35:061][  0]LogFileHelpers: Loading map 'Minimal_Default' took 1.776
[2018.05.31-05.59.35:328][  0]LogCollectionManager: Loaded 0 collections in 0.002942 seconds
[2018.05.31-05.59.35:402][  0]LogFileCache: Scanning file cache for directory 'C:/Users/User/Documents/GitHub Files/UE4 Crash Course/HowTo_PlayerInput/Saved/Collections/' took 0.01s
[2018.05.31-05.59.35:402][  0]LogFileCache: Scanning file cache for directory 'C:/Users/User/Documents/GitHub Files/UE4 Crash Course/HowTo_PlayerInput/Content/Developers/User/Collections/' took 0.01s
[2018.05.31-05.59.35:402][  0]LogFileCache: Scanning file cache for directory 'C:/Users/User/Documents/GitHub Files/UE4 Crash Course/HowTo_PlayerInput/Content/Collections/' took 0.01s
[2018.05.31-05.59.35:402][  0]LogCollectionManager: Rebuilt the GUID cache for 0 collections in 0.000001 seconds
[2018.05.31-05.59.35:415][  0]LogContentBrowser: Native class hierarchy populated in 0.0128 seconds. Added 2454 classes and 560 folders.
[2018.05.31-05.59.35:440][  0]LogContentBrowser: Native class hierarchy updated for 'WidgetCarousel' in 0.0013 seconds. Added 0 classes and 0 folders.
[2018.05.31-05.59.36:744][  0]LogContentBrowser: Native class hierarchy updated for 'AddContentDialog' in 0.0012 seconds. Added 0 classes and 0 folders.
[2018.05.31-05.59.36:825][  0]LogContentBrowser: Native class hierarchy updated for 'SceneOutliner' in 0.0013 seconds. Added 1 classes and 2 folders.
[2018.05.31-05.59.37:049][  0]LogSlate: Took 0.000421 seconds to synchronously load lazily loaded font '../../../Engine/Content/Slate/Fonts/Roboto-Regular.ttf' (155K)
[2018.05.31-05.59.37:058][  0]LogSlate: Took 0.000389 seconds to synchronously load lazily loaded font '../../../Engine/Content/Slate/Fonts/Roboto-Bold.ttf' (160K)
[2018.05.31-05.59.37:088][  0]LogSlate: Took 0.024459 seconds to synchronously load lazily loaded font '../../../Engine/Content/Editor/Slate/Fonts/FontAwesome.ttf' (139K)
[2018.05.31-05.59.37:247][  0]LogRenderer: Reallocating scene render targets to support 1120x576 Format 9 NumSamples 1 (Frame:1).
[2018.05.31-05.59.37:457][  0]LogContentBrowser: Native class hierarchy updated for 'HierarchicalLODOutliner' in 0.0012 seconds. Added 0 classes and 0 folders.
[2018.05.31-05.59.37:457][  0]LogLoad: (Engine Initialization) Total time: 20.87 seconds
[2018.05.31-05.59.37:457][  0]LogLoad: (Engine Initialization) Total Blueprint compile time: 0.00 seconds
[2018.05.31-05.59.37:816][  0]LogContentStreaming: Texture pool size now 400 MB
[2018.05.31-05.59.38:268][  0]LogSlate: Took 0.421372 seconds to synchronously load lazily loaded font '../../../Engine/Content/Slate/Fonts/Roboto-Light.ttf' (167K)
[2018.05.31-05.59.38:289][  1]LogAssetRegistry: Asset discovery search completed in 13.3479 seconds
[2018.05.31-05.59.38:291][  1]LogCollectionManager: Rebuilt the object cache for 0 collections in 0.000001 seconds (found 0 objects)
[2018.05.31-05.59.38:291][  1]LogCollectionManager: Fixed up redirectors for 0 collections in 0.000057 seconds (updated 0 objects)
[2018.05.31-06.00.29:639][214]LogSlate: FSceneViewport::OnFocusLost() reason 0
[2018.05.31-06.00.29:892][221]Candidate modules for hot reload:
[2018.05.31-06.00.29:892][221]  HowTo_PlayerInput
[2018.05.31-06.00.29:892][221]Launching UnrealBuildTool... [C:/Program Files/Epic Games/UE_4.19/Engine/Binaries/DotNET/UnrealBuildTool.exe HowTo_PlayerInput -ModuleWithSuffix=HowTo_PlayerInput,3322 Win64 Development -editorrecompile -canskiplink "C:/Users/User/Documents/GitHub Files/UE4 Crash Course/HowTo_PlayerInput/HowTo_PlayerInput.uproject" ]
[2018.05.31-06.00.29:900][221]Warning: Starting HotReload took  0.1s.
[2018.05.31-06.00.34:394][394]CompilerResultsLog: New page: Compilation - May 31, 2018, 10:00:34 PM
[2018.05.31-06.00.34:394][394]CompilerResultsLog: Using 'git status' to determine working set for adaptive non-unity build.
[2018.05.31-06.00.34:394][394]CompilerResultsLog: Compiling game modules for hot reload
[2018.05.31-06.00.34:394][394]CompilerResultsLog: Performing 1 actions (4 in parallel)
[2018.05.31-06.00.34:394][394]CompilerResultsLog: [1/1] Link UE4Editor-HowTo_PlayerInput-3322.dll
[2018.05.31-06.00.34:394][394]CompilerResultsLog:    Creating library C:\Users\User\Documents\GitHub Files\UE4 Crash Course\HowTo_PlayerInput\Intermediate\Build\Win64\UE4Editor\Development\UE4Editor-HowTo_PlayerInput-3322.suppressed.lib and object C:\Users\User\Documents\GitHub Files\UE4 Crash Course\HowTo_PlayerInput\Intermediate\Build\Win64\UE4Editor\Development\UE4Editor-HowTo_PlayerInput-3322.suppressed.exp
[2018.05.31-06.00.34:394][394]CompilerResultsLog: Total build time: 3.60 seconds (Local executor: 1.62 seconds)
[2018.05.31-06.00.34:394][394]LogMainFrame: MainFrame: Module compiling took 4.507 seconds
[2018.05.31-06.00.34:416][394]LogContentBrowser: Native class hierarchy updated for 'HowTo_PlayerInput' in 0.0013 seconds. Added 2 classes and 2 folders.
[2018.05.31-06.00.34:418][394]Display: HotReload successful (0 functions remapped  0 scriptstructs remapped)
[2018.05.31-06.00.34:513][394]LogContentBrowser: Native class hierarchy populated in 0.0136 seconds. Added 2455 classes and 562 folders.
[2018.05.31-06.00.34:514][394]Display: HotReload took  4.8s.
[2018.05.31-06.00.36:549][459]LogSlate: FSceneViewport::OnFocusLost() reason 0
[2018.05.31-06.00.36:665][466]LogTemp: Repeating last play command: Selected Viewport
[2018.05.31-06.00.36:676][466]LogBlueprintUserMessages: Early PlayInEditor Detection: Level '/Game/StarterContent/Maps/Minimal_Default.Minimal_Default:PersistentLevel' has LevelScriptBlueprint '/Game/StarterContent/Maps/Minimal_Default.Minimal_Default:PersistentLevel.Minimal_Default' with GeneratedClass '/Game/StarterContent/Maps/Minimal_Default.Minimal_Default_C' with ClassGeneratedBy '/Game/StarterContent/Maps/Minimal_Default.Minimal_Default:PersistentLevel.Minimal_Default'
[2018.05.31-06.00.36:677][466]LogPlayLevel: PlayLevel: No blueprints needed recompiling
[2018.05.31-06.00.36:677][466]PIE: New page: PIE session: Minimal_Default (May 31, 2018, 10:00:36 PM)
[2018.05.31-06.00.36:677][466]LogPlayLevel: Creating play world package: /Game/StarterContent/Maps/UEDPIE_0_Minimal_Default
[2018.05.31-06.00.36:682][466]LogPlayLevel: PIE: StaticDuplicateObject took: (0.004636s)
[2018.05.31-06.00.36:682][466]LogAIModule: Creating AISystem for world Minimal_Default
[2018.05.31-06.00.36:683][466]LogPlayLevel: PIE: World Init took: (0.001047s)
[2018.05.31-06.00.36:683][466]LogPlayLevel: PIE: Created PIE world by copying editor world from /Game/StarterContent/Maps/Minimal_Default.Minimal_Default to /Game/StarterContent/Maps/UEDPIE_0_Minimal_Default.Minimal_Default (0.005889s)
[2018.05.31-06.00.36:702][466]LogInit: XAudio2 using 'Speakers (Realtek High Definition Audio)' : 2 channels at 48 kHz using 32 bits per sample (channel mask 0x3)
[2018.05.31-06.00.36:733][466]LogInit: FAudioDevice initialized.
[2018.05.31-06.00.36:776][466]LogUObjectGlobals: Warning: Failed to find object 'Class /Script/HowTo_PlayerInput.HowTo_PlayerInputGameMode'
[2018.05.31-06.00.36:776][466]LogLoad: Game class is 'GameModeBase'
[2018.05.31-06.00.36:779][466]LogWorld: Bringing World /Game/StarterContent/Maps/UEDPIE_0_Minimal_Default.Minimal_Default up for play (max tick rate 60) at 2018.05.31-14.00.36
[2018.05.31-06.00.36:779][466]LogWorld: Bringing up level for play took: 0.001394
[2018.05.31-06.00.36:835][466]LogContentBrowser: Native class hierarchy updated for 'MovieSceneCapture' in 0.0013 seconds. Added 11 classes and 0 folders.
[2018.05.31-06.00.36:836][466]PIE: Play in editor start time for /Game/StarterContent/Maps/UEDPIE_0_Minimal_Default 0.376
[2018.05.31-06.00.36:837][466]LogBlueprintUserMessages: Late PlayInEditor Detection: Level '/Game/StarterContent/Maps/Minimal_Default.Minimal_Default:PersistentLevel' has LevelScriptBlueprint '/Game/StarterContent/Maps/Minimal_Default.Minimal_Default:PersistentLevel.Minimal_Default' with GeneratedClass '/Game/StarterContent/Maps/Minimal_Default.Minimal_Default_C' with ClassGeneratedBy '/Game/StarterContent/Maps/Minimal_Default.Minimal_Default:PersistentLevel.Minimal_Default'
[2018.05.31-06.00.49:653][232]LogBlueprintUserMessages: Early EndPlayMap Detection: Level '/Game/StarterContent/Maps/Minimal_Default.Minimal_Default:PersistentLevel' has LevelScriptBlueprint '/Game/StarterContent/Maps/Minimal_Default.Minimal_Default:PersistentLevel.Minimal_Default' with GeneratedClass '/Game/StarterContent/Maps/Minimal_Default.Minimal_Default_C' with ClassGeneratedBy '/Game/StarterContent/Maps/Minimal_Default.Minimal_Default:PersistentLevel.Minimal_Default'
[2018.05.31-06.00.49:686][232]LogBlueprintUserMessages: Late EndPlayMap Detection: Level '/Game/StarterContent/Maps/Minimal_Default.Minimal_Default:PersistentLevel' has LevelScriptBlueprint '/Game/StarterContent/Maps/Minimal_Default.Minimal_Default:PersistentLevel.Minimal_Default' with GeneratedClass '/Game/StarterContent/Maps/Minimal_Default.Minimal_Default_C' with ClassGeneratedBy '/Game/StarterContent/Maps/Minimal_Default.Minimal_Default:PersistentLevel.Minimal_Default'
[2018.05.31-06.02.24:611][564]LogHotReload: New module detected: UE4Editor-HowTo_PlayerInput-5202.dll
[2018.05.31-06.02.25:958][569]LogHotReload: Starting Hot-Reload from IDE
[2018.05.31-06.02.25:963][569]LogSlate: Took 0.000292 seconds to synchronously load lazily loaded font '../../../Engine/Content/Slate/Fonts/Roboto-Light.ttf' (167K)
[2018.05.31-06.02.26:021][569]LogContentBrowser: Native class hierarchy updated for 'HowTo_PlayerInput' in 0.0014 seconds. Added 2 classes and 2 folders.
[2018.05.31-06.02.26:023][569]Display: HotReload successful (0 functions remapped  0 scriptstructs remapped)
[2018.05.31-06.02.26:092][569]LogContentBrowser: Native class hierarchy populated in 0.0148 seconds. Added 2455 classes and 562 folders.
[2018.05.31-06.02.26:099][569]Display: HotReload took  0.1s.
[2018.05.31-06.02.30:100][627]LogSlate: FSceneViewport::OnFocusLost() reason 0
[2018.05.31-06.02.30:199][633]LogTemp: Repeating last play command: Selected Viewport
[2018.05.31-06.02.30:212][633]LogBlueprintUserMessages: Early PlayInEditor Detection: Level '/Game/StarterContent/Maps/Minimal_Default.Minimal_Default:PersistentLevel' has LevelScriptBlueprint '/Game/StarterContent/Maps/Minimal_Default.Minimal_Default:PersistentLevel.Minimal_Default' with GeneratedClass '/Game/StarterContent/Maps/Minimal_Default.Minimal_Default_C' with ClassGeneratedBy '/Game/StarterContent/Maps/Minimal_Default.Minimal_Default:PersistentLevel.Minimal_Default'
[2018.05.31-06.02.30:212][633]LogPlayLevel: PlayLevel: No blueprints needed recompiling
[2018.05.31-06.02.30:212][633]PIE: New page: PIE session: Minimal_Default (May 31, 2018, 10:02:30 PM)
[2018.05.31-06.02.30:212][633]LogPlayLevel: Creating play world package: /Game/StarterContent/Maps/UEDPIE_0_Minimal_Default
[2018.05.31-06.02.30:216][633]LogPlayLevel: PIE: StaticDuplicateObject took: (0.003844s)
[2018.05.31-06.02.30:217][633]LogAIModule: Creating AISystem for world Minimal_Default
[2018.05.31-06.02.30:217][633]LogPlayLevel: PIE: World Init took: (0.001182s)
[2018.05.31-06.02.30:218][633]LogPlayLevel: PIE: Created PIE world by copying editor world from /Game/StarterContent/Maps/Minimal_Default.Minimal_Default to /Game/StarterContent/Maps/UEDPIE_0_Minimal_Default.Minimal_Default (0.005223s)
[2018.05.31-06.02.30:237][633]LogInit: XAudio2 using 'Speakers (Realtek High Definition Audio)' : 2 channels at 48 kHz using 32 bits per sample (channel mask 0x3)
[2018.05.31-06.02.30:268][633]LogInit: FAudioDevice initialized.
[2018.05.31-06.02.30:306][633]LogLoad: Game class is 'GameModeBase'
[2018.05.31-06.02.30:308][633]LogWorld: Bringing World /Game/StarterContent/Maps/UEDPIE_0_Minimal_Default.Minimal_Default up for play (max tick rate 60) at 2018.05.31-14.02.30
[2018.05.31-06.02.30:308][633]LogWorld: Bringing up level for play took: 0.001161
[2018.05.31-06.02.30:309][633]PIE: Play in editor start time for /Game/StarterContent/Maps/UEDPIE_0_Minimal_Default -0.151
[2018.05.31-06.02.30:310][633]LogBlueprintUserMessages: Late PlayInEditor Detection: Level '/Game/StarterContent/Maps/Minimal_Default.Minimal_Default:PersistentLevel' has LevelScriptBlueprint '/Game/StarterContent/Maps/Minimal_Default.Minimal_Default:PersistentLevel.Minimal_Default' with GeneratedClass '/Game/StarterContent/Maps/Minimal_Default.Minimal_Default_C' with ClassGeneratedBy '/Game/StarterContent/Maps/Minimal_Default.Minimal_Default:PersistentLevel.Minimal_Default'
[2018.05.31-06.02.44:756][497]LogBlueprintUserMessages: Early EndPlayMap Detection: Level '/Game/StarterContent/Maps/Minimal_Default.Minimal_Default:PersistentLevel' has LevelScriptBlueprint '/Game/StarterContent/Maps/Minimal_Default.Minimal_Default:PersistentLevel.Minimal_Default' with GeneratedClass '/Game/StarterContent/Maps/Minimal_Default.Minimal_Default_C' with ClassGeneratedBy '/Game/StarterContent/Maps/Minimal_Default.Minimal_Default:PersistentLevel.Minimal_Default'
[2018.05.31-06.02.44:792][497]LogBlueprintUserMessages: Late EndPlayMap Detection: Level '/Game/StarterContent/Maps/Minimal_Default.Minimal_Default:PersistentLevel' has LevelScriptBlueprint '/Game/StarterContent/Maps/Minimal_Default.Minimal_Default:PersistentLevel.Minimal_Default' with GeneratedClass '/Game/StarterContent/Maps/Minimal_Default.Minimal_Default_C' with ClassGeneratedBy '/Game/StarterContent/Maps/Minimal_Default.Minimal_Default:PersistentLevel.Minimal_Default'
[2018.05.31-06.02.58:553][673]LogHotReload: New module detected: UE4Editor-HowTo_PlayerInput-7605.dll
[2018.05.31-06.02.59:565][677]LogHotReload: Starting Hot-Reload from IDE
[2018.05.31-06.02.59:603][677]LogContentBrowser: Native class hierarchy updated for 'HowTo_PlayerInput' in 0.0014 seconds. Added 2 classes and 2 folders.
[2018.05.31-06.02.59:604][677]Display: HotReload successful (0 functions remapped  0 scriptstructs remapped)
[2018.05.31-06.02.59:666][677]LogContentBrowser: Native class hierarchy populated in 0.0163 seconds. Added 2455 classes and 562 folders.
[2018.05.31-06.02.59:670][677]Display: HotReload took  0.1s.
[2018.05.31-06.03.01:730][712]LogSlate: FSceneViewport::OnFocusLost() reason 0
[2018.05.31-06.03.01:830][718]LogTemp: Repeating last play command: Selected Viewport
[2018.05.31-06.03.01:842][718]LogBlueprintUserMessages: Early PlayInEditor Detection: Level '/Game/StarterContent/Maps/Minimal_Default.Minimal_Default:PersistentLevel' has LevelScriptBlueprint '/Game/StarterContent/Maps/Minimal_Default.Minimal_Default:PersistentLevel.Minimal_Default' with GeneratedClass '/Game/StarterContent/Maps/Minimal_Default.Minimal_Default_C' with ClassGeneratedBy '/Game/StarterContent/Maps/Minimal_Default.Minimal_Default:PersistentLevel.Minimal_Default'
[2018.05.31-06.03.01:842][718]LogPlayLevel: PlayLevel: No blueprints needed recompiling
[2018.05.31-06.03.01:842][718]PIE: New page: PIE session: Minimal_Default (May 31, 2018, 10:03:01 PM)
[2018.05.31-06.03.01:842][718]LogPlayLevel: Creating play world package: /Game/StarterContent/Maps/UEDPIE_0_Minimal_Default
[2018.05.31-06.03.01:846][718]LogPlayLevel: PIE: StaticDuplicateObject took: (0.003756s)
[2018.05.31-06.03.01:847][718]LogAIModule: Creating AISystem for world Minimal_Default
[2018.05.31-06.03.01:847][718]LogPlayLevel: PIE: World Init took: (0.001011s)
[2018.05.31-06.03.01:847][718]LogPlayLevel: PIE: Created PIE world by copying editor world from /Game/StarterContent/Maps/Minimal_Default.Minimal_Default to /Game/StarterContent/Maps/UEDPIE_0_Minimal_Default.Minimal_Default (0.004976s)
[2018.05.31-06.03.01:866][718]LogInit: XAudio2 using 'Speakers (Realtek High Definition Audio)' : 2 channels at 48 kHz using 32 bits per sample (channel mask 0x3)
[2018.05.31-06.03.01:895][718]LogInit: FAudioDevice initialized.
[2018.05.31-06.03.01:930][718]LogLoad: Game class is 'GameModeBase'
[2018.05.31-06.03.01:931][718]LogWorld: Bringing World /Game/StarterContent/Maps/UEDPIE_0_Minimal_Default.Minimal_Default up for play (max tick rate 60) at 2018.05.31-14.03.01
[2018.05.31-06.03.01:932][718]LogWorld: Bringing up level for play took: 0.001165
[2018.05.31-06.03.01:933][718]PIE: Play in editor start time for /Game/StarterContent/Maps/UEDPIE_0_Minimal_Default -0.527
[2018.05.31-06.03.01:933][718]LogBlueprintUserMessages: Late PlayInEditor Detection: Level '/Game/StarterContent/Maps/Minimal_Default.Minimal_Default:PersistentLevel' has LevelScriptBlueprint '/Game/StarterContent/Maps/Minimal_Default.Minimal_Default:PersistentLevel.Minimal_Default' with GeneratedClass '/Game/StarterContent/Maps/Minimal_Default.Minimal_Default_C' with ClassGeneratedBy '/Game/StarterContent/Maps/Minimal_Default.Minimal_Default:PersistentLevel.Minimal_Default'
[2018.05.31-06.03.16:069][564]LogBlueprintUserMessages: Early EndPlayMap Detection: Level '/Game/StarterContent/Maps/Minimal_Default.Minimal_Default:PersistentLevel' has LevelScriptBlueprint '/Game/StarterContent/Maps/Minimal_Default.Minimal_Default:PersistentLevel.Minimal_Default' with GeneratedClass '/Game/StarterContent/Maps/Minimal_Default.Minimal_Default_C' with ClassGeneratedBy '/Game/StarterContent/Maps/Minimal_Default.Minimal_Default:PersistentLevel.Minimal_Default'
[2018.05.31-06.03.16:106][564]LogBlueprintUserMessages: Late EndPlayMap Detection: Level '/Game/StarterContent/Maps/Minimal_Default.Minimal_Default:PersistentLevel' has LevelScriptBlueprint '/Game/StarterContent/Maps/Minimal_Default.Minimal_Default:PersistentLevel.Minimal_Default' with GeneratedClass '/Game/StarterContent/Maps/Minimal_Default.Minimal_Default_C' with ClassGeneratedBy '/Game/StarterContent/Maps/Minimal_Default.Minimal_Default:PersistentLevel.Minimal_Default'
[2018.05.31-06.05.15:800][957]LogHotReload: New module detected: UE4Editor-HowTo_PlayerInput-2963.dll
[2018.05.31-06.05.17:848][964]LogHotReload: Starting Hot-Reload from IDE
[2018.05.31-06.05.17:903][964]LogContentBrowser: Native class hierarchy updated for 'HowTo_PlayerInput' in 0.0014 seconds. Added 2 classes and 2 folders.
[2018.05.31-06.05.17:906][964]Display: HotReload successful (0 functions remapped  0 scriptstructs remapped)
[2018.05.31-06.05.17:982][964]LogContentBrowser: Native class hierarchy populated in 0.0198 seconds. Added 2455 classes and 562 folders.
[2018.05.31-06.05.17:986][964]Display: HotReload took  0.1s.
[2018.05.31-06.05.22:671][ 26]LogSlate: FSceneViewport::OnFocusLost() reason 0
[2018.05.31-06.05.22:787][ 33]LogTemp: Repeating last play command: Selected Viewport
[2018.05.31-06.05.22:800][ 33]LogBlueprintUserMessages: Early PlayInEditor Detection: Level '/Game/StarterContent/Maps/Minimal_Default.Minimal_Default:PersistentLevel' has LevelScriptBlueprint '/Game/StarterContent/Maps/Minimal_Default.Minimal_Default:PersistentLevel.Minimal_Default' with GeneratedClass '/Game/StarterContent/Maps/Minimal_Default.Minimal_Default_C' with ClassGeneratedBy '/Game/StarterContent/Maps/Minimal_Default.Minimal_Default:PersistentLevel.Minimal_Default'
[2018.05.31-06.05.22:800][ 33]LogPlayLevel: PlayLevel: No blueprints needed recompiling
[2018.05.31-06.05.22:800][ 33]PIE: New page: PIE session: Minimal_Default (May 31, 2018, 10:05:22 PM)
[2018.05.31-06.05.22:801][ 33]LogPlayLevel: Creating play world package: /Game/StarterContent/Maps/UEDPIE_0_Minimal_Default
[2018.05.31-06.05.22:805][ 33]LogPlayLevel: PIE: StaticDuplicateObject took: (0.004174s)
[2018.05.31-06.05.22:806][ 33]LogAIModule: Creating AISystem for world Minimal_Default
[2018.05.31-06.05.22:806][ 33]LogPlayLevel: PIE: World Init took: (0.001079s)
[2018.05.31-06.05.22:806][ 33]LogPlayLevel: PIE: Created PIE world by copying editor world from /Game/StarterContent/Maps/Minimal_Default.Minimal_Default to /Game/StarterContent/Maps/UEDPIE_0_Minimal_Default.Minimal_Default (0.005462s)
[2018.05.31-06.05.22:825][ 33]LogInit: XAudio2 using 'Speakers (Realtek High Definition Audio)' : 2 channels at 48 kHz using 32 bits per sample (channel mask 0x3)
[2018.05.31-06.05.22:855][ 33]LogInit: FAudioDevice initialized.
[2018.05.31-06.05.22:892][ 33]LogLoad: Game class is 'GameModeBase'
[2018.05.31-06.05.22:893][ 33]LogWorld: Bringing World /Game/StarterContent/Maps/UEDPIE_0_Minimal_Default.Minimal_Default up for play (max tick rate 60) at 2018.05.31-14.05.22
[2018.05.31-06.05.22:894][ 33]LogWorld: Bringing up level for play took: 0.001200
[2018.05.31-06.05.22:895][ 33]PIE: Play in editor start time for /Game/StarterContent/Maps/UEDPIE_0_Minimal_Default 0.435
[2018.05.31-06.05.22:895][ 33]LogBlueprintUserMessages: Late PlayInEditor Detection: Level '/Game/StarterContent/Maps/Minimal_Default.Minimal_Default:PersistentLevel' has LevelScriptBlueprint '/Game/StarterContent/Maps/Minimal_Default.Minimal_Default:PersistentLevel.Minimal_Default' with GeneratedClass '/Game/StarterContent/Maps/Minimal_Default.Minimal_Default_C' with ClassGeneratedBy '/Game/StarterContent/Maps/Minimal_Default.Minimal_Default:PersistentLevel.Minimal_Default'
[2018.05.31-06.05.33:673][675]LogBlueprintUserMessages: Early EndPlayMap Detection: Level '/Game/StarterContent/Maps/Minimal_Default.Minimal_Default:PersistentLevel' has LevelScriptBlueprint '/Game/StarterContent/Maps/Minimal_Default.Minimal_Default:PersistentLevel.Minimal_Default' with GeneratedClass '/Game/StarterContent/Maps/Minimal_Default.Minimal_Default_C' with ClassGeneratedBy '/Game/StarterContent/Maps/Minimal_Default.Minimal_Default:PersistentLevel.Minimal_Default'
[2018.05.31-06.05.33:708][675]LogBlueprintUserMessages: Late EndPlayMap Detection: Level '/Game/StarterContent/Maps/Minimal_Default.Minimal_Default:PersistentLevel' has LevelScriptBlueprint '/Game/StarterContent/Maps/Minimal_Default.Minimal_Default:PersistentLevel.Minimal_Default' with GeneratedClass '/Game/StarterContent/Maps/Minimal_Default.Minimal_Default_C' with ClassGeneratedBy '/Game/StarterContent/Maps/Minimal_Default.Minimal_Default:PersistentLevel.Minimal_Default'
[2018.05.31-06.15.03:448][436]LogHotReload: New module detected: UE4Editor-HowTo_PlayerInput-5889.dll
[2018.05.31-06.15.05:123][442]LogHotReload: Starting Hot-Reload from IDE
[2018.05.31-06.15.05:173][442]LogClass: Could not find existing class MyPawn in package /Script/HowTo_PlayerInput for HotReload, assuming new class
[2018.05.31-06.15.05:185][442]LogHotReload: Re-instancing MyPawn after hot-reload.
[2018.05.31-06.15.05:510][442]LogContentBrowser: Native class hierarchy updated for 'HowTo_PlayerInput' in 0.0016 seconds. Added 2 classes and 2 folders.
[2018.05.31-06.15.05:512][442]Display: HotReload successful (0 functions remapped  0 scriptstructs remapped)
[2018.05.31-06.15.05:577][442]LogContentBrowser: Native class hierarchy populated in 0.0152 seconds. Added 2455 classes and 562 folders.
[2018.05.31-06.15.05:580][442]Display: HotReload took  0.5s.
[2018.05.31-06.15.08:436][497]LogSlate: FSceneViewport::OnFocusLost() reason 0
[2018.05.31-06.15.08:519][502]LogTemp: Repeating last play command: Selected Viewport
[2018.05.31-06.15.08:531][502]LogBlueprintUserMessages: Early PlayInEditor Detection: Level '/Game/StarterContent/Maps/Minimal_Default.Minimal_Default:PersistentLevel' has LevelScriptBlueprint '/Game/StarterContent/Maps/Minimal_Default.Minimal_Default:PersistentLevel.Minimal_Default' with GeneratedClass '/Game/StarterContent/Maps/Minimal_Default.Minimal_Default_C' with ClassGeneratedBy '/Game/StarterContent/Maps/Minimal_Default.Minimal_Default:PersistentLevel.Minimal_Default'
[2018.05.31-06.15.08:531][502]LogPlayLevel: PlayLevel: No blueprints needed recompiling
[2018.05.31-06.15.08:532][502]PIE: New page: PIE session: Minimal_Default (May 31, 2018, 10:15:08 PM)
[2018.05.31-06.15.08:532][502]LogPlayLevel: Creating play world package: /Game/StarterContent/Maps/UEDPIE_0_Minimal_Default
[2018.05.31-06.15.08:536][502]LogPlayLevel: PIE: StaticDuplicateObject took: (0.004117s)
[2018.05.31-06.15.08:537][502]LogAIModule: Creating AISystem for world Minimal_Default
[2018.05.31-06.15.08:537][502]LogPlayLevel: PIE: World Init took: (0.001204s)
[2018.05.31-06.15.08:537][502]LogPlayLevel: PIE: Created PIE world by copying editor world from /Game/StarterContent/Maps/Minimal_Default.Minimal_Default to /Game/StarterContent/Maps/UEDPIE_0_Minimal_Default.Minimal_Default (0.005516s)
[2018.05.31-06.15.08:556][502]LogInit: XAudio2 using 'Speakers (Realtek High Definition Audio)' : 2 channels at 48 kHz using 32 bits per sample (channel mask 0x3)
[2018.05.31-06.15.08:588][502]LogInit: FAudioDevice initialized.
[2018.05.31-06.15.08:625][502]LogLoad: Game class is 'GameModeBase'
[2018.05.31-06.15.08:627][502]LogWorld: Bringing World /Game/StarterContent/Maps/UEDPIE_0_Minimal_Default.Minimal_Default up for play (max tick rate 60) at 2018.05.31-14.15.08
[2018.05.31-06.15.08:627][502]LogWorld: Bringing up level for play took: 0.001158
[2018.05.31-06.15.08:628][502]PIE: Play in editor start time for /Game/StarterContent/Maps/UEDPIE_0_Minimal_Default 0.168
[2018.05.31-06.15.08:628][502]LogBlueprintUserMessages: Late PlayInEditor Detection: Level '/Game/StarterContent/Maps/Minimal_Default.Minimal_Default:PersistentLevel' has LevelScriptBlueprint '/Game/StarterContent/Maps/Minimal_Default.Minimal_Default:PersistentLevel.Minimal_Default' with GeneratedClass '/Game/StarterContent/Maps/Minimal_Default.Minimal_Default_C' with ClassGeneratedBy '/Game/StarterContent/Maps/Minimal_Default.Minimal_Default:PersistentLevel.Minimal_Default'
[2018.05.31-06.15.39:954][367]LogBlueprintUserMessages: Early EndPlayMap Detection: Level '/Game/StarterContent/Maps/Minimal_Default.Minimal_Default:PersistentLevel' has LevelScriptBlueprint '/Game/StarterContent/Maps/Minimal_Default.Minimal_Default:PersistentLevel.Minimal_Default' with GeneratedClass '/Game/StarterContent/Maps/Minimal_Default.Minimal_Default_C' with ClassGeneratedBy '/Game/StarterContent/Maps/Minimal_Default.Minimal_Default:PersistentLevel.Minimal_Default'
[2018.05.31-06.15.39:988][367]LogBlueprintUserMessages: Late EndPlayMap Detection: Level '/Game/StarterContent/Maps/Minimal_Default.Minimal_Default:PersistentLevel' has LevelScriptBlueprint '/Game/StarterContent/Maps/Minimal_Default.Minimal_Default:PersistentLevel.Minimal_Default' with GeneratedClass '/Game/StarterContent/Maps/Minimal_Default.Minimal_Default_C' with ClassGeneratedBy '/Game/StarterContent/Maps/Minimal_Default.Minimal_Default:PersistentLevel.Minimal_Default'
[2018.05.31-06.16.17:011][510]LogHotReload: New module detected: UE4Editor-HowTo_PlayerInput-3084.dll
[2018.05.31-06.16.19:377][518]LogHotReload: Starting Hot-Reload from IDE
[2018.05.31-06.16.19:429][518]LogContentBrowser: Native class hierarchy updated for 'HowTo_PlayerInput' in 0.0014 seconds. Added 2 classes and 2 folders.
[2018.05.31-06.16.19:431][518]Display: HotReload successful (0 functions remapped  0 scriptstructs remapped)
[2018.05.31-06.16.19:499][518]LogContentBrowser: Native class hierarchy populated in 0.0165 seconds. Added 2455 classes and 562 folders.
[2018.05.31-06.16.19:503][518]Display: HotReload took  0.1s.
[2018.05.31-06.16.24:516][599]LogSlate: FSceneViewport::OnFocusLost() reason 0
[2018.05.31-06.16.24:633][606]LogTemp: Repeating last play command: Selected Viewport
[2018.05.31-06.16.24:645][606]LogBlueprintUserMessages: Early PlayInEditor Detection: Level '/Game/StarterContent/Maps/Minimal_Default.Minimal_Default:PersistentLevel' has LevelScriptBlueprint '/Game/StarterContent/Maps/Minimal_Default.Minimal_Default:PersistentLevel.Minimal_Default' with GeneratedClass '/Game/StarterContent/Maps/Minimal_Default.Minimal_Default_C' with ClassGeneratedBy '/Game/StarterContent/Maps/Minimal_Default.Minimal_Default:PersistentLevel.Minimal_Default'
[2018.05.31-06.16.24:645][606]LogPlayLevel: PlayLevel: No blueprints needed recompiling
[2018.05.31-06.16.24:646][606]PIE: New page: PIE session: Minimal_Default (May 31, 2018, 10:16:24 PM)
[2018.05.31-06.16.24:646][606]LogPlayLevel: Creating play world package: /Game/StarterContent/Maps/UEDPIE_0_Minimal_Default
[2018.05.31-06.16.24:649][606]LogPlayLevel: PIE: StaticDuplicateObject took: (0.003817s)
[2018.05.31-06.16.24:650][606]LogAIModule: Creating AISystem for world Minimal_Default
[2018.05.31-06.16.24:651][606]LogPlayLevel: PIE: World Init took: (0.001024s)
[2018.05.31-06.16.24:651][606]LogPlayLevel: PIE: Created PIE world by copying editor world from /Game/StarterContent/Maps/Minimal_Default.Minimal_Default to /Game/StarterContent/Maps/UEDPIE_0_Minimal_Default.Minimal_Default (0.005029s)
[2018.05.31-06.16.24:669][606]LogInit: XAudio2 using 'Speakers (Realtek High Definition Audio)' : 2 channels at 48 kHz using 32 bits per sample (channel mask 0x3)
[2018.05.31-06.16.24:699][606]LogInit: FAudioDevice initialized.
[2018.05.31-06.16.24:736][606]LogLoad: Game class is 'GameModeBase'
[2018.05.31-06.16.24:738][606]LogWorld: Bringing World /Game/StarterContent/Maps/UEDPIE_0_Minimal_Default.Minimal_Default up for play (max tick rate 60) at 2018.05.31-14.16.24
[2018.05.31-06.16.24:738][606]LogWorld: Bringing up level for play took: 0.001158
[2018.05.31-06.16.24:739][606]PIE: Play in editor start time for /Game/StarterContent/Maps/UEDPIE_0_Minimal_Default 0.279
[2018.05.31-06.16.24:739][606]LogBlueprintUserMessages: Late PlayInEditor Detection: Level '/Game/StarterContent/Maps/Minimal_Default.Minimal_Default:PersistentLevel' has LevelScriptBlueprint '/Game/StarterContent/Maps/Minimal_Default.Minimal_Default:PersistentLevel.Minimal_Default' with GeneratedClass '/Game/StarterContent/Maps/Minimal_Default.Minimal_Default_C' with ClassGeneratedBy '/Game/StarterContent/Maps/Minimal_Default.Minimal_Default:PersistentLevel.Minimal_Default'
[2018.05.31-06.16.30:111][926]LogBlueprintUserMessages: Early EndPlayMap Detection: Level '/Game/StarterContent/Maps/Minimal_Default.Minimal_Default:PersistentLevel' has LevelScriptBlueprint '/Game/StarterContent/Maps/Minimal_Default.Minimal_Default:PersistentLevel.Minimal_Default' with GeneratedClass '/Game/StarterContent/Maps/Minimal_Default.Minimal_Default_C' with ClassGeneratedBy '/Game/StarterContent/Maps/Minimal_Default.Minimal_Default:PersistentLevel.Minimal_Default'
[2018.05.31-06.16.30:148][926]LogBlueprintUserMessages: Late EndPlayMap Detection: Level '/Game/StarterContent/Maps/Minimal_Default.Minimal_Default:PersistentLevel' has LevelScriptBlueprint '/Game/StarterContent/Maps/Minimal_Default.Minimal_Default:PersistentLevel.Minimal_Default' with GeneratedClass '/Game/StarterContent/Maps/Minimal_Default.Minimal_Default_C' with ClassGeneratedBy '/Game/StarterContent/Maps/Minimal_Default.Minimal_Default:PersistentLevel.Minimal_Default'
[2018.05.31-06.16.45:630][997]LogHotReload: New module detected: UE4Editor-HowTo_PlayerInput-2917.dll
[2018.05.31-06.16.47:686][  4]LogHotReload: Starting Hot-Reload from IDE
[2018.05.31-06.16.47:731][  4]LogContentBrowser: Native class hierarchy updated for 'HowTo_PlayerInput' in 0.0014 seconds. Added 2 classes and 2 folders.
[2018.05.31-06.16.47:733][  4]Display: HotReload successful (0 functions remapped  0 scriptstructs remapped)
[2018.05.31-06.16.47:805][  4]LogContentBrowser: Native class hierarchy populated in 0.0183 seconds. Added 2455 classes and 562 folders.
[2018.05.31-06.16.47:808][  4]Display: HotReload took  0.1s.
[2018.05.31-06.16.54:561][ 77]LogSlate: FSceneViewport::OnFocusLost() reason 0
[2018.05.31-06.16.54:628][ 81]LogTemp: Repeating last play command: Selected Viewport
[2018.05.31-06.16.54:640][ 81]LogBlueprintUserMessages: Early PlayInEditor Detection: Level '/Game/StarterContent/Maps/Minimal_Default.Minimal_Default:PersistentLevel' has LevelScriptBlueprint '/Game/StarterContent/Maps/Minimal_Default.Minimal_Default:PersistentLevel.Minimal_Default' with GeneratedClass '/Game/StarterContent/Maps/Minimal_Default.Minimal_Default_C' with ClassGeneratedBy '/Game/StarterContent/Maps/Minimal_Default.Minimal_Default:PersistentLevel.Minimal_Default'
[2018.05.31-06.16.54:641][ 81]LogPlayLevel: PlayLevel: No blueprints needed recompiling
[2018.05.31-06.16.54:641][ 81]PIE: New page: PIE session: Minimal_Default (May 31, 2018, 10:16:54 PM)
[2018.05.31-06.16.54:641][ 81]LogPlayLevel: Creating play world package: /Game/StarterContent/Maps/UEDPIE_0_Minimal_Default
[2018.05.31-06.16.54:644][ 81]LogPlayLevel: PIE: StaticDuplicateObject took: (0.003512s)
[2018.05.31-06.16.54:645][ 81]LogAIModule: Creating AISystem for world Minimal_Default
[2018.05.31-06.16.54:645][ 81]LogPlayLevel: PIE: World Init took: (0.000953s)
[2018.05.31-06.16.54:646][ 81]LogPlayLevel: PIE: Created PIE world by copying editor world from /Game/StarterContent/Maps/Minimal_Default.Minimal_Default to /Game/StarterContent/Maps/UEDPIE_0_Minimal_Default.Minimal_Default (0.004679s)
[2018.05.31-06.16.54:665][ 81]LogInit: XAudio2 using 'Speakers (Realtek High Definition Audio)' : 2 channels at 48 kHz using 32 bits per sample (channel mask 0x3)
[2018.05.31-06.16.54:695][ 81]LogInit: FAudioDevice initialized.
[2018.05.31-06.16.54:726][ 81]LogLoad: Game class is 'GameModeBase'
[2018.05.31-06.16.54:728][ 81]LogWorld: Bringing World /Game/StarterContent/Maps/UEDPIE_0_Minimal_Default.Minimal_Default up for play (max tick rate 60) at 2018.05.31-14.16.54
[2018.05.31-06.16.54:728][ 81]LogWorld: Bringing up level for play took: 0.001170
[2018.05.31-06.16.54:729][ 81]PIE: Play in editor start time for /Game/StarterContent/Maps/UEDPIE_0_Minimal_Default 0.269
[2018.05.31-06.16.54:729][ 81]LogBlueprintUserMessages: Late PlayInEditor Detection: Level '/Game/StarterContent/Maps/Minimal_Default.Minimal_Default:PersistentLevel' has LevelScriptBlueprint '/Game/StarterContent/Maps/Minimal_Default.Minimal_Default:PersistentLevel.Minimal_Default' with GeneratedClass '/Game/StarterContent/Maps/Minimal_Default.Minimal_Default_C' with ClassGeneratedBy '/Game/StarterContent/Maps/Minimal_Default.Minimal_Default:PersistentLevel.Minimal_Default'
[2018.05.31-06.17.11:100][ 61]LogBlueprintUserMessages: Early EndPlayMap Detection: Level '/Game/StarterContent/Maps/Minimal_Default.Minimal_Default:PersistentLevel' has LevelScriptBlueprint '/Game/StarterContent/Maps/Minimal_Default.Minimal_Default:PersistentLevel.Minimal_Default' with GeneratedClass '/Game/StarterContent/Maps/Minimal_Default.Minimal_Default_C' with ClassGeneratedBy '/Game/StarterContent/Maps/Minimal_Default.Minimal_Default:PersistentLevel.Minimal_Default'
[2018.05.31-06.17.11:136][ 61]LogBlueprintUserMessages: Late EndPlayMap Detection: Level '/Game/StarterContent/Maps/Minimal_Default.Minimal_Default:PersistentLevel' has LevelScriptBlueprint '/Game/StarterContent/Maps/Minimal_Default.Minimal_Default:PersistentLevel.Minimal_Default' with GeneratedClass '/Game/StarterContent/Maps/Minimal_Default.Minimal_Default_C' with ClassGeneratedBy '/Game/StarterContent/Maps/Minimal_Default.Minimal_Default:PersistentLevel.Minimal_Default'
[2018.05.31-06.19.28:433][675]LogSlate: FSceneViewport::OnFocusLost() reason 2
[2018.05.31-06.19.29:762][750]LogSlate: FSceneViewport::OnFocusLost() reason 2
[2018.05.31-06.19.34:645][956]LogSlate: Window 'Source Control Login' being destroyed
[2018.05.31-06.19.45:209][ 57]LogHotReload: New module detected: UE4Editor-HowTo_PlayerInput-4563.dll
[2018.05.31-06.19.46:219][ 61]LogHotReload: Starting Hot-Reload from IDE
[2018.05.31-06.19.46:265][ 61]LogContentBrowser: Native class hierarchy updated for 'HowTo_PlayerInput' in 0.0014 seconds. Added 2 classes and 2 folders.
[2018.05.31-06.19.46:267][ 61]Display: HotReload successful (0 functions remapped  0 scriptstructs remapped)
[2018.05.31-06.19.46:333][ 61]LogContentBrowser: Native class hierarchy populated in 0.0168 seconds. Added 2455 classes and 562 folders.
[2018.05.31-06.19.46:336][ 61]Display: HotReload took  0.1s.
[2018.05.31-06.21.04:649][351]LogSlate: FSceneViewport::OnFocusLost() reason 2
[2018.05.31-06.21.05:605][405]LogSlate: FSceneViewport::OnFocusLost() reason 2
[2018.05.31-06.21.06:956][485]LogSlate: FSceneViewport::OnFocusLost() reason 2
[2018.05.31-06.21.08:044][550]LogSlate: FSceneViewport::OnFocusLost() reason 2
[2018.05.31-06.21.12:199][550]LogSlate: Only BGRA pngs, bmps or icos are supported in by External Image Picker
[2018.05.31-06.21.12:507][551]LogTemp: Executing iPhonePackager certificates Engine -bundlename com.YourCompany.HowToPlayerInput
[2018.05.31-06.21.12:507][551]LogTemp: CWD: C:\Program Files\Epic Games\UE_4.19\Engine\Binaries\DotNET\IOS
[2018.05.31-06.21.12:507][551]LogTemp: Initial Dir: C:\Program Files\Epic Games\UE_4.19
[2018.05.31-06.21.12:507][551]LogTemp: Env CWD: C:\Program Files\Epic Games\UE_4.19\Engine\Binaries\DotNET\IOS
[2018.05.31-06.21.12:507][551]LogTemp: BranchPath = ASUS/C/Program Files/Epic Games/UE_4.19/Engine/Binaries --- GameBranchPath = ASUS/C/Program Files/Epic Games/UE_4.19/Engine/Binaries
[2018.05.31-06.21.12:507][551]LogTemp: IPP ERROR: Could not find provision directory 'C:\Users\User\AppData\Local/Apple Computer/MobileDevice/Provisioning Profiles/'.
[2018.05.31-06.21.21:475][ 62]LogSlate: Window 'Project Settings' being destroyed
[2018.05.31-06.21.21:479][ 62]LogSlate: Window 'Project Settings' being destroyed
[2018.05.31-06.21.23:402][128]LogSlate: FSceneViewport::OnFocusLost() reason 0
[2018.05.31-06.21.23:502][134]LogTemp: Repeating last play command: Selected Viewport
[2018.05.31-06.21.23:515][134]LogBlueprintUserMessages: Early PlayInEditor Detection: Level '/Game/StarterContent/Maps/Minimal_Default.Minimal_Default:PersistentLevel' has LevelScriptBlueprint '/Game/StarterContent/Maps/Minimal_Default.Minimal_Default:PersistentLevel.Minimal_Default' with GeneratedClass '/Game/StarterContent/Maps/Minimal_Default.Minimal_Default_C' with ClassGeneratedBy '/Game/StarterContent/Maps/Minimal_Default.Minimal_Default:PersistentLevel.Minimal_Default'
[2018.05.31-06.21.23:516][134]LogPlayLevel: PlayLevel: No blueprints needed recompiling
[2018.05.31-06.21.23:516][134]PIE: New page: PIE session: Minimal_Default (May 31, 2018, 10:21:23 PM)
[2018.05.31-06.21.23:516][134]LogPlayLevel: Creating play world package: /Game/StarterContent/Maps/UEDPIE_0_Minimal_Default
[2018.05.31-06.21.23:519][134]LogPlayLevel: PIE: StaticDuplicateObject took: (0.003699s)
[2018.05.31-06.21.23:519][134]LogAIModule: Creating AISystem for world Minimal_Default
[2018.05.31-06.21.23:520][134]LogPlayLevel: PIE: World Init took: (0.001053s)
[2018.05.31-06.21.23:520][134]LogPlayLevel: PIE: Created PIE world by copying editor world from /Game/StarterContent/Maps/Minimal_Default.Minimal_Default to /Game/StarterContent/Maps/UEDPIE_0_Minimal_Default.Minimal_Default (0.004932s)
[2018.05.31-06.21.23:541][134]LogInit: XAudio2 using 'Speakers (Realtek High Definition Audio)' : 2 channels at 48 kHz using 32 bits per sample (channel mask 0x3)
[2018.05.31-06.21.23:572][134]LogInit: FAudioDevice initialized.
[2018.05.31-06.21.23:604][134]LogLoad: Game class is 'GameModeBase'
[2018.05.31-06.21.23:606][134]LogWorld: Bringing World /Game/StarterContent/Maps/UEDPIE_0_Minimal_Default.Minimal_Default up for play (max tick rate 60) at 2018.05.31-14.21.23
[2018.05.31-06.21.23:606][134]LogWorld: Bringing up level for play took: 0.001150
[2018.05.31-06.21.23:607][134]PIE: Play in editor start time for /Game/StarterContent/Maps/UEDPIE_0_Minimal_Default -0.852
[2018.05.31-06.21.23:608][134]LogBlueprintUserMessages: Late PlayInEditor Detection: Level '/Game/StarterContent/Maps/Minimal_Default.Minimal_Default:PersistentLevel' has LevelScriptBlueprint '/Game/StarterContent/Maps/Minimal_Default.Minimal_Default:PersistentLevel.Minimal_Default' with GeneratedClass '/Game/StarterContent/Maps/Minimal_Default.Minimal_Default_C' with ClassGeneratedBy '/Game/StarterContent/Maps/Minimal_Default.Minimal_Default:PersistentLevel.Minimal_Default'
[2018.05.31-06.21.56:592][110]LogBlueprintUserMessages: Early EndPlayMap Detection: Level '/Game/StarterContent/Maps/Minimal_Default.Minimal_Default:PersistentLevel' has LevelScriptBlueprint '/Game/StarterContent/Maps/Minimal_Default.Minimal_Default:PersistentLevel.Minimal_Default' with GeneratedClass '/Game/StarterContent/Maps/Minimal_Default.Minimal_Default_C' with ClassGeneratedBy '/Game/StarterContent/Maps/Minimal_Default.Minimal_Default:PersistentLevel.Minimal_Default'
[2018.05.31-06.21.56:626][110]LogBlueprintUserMessages: Late EndPlayMap Detection: Level '/Game/StarterContent/Maps/Minimal_Default.Minimal_Default:PersistentLevel' has LevelScriptBlueprint '/Game/StarterContent/Maps/Minimal_Default.Minimal_Default:PersistentLevel.Minimal_Default' with GeneratedClass '/Game/StarterContent/Maps/Minimal_Default.Minimal_Default_C' with ClassGeneratedBy '/Game/StarterContent/Maps/Minimal_Default.Minimal_Default:PersistentLevel.Minimal_Default'
[2018.05.31-06.23.38:746][453]LogHotReload: New module detected: UE4Editor-HowTo_PlayerInput-5685.dll
[2018.05.31-06.23.39:761][457]LogHotReload: Starting Hot-Reload from IDE
[2018.05.31-06.23.39:810][457]LogContentBrowser: Native class hierarchy updated for 'HowTo_PlayerInput' in 0.0016 seconds. Added 2 classes and 2 folders.
[2018.05.31-06.23.39:812][457]Display: HotReload successful (0 functions remapped  0 scriptstructs remapped)
[2018.05.31-06.23.39:880][457]LogContentBrowser: Native class hierarchy populated in 0.0155 seconds. Added 2455 classes and 562 folders.
[2018.05.31-06.23.39:883][457]Display: HotReload took  0.1s.
[2018.05.31-06.23.42:288][514]LogSlate: FSceneViewport::OnFocusLost() reason 0
[2018.05.31-06.23.42:405][521]LogTemp: Repeating last play command: Selected Viewport
[2018.05.31-06.23.42:417][521]LogBlueprintUserMessages: Early PlayInEditor Detection: Level '/Game/StarterContent/Maps/Minimal_Default.Minimal_Default:PersistentLevel' has LevelScriptBlueprint '/Game/StarterContent/Maps/Minimal_Default.Minimal_Default:PersistentLevel.Minimal_Default' with GeneratedClass '/Game/StarterContent/Maps/Minimal_Default.Minimal_Default_C' with ClassGeneratedBy '/Game/StarterContent/Maps/Minimal_Default.Minimal_Default:PersistentLevel.Minimal_Default'
[2018.05.31-06.23.42:418][521]LogPlayLevel: PlayLevel: No blueprints needed recompiling
[2018.05.31-06.23.42:418][521]PIE: New page: PIE session: Minimal_Default (May 31, 2018, 10:23:42 PM)
[2018.05.31-06.23.42:418][521]LogPlayLevel: Creating play world package: /Game/StarterContent/Maps/UEDPIE_0_Minimal_Default
[2018.05.31-06.23.42:422][521]LogPlayLevel: PIE: StaticDuplicateObject took: (0.003856s)
[2018.05.31-06.23.42:423][521]LogAIModule: Creating AISystem for world Minimal_Default
[2018.05.31-06.23.42:423][521]LogPlayLevel: PIE: World Init took: (0.001259s)
[2018.05.31-06.23.42:423][521]LogPlayLevel: PIE: Created PIE world by copying editor world from /Game/StarterContent/Maps/Minimal_Default.Minimal_Default to /Game/StarterContent/Maps/UEDPIE_0_Minimal_Default.Minimal_Default (0.005321s)
[2018.05.31-06.23.42:444][521]LogInit: XAudio2 using 'Speakers (Realtek High Definition Audio)' : 2 channels at 48 kHz using 32 bits per sample (channel mask 0x3)
[2018.05.31-06.23.42:475][521]LogInit: FAudioDevice initialized.
[2018.05.31-06.23.42:510][521]LogLoad: Game class is 'GameModeBase'
[2018.05.31-06.23.42:512][521]LogWorld: Bringing World /Game/StarterContent/Maps/UEDPIE_0_Minimal_Default.Minimal_Default up for play (max tick rate 60) at 2018.05.31-14.23.42
[2018.05.31-06.23.42:512][521]LogWorld: Bringing up level for play took: 0.001373
[2018.05.31-06.23.42:513][521]PIE: Play in editor start time for /Game/StarterContent/Maps/UEDPIE_0_Minimal_Default 0.053
[2018.05.31-06.23.42:514][521]LogBlueprintUserMessages: Late PlayInEditor Detection: Level '/Game/StarterContent/Maps/Minimal_Default.Minimal_Default:PersistentLevel' has LevelScriptBlueprint '/Game/StarterContent/Maps/Minimal_Default.Minimal_Default:PersistentLevel.Minimal_Default' with GeneratedClass '/Game/StarterContent/Maps/Minimal_Default.Minimal_Default_C' with ClassGeneratedBy '/Game/StarterContent/Maps/Minimal_Default.Minimal_Default:PersistentLevel.Minimal_Default'
[2018.05.31-06.23.50:920][ 23]LogBlueprintUserMessages: Early EndPlayMap Detection: Level '/Game/StarterContent/Maps/Minimal_Default.Minimal_Default:PersistentLevel' has LevelScriptBlueprint '/Game/StarterContent/Maps/Minimal_Default.Minimal_Default:PersistentLevel.Minimal_Default' with GeneratedClass '/Game/StarterContent/Maps/Minimal_Default.Minimal_Default_C' with ClassGeneratedBy '/Game/StarterContent/Maps/Minimal_Default.Minimal_Default:PersistentLevel.Minimal_Default'
[2018.05.31-06.23.50:954][ 23]LogBlueprintUserMessages: Late EndPlayMap Detection: Level '/Game/StarterContent/Maps/Minimal_Default.Minimal_Default:PersistentLevel' has LevelScriptBlueprint '/Game/StarterContent/Maps/Minimal_Default.Minimal_Default:PersistentLevel.Minimal_Default' with GeneratedClass '/Game/StarterContent/Maps/Minimal_Default.Minimal_Default_C' with ClassGeneratedBy '/Game/StarterContent/Maps/Minimal_Default.Minimal_Default:PersistentLevel.Minimal_Default'
[2018.05.31-06.23.51:927][ 77]LogSlate: FSceneViewport::OnFocusLost() reason 0
[2018.05.31-06.23.53:504][159]LogSlate: FSceneViewport::OnFocusLost() reason 2
[2018.05.31-06.23.53:939][159]LogSavePackage: Save=321.17ms
[2018.05.31-06.23.53:939][159]LogSavePackage: Moving '../../../../../../Users/User/Documents/GitHub Files/UE4 Crash Course/HowTo_PlayerInput/Saved/Minimal_Default42BEACCD491BF5AADE76B38E2983D677.tmp' to '../../../../../../Users/User/Documents/GitHub Files/UE4 Crash Course/HowTo_PlayerInput/Content/StarterContent/Maps/Minimal_Default.umap'
[2018.05.31-06.23.53:989][159]LogSavePackage: Display: Finished SavePackage ../../../../../../Users/User/Documents/GitHub Files/UE4 Crash Course/HowTo_PlayerInput/Content/StarterContent/Maps/Minimal_Default.umap
[2018.05.31-06.23.54:290][159]LogSavePackage: Save=138.58ms
[2018.05.31-06.23.54:291][159]LogSavePackage: Moving '../../../../../../Users/User/Documents/GitHub Files/UE4 Crash Course/HowTo_PlayerInput/Saved/Minimal_Default_BuiltDataFB190E804A4E28808D5BD0B0AEBBA105.tmp' to '../../../../../../Users/User/Documents/GitHub Files/UE4 Crash Course/HowTo_PlayerInput/Content/StarterContent/Maps/Minimal_Default_BuiltData.uasset'
[2018.05.31-06.23.54:295][159]LogSavePackage: Display: Finished SavePackage ../../../../../../Users/User/Documents/GitHub Files/UE4 Crash Course/HowTo_PlayerInput/Content/StarterContent/Maps/Minimal_Default_BuiltData.uasset
[2018.05.31-06.26.52:397][867]LogSlate: FSceneViewport::OnFocusLost() reason 0
[2018.05.31-06.26.52:496][873]LogTemp: Repeating last play command: Selected Viewport
[2018.05.31-06.26.52:509][873]LogBlueprintUserMessages: Early PlayInEditor Detection: Level '/Game/StarterContent/Maps/Minimal_Default.Minimal_Default:PersistentLevel' has LevelScriptBlueprint '/Game/StarterContent/Maps/Minimal_Default.Minimal_Default:PersistentLevel.Minimal_Default' with GeneratedClass '/Game/StarterContent/Maps/Minimal_Default.Minimal_Default_C' with ClassGeneratedBy '/Game/StarterContent/Maps/Minimal_Default.Minimal_Default:PersistentLevel.Minimal_Default'
[2018.05.31-06.26.52:509][873]LogPlayLevel: PlayLevel: No blueprints needed recompiling
[2018.05.31-06.26.52:509][873]PIE: New page: PIE session: Minimal_Default (May 31, 2018, 10:26:52 PM)
[2018.05.31-06.26.52:510][873]LogPlayLevel: Creating play world package: /Game/StarterContent/Maps/UEDPIE_0_Minimal_Default
[2018.05.31-06.26.52:514][873]LogPlayLevel: PIE: StaticDuplicateObject took: (0.004136s)
[2018.05.31-06.26.52:515][873]LogAIModule: Creating AISystem for world Minimal_Default
[2018.05.31-06.26.52:515][873]LogPlayLevel: PIE: World Init took: (0.001111s)
[2018.05.31-06.26.52:515][873]LogPlayLevel: PIE: Created PIE world by copying editor world from /Game/StarterContent/Maps/Minimal_Default.Minimal_Default to /Game/StarterContent/Maps/UEDPIE_0_Minimal_Default.Minimal_Default (0.005474s)
[2018.05.31-06.26.52:537][873]LogInit: XAudio2 using 'Speakers (Realtek High Definition Audio)' : 2 channels at 48 kHz using 32 bits per sample (channel mask 0x3)
[2018.05.31-06.26.52:595][873]LogInit: FAudioDevice initialized.
[2018.05.31-06.26.52:631][873]LogLoad: Game class is 'GameModeBase'
[2018.05.31-06.26.52:633][873]LogWorld: Bringing World /Game/StarterContent/Maps/UEDPIE_0_Minimal_Default.Minimal_Default up for play (max tick rate 60) at 2018.05.31-14.26.52
[2018.05.31-06.26.52:633][873]LogWorld: Bringing up level for play took: 0.001208
[2018.05.31-06.26.52:634][873]PIE: Play in editor start time for /Game/StarterContent/Maps/UEDPIE_0_Minimal_Default 0.174
[2018.05.31-06.26.52:634][873]LogBlueprintUserMessages: Late PlayInEditor Detection: Level '/Game/StarterContent/Maps/Minimal_Default.Minimal_Default:PersistentLevel' has LevelScriptBlueprint '/Game/StarterContent/Maps/Minimal_Default.Minimal_Default:PersistentLevel.Minimal_Default' with GeneratedClass '/Game/StarterContent/Maps/Minimal_Default.Minimal_Default_C' with ClassGeneratedBy '/Game/StarterContent/Maps/Minimal_Default.Minimal_Default:PersistentLevel.Minimal_Default'
[2018.05.31-06.26.53:797][923]LogSlate: Took 0.244151 seconds to synchronously load lazily loaded font '../../../Engine/Content/Slate/Fonts/DroidSansMono.ttf' (77K)
[2018.05.31-06.26.55:525][ 26]LogSlate: FSceneViewport::OnFocusLost() reason 2
[2018.05.31-06.26.58:308][179]Cmd: showlog
[2018.05.31-06.26.58:679][179]LogSlate: FSceneViewport::OnFocusLost() reason 2
