Log file open, 05/25/18 19:21:13
LogWindows: Failed to load 'aqProf.dll' (GetLastError=126)
LogWindows: File 'aqProf.dll' does not exist
LogWindows: Failed to load 'VtuneApi.dll' (GetLastError=126)
LogWindows: File 'VtuneApi.dll' does not exist
LogWindows: Failed to load 'VtuneApi32e.dll' (GetLastError=126)
LogWindows: File 'VtuneApi32e.dll' does not exist
LogInit: Display: Running engine for game: FPSProject
LogPlatformFile: Not using cached read wrapper
LogInit: Display: RandInit(-1849155) SRandInit(-1849155).
LogInit: Read version file with build ID '3944462'
LogInit: Overriding engine version to CL 4033788, compatible CL 3944462
LogInit: Registered custom module enumerator with build ID '3944462'
LogTaskGraph: Started task graph with 5 named threads and 14 total threads with 3 sets of task threads.
LogStats: Stats thread started at 0.205981
LogD3D11RHI: Aftermath initialized
LogICUInternationalization: Display: ICU TimeZone Detection - Raw Offset: +8:00, Platform Override: ''
LogPluginManager: Mounting plugin Paper2D
LogPluginManager: Mounting plugin LiveLink
LogPluginManager: Mounting plugin LightPropagationVolume
LogPluginManager: Mounting plugin CLionSourceCodeAccess
LogPluginManager: Mounting plugin CodeLiteSourceCodeAccess
LogPluginManager: Mounting plugin GitSourceControl
LogPluginManager: Mounting plugin KDevelopSourceCodeAccess
LogPluginManager: Mounting plugin NullSourceCodeAccess
LogPluginManager: Mounting plugin PerforceSourceControl
LogPluginManager: Mounting plugin SubversionSourceControl
LogPluginManager: Mounting plugin UObjectPlugin
LogPluginManager: Mounting plugin VisualStudioCodeSourceCodeAccess
LogPluginManager: Mounting plugin VisualStudioSourceCodeAccess
LogPluginManager: Mounting plugin XCodeSourceCodeAccess
LogPluginManager: Mounting plugin AssetManagerEditor
LogPluginManager: Mounting plugin CryptoKeys
LogPluginManager: Mounting plugin DataValidation
LogPluginManager: Mounting plugin FacialAnimation
LogPluginManager: Mounting plugin GameplayTagsEditor
LogPluginManager: Mounting plugin MobileLauncherProfileWizard
LogPluginManager: Mounting plugin PluginBrowser
LogPluginManager: Mounting plugin SpeedTreeImporter
LogPluginManager: Mounting plugin DatasmithContent
LogPluginManager: Mounting plugin AlembicImporter
LogPluginManager: Mounting plugin CharacterAI
LogPluginManager: Mounting plugin HTML5Networking
LogPluginManager: Mounting plugin AndroidMedia
LogPluginManager: Mounting plugin AvfMedia
LogPluginManager: Mounting plugin ImgMedia
LogPluginManager: Mounting plugin LinearTimecode
LogPluginManager: Mounting plugin MediaCompositing
LogPluginManager: Mounting plugin MediaPlayerEditor
LogPluginManager: Mounting plugin WmfMedia
LogPluginManager: Mounting plugin TcpMessaging
LogPluginManager: Mounting plugin UdpMessaging
LogPluginManager: Mounting plugin ActorSequence
LogPluginManager: Mounting plugin LevelSequenceEditor
LogPluginManager: Mounting plugin MatineeToLevelSequence
LogPluginManager: Mounting plugin NetcodeUnitTest
LogPluginManager: Mounting plugin NUTUnrealEngine4
LogPluginManager: Mounting plugin OnlineSubsystemGooglePlay
LogPluginManager: Mounting plugin OnlineSubsystemIOS
LogPluginManager: Mounting plugin OnlineSubsystem
LogPluginManager: Mounting plugin OnlineSubsystemNull
LogPluginManager: Mounting plugin OnlineSubsystemUtils
LogPluginManager: Mounting plugin AndroidDeviceProfileSelector
LogPluginManager: Mounting plugin AndroidMoviePlayer
LogPluginManager: Mounting plugin AndroidPermission
LogPluginManager: Mounting plugin AppleARKit
LogPluginManager: Mounting plugin AppleMoviePlayer
LogPluginManager: Mounting plugin ArchVisCharacter
LogPluginManager: Mounting plugin AudioCapture
LogPluginManager: Mounting plugin CableComponent
LogPluginManager: Mounting plugin CustomMeshComponent
LogPluginManager: Mounting plugin ExampleDeviceProfileSelector
LogPluginManager: Mounting plugin GoogleCloudMessaging
LogPluginManager: Mounting plugin ImmediatePhysics
LogPluginManager: Mounting plugin IOSDeviceProfileSelector
LogPluginManager: Mounting plugin LinuxDeviceProfileSelector
LogPluginManager: Mounting plugin LocationServicesBPLibrary
LogPluginManager: Mounting plugin MobilePatchingUtils
LogPluginManager: Mounting plugin OculusVR
LogPluginManager: Plugin shader directory ../../../Engine/Plugins/Runtime/Oculus/OculusVR/Shaders found
LogPluginManager: Mapping shader source directory ../../../Engine/Plugins/Runtime/Oculus/OculusVR/Shaders to virtual directory /Plugin/OculusVR
LogPluginManager: Mounting plugin PhysXVehicles
LogPluginManager: Mounting plugin ProceduralMeshComponent
LogPluginManager: Mounting plugin RuntimePhysXCooking
LogPluginManager: Mounting plugin SteamVR
LogPluginManager: Mounting plugin WindowsMoviePlayer
LogStreaming: Display: Took  1.111s to configure plugins.
LogModuleManager: Display: Found up-to-date module file ../../../../../../Users/User/Documents/GitHub Files/UE4 Crash Course/FPSProject/Binaries/Win64/UE4Editor-FPSProject-4865.dll (API version 3944462).
LogModuleManager: Display: Found up-to-date module file ../../../Engine/Plugins/2D/Paper2D/Binaries/Win64/UE4Editor-Paper2D.dll (API version 3944462).
LogModuleManager: Display: Found up-to-date module file ../../../Engine/Plugins/2D/Paper2D/Binaries/Win64/UE4Editor-Paper2DEditor.dll (API version 3944462).
LogModuleManager: Display: Found up-to-date module file ../../../Engine/Plugins/2D/Paper2D/Binaries/Win64/UE4Editor-PaperSpriteSheetImporter.dll (API version 3944462).
LogModuleManager: Display: Found up-to-date module file ../../../Engine/Plugins/2D/Paper2D/Binaries/Win64/UE4Editor-PaperTiledImporter.dll (API version 3944462).
LogModuleManager: Display: Found up-to-date module file ../../../Engine/Plugins/2D/Paper2D/Binaries/Win64/UE4Editor-SmartSnapping.dll (API version 3944462).
LogModuleManager: Display: Found up-to-date module file ../../../Engine/Plugins/Animation/LiveLink/Binaries/Win64/UE4Editor-LiveLink.dll (API version 3944462).
LogModuleManager: Display: Found up-to-date module file ../../../Engine/Plugins/Animation/LiveLink/Binaries/Win64/UE4Editor-LiveLinkEditor.dll (API version 3944462).
LogModuleManager: Display: Found up-to-date module file ../../../Engine/Plugins/Blendables/LightPropagationVolume/Binaries/Win64/UE4Editor-LightPropagationVolumeRuntime.dll (API version 3944462).
LogModuleManager: Display: Found up-to-date module file ../../../Engine/Plugins/Blendables/LightPropagationVolume/Binaries/Win64/UE4Editor-LightPropagationVolumeEditor.dll (API version 3944462).
LogModuleManager: Display: Found up-to-date module file ../../../Engine/Plugins/Developer/CLionSourceCodeAccess/Binaries/Win64/UE4Editor-CLionSourceCodeAccess.dll (API version 3944462).
LogModuleManager: Display: Found up-to-date module file ../../../Engine/Plugins/Developer/GitSourceControl/Binaries/Win64/UE4Editor-GitSourceControl.dll (API version 3944462).
LogModuleManager: Display: Found up-to-date module file ../../../Engine/Plugins/Developer/PerforceSourceControl/Binaries/Win64/UE4Editor-PerforceSourceControl.dll (API version 3944462).
LogModuleManager: Display: Found up-to-date module file ../../../Engine/Plugins/Developer/SubversionSourceControl/Binaries/Win64/UE4Editor-SubversionSourceControl.dll (API version 3944462).
LogModuleManager: Display: Found up-to-date module file ../../../Engine/Plugins/Developer/UObjectPlugin/Binaries/Win64/UE4Editor-UObjectPlugin.dll (API version 3944462).
LogModuleManager: Display: Found up-to-date module file ../../../Engine/Plugins/Developer/VisualStudioCodeSourceCodeAccess/Binaries/Win64/UE4Editor-VisualStudioCodeSourceCodeAccess.dll (API version 3944462).
LogModuleManager: Display: Found up-to-date module file ../../../Engine/Plugins/Developer/VisualStudioSourceCodeAccess/Binaries/Win64/UE4Editor-VisualStudioSourceCodeAccess.dll (API version 3944462).
LogModuleManager: Display: Found up-to-date module file ../../../Engine/Plugins/Editor/AssetManagerEditor/Binaries/Win64/UE4Editor-AssetManagerEditor.dll (API version 3944462).
LogModuleManager: Display: Found up-to-date module file ../../../Engine/Plugins/Editor/CryptoKeys/Binaries/Win64/UE4Editor-CryptoKeys.dll (API version 3944462).
LogModuleManager: Display: Found up-to-date module file ../../../Engine/Plugins/Editor/CryptoKeys/Binaries/Win64/UE4Editor-CryptoKeysOpenSSL.dll (API version 3944462).
LogModuleManager: Display: Found up-to-date module file ../../../Engine/Plugins/Editor/DataValidation/Binaries/Win64/UE4Editor-DataValidation.dll (API version 3944462).
LogModuleManager: Display: Found up-to-date module file ../../../Engine/Plugins/Editor/FacialAnimation/Binaries/Win64/UE4Editor-FacialAnimation.dll (API version 3944462).
LogModuleManager: Display: Found up-to-date module file ../../../Engine/Plugins/Editor/FacialAnimation/Binaries/Win64/UE4Editor-FacialAnimationEditor.dll (API version 3944462).
LogModuleManager: Display: Found up-to-date module file ../../../Engine/Plugins/Editor/GameplayTagsEditor/Binaries/Win64/UE4Editor-GameplayTagsEditor.dll (API version 3944462).
LogModuleManager: Display: Found up-to-date module file ../../../Engine/Plugins/Editor/MobileLauncherProfileWizard/Binaries/Win64/UE4Editor-MobileLauncherProfileWizard.dll (API version 3944462).
LogModuleManager: Display: Found up-to-date module file ../../../Engine/Plugins/Editor/PluginBrowser/Binaries/Win64/UE4Editor-PluginBrowser.dll (API version 3944462).
LogModuleManager: Display: Found up-to-date module file ../../../Engine/Plugins/Editor/SpeedTreeImporter/Binaries/Win64/UE4Editor-SpeedTreeImporter.dll (API version 3944462).
LogModuleManager: Display: Found up-to-date module file ../../../Engine/Plugins/Enterprise/DatasmithContent/Binaries/Win64/UE4Editor-DatasmithContent.dll (API version 3944462).
LogModuleManager: Display: Found up-to-date module file ../../../Engine/Plugins/Experimental/AlembicImporter/Binaries/Win64/UE4Editor-AlembicImporter.dll (API version 3944462).
LogModuleManager: Display: Found up-to-date module file ../../../Engine/Plugins/Experimental/AlembicImporter/Binaries/Win64/UE4Editor-AlembicLibrary.dll (API version 3944462).
LogModuleManager: Display: Found up-to-date module file ../../../Engine/Plugins/Experimental/CharacterAI/Binaries/Win64/UE4Editor-CharacterAI.dll (API version 3944462).
LogModuleManager: Display: Found up-to-date module file ../../../Engine/Plugins/Experimental/HTML5Networking/Binaries/Win64/UE4Editor-HTML5Networking.dll (API version 3944462).
LogModuleManager: Display: Found up-to-date module file ../../../Engine/Plugins/Media/AndroidMedia/Binaries/Win64/UE4Editor-AndroidMediaEditor.dll (API version 3944462).
LogModuleManager: Display: Found up-to-date module file ../../../Engine/Plugins/Media/AndroidMedia/Binaries/Win64/UE4Editor-AndroidMediaFactory.dll (API version 3944462).
LogModuleManager: Display: Found up-to-date module file ../../../Engine/Plugins/Media/AvfMedia/Binaries/Win64/UE4Editor-AvfMediaEditor.dll (API version 3944462).
LogModuleManager: Display: Found up-to-date module file ../../../Engine/Plugins/Media/AvfMedia/Binaries/Win64/UE4Editor-AvfMediaFactory.dll (API version 3944462).
LogModuleManager: Display: Found up-to-date module file ../../../Engine/Plugins/Media/AvfMedia/Binaries/Win64/UE4Editor-AvfMediaFactory.dll (API version 3944462).
LogModuleManager: Display: Found up-to-date module file ../../../Engine/Plugins/Media/ImgMedia/Binaries/Win64/UE4Editor-ImgMedia.dll (API version 3944462).
LogModuleManager: Display: Found up-to-date module file ../../../Engine/Plugins/Media/ImgMedia/Binaries/Win64/UE4Editor-ImgMediaEditor.dll (API version 3944462).
LogModuleManager: Display: Found up-to-date module file ../../../Engine/Plugins/Media/ImgMedia/Binaries/Win64/UE4Editor-ImgMediaFactory.dll (API version 3944462).
LogModuleManager: Display: Found up-to-date module file ../../../Engine/Plugins/Media/ImgMedia/Binaries/Win64/UE4Editor-ImgMediaFactory.dll (API version 3944462).
LogModuleManager: Display: Found up-to-date module file ../../../Engine/Plugins/Media/ImgMedia/Binaries/Win64/UE4Editor-OpenExrWrapper.dll (API version 3944462).
LogModuleManager: Display: Found up-to-date module file ../../../Engine/Plugins/Media/LinearTimecode/Binaries/Win64/UE4Editor-LinearTimecode.dll (API version 3944462).
LogModuleManager: Display: Found up-to-date module file ../../../Engine/Plugins/Media/MediaCompositing/Binaries/Win64/UE4Editor-MediaCompositing.dll (API version 3944462).
LogModuleManager: Display: Found up-to-date module file ../../../Engine/Plugins/Media/MediaCompositing/Binaries/Win64/UE4Editor-MediaCompositingEditor.dll (API version 3944462).
LogModuleManager: Display: Found up-to-date module file ../../../Engine/Plugins/Media/MediaPlayerEditor/Binaries/Win64/UE4Editor-MediaPlayerEditor.dll (API version 3944462).
LogModuleManager: Display: Found up-to-date module file ../../../Engine/Plugins/Media/WmfMedia/Binaries/Win64/UE4Editor-WmfMedia.dll (API version 3944462).
LogModuleManager: Display: Found up-to-date module file ../../../Engine/Plugins/Media/WmfMedia/Binaries/Win64/UE4Editor-WmfMediaEditor.dll (API version 3944462).
LogModuleManager: Display: Found up-to-date module file ../../../Engine/Plugins/Media/WmfMedia/Binaries/Win64/UE4Editor-WmfMediaFactory.dll (API version 3944462).
LogModuleManager: Display: Found up-to-date module file ../../../Engine/Plugins/Media/WmfMedia/Binaries/Win64/UE4Editor-WmfMediaFactory.dll (API version 3944462).
LogModuleManager: Display: Found up-to-date module file ../../../Engine/Plugins/Messaging/TcpMessaging/Binaries/Win64/UE4Editor-TcpMessaging.dll (API version 3944462).
LogModuleManager: Display: Found up-to-date module file ../../../Engine/Plugins/Messaging/UdpMessaging/Binaries/Win64/UE4Editor-UdpMessaging.dll (API version 3944462).
LogModuleManager: Display: Found up-to-date module file ../../../Engine/Plugins/MovieScene/ActorSequence/Binaries/Win64/UE4Editor-ActorSequence.dll (API version 3944462).
LogModuleManager: Display: Found up-to-date module file ../../../Engine/Plugins/MovieScene/LevelSequenceEditor/Binaries/Win64/UE4Editor-LevelSequenceEditor.dll (API version 3944462).
LogModuleManager: Display: Found up-to-date module file ../../../Engine/Plugins/MovieScene/MatineeToLevelSequence/Binaries/Win64/UE4Editor-MatineeToLevelSequence.dll (API version 3944462).
LogModuleManager: Display: Found up-to-date module file ../../../Engine/Plugins/NetcodeUnitTest/NetcodeUnitTest/Binaries/Win64/UE4Editor-NetcodeUnitTest.dll (API version 3944462).
LogModuleManager: Display: Found up-to-date module file ../../../Engine/Plugins/NetcodeUnitTest/NUTUnrealEngine4/Binaries/Win64/UE4Editor-NUTUnrealEngine4.dll (API version 3944462).
LogModuleManager: Display: Found up-to-date module file ../../../Engine/Plugins/Online/OnlineSubsystem/Binaries/Win64/UE4Editor-OnlineSubsystem.dll (API version 3944462).
LogModuleManager: Display: Found up-to-date module file ../../../Engine/Plugins/Online/OnlineSubsystemNull/Binaries/Win64/UE4Editor-OnlineSubsystemNull.dll (API version 3944462).
LogModuleManager: Display: Found up-to-date module file ../../../Engine/Plugins/Online/OnlineSubsystemUtils/Binaries/Win64/UE4Editor-OnlineSubsystemUtils.dll (API version 3944462).
LogModuleManager: Display: Found up-to-date module file ../../../Engine/Plugins/Online/OnlineSubsystemUtils/Binaries/Win64/UE4Editor-OnlineBlueprintSupport.dll (API version 3944462).
LogModuleManager: Display: Found up-to-date module file ../../../Engine/Plugins/Runtime/AndroidDeviceProfileSelector/Binaries/Win64/UE4Editor-AndroidDeviceProfileSelector.dll (API version 3944462).
LogModuleManager: Display: Found up-to-date module file ../../../Engine/Plugins/Runtime/AndroidPermission/Binaries/Win64/UE4Editor-AndroidPermission.dll (API version 3944462).
LogModuleManager: Display: Found up-to-date module file ../../../Engine/Plugins/Runtime/AppleARKit/Binaries/Win64/UE4Editor-AppleARKit.dll (API version 3944462).
LogModuleManager: Display: Found up-to-date module file ../../../Engine/Plugins/Runtime/ArchVisCharacter/Binaries/Win64/UE4Editor-ArchVisCharacter.dll (API version 3944462).
LogModuleManager: Display: Found up-to-date module file ../../../Engine/Plugins/Runtime/AudioCapture/Binaries/Win64/UE4Editor-AudioCapture.dll (API version 3944462).
LogModuleManager: Display: Found up-to-date module file ../../../Engine/Plugins/Runtime/AudioCapture/Binaries/Win64/UE4Editor-AudioCaptureEditor.dll (API version 3944462).
LogModuleManager: Display: Found up-to-date module file ../../../Engine/Plugins/Runtime/CableComponent/Binaries/Win64/UE4Editor-CableComponent.dll (API version 3944462).
LogModuleManager: Display: Found up-to-date module file ../../../Engine/Plugins/Runtime/CustomMeshComponent/Binaries/Win64/UE4Editor-CustomMeshComponent.dll (API version 3944462).
LogModuleManager: Display: Found up-to-date module file ../../../Engine/Plugins/Runtime/ExampleDeviceProfileSelector/Binaries/Win64/UE4Editor-ExampleDeviceProfileSelector.dll (API version 3944462).
LogModuleManager: Display: Found up-to-date module file ../../../Engine/Plugins/Runtime/ImmediatePhysics/Binaries/Win64/UE4Editor-ImmediatePhysics.dll (API version 3944462).
LogModuleManager: Display: Found up-to-date module file ../../../Engine/Plugins/Runtime/ImmediatePhysics/Binaries/Win64/UE4Editor-ImmediatePhysicsEditor.dll (API version 3944462).
LogModuleManager: Display: Found up-to-date module file ../../../Engine/Plugins/Runtime/LocationServicesBPLibrary/Binaries/Win64/UE4Editor-LocationServicesBPLibrary.dll (API version 3944462).
LogModuleManager: Display: Found up-to-date module file ../../../Engine/Plugins/Runtime/MobilePatchingUtils/Binaries/Win64/UE4Editor-MobilePatchingUtils.dll (API version 3944462).
LogModuleManager: Display: Found up-to-date module file ../../../Engine/Plugins/Runtime/Oculus/OculusVR/Binaries/Win64/UE4Editor-OculusHMD.dll (API version 3944462).
LogModuleManager: Display: Found up-to-date module file ../../../Engine/Plugins/Runtime/Oculus/OculusVR/Binaries/Win64/UE4Editor-OculusInput.dll (API version 3944462).
LogModuleManager: Display: Found up-to-date module file ../../../Engine/Plugins/Runtime/Oculus/OculusVR/Binaries/Win64/UE4Editor-OculusEditor.dll (API version 3944462).
LogModuleManager: Display: Found up-to-date module file ../../../Engine/Plugins/Runtime/PhysXVehicles/Binaries/Win64/UE4Editor-PhysXVehicles.dll (API version 3944462).
LogModuleManager: Display: Found up-to-date module file ../../../Engine/Plugins/Runtime/PhysXVehicles/Binaries/Win64/UE4Editor-PhysXVehiclesEditor.dll (API version 3944462).
LogModuleManager: Display: Found up-to-date module file ../../../Engine/Plugins/Runtime/ProceduralMeshComponent/Binaries/Win64/UE4Editor-ProceduralMeshComponent.dll (API version 3944462).
LogModuleManager: Display: Found up-to-date module file ../../../Engine/Plugins/Runtime/ProceduralMeshComponent/Binaries/Win64/UE4Editor-ProceduralMeshComponentEditor.dll (API version 3944462).
LogModuleManager: Display: Found up-to-date module file ../../../Engine/Plugins/Runtime/RuntimePhysXCooking/Binaries/Win64/UE4Editor-RuntimePhysXCooking.dll (API version 3944462).
LogModuleManager: Display: Found up-to-date module file ../../../Engine/Plugins/Runtime/Steam/SteamVR/Binaries/Win64/UE4Editor-SteamVR.dll (API version 3944462).
LogModuleManager: Display: Found up-to-date module file ../../../Engine/Plugins/Runtime/Steam/SteamVR/Binaries/Win64/UE4Editor-SteamVRController.dll (API version 3944462).
LogModuleManager: Display: Found up-to-date module file ../../../Engine/Plugins/Runtime/WindowsMoviePlayer/Binaries/Win64/UE4Editor-WindowsMoviePlayer.dll (API version 3944462).
LogInit: Using libcurl 7.47.1
LogInit:  - built for x86_64-pc-win32
LogInit:  - supports SSL with OpenSSL/1.0.2g
LogInit:  - supports HTTP deflate (compression) using libz 1.2.8
LogInit:  - other features:
LogInit:      CURL_VERSION_SSL
LogInit:      CURL_VERSION_LIBZ
LogInit:      CURL_VERSION_IPV6
LogInit:      CURL_VERSION_ASYNCHDNS
LogInit:      CURL_VERSION_LARGEFILE
LogInit:      CURL_VERSION_IDN
LogInit:  CurlRequestOptions (configurable via config and command line):
LogInit:  - bVerifyPeer = false  - Libcurl will NOT verify peer certificate
LogInit:  - bUseHttpProxy = false  - Libcurl will NOT use HTTP proxy
LogInit:  - bDontReuseConnections = false  - Libcurl will reuse connections
LogInit:  - CertBundlePath = nullptr  - Libcurl will use whatever was configured at build time.
LogInit:  - MaxHostConnections = 16  - Libcurl will limit the number of connections to a host
LogInit:  - LocalHostAddr = Default
LogInit: WinSock: version 1.1 (2.2), MaxSocks=32767, MaxUdp=65467
LogInit: WinSock: I am Asus (192.168.0.10:0)
LogInit: Build: ++UE4+Release-4.19-CL-4033788
LogInit: Engine Version: 4.19.2-4033788+++UE4+Release-4.19
LogInit: Compatible Engine Version: 4.19.0-3944462+++UE4+Release-4.19
LogInit: Net CL: 3944462
LogDevObjectVersion: Number of dev versions registered: 18
LogDevObjectVersion:   Dev-Blueprints (B0D832E4-1F89-4F0D-ACCF-7EB736FD4AA2): 10
LogDevObjectVersion:   Dev-Build (E1C64328-A22C-4D53-A36C-8E866417BD8C): 0
LogDevObjectVersion:   Dev-Core (375EC13C-06E4-48FB-B500-84F0262A717E): 2
LogDevObjectVersion:   Dev-Editor (E4B068ED-F494-42E9-A231-DA0B2E46BB41): 23
LogDevObjectVersion:   Dev-Framework (CFFC743F-43B0-4480-9391-14DF171D2073): 33
LogDevObjectVersion:   Dev-Mobile (B02B49B5-BB20-44E9-A304-32B752E40360): 2
LogDevObjectVersion:   Dev-Networking (A4E4105C-59A1-49B5-A7C5-40C4547EDFEE): 0
LogDevObjectVersion:   Dev-Online (39C831C9-5AE6-47DC-9A44-9C173E1C8E7C): 0
LogDevObjectVersion:   Dev-Physics (78F01B33-EBEA-4F98-B9B4-84EACCB95AA2): 0
LogDevObjectVersion:   Dev-Platform (6631380F-2D4D-43E0-8009-CF276956A95A): 0
LogDevObjectVersion:   Dev-Rendering (12F88B9F-8875-4AFC-A67C-D90C383ABD29): 25
LogDevObjectVersion:   Dev-Sequencer (7B5AE74C-D270-4C10-A958-57980B212A5A): 6
LogDevObjectVersion:   Dev-VR (D7296918-1DD6-4BDD-9DE2-64A83CC13884): 1
LogDevObjectVersion:   Dev-LoadTimes (C2A15278-BFE7-4AFE-6C17-90FF531DF755): 1
LogDevObjectVersion:   Private-Geometry (6EACA3D4-40EC-4CC1-B786-8BED09428FC5): 2
LogDevObjectVersion:   Dev-AnimPhys (29E575DD-E0A3-4627-9D10-D276232CDCEA): 16
LogDevObjectVersion:   Dev-ReflectionCapture (6B266CEC-1EC7-4B8F-A30B-E4D90942FC07): 1
LogDevObjectVersion:   Dev-Automation (0DF73D61-A23F-47EA-B727-89E90C41499A): 1
LogInit: Compiled (64-bit): Apr 27 2018 02:06:57
LogInit: Compiled with Visual C++: 19.00.24215.01
LogInit: Build Configuration: Development
LogInit: Branch Name: ++UE4+Release-4.19
LogInit: Command Line: 
LogInit: Base Directory: C:/Program Files/Epic Games/UE_4.19/Engine/Binaries/Win64/
LogInit: Installed Engine Build: 1
LogStreaming: Display: Took  0.189s to delete old logs.
LogInit: Presizing for max 8388607 objects, including 0 objects not considered by GC, pre-allocating 0 bytes for permanent pool.
LogInit: Object subsystem initialized
[2018.05.25-11.21.18:996][  0]LogInit: Selected Device Profile: [Windows]
[2018.05.25-11.21.18:996][  0]LogInit: Applying CVar settings loaded from the selected device profile: [Windows]
[2018.05.25-11.21.19:035][  0]LogInit: Computer: ASUS
[2018.05.25-11.21.19:035][  0]LogInit: User: User
[2018.05.25-11.21.19:035][  0]LogInit: CPU Page size=4096, Cores=4
[2018.05.25-11.21.19:035][  0]LogInit: High frequency timer resolution =2.437498 MHz
[2018.05.25-11.21.19:035][  0]LogMemory: Memory total: Physical=7.9GB (8GB approx)
[2018.05.25-11.21.19:035][  0]LogMemory: Platform Memory Stats for Windows
[2018.05.25-11.21.19:035][  0]LogMemory: Process Physical Memory: 276.28 MB used, 276.28 MB peak
[2018.05.25-11.21.19:035][  0]LogMemory: Process Virtual Memory: 268.13 MB used, 268.13 MB peak
[2018.05.25-11.21.19:035][  0]LogMemory: Physical Memory: 6524.21 MB used,  1552.80 MB free, 8077.02 MB total
[2018.05.25-11.21.19:035][  0]LogMemory: Virtual Memory: 4768.58 MB used,  1552.80 MB free, 134217728.00 MB total
[2018.05.25-11.21.19:070][  0]LogInit: Using OS detected language (en-US).
[2018.05.25-11.21.19:070][  0]LogInit: Using OS detected locale (en-US).
[2018.05.25-11.21.19:075][  0]LogTextLocalizationManager: No specific localization for 'en-US' exists, so the 'en' localization will be used.
[2018.05.25-11.21.19:666][  0]LogStreaming: Display: Took  0.597s to EndInitTextLocalization.
[2018.05.25-11.21.19:667][  0]LogInit: Setting process to per monitor DPI aware
[2018.05.25-11.21.19:705][  0]LogSlate: New Slate User Created.  User Index 0, Is Virtual User: 0
[2018.05.25-11.21.19:705][  0]LogSlate: Slate User Registered.  User Index 0, Is Virtual User: 0
[2018.05.25-11.21.20:013][  0]LogD3D11RHI: D3D11 adapters:
[2018.05.25-11.21.20:085][  0]LogD3D11RHI:    0. 'NVIDIA GeForce GTX 1050' (Feature Level 11_0)
[2018.05.25-11.21.20:085][  0]LogD3D11RHI:       4021/0/4038 MB DedicatedVideo/DedicatedSystem/SharedSystem, Outputs:1, VendorId:0x10de
[2018.05.25-11.21.20:094][  0]LogD3D11RHI:    1. 'Intel(R) HD Graphics 630' (Feature Level 11_0)
[2018.05.25-11.21.20:095][  0]LogD3D11RHI:       128/0/4038 MB DedicatedVideo/DedicatedSystem/SharedSystem, Outputs:0, VendorId:0x8086
[2018.05.25-11.21.20:097][  0]LogD3D11RHI:    2. 'Microsoft Basic Render Driver' (Feature Level 11_0)
[2018.05.25-11.21.20:097][  0]LogD3D11RHI:       0/0/4038 MB DedicatedVideo/DedicatedSystem/SharedSystem, Outputs:0, VendorId:0x1414
[2018.05.25-11.21.20:097][  0]LogD3D11RHI: Chosen D3D11 Adapter: 0
[2018.05.25-11.21.20:110][  0]LogD3D11RHI: Creating new Direct3DDevice
[2018.05.25-11.21.20:110][  0]LogD3D11RHI:     GPU DeviceId: 0x1c8d (for the marketing name, search the web for "GPU Device Id")
[2018.05.25-11.21.20:110][  0]LogWindows: EnumDisplayDevices:
[2018.05.25-11.21.20:110][  0]LogWindows:    0. 'Intel(R) HD Graphics 630' (P:1 D:1)
[2018.05.25-11.21.20:111][  0]LogWindows:    1. 'Intel(R) HD Graphics 630' (P:0 D:0)
[2018.05.25-11.21.20:111][  0]LogWindows:    2. 'Intel(R) HD Graphics 630' (P:0 D:0)
[2018.05.25-11.21.20:111][  0]LogWindows: DebugString: GetVideoDriverDetailsInvalid PrimaryIsNotTheChoosenAdapter GetVideoDriverDetailsInvalid PrimaryIsNotTheChoosenAdapter GetVideoDriverDetailsInvalid PrimaryIsNotTheChoosenAdapter FoundDriverCount:0 
[2018.05.25-11.21.20:111][  0]LogD3D11RHI:     Adapter Name: NVIDIA GeForce GTX 1050
[2018.05.25-11.21.20:111][  0]LogD3D11RHI:   Driver Version: Unknown (internal:Unknown, unified:Unknown)
[2018.05.25-11.21.20:111][  0]LogD3D11RHI:      Driver Date: Unknown
[2018.05.25-11.21.20:111][  0]LogRHI: Texture pool is 2814 MB (70% of 4021 MB)
[2018.05.25-11.21.20:165][  0]LogD3D11RHI: [Aftermath] Aftermath enabled and primed
[2018.05.25-11.21.20:165][  0]LogD3D11RHI: [Aftermath] Aftermath enabled and primed
[2018.05.25-11.21.20:165][  0]LogD3D11RHI: Async texture creation enabled
[2018.05.25-11.21.20:185][  0]LogD3D11RHI: GPU Timing Frequency: 1000.000000 (Debug: 2 2)
[2018.05.25-11.21.20:186][  0]LogShaderCompilers: Guid format shader working directory is -34 characters bigger than the processId version (../../../../../../Users/User/Documents/GitHub Files/UE4 Crash Course/FPSProject/Intermediate/Shaders/WorkingDirectory/8764/).
[2018.05.25-11.21.20:186][  0]LogShaderCompilers: Cleaned the shader compiler working directory 'C:/Users/User/AppData/Local/Temp/UnrealShaderWorkingDir/4A0D7F3743B73C5BC4BE51827D85AA6F/'.
[2018.05.25-11.21.20:506][  0]LogTemp: Display: Loaded TP AllDesktopTargetPlatform
[2018.05.25-11.21.20:525][  0]LogTemp: Display: Loaded TP MacClientTargetPlatform
[2018.05.25-11.21.20:545][  0]LogTemp: Display: Loaded TP MacNoEditorTargetPlatform
[2018.05.25-11.21.20:565][  0]LogTemp: Display: Loaded TP MacServerTargetPlatform
[2018.05.25-11.21.20:585][  0]LogTemp: Display: Loaded TP MacTargetPlatform
[2018.05.25-11.21.20:604][  0]LogTemp: Display: Loaded TP WindowsClientTargetPlatform
[2018.05.25-11.21.20:625][  0]LogTemp: Display: Loaded TP WindowsNoEditorTargetPlatform
[2018.05.25-11.21.20:645][  0]LogTemp: Display: Loaded TP WindowsServerTargetPlatform
[2018.05.25-11.21.20:654][  0]LogTemp: Display: Loaded TP WindowsTargetPlatform
[2018.05.25-11.21.20:671][  0]LogTemp: Display: Loaded TP Android_ASTCTargetPlatform
[2018.05.25-11.21.20:688][  0]LogTemp: Display: Loaded TP Android_ATCTargetPlatform
[2018.05.25-11.21.20:706][  0]LogTemp: Display: Loaded TP Android_DXTTargetPlatform
[2018.05.25-11.21.20:723][  0]LogTemp: Display: Loaded TP Android_ETC1aTargetPlatform
[2018.05.25-11.21.20:741][  0]LogTemp: Display: Loaded TP Android_ETC1TargetPlatform
[2018.05.25-11.21.20:758][  0]LogTemp: Display: Loaded TP Android_ETC2TargetPlatform
[2018.05.25-11.21.20:793][  0]LogTemp: Display: Loaded TP Android_MultiTargetPlatform
[2018.05.25-11.21.20:793][  0]LogTemp: Display: Loaded TP Android_PVRTCTargetPlatform
[2018.05.25-11.21.20:810][  0]LogTemp: Display: Loaded TP AndroidTargetPlatform
[2018.05.25-11.21.20:812][  0]LogTemp: Display: Loaded TP HTML5TargetPlatform
[2018.05.25-11.21.20:857][  0]LogTemp: Display: Loaded TP IOSTargetPlatform
[2018.05.25-11.21.20:873][  0]LogTemp: Display: Loaded TP TVOSTargetPlatform
[2018.05.25-11.21.20:890][  0]LogTemp: Display: Loaded TP LinuxClientTargetPlatform
[2018.05.25-11.21.20:907][  0]LogTemp: Display: Loaded TP LinuxNoEditorTargetPlatform
[2018.05.25-11.21.20:924][  0]LogTemp: Display: Loaded TP LinuxServerTargetPlatform
[2018.05.25-11.21.20:942][  0]LogTemp: Display: Loaded TP LinuxTargetPlatform
[2018.05.25-11.21.20:942][  0]LogTargetPlatformManager: Display: Building Assets For Windows
[2018.05.25-11.21.21:146][  0]LogXGEController: Cannot use XGE Controller as Incredibuild is not installed on this machine.
[2018.05.25-11.21.21:146][  0]LogShaderCompilers: Cannot use XGE Shader Compiler as Incredibuild is not installed on this machine.
[2018.05.25-11.21.21:146][  0]LogShaderCompilers: Display: Using Local Shader Compiler.
[2018.05.25-11.21.22:109][  0]LogDerivedDataCache: Display: Max Cache Size: 512 MB
[2018.05.25-11.21.22:208][  0]LogDerivedDataCache: Loaded boot cache 0.10s 74MB C:/Users/User/AppData/Local/UnrealEngine/4.19/DerivedDataCache/Boot.ddc.
[2018.05.25-11.21.22:208][  0]LogDerivedDataCache: Display: Loaded Boot cache: C:/Users/User/AppData/Local/UnrealEngine/4.19/DerivedDataCache/Boot.ddc
[2018.05.25-11.21.22:208][  0]LogDerivedDataCache: FDerivedDataBackendGraph:  Pak pak cache file ../../../../../../Users/User/Documents/GitHub Files/UE4 Crash Course/FPSProject/DerivedDataCache/DDC.ddp not found, will not use a pak cache.
[2018.05.25-11.21.22:208][  0]LogDerivedDataCache: Unable to find inner node Pak for hierarchical cache Hierarchy.
[2018.05.25-11.21.22:208][  0]LogDerivedDataCache: FDerivedDataBackendGraph:  CompressedPak pak cache file ../../../../../../Users/User/Documents/GitHub Files/UE4 Crash Course/FPSProject/DerivedDataCache/Compressed.ddp not found, will not use a pak cache.
[2018.05.25-11.21.22:208][  0]LogDerivedDataCache: Unable to find inner node CompressedPak for hierarchical cache Hierarchy.
[2018.05.25-11.21.22:231][  0]LogDerivedDataCache: Display: Pak cache opened for reading ../../../Engine/DerivedDataCache/Compressed.ddp.
[2018.05.25-11.21.22:244][  0]LogDerivedDataCache: Using Local data cache path C:/Users/User/AppData/Local/UnrealEngine/Common/DerivedDataCache: Writable
[2018.05.25-11.21.22:244][  0]LogDerivedDataCache: Shared data cache path not found in *engine.ini, will not use an Shared cache.
[2018.05.25-11.21.22:244][  0]LogDerivedDataCache: Unable to find inner node Shared for hierarchical cache Hierarchy.
[2018.05.25-11.21.22:260][  0]LogMaterial: Verifying Global Shaders for PCD3D_SM5
[2018.05.25-11.21.22:261][  0]LogSlate: Using Freetype 2.6.0
[2018.05.25-11.21.22:262][  0]LogSlate: SlateFontCache - WITH_FREETYPE: 1, WITH_HARFBUZZ: 1
[2018.05.25-11.21.22:262][  0]LogSlate: SlateFontCache - WITH_FREETYPE: 1, WITH_HARFBUZZ: 1
[2018.05.25-11.21.22:482][  0]LogAssetRegistry: FAssetRegistry took 0.0308 seconds to start up
[2018.05.25-11.21.22:950][  0]LogInit: Selected Device Profile: [Windows]
[2018.05.25-11.21.23:200][  0]LogSimplygon: Simplygon DLL not present - disabling.
[2018.05.25-11.21.23:207][  0]LogMeshReduction: Using SimplygonSwarm for distributed automatic mesh merging
[2018.05.25-11.21.23:207][  0]LogMeshReduction: Using QuadricMeshReduction for automatic static mesh reduction
[2018.05.25-11.21.23:207][  0]LogMeshReduction: No automatic skeletal mesh reduction module available
[2018.05.25-11.21.23:207][  0]LogMeshReduction: No automatic mesh merging module available
[2018.05.25-11.21.23:207][  0]LogMeshMerging: No automatic mesh merging module available
[2018.05.25-11.21.23:266][  0]LogNetVersion: FPSProject , NetCL: 3944462, EngineNetVer: 2, GameNetVer: 0 (Checksum: 1223245918)
[2018.05.25-11.21.24:889][  0]LogPackageLocalizationCache: Processed 9 localized package path(s) for 2 prioritized culture(s) in 0.657751 seconds
[2018.05.25-11.21.24:897][  0]LogUObjectArray: 36728 objects as part of root set at end of initial load.
[2018.05.25-11.21.24:897][  0]LogUObjectAllocator: 7314304 out of 0 bytes used by permanent object pool.
[2018.05.25-11.21.24:897][  0]LogUObjectArray: CloseDisregardForGC: 0/0 objects in disregard for GC pool
[2018.05.25-11.21.27:981][  0]LogTcpMessaging: Initializing TcpMessaging bridge
[2018.05.25-11.21.28:031][  0]LogUdpMessaging: Initializing bridge on interface 0.0.0.0:0 to multicast group 230.0.0.1:6666.
[2018.05.25-11.21.29:029][  0]SourceControl: Source control is disabled
[2018.05.25-11.21.32:124][  0]LogAndroidPermission: UAndroidPermissionCallbackProxy::GetInstance
[2018.05.25-11.21.32:545][  0]LogOcInput: OculusInput pre-init called
[2018.05.25-11.21.32:765][  0]LogEngine: Initializing Engine...
[2018.05.25-11.21.32:768][  0]LogHMD: Failed to initialize OpenVR with code 110
[2018.05.25-11.21.32:770][  0]LogStats: UGameplayTagsManager::ConstructGameplayTagTree: Construct from data asset -  0.000 s
[2018.05.25-11.21.32:770][  0]LogStats: UGameplayTagsManager::ConstructGameplayTagTree: GameplayTagTreeChangedEvent.Broadcast -  0.000 s
[2018.05.25-11.21.33:061][  0]LogAIModule: Creating AISystem for world Untitled
[2018.05.25-11.21.33:133][  0]LogInit: XAudio2 using 'Speakers (Realtek High Definition Audio)' : 2 channels at 48 kHz using 32 bits per sample (channel mask 0x3)
[2018.05.25-11.21.33:167][  0]LogInit: FAudioDevice initialized.
[2018.05.25-11.21.34:057][  0]LogDerivedDataCache: Saved boot cache 0.89s 74MB C:/Users/User/AppData/Local/UnrealEngine/4.19/DerivedDataCache/Boot.ddc.
[2018.05.25-11.21.34:071][  0]LogInit: Texture streaming: Enabled
[2018.05.25-11.21.34:195][  0]LogInit: Transaction tracking system initialized
[2018.05.25-11.21.34:239][  0]BlueprintLog: New page: Editor Load
[2018.05.25-11.21.34:378][  0]LocalizationService: Localization service is disabled
[2018.05.25-11.21.34:561][  0]LogUObjectGlobals: Created PersistentFrame Addr=0x000002a05ec0d7e0, Size=88, Default__Landscape_Sculpt_Mode_C Function /Engine/Tutorial/Landscape/Landscape_Sculpt_Mode.Landscape_Sculpt_Mode_C:ExecuteUbergraph_Landscape_Sculpt_Mode
[2018.05.25-11.21.34:565][  0]LogUObjectGlobals: Destroyed PersistentFrame Addr=0x000002a05ec0d7e0, Size=88
[2018.05.25-11.21.34:565][  0]LogUObjectGlobals: Created PersistentFrame Addr=0x000002a05ec0d7e0, Size=88, Default__Landscape_Sculpt_Mode_C Function /Engine/Transient.REINST_Landscape_Sculpt_Mode_C_3:ExecuteUbergraph_Landscape_Sculpt_Mode
[2018.05.25-11.21.34:568][  0]LogUObjectGlobals: Created PersistentFrame Addr=0x000002a05eeff600, Size=80, Default__Landscape_Sculpt_Mode_C Function /Engine/Tutorial/Landscape/Landscape_Sculpt_Mode.Landscape_Sculpt_Mode_C:ExecuteUbergraph_Landscape_Sculpt_Mode
[2018.05.25-11.21.34:663][  0]LogConsoleResponse: Display: 
[2018.05.25-11.21.35:092][  0]LogCook: Display: Max memory allowance for cook 16384mb min free memory 0mb
[2018.05.25-11.21.35:092][  0]LogCook: Display: Mobile HDR setting 1
[2018.05.25-11.21.35:092][  0]LogGameplayTags: Display: UGameplayTagsManager::DoneAddingNativeTags. DelegateIsBound: 0
[2018.05.25-11.21.35:092][  0]LogStats: UGameplayTagsManager::ConstructGameplayTagTree: Construct from data asset -  0.000 s
[2018.05.25-11.21.35:092][  0]LogStats: UGameplayTagsManager::ConstructGameplayTagTree: GameplayTagTreeChangedEvent.Broadcast -  0.000 s
[2018.05.25-11.21.35:337][  0]LogFileCache: Scanning file cache for directory 'C:/Users/User/Documents/GitHub Files/UE4 Crash Course/FPSProject/Content/' took 0.04s
[2018.05.25-11.21.35:785][  0]Cmd: MAP LOAD FILE="../../../../../../Users/User/Documents/GitHub Files/UE4 Crash Course/FPSProject/Content/Maps/FPSMaps.umap" TEMPLATE=0 SHOWPROGRESS=1 FEATURELEVEL=3
[2018.05.25-11.21.35:895][  0]LightingResults: New page: Lighting Build
[2018.05.25-11.21.35:899][  0]MapCheck: New page: Map Check
[2018.05.25-11.21.35:899][  0]LightingResults: New page: Lighting Build
[2018.05.25-11.21.35:920][  0]LogUObjectGlobals: Destroyed PersistentFrame Addr=0x000002a05ec0d7e0, Size=88
[2018.05.25-11.21.36:984][  0]LogAIModule: Creating AISystem for world FPSMaps
[2018.05.25-11.21.36:991][  0]LogEditorServer: Finished looking for orphan Actors (0.000 secs)
[2018.05.25-11.21.37:022][  0]Cmd: MAP CHECKDEP NOCLEARLOG
[2018.05.25-11.21.37:141][  0]MapCheck: Map check complete: 0 Error(s), 0 Warning(s), took 118.92ms to complete.
[2018.05.25-11.21.37:141][  0]LogFileHelpers: Loading map 'FPSMaps' took 1.356
[2018.05.25-11.21.39:120][  0]LogCollectionManager: Loaded 0 collections in 0.003254 seconds
[2018.05.25-11.21.39:617][  0]LogFileCache: Scanning file cache for directory 'C:/Users/User/Documents/GitHub Files/UE4 Crash Course/FPSProject/Saved/Collections/' took 0.01s
[2018.05.25-11.21.39:617][  0]LogFileCache: Scanning file cache for directory 'C:/Users/User/Documents/GitHub Files/UE4 Crash Course/FPSProject/Content/Developers/User/Collections/' took 0.01s
[2018.05.25-11.21.39:617][  0]LogFileCache: Scanning file cache for directory 'C:/Users/User/Documents/GitHub Files/UE4 Crash Course/FPSProject/Content/Collections/' took 0.01s
[2018.05.25-11.21.39:617][  0]LogCollectionManager: Rebuilt the GUID cache for 0 collections in 0.000000 seconds
[2018.05.25-11.21.39:633][  0]LogContentBrowser: Native class hierarchy populated in 0.0132 seconds. Added 2454 classes and 560 folders.
[2018.05.25-11.21.39:764][  0]LogContentBrowser: Native class hierarchy updated for 'WidgetCarousel' in 0.0015 seconds. Added 0 classes and 0 folders.
[2018.05.25-11.21.42:950][  0]LogContentBrowser: Native class hierarchy updated for 'AddContentDialog' in 0.0012 seconds. Added 0 classes and 0 folders.
[2018.05.25-11.21.43:198][  0]LogContentBrowser: Native class hierarchy updated for 'SceneOutliner' in 0.0014 seconds. Added 1 classes and 2 folders.
[2018.05.25-11.21.46:237][  0]LogSlate: Took 0.000351 seconds to synchronously load lazily loaded font '../../../Engine/Content/Slate/Fonts/Roboto-Regular.ttf' (155K)
[2018.05.25-11.21.46:330][  0]LogSlate: Took 0.000309 seconds to synchronously load lazily loaded font '../../../Engine/Content/Slate/Fonts/Roboto-Bold.ttf' (160K)
[2018.05.25-11.21.46:408][  0]LogSlate: Took 0.029406 seconds to synchronously load lazily loaded font '../../../Engine/Content/Editor/Slate/Fonts/FontAwesome.ttf' (139K)
[2018.05.25-11.21.47:112][  0]LogRenderer: Reallocating scene render targets to support 1120x576 Format 9 NumSamples 1 (Frame:1).
[2018.05.25-11.21.48:256][  0]LogContentBrowser: Native class hierarchy updated for 'HierarchicalLODOutliner' in 0.0020 seconds. Added 0 classes and 0 folders.
[2018.05.25-11.21.48:256][  0]LogLoad: (Engine Initialization) Total time: 36.91 seconds
[2018.05.25-11.21.48:256][  0]LogLoad: (Engine Initialization) Total Blueprint compile time: 0.00 seconds
[2018.05.25-11.21.48:661][  0]LogContentStreaming: Texture pool size now 800 MB
[2018.05.25-11.21.48:940][  1]LogAssetRegistry: Asset discovery search completed in 26.4810 seconds
[2018.05.25-11.21.48:971][  1]LogCollectionManager: Rebuilt the object cache for 0 collections in 0.000000 seconds (found 0 objects)
[2018.05.25-11.21.48:971][  1]LogCollectionManager: Fixed up redirectors for 0 collections in 0.000082 seconds (updated 0 objects)
[2018.05.25-11.21.53:324][ 13]LogSlate: Took 0.132308 seconds to synchronously load lazily loaded font '../../../Engine/Content/Slate/Fonts/Roboto-Light.ttf' (167K)
[2018.05.25-11.23.06:695][360]LogSlate: FSceneViewport::OnFocusLost() reason 0
[2018.05.25-11.23.06:703][361]LogTemp: Repeating last play command: Selected Viewport
[2018.05.25-11.23.06:837][361]LogPlayLevel: PlayLevel: No blueprints needed recompiling
[2018.05.25-11.23.07:166][361]PIE: New page: PIE session: FPSMaps (May 26, 2018, 3:23:06 AM)
[2018.05.25-11.23.07:191][361]LogPlayLevel: Creating play world package: /Game/Maps/UEDPIE_0_FPSMaps
[2018.05.25-11.23.07:302][361]LogPlayLevel: PIE: StaticDuplicateObject took: (0.110298s)
[2018.05.25-11.23.07:303][361]LogAIModule: Creating AISystem for world FPSMaps
[2018.05.25-11.23.07:338][361]LogPlayLevel: PIE: World Init took: (0.036306s)
[2018.05.25-11.23.07:338][361]LogPlayLevel: PIE: Created PIE world by copying editor world from /Game/Maps/FPSMaps.FPSMaps to /Game/Maps/UEDPIE_0_FPSMaps.FPSMaps (0.147203s)
[2018.05.25-11.23.07:459][361]LogInit: XAudio2 using 'Speakers (Realtek High Definition Audio)' : 2 channels at 48 kHz using 32 bits per sample (channel mask 0x3)
[2018.05.25-11.23.07:543][361]LogInit: FAudioDevice initialized.
[2018.05.25-11.23.08:961][361]LogSkeletalMesh: Skeletal Mesh found in DDC [220.491669ms] /Game/GenericMale/GenericMale.GenericMale
[2018.05.25-11.23.08:999][361]LogLoad: Game class is 'BP_FPSProjectGameModeBase_C'
[2018.05.25-11.23.09:078][361]LogWorld: Bringing World /Game/Maps/UEDPIE_0_FPSMaps.FPSMaps up for play (max tick rate 60) at 2018.05.25-19.23.09
[2018.05.25-11.23.09:130][361]LogWorld: Bringing up level for play took: 0.064150
[2018.05.25-11.23.09:359][361]LogContentBrowser: Native class hierarchy updated for 'MovieSceneCapture' in 0.0014 seconds. Added 11 classes and 0 folders.
[2018.05.25-11.23.09:667][361]PIE: Play in editor start time for /Game/Maps/UEDPIE_0_FPSMaps 3.661
[2018.05.25-11.23.25:846][213]LogSlate: FSceneViewport::OnFocusLost() reason 0
[2018.05.25-11.23.33:372][651]LogSlate: FSceneViewport::OnFocusLost() reason 0
[2018.05.25-11.24.42:768][174]LogSlate: FSceneViewport::OnFocusLost() reason 0
[2018.05.25-11.24.44:615][268]LogSlate: Took 0.000284 seconds to synchronously load lazily loaded font '../../../Engine/Content/Slate/Fonts/Roboto-Light.ttf' (167K)
[2018.05.25-11.24.47:843][268]LogContentBrowser: Native class hierarchy updated for 'BlueprintGraph' in 0.0018 seconds. Added 116 classes and 0 folders.
[2018.05.25-11.24.49:463][268]LogUObjectGlobals: Created PersistentFrame Addr=0x000002a0195da5a0, Size=4, Default__SKEL_PROTO_BP_AnimBlueprint_0_C Function /Engine/Transient.SKEL_PROTO_BP_AnimBlueprint_0_C:ExecuteUbergraph_PROTO_BP_AnimBlueprint_0
[2018.05.25-11.24.49:501][268]LogUObjectGlobals: Created PersistentFrame Addr=0x000002a0195da598, Size=4, Default__PROTO_BP_AnimBlueprint_0_C Function /Engine/Transient.PROTO_BP_AnimBlueprint_0_C:ExecuteUbergraph_PROTO_BP_AnimBlueprint_0
[2018.05.25-11.28.15:625][833]LogSlate: Window 'Reset UI Layout' being destroyed
[2018.05.25-11.28.29:494][556]LogSlate: Window 'Find Results' being destroyed
[2018.05.25-11.28.29:502][556]LogSlate: Window 'Find Results' being destroyed
[2018.05.25-11.28.36:852][971]LogSlate: Window 'Content Browser' being destroyed
[2018.05.25-11.28.36:856][971]LogSlate: Window 'Content Browser' being destroyed
[2018.05.25-11.29.04:987][584]LogSlate: Window 'BP_FPSCharacter' being destroyed
[2018.05.25-11.29.06:501][584]LogSlate: Took 0.035200 seconds to synchronously load lazily loaded font '../../../Engine/Content/Slate/Fonts/Roboto-BoldCondensed.ttf' (158K)
[2018.05.25-11.29.08:081][645]LogSlate: Took 0.054187 seconds to synchronously load lazily loaded font '../../../Engine/Content/Slate/Fonts/Roboto-Italic.ttf' (157K)
[2018.05.25-11.29.15:966][919]LogRenderer: Reallocating scene render targets to support 1140x684 Format 9 NumSamples 1 (Frame:1).
[2018.05.25-11.32.17:129][362]LogFileHelpers: Editor autosave (incl. sublevels) for '/Game/Maps/FPSMaps' took 0.103
[2018.05.25-11.32.17:201][362]OBJ SavePackage: Generating thumbnails for [1] asset(s) in package [/Game/Blueprints/BP_FPSCharacter] ([1] browsable assets)...
[2018.05.25-11.32.17:260][362]OBJ SavePackage:     Rendered thumbnail for [Blueprint /Game/Blueprints/BP_FPSCharacter.BP_FPSCharacter]
[2018.05.25-11.32.17:260][362]OBJ SavePackage: Finished generating thumbnails for package [/Game/Blueprints/BP_FPSCharacter]
[2018.05.25-11.32.17:726][362]LogSavePackage: Save=178.13ms
[2018.05.25-11.32.17:726][362]LogSavePackage: Moving '../../../../../../Users/User/Documents/GitHub Files/UE4 Crash Course/FPSProject/Saved/BP_FPSCharacter_Auto146FE7CC542214BB58F20BB8D2B6FF4A9.tmp' to '../../../../../../Users/User/Documents/GitHub Files/UE4 Crash Course/FPSProject/Saved/Autosaves/Game/Blueprints/BP_FPSCharacter_Auto1.uasset'
[2018.05.25-11.32.17:745][362]LogSavePackage: Display: Finished SavePackage ../../../../../../Users/User/Documents/GitHub Files/UE4 Crash Course/FPSProject/Saved/Autosaves/Game/Blueprints/BP_FPSCharacter_Auto1.uasset
[2018.05.25-11.32.17:745][362]LogFileHelpers: Auto-saving content packages took 0.615
[2018.05.25-11.36.14:340][ 72]LogSlate: FSceneViewport::OnFocusLost() reason 2
[2018.05.25-11.36.21:642][490]BlueprintLog: New page: Compile BP_FPSCharacter
[2018.05.25-11.36.22:639][490]Cmd: OBJ SAVEPACKAGE PACKAGE="/Game/Blueprints/BP_FPSCharacter" FILE="../../../../../../Users/User/Documents/GitHub Files/UE4 Crash Course/FPSProject/Content/Blueprints/BP_FPSCharacter.uasset" SILENT=true
[2018.05.25-11.36.22:674][490]LogSavePackage: Save=24.71ms
[2018.05.25-11.36.22:674][490]LogSavePackage: Moving '../../../../../../Users/User/Documents/GitHub Files/UE4 Crash Course/FPSProject/Saved/BP_FPSCharacterE2EDD376416D384CBC1008BD24587199.tmp' to '../../../../../../Users/User/Documents/GitHub Files/UE4 Crash Course/FPSProject/Content/Blueprints/BP_FPSCharacter.uasset'
[2018.05.25-11.36.22:684][490]LogSavePackage: Display: Finished SavePackage ../../../../../../Users/User/Documents/GitHub Files/UE4 Crash Course/FPSProject/Content/Blueprints/BP_FPSCharacter.uasset
[2018.05.25-11.36.25:713][637]Cmd: OBJ SAVEPACKAGE PACKAGE="/Game/Blueprints/BP_FPSCharacter" FILE="../../../../../../Users/User/Documents/GitHub Files/UE4 Crash Course/FPSProject/Content/Blueprints/BP_FPSCharacter.uasset" SILENT=true
[2018.05.25-11.36.25:736][637]LogSavePackage: Save=13.23ms
[2018.05.25-11.36.25:736][637]LogSavePackage: Moving '../../../../../../Users/User/Documents/GitHub Files/UE4 Crash Course/FPSProject/Saved/BP_FPSCharacter48521BB845222D548E054B82859B2430.tmp' to '../../../../../../Users/User/Documents/GitHub Files/UE4 Crash Course/FPSProject/Content/Blueprints/BP_FPSCharacter.uasset'
[2018.05.25-11.36.25:739][637]LogSavePackage: Display: Finished SavePackage ../../../../../../Users/User/Documents/GitHub Files/UE4 Crash Course/FPSProject/Content/Blueprints/BP_FPSCharacter.uasset
[2018.05.25-11.36.29:459][779]LogSlate: Window 'BP_FPSCharacter' being destroyed
[2018.05.25-11.36.29:463][779]LogSlate: Window 'BP_FPSCharacter' being destroyed
[2018.05.25-11.36.57:819][650]LogFactory: FactoryCreateFile: StaticMesh with FbxFactory (0 0 ../../../../../../Users/User/Desktop/HeroFPP.FBX)
[2018.05.25-11.36.58:004][650]LogFbx: ItemName: GlobalSettings, ItemCount : 1
[2018.05.25-11.36.58:004][650]LogFbx: ItemName: AnimationStack, ItemCount : 1
[2018.05.25-11.36.58:004][650]LogFbx: ItemName: AnimationLayer, ItemCount : 1
[2018.05.25-11.36.58:004][650]LogFbx: ItemName: Model, ItemCount : 45
[2018.05.25-11.36.58:004][650]LogFbx: ItemName: NodeAttribute, ItemCount : 43
[2018.05.25-11.36.58:004][650]LogFbx: ItemName: Geometry, ItemCount : 1
[2018.05.25-11.36.58:004][650]LogFbx: ItemName: Material, ItemCount : 1
[2018.05.25-11.36.58:004][650]LogFbx: ItemName: Deformer, ItemCount : 44
[2018.05.25-11.36.58:004][650]LogFbx: ItemName: Pose, ItemCount : 1
[2018.05.25-11.36.58:020][650]LogFbx: Loading FBX Scene from ../../../../../../Users/User/Desktop/HeroFPP.FBX
[2018.05.25-11.36.58:059][650]LogFbx: FBX Scene Loaded Succesfully
[2018.05.25-11.36.59:974][650]LogSlate: Window 'FBX Import Options' being destroyed
[2018.05.25-11.37.00:014][650]LogFbx: Loading FBX Scene from ../../../../../../Users/User/Desktop/HeroFPP.FBX
[2018.05.25-11.37.00:037][650]LogFbx: FBX Scene Loaded Succesfully
[2018.05.25-11.37.00:038][650]LogFbx: =================================================
[2018.05.25-11.37.00:038][650]LogFbx: Dumping Node START [HeroFPP] 
[2018.05.25-11.37.00:038][650]LogFbx: 	Total Deformer Count 1883699568.
[2018.05.25-11.37.00:038][650]LogFbx: 		[Node 1]  (Type Skin).
[2018.05.25-11.37.00:038][650]LogFbx: =================================================
[2018.05.25-11.37.00:038][650]LogFbx: 	Attribute (HeroFPP) Type (4).
[2018.05.25-11.37.00:038][650]LogFbx: 		[Node Attribute Child 1] HeroFPP (Type Mesh).
[2018.05.25-11.37.00:038][650]LogFbx: Dumping Node END [HeroFPP]
[2018.05.25-11.37.00:038][650]LogFbx: =================================================
[2018.05.25-11.37.00:038][650]LogFbx: Dumping Node START [HeroFPP] 
[2018.05.25-11.37.00:038][650]LogFbx: 	Total Deformer Count 1883699400.
[2018.05.25-11.37.00:038][650]LogFbx: 		[Node 1]  (Type Skin).
[2018.05.25-11.37.00:038][650]LogFbx: =================================================
[2018.05.25-11.37.00:038][650]LogFbx: 	Attribute (HeroFPP) Type (4).
[2018.05.25-11.37.00:038][650]LogFbx: 		[Node Attribute Child 1] HeroFPP (Type Mesh).
[2018.05.25-11.37.00:038][650]LogFbx: Dumping Node END [HeroFPP]
[2018.05.25-11.37.00:039][650]LogFbx: =================================================
[2018.05.25-11.37.00:039][650]LogFbx: Dumping Node START [HeroFPP] 
[2018.05.25-11.37.00:039][650]LogFbx: 	Total Deformer Count 1883699288.
[2018.05.25-11.37.00:039][650]LogFbx: 		[Node 1]  (Type Skin).
[2018.05.25-11.37.00:039][650]LogFbx: =================================================
[2018.05.25-11.37.00:039][650]LogFbx: 	Attribute (HeroFPP) Type (4).
[2018.05.25-11.37.00:039][650]LogFbx: 		[Node Attribute Child 1] HeroFPP (Type Mesh).
[2018.05.25-11.37.00:039][650]LogFbx: Dumping Node END [HeroFPP]
[2018.05.25-11.37.00:042][650]LogFbx: Valid bind pose for Pose (HeroFPP) - HeroFPP
[2018.05.25-11.37.00:091][650]LogMaterial: Warning: Material /Game/HeroFPP/WorldGridMaterial.WorldGridMaterial needed to have new flag set bUsedWithSkeletalMesh !
[2018.05.25-11.37.00:106][650]LogMaterial: Missing cached shader map for material WorldGridMaterial, compiling. 
[2018.05.25-11.37.00:387][650]LogShaderCompilers: Display: Shaders left to compile 60
[2018.05.25-11.37.00:387][650]LogShaderCompilers: Display: Shaders left to compile 50
[2018.05.25-11.37.00:387][650]LogShaderCompilers: Display: Shaders left to compile 40
[2018.05.25-11.37.00:391][650]LogMaterial: Missing cached shader map for material WorldGridMaterial, compiling. 
[2018.05.25-11.37.00:431][650]LogFbx: Warning: Bones digested - 43  Depth of hierarchy - 9
[2018.05.25-11.37.00:545][650]LogSkeletalMesh: Section 0: 1780 vertices, 40 active bones
[2018.05.25-11.37.00:549][650]LogSkeletalMesh: Section 0: Material=0, 2600 triangles
[2018.05.25-11.37.00:598][650]LogSkeletalMesh: Building Skeletal Mesh HeroFPP...
[2018.05.25-11.37.00:730][650]LogSkeletalMesh: Built Skeletal Mesh [0.16s] /Game/HeroFPP/HeroFPP.HeroFPP
[2018.05.25-11.37.00:745][650]LogLinker: Can't find file '/Game/HeroFPP/HeroFPP_Skeleton'
[2018.05.25-11.37.00:745][650]LogLinker: Can't find file '/Game/HeroFPP/HeroFPP_Skeleton'
[2018.05.25-11.37.00:826][650]LogLinker: Can't find file '/Game/HeroFPP/HeroFPP_PhysicsAsset'
[2018.05.25-11.37.00:826][650]LogLinker: Can't find file '/Game/HeroFPP/HeroFPP_PhysicsAsset'
[2018.05.25-11.37.01:039][650]FBXImport: Warning: No smoothing group information was found in this FBX scene.  Please make sure to enable the 'Export Smoothing Groups' option in the FBX Exporter plug-in before exporting the file.  Even for tools that don't support smoothing groups, the FBX Exporter will generate appropriate smoothing data at export-time so that correct vertex normals can be inferred while importing. 
[2018.05.25-11.37.01:091][650]LogSkeletalMesh: Building Skeletal Mesh HeroFPP...
[2018.05.25-11.37.01:095][650]LogSkeletalMesh: Built Skeletal Mesh [0.03s] /Game/HeroFPP/HeroFPP.HeroFPP
[2018.05.25-11.37.03:606][786]LogSlate: Window 'Message Log' being destroyed
[2018.05.25-11.37.03:609][786]LogSlate: Window 'Message Log' being destroyed
[2018.05.25-11.37.06:387][883]LogShaderCompilers: Display: Shaders left to compile 60
[2018.05.25-11.37.06:779][888]LogShaderCompilers: Display: Shaders left to compile 50
[2018.05.25-11.37.08:359][955]LogShaderCompilers: Display: Shaders left to compile 40
[2018.05.25-11.37.08:510][956]LogShaderCompilers: Display: Shaders left to compile 30
[2018.05.25-11.37.10:379][958]LogShaderCompilers: Display: Shaders left to compile 20
[2018.05.25-11.37.10:379][958]LogShaderCompilers: Display: Shaders left to compile 10
[2018.05.25-11.37.12:257][982]LogSlate: Window 'Save Content' being destroyed
[2018.05.25-11.37.12:424][982]Cmd: OBJ SAVEPACKAGE PACKAGE="/Game/HeroFPP/HeroFPP" FILE="../../../../../../Users/User/Documents/GitHub Files/UE4 Crash Course/FPSProject/Content/HeroFPP/HeroFPP.uasset" SILENT=true
[2018.05.25-11.37.12:449][982]LogSavePackage: Save=20.57ms
[2018.05.25-11.37.12:449][982]LogSavePackage: Moving '../../../../../../Users/User/Documents/GitHub Files/UE4 Crash Course/FPSProject/Saved/HeroFPP9E6B0CC0435DCCAAAC33BCBCAC7B3133.tmp' to '../../../../../../Users/User/Documents/GitHub Files/UE4 Crash Course/FPSProject/Content/HeroFPP/HeroFPP.uasset'
[2018.05.25-11.37.12:458][982]LogSavePackage: Display: Finished SavePackage ../../../../../../Users/User/Documents/GitHub Files/UE4 Crash Course/FPSProject/Content/HeroFPP/HeroFPP.uasset
[2018.05.25-11.37.13:054][982]LogSavePackage: Save=19.98ms
[2018.05.25-11.37.13:054][982]LogSavePackage: Moving '../../../../../../Users/User/Documents/GitHub Files/UE4 Crash Course/FPSProject/Saved/HeroFPP_PhysicsAsset9E7840EE4EE6F858D55B01911B1238F5.tmp' to '../../../../../../Users/User/Documents/GitHub Files/UE4 Crash Course/FPSProject/Content/HeroFPP/HeroFPP_PhysicsAsset.uasset'
[2018.05.25-11.37.13:064][982]LogSavePackage: Display: Finished SavePackage ../../../../../../Users/User/Documents/GitHub Files/UE4 Crash Course/FPSProject/Content/HeroFPP/HeroFPP_PhysicsAsset.uasset
[2018.05.25-11.37.13:387][982]Cmd: OBJ SAVEPACKAGE PACKAGE="/Game/HeroFPP/HeroFPP_Skeleton" FILE="../../../../../../Users/User/Documents/GitHub Files/UE4 Crash Course/FPSProject/Content/HeroFPP/HeroFPP_Skeleton.uasset" SILENT=true
[2018.05.25-11.37.13:395][982]LogSavePackage: Save=3.79ms
[2018.05.25-11.37.13:395][982]LogSavePackage: Moving '../../../../../../Users/User/Documents/GitHub Files/UE4 Crash Course/FPSProject/Saved/HeroFPP_Skeleton298E437849F72A19AC1F50B12002A5EA.tmp' to '../../../../../../Users/User/Documents/GitHub Files/UE4 Crash Course/FPSProject/Content/HeroFPP/HeroFPP_Skeleton.uasset'
[2018.05.25-11.37.13:403][982]LogSavePackage: Display: Finished SavePackage ../../../../../../Users/User/Documents/GitHub Files/UE4 Crash Course/FPSProject/Content/HeroFPP/HeroFPP_Skeleton.uasset
[2018.05.25-11.37.13:765][982]Cmd: OBJ SAVEPACKAGE PACKAGE="/Game/HeroFPP/WorldGridMaterial" FILE="../../../../../../Users/User/Documents/GitHub Files/UE4 Crash Course/FPSProject/Content/HeroFPP/WorldGridMaterial.uasset" SILENT=true
[2018.05.25-11.37.13:785][982]LogSavePackage: Save=16.31ms
[2018.05.25-11.37.13:785][982]LogSavePackage: Moving '../../../../../../Users/User/Documents/GitHub Files/UE4 Crash Course/FPSProject/Saved/WorldGridMaterial04D9708D4CA6DA3A7010A2821B2F8651.tmp' to '../../../../../../Users/User/Documents/GitHub Files/UE4 Crash Course/FPSProject/Content/HeroFPP/WorldGridMaterial.uasset'
[2018.05.25-11.37.13:794][982]LogSavePackage: Display: Finished SavePackage ../../../../../../Users/User/Documents/GitHub Files/UE4 Crash Course/FPSProject/Content/HeroFPP/WorldGridMaterial.uasset
[2018.05.25-11.37.46:485][686]LogSlate: FSceneViewport::OnFocusLost() reason 2
[2018.05.25-11.38.40:255][735]LogSlate: FSceneViewport::OnFocusLost() reason 2
[2018.05.25-11.38.40:877][772]BlueprintLog: New page: Compile BP_FPSCharacter
[2018.05.25-11.38.41:476][772]Cmd: OBJ SAVEPACKAGE PACKAGE="/Game/Blueprints/BP_FPSCharacter" FILE="../../../../../../Users/User/Documents/GitHub Files/UE4 Crash Course/FPSProject/Content/Blueprints/BP_FPSCharacter.uasset" SILENT=true
[2018.05.25-11.38.41:515][772]LogSavePackage: Save=25.06ms
[2018.05.25-11.38.41:515][772]LogSavePackage: Moving '../../../../../../Users/User/Documents/GitHub Files/UE4 Crash Course/FPSProject/Saved/BP_FPSCharacter7865780941EF858032BCC7BC207B15A1.tmp' to '../../../../../../Users/User/Documents/GitHub Files/UE4 Crash Course/FPSProject/Content/Blueprints/BP_FPSCharacter.uasset'
[2018.05.25-11.38.41:524][772]LogSavePackage: Display: Finished SavePackage ../../../../../../Users/User/Documents/GitHub Files/UE4 Crash Course/FPSProject/Content/Blueprints/BP_FPSCharacter.uasset
[2018.05.25-11.38.42:185][803]Cmd: OBJ SAVEPACKAGE PACKAGE="/Game/Blueprints/BP_FPSCharacter" FILE="../../../../../../Users/User/Documents/GitHub Files/UE4 Crash Course/FPSProject/Content/Blueprints/BP_FPSCharacter.uasset" SILENT=true
[2018.05.25-11.38.42:208][803]LogSavePackage: Save=12.99ms
[2018.05.25-11.38.42:208][803]LogSavePackage: Moving '../../../../../../Users/User/Documents/GitHub Files/UE4 Crash Course/FPSProject/Saved/BP_FPSCharacterC1E5A1154591D2A2D54283B219724A59.tmp' to '../../../../../../Users/User/Documents/GitHub Files/UE4 Crash Course/FPSProject/Content/Blueprints/BP_FPSCharacter.uasset'
[2018.05.25-11.38.42:212][803]LogSavePackage: Display: Finished SavePackage ../../../../../../Users/User/Documents/GitHub Files/UE4 Crash Course/FPSProject/Content/Blueprints/BP_FPSCharacter.uasset
[2018.05.25-11.38.51:354][952]LogSlate: Window 'BP_FPSCharacter' being destroyed
[2018.05.25-11.38.51:359][952]LogSlate: Window 'BP_FPSCharacter' being destroyed
[2018.05.25-11.38.53:008][ 43]LogTemp: Repeating last play command: Selected Viewport
[2018.05.25-11.38.53:315][ 43]LogPlayLevel: PlayLevel: No blueprints needed recompiling
[2018.05.25-11.38.53:315][ 43]PIE: New page: PIE session: FPSMaps (May 26, 2018, 3:38:53 AM)
[2018.05.25-11.38.53:315][ 43]LogPlayLevel: Creating play world package: /Game/Maps/UEDPIE_0_FPSMaps
[2018.05.25-11.38.53:318][ 43]LogPlayLevel: PIE: StaticDuplicateObject took: (0.002224s)
[2018.05.25-11.38.53:318][ 43]LogAIModule: Creating AISystem for world FPSMaps
[2018.05.25-11.38.53:319][ 43]LogPlayLevel: PIE: World Init took: (0.000999s)
[2018.05.25-11.38.53:319][ 43]LogPlayLevel: PIE: Created PIE world by copying editor world from /Game/Maps/FPSMaps.FPSMaps to /Game/Maps/UEDPIE_0_FPSMaps.FPSMaps (0.003381s)
[2018.05.25-11.38.53:397][ 43]LogInit: XAudio2 using 'Speakers (Realtek High Definition Audio)' : 2 channels at 48 kHz using 32 bits per sample (channel mask 0x3)
[2018.05.25-11.38.53:433][ 43]LogInit: FAudioDevice initialized.
[2018.05.25-11.38.53:471][ 43]LogLoad: Game class is 'BP_FPSProjectGameModeBase_C'
[2018.05.25-11.38.53:472][ 43]LogWorld: Bringing World /Game/Maps/UEDPIE_0_FPSMaps.FPSMaps up for play (max tick rate 60) at 2018.05.25-19.38.53
[2018.05.25-11.38.53:472][ 43]LogWorld: Bringing up level for play took: 0.000650
[2018.05.25-11.38.53:474][ 43]PIE: Play in editor start time for /Game/Maps/UEDPIE_0_FPSMaps -0.531
[2018.05.25-12.57.00:288][336]LogSlate: FSceneViewport::OnFocusLost() reason 2
[2018.05.25-12.57.02:058][406]Cmd: OBJ SAVEPACKAGE PACKAGE="/Game/Blueprints/BP_FPSCharacter" FILE="../../../../../../Users/User/Documents/GitHub Files/UE4 Crash Course/FPSProject/Content/Blueprints/BP_FPSCharacter.uasset" SILENT=true
[2018.05.25-12.57.02:096][406]LogSavePackage: Save=22.34ms
[2018.05.25-12.57.02:096][406]LogSavePackage: Moving '../../../../../../Users/User/Documents/GitHub Files/UE4 Crash Course/FPSProject/Saved/BP_FPSCharacter6253C35F4FBA9325F74CDFA013FEBCA7.tmp' to '../../../../../../Users/User/Documents/GitHub Files/UE4 Crash Course/FPSProject/Content/Blueprints/BP_FPSCharacter.uasset'
[2018.05.25-12.57.02:101][406]LogSavePackage: Display: Finished SavePackage ../../../../../../Users/User/Documents/GitHub Files/UE4 Crash Course/FPSProject/Content/Blueprints/BP_FPSCharacter.uasset
[2018.05.25-12.57.34:613][687]LogSlate: Window 'FPSProject - Unreal Editor' being destroyed
[2018.05.25-12.57.35:046][688]Cmd: QUIT_EDITOR
[2018.05.25-12.57.36:015][688]LogWindowsTextInputMethodSystem: Display: IME system now deactivated.
[2018.05.25-12.57.36:290][688]LogSlate: Slate User Destroyed.  User Index 0, Is Virtual User: 0
[2018.05.25-12.57.36:294][688]LogExit: Preparing to exit.
[2018.05.25-12.57.39:267][688]LogDirectoryWatcher: A directory notification for 'C:/Users/User/Documents/GitHub Files/UE4 Crash Course/FPSProject/Content/' was aborted.
[2018.05.25-12.57.40:302][688]LogExit: Editor shut down
[2018.05.25-12.57.40:338][688]LogExit: Transaction tracking system shut down
[2018.05.25-12.57.40:339][688]LogUObjectGlobals: Destroyed PersistentFrame Addr=0x000002a05eeff600, Size=80
[2018.05.25-12.57.40:350][688]LogUObjectGlobals: Destroyed PersistentFrame Addr=0x000002a0195da5a0, Size=4
[2018.05.25-12.57.40:350][688]LogUObjectGlobals: Destroyed PersistentFrame Addr=0x000002a0195da598, Size=4
[2018.05.25-12.57.40:567][688]LogDirectoryWatcher: A directory notification for '../../../Engine/Content/' was aborted.
[2018.05.25-12.57.40:567][688]LogDirectoryWatcher: A directory notification for '../../../../../../Users/User/Documents/GitHub Files/UE4 Crash Course/FPSProject/Content/' was aborted.
[2018.05.25-12.57.40:567][688]LogDirectoryWatcher: A directory notification for '../../Plugins/2D/Paper2D/Content/' was aborted.
[2018.05.25-12.57.40:568][688]LogDirectoryWatcher: A directory notification for '../../Plugins/Enterprise/DatasmithContent/Content/' was aborted.
[2018.05.25-12.57.40:568][688]LogDirectoryWatcher: A directory notification for '../../Plugins/Media/MediaCompositing/Content/' was aborted.
[2018.05.25-12.57.40:568][688]LogDirectoryWatcher: A directory notification for '../../Plugins/Runtime/AppleARKit/Content/' was aborted.
[2018.05.25-12.57.40:568][688]LogDirectoryWatcher: A directory notification for '../../Plugins/Runtime/Oculus/OculusVR/Content/' was aborted.
[2018.05.25-12.57.40:568][688]LogDirectoryWatcher: A directory notification for '../../Plugins/Runtime/Steam/SteamVR/Content/' was aborted.
[2018.05.25-12.57.45:204][688]LogExit: Object subsystem successfully closed.
[2018.05.25-12.57.46:019][688]LogShaderCompilers: Display: Shaders left to compile 0
[2018.05.25-12.57.46:088][688]LogD3D11RHI: Shutdown
[2018.05.25-12.57.46:088][688]LogD3D11RHI: CleanupD3DDevice
[2018.05.25-12.57.46:133][688]LogD3D11RHI: ~FD3D11DynamicRHI
[2018.05.25-12.57.48:069][688]LogModuleManager: Shutting down and abandoning module BlueprintGraph (576)
[2018.05.25-12.57.48:069][688]LogModuleManager: Shutting down and abandoning module MovieSceneCapture (574)
[2018.05.25-12.57.48:069][688]LogModuleManager: Shutting down and abandoning module HierarchicalLODOutliner (572)
[2018.05.25-12.57.48:069][688]LogModuleManager: Shutting down and abandoning module DesktopPlatform (570)
[2018.05.25-12.57.48:108][688]LogModuleManager: Shutting down and abandoning module SceneOutliner (568)
[2018.05.25-12.57.48:129][688]LogModuleManager: Shutting down and abandoning module AddContentDialog (566)
[2018.05.25-12.57.48:141][688]LogDirectoryWatcher: A directory notification for 'C:/Program Files/Epic Games/UE_4.19/FeaturePacks/' was aborted.
[2018.05.25-12.57.48:152][688]LogModuleManager: Shutting down and abandoning module WidgetCarousel (565)
[2018.05.25-12.57.48:152][688]LogModuleManager: Shutting down and abandoning module EditorWidgets (562)
[2018.05.25-12.57.48:152][688]LogModuleManager: Shutting down and abandoning module CollectionManager (560)
[2018.05.25-12.57.48:152][688]LogDirectoryWatcher: A directory notification for 'C:/Users/User/Documents/GitHub Files/UE4 Crash Course/FPSProject/Content/Collections/' was aborted.
[2018.05.25-12.57.48:152][688]LogDirectoryWatcher: A directory notification for 'C:/Users/User/Documents/GitHub Files/UE4 Crash Course/FPSProject/Content/Developers/User/Collections/' was aborted.
[2018.05.25-12.57.48:152][688]LogDirectoryWatcher: A directory notification for 'C:/Users/User/Documents/GitHub Files/UE4 Crash Course/FPSProject/Saved/Collections/' was aborted.
[2018.05.25-12.57.48:152][688]LogModuleManager: Shutting down and abandoning module LauncherPlatform (558)
[2018.05.25-12.57.48:152][688]LogModuleManager: Shutting down and abandoning module StatsViewer (556)
[2018.05.25-12.57.48:254][688]LogModuleManager: Shutting down and abandoning module FoliageEdit (554)
[2018.05.25-12.57.48:254][688]LogModuleManager: Shutting down and abandoning module LandscapeEditor (552)
[2018.05.25-12.57.48:255][688]LogModuleManager: Shutting down and abandoning module MeshPaintMode (550)
[2018.05.25-12.57.48:255][688]LogModuleManager: Shutting down and abandoning module SceneDepthPickerMode (548)
[2018.05.25-12.57.48:255][688]LogModuleManager: Shutting down and abandoning module ActorPickerMode (546)
[2018.05.25-12.57.48:255][688]LogModuleManager: Shutting down and abandoning module GeometryMode (544)
[2018.05.25-12.57.48:255][688]LogModuleManager: Shutting down and abandoning module TextureAlignMode (542)
[2018.05.25-12.57.48:255][688]LogModuleManager: Shutting down and abandoning module BspMode (540)
[2018.05.25-12.57.48:255][688]LogModuleManager: Shutting down and abandoning module PIEPreviewDeviceProfileSelector (538)
[2018.05.25-12.57.48:255][688]LogModuleManager: Shutting down and abandoning module SequenceRecorderSections (536)
[2018.05.25-12.57.48:255][688]LogModuleManager: Shutting down and abandoning module AutomationWorker (534)
[2018.05.25-12.57.48:255][688]LogModuleManager: Shutting down and abandoning module AudioCaptureEditor (532)
[2018.05.25-12.57.48:255][688]LogModuleManager: Shutting down and abandoning module SequenceRecorder (531)
[2018.05.25-12.57.48:281][688]LogModuleManager: Shutting down and abandoning module MatineeToLevelSequence (528)
[2018.05.25-12.57.48:281][688]LogModuleManager: Shutting down and abandoning module LevelSequenceEditor (526)
[2018.05.25-12.57.48:596][688]LogModuleManager: Shutting down and abandoning module PlacementMode (525)
[2018.05.25-12.57.48:596][688]LogModuleManager: Shutting down and abandoning module MaterialEditor (524)
[2018.05.25-12.57.48:792][688]LogModuleManager: Shutting down and abandoning module WmfMediaFactory (520)
[2018.05.25-12.57.48:792][688]LogModuleManager: Shutting down and abandoning module WmfMediaEditor (518)
[2018.05.25-12.57.48:792][688]LogModuleManager: Shutting down and abandoning module MediaPlayerEditor (516)
[2018.05.25-12.57.49:091][688]LogModuleManager: Shutting down and abandoning module OpenExrWrapper (514)
[2018.05.25-12.57.49:091][688]LogModuleManager: Shutting down and abandoning module ImgMediaFactory (512)
[2018.05.25-12.57.49:091][688]LogModuleManager: Shutting down and abandoning module ImgMediaEditor (510)
[2018.05.25-12.57.49:091][688]LogModuleManager: Shutting down and abandoning module AvfMediaFactory (508)
[2018.05.25-12.57.49:091][688]LogModuleManager: Shutting down and abandoning module AvfMediaEditor (506)
[2018.05.25-12.57.49:091][688]LogModuleManager: Shutting down and abandoning module AndroidMediaFactory (504)
[2018.05.25-12.57.49:091][688]LogModuleManager: Shutting down and abandoning module AndroidMediaEditor (502)
[2018.05.25-12.57.49:091][688]LogModuleManager: Shutting down and abandoning module CharacterAI (500)
[2018.05.25-12.57.49:091][688]LogModuleManager: Shutting down and abandoning module SmartSnapping (498)
[2018.05.25-12.57.49:091][688]LogModuleManager: Shutting down and abandoning module SessionServices (496)
[2018.05.25-12.57.49:091][688]LogModuleManager: Shutting down and abandoning module ViewportSnapping (494)
[2018.05.25-12.57.49:091][688]LogModuleManager: Shutting down and abandoning module ViewportInteraction (492)
[2018.05.25-12.57.49:091][688]LogModuleManager: Shutting down and abandoning module ClothPainter (490)
[2018.05.25-12.57.49:111][688]LogModuleManager: Shutting down and abandoning module SkeletalMeshEditor (489)
[2018.05.25-12.57.49:147][688]LogModuleManager: Shutting down and abandoning module LogVisualizer (486)
[2018.05.25-12.57.49:383][688]LogModuleManager: Shutting down and abandoning module IntroTutorials (484)
[2018.05.25-12.57.49:534][688]LogModuleManager: Shutting down and abandoning module GameProjectGeneration (483)
[2018.05.25-12.57.49:604][688]LogModuleManager: Shutting down and abandoning module IOSPlatformEditor (480)
[2018.05.25-12.57.49:604][688]LogModuleManager: Shutting down and abandoning module HTML5PlatformEditor (478)
[2018.05.25-12.57.49:605][688]LogModuleManager: Shutting down and abandoning module AndroidPlatformEditor (476)
[2018.05.25-12.57.49:605][688]LogModuleManager: Shutting down and abandoning module AndroidDeviceDetection (475)
[2018.05.25-12.57.49:617][688]LogModuleManager: Shutting down and abandoning module WindowsPlatformEditor (472)
[2018.05.25-12.57.49:618][688]LogModuleManager: Shutting down and abandoning module IOSRuntimeSettings (470)
[2018.05.25-12.57.49:618][688]LogModuleManager: Shutting down and abandoning module AndroidRuntimeSettings (468)
[2018.05.25-12.57.49:618][688]LogModuleManager: Shutting down and abandoning module InputBindingEditor (466)
[2018.05.25-12.57.49:618][688]LogModuleManager: Shutting down and abandoning module MergeActors (464)
[2018.05.25-12.57.49:618][688]LogModuleManager: Shutting down and abandoning module LocalizationDashboard (462)
[2018.05.25-12.57.49:618][688]LogModuleManager: Shutting down and abandoning module LocalizationService (461)
[2018.05.25-12.57.49:618][688]LogModuleManager: Shutting down and abandoning module HardwareTargeting (458)
[2018.05.25-12.57.49:618][688]LogModuleManager: Shutting down and abandoning module DeviceProfileEditor (456)
[2018.05.25-12.57.49:618][688]LogModuleManager: Shutting down and abandoning module UndoHistory (454)
[2018.05.25-12.57.49:618][688]LogModuleManager: Shutting down and abandoning module XmlParser (452)
[2018.05.25-12.57.49:798][688]LogModuleManager: Shutting down and abandoning module Blutility (450)
[2018.05.25-12.57.49:798][688]LogModuleManager: Shutting down and abandoning module ProjectSettingsViewer (448)
[2018.05.25-12.57.49:798][688]LogModuleManager: Shutting down and abandoning module ProjectTargetPlatformEditor (447)
[2018.05.25-12.57.49:799][688]LogModuleManager: Shutting down and abandoning module EditorSettingsViewer (444)
[2018.05.25-12.57.49:799][688]LogModuleManager: Shutting down and abandoning module SettingsEditor (442)
[2018.05.25-12.57.49:799][688]LogModuleManager: Shutting down and abandoning module ProjectLauncher (440)
[2018.05.25-12.57.49:799][688]LogModuleManager: Shutting down and abandoning module SessionFrontend (438)
[2018.05.25-12.57.49:799][688]LogModuleManager: Shutting down and abandoning module ProfilerClient (436)
[2018.05.25-12.57.49:799][688]LogModuleManager: Shutting down and abandoning module DeviceManager (434)
[2018.05.25-12.57.49:799][688]LogModuleManager: Shutting down and abandoning module TargetDeviceServices (433)
[2018.05.25-12.57.49:864][688]LogModuleManager: Shutting down and abandoning module AutomationController (430)
[2018.05.25-12.57.49:864][688]LogModuleManager: Shutting down and abandoning module AutomationWindow (428)
[2018.05.25-12.57.49:864][688]LogModuleManager: Shutting down and abandoning module Layers (426)
[2018.05.25-12.57.49:864][688]LogModuleManager: Shutting down and abandoning module ComponentVisualizers (424)
[2018.05.25-12.57.49:864][688]LogModuleManager: Shutting down and abandoning module DetailCustomizations (422)
[2018.05.25-12.57.49:949][688]LogModuleManager: Shutting down and abandoning module PackagesDialog (420)
[2018.05.25-12.57.49:950][688]LogModuleManager: Shutting down and abandoning module Persona (418)
[2018.05.25-12.57.49:970][688]LogModuleManager: Shutting down and abandoning module AdvancedPreviewScene (417)
[2018.05.25-12.57.49:970][688]LogModuleManager: Shutting down and abandoning module AnimGraph (415)
[2018.05.25-12.57.49:970][688]LogModuleManager: Shutting down and abandoning module Kismet (412)
[2018.05.25-12.57.49:987][688]LogModuleManager: Shutting down and abandoning module GraphEditor (410)
[2018.05.25-12.57.49:987][688]LogModuleManager: Shutting down and abandoning module ClassViewer (408)
[2018.05.25-12.57.49:987][688]LogModuleManager: Shutting down and abandoning module Toolbox (406)
[2018.05.25-12.57.49:987][688]LogModuleManager: Shutting down and abandoning module ModuleUI (404)
[2018.05.25-12.57.49:988][688]LogModuleManager: Shutting down and abandoning module MovieSceneTools (402)
[2018.05.25-12.57.50:029][688]LogModuleManager: Shutting down and abandoning module OutputLog (400)
[2018.05.25-12.57.50:029][688]LogModuleManager: Shutting down and abandoning module GammaUI (398)
[2018.05.25-12.57.50:029][688]LogModuleManager: Shutting down and abandoning module Documentation (396)
[2018.05.25-12.57.50:029][688]LogModuleManager: Shutting down and abandoning module MovieSceneTracks (394)
[2018.05.25-12.57.50:030][688]LogModuleManager: Shutting down and abandoning module MovieScene (392)
[2018.05.25-12.57.50:030][688]LogModuleManager: Shutting down and abandoning module StreamingPauseRendering (390)
[2018.05.25-12.57.50:030][688]LogModuleManager: Shutting down and abandoning module PortalServices (388)
[2018.05.25-12.57.50:030][688]LogModuleManager: Shutting down and abandoning module PortalRpc (386)
[2018.05.25-12.57.50:030][688]LogModuleManager: Shutting down and abandoning module MessagingRpc (384)
[2018.05.25-12.57.50:030][688]LogModuleManager: Shutting down and abandoning module AIModule (382)
[2018.05.25-12.57.50:030][688]LogModuleManager: Shutting down and abandoning module GameplayDebugger (381)
[2018.05.25-12.57.50:030][688]LogModuleManager: Shutting down and abandoning module AITestSuite (379)
[2018.05.25-12.57.50:127][688]LogModuleManager: Shutting down and abandoning module ProfilerService (376)
[2018.05.25-12.57.50:360][688]LogModuleManager: Shutting down and abandoning module TaskGraph (374)
[2018.05.25-12.57.50:444][688]LogModuleManager: Shutting down and abandoning module SteamVRController (372)
[2018.05.25-12.57.50:444][688]LogModuleManager: Shutting down and abandoning module ProceduralMeshComponentEditor (370)
[2018.05.25-12.57.50:444][688]LogModuleManager: Shutting down and abandoning module ProceduralMeshComponent (368)
[2018.05.25-12.57.50:456][688]LogModuleManager: Shutting down and abandoning module OculusInput (366)
[2018.05.25-12.57.50:462][688]LogModuleManager: Shutting down and abandoning module MobilePatchingUtils (364)
[2018.05.25-12.57.50:462][688]LogModuleManager: Shutting down and abandoning module CustomMeshComponent (362)
[2018.05.25-12.57.50:462][688]LogModuleManager: Shutting down and abandoning module CableComponent (360)
[2018.05.25-12.57.50:527][688]LogModuleManager: Shutting down and abandoning module AudioCapture (358)
[2018.05.25-12.57.50:527][688]LogModuleManager: Shutting down and abandoning module ArchVisCharacter (356)
[2018.05.25-12.57.50:527][688]LogModuleManager: Shutting down and abandoning module AndroidPermission (354)
[2018.05.25-12.57.50:527][688]LogModuleManager: Shutting down and abandoning module NUTUnrealEngine4 (350)
[2018.05.25-12.57.50:527][688]LogModuleManager: Shutting down and abandoning module NetcodeUnitTest (348)
[2018.05.25-12.57.50:608][688]LogModuleManager: Shutting down and abandoning module MediaCompositingEditor (346)
[2018.05.25-12.57.50:608][688]LogModuleManager: Shutting down and abandoning module MediaCompositing (344)
[2018.05.25-12.57.50:608][688]LogModuleManager: Shutting down and abandoning module LinearTimecode (342)
[2018.05.25-12.57.50:608][688]LogModuleManager: Shutting down and abandoning module ImgMedia (340)
[2018.05.25-12.57.50:616][688]LogModuleManager: Shutting down and abandoning module HTML5Networking (338)
[2018.05.25-12.57.50:616][688]LogModuleManager: Shutting down and abandoning module AlembicImporter (336)
[2018.05.25-12.57.50:625][688]LogModuleManager: Shutting down and abandoning module AlembicLibrary (335)
[2018.05.25-12.57.50:625][688]LogModuleManager: Shutting down and abandoning module GeometryCache (334)
[2018.05.25-12.57.50:625][688]LogModuleManager: Shutting down and abandoning module GeometryCacheEd (333)
[2018.05.25-12.57.50:625][688]LogModuleManager: Shutting down and abandoning module DatasmithContent (328)
[2018.05.25-12.57.50:625][688]LogModuleManager: Shutting down and abandoning module SpeedTreeImporter (326)
[2018.05.25-12.57.50:625][688]LogModuleManager: Shutting down and abandoning module PluginBrowser (324)
[2018.05.25-12.57.50:645][688]LogModuleManager: Shutting down and abandoning module MobileLauncherProfileWizard (322)
[2018.05.25-12.57.50:774][688]LogModuleManager: Shutting down and abandoning module CryptoKeysOpenSSL (320)
[2018.05.25-12.57.50:781][688]LogModuleManager: Shutting down and abandoning module CryptoKeys (318)
[2018.05.25-12.57.50:781][688]LogModuleManager: Shutting down and abandoning module VisualStudioSourceCodeAccess (316)
[2018.05.25-12.57.50:781][688]LogModuleManager: Shutting down and abandoning module VisualStudioCodeSourceCodeAccess (314)
[2018.05.25-12.57.50:781][688]LogModuleManager: Shutting down and abandoning module UObjectPlugin (312)
[2018.05.25-12.57.50:781][688]LogModuleManager: Shutting down and abandoning module SubversionSourceControl (310)
[2018.05.25-12.57.50:848][688]LogModuleManager: Shutting down and abandoning module PerforceSourceControl (308)
[2018.05.25-12.57.50:936][688]LogModuleManager: Shutting down and abandoning module GitSourceControl (306)
[2018.05.25-12.57.50:936][688]LogModuleManager: Shutting down and abandoning module SourceControl (305)
[2018.05.25-12.57.50:936][688]LogModuleManager: Shutting down and abandoning module CLionSourceCodeAccess (302)
[2018.05.25-12.57.51:045][688]LogModuleManager: Shutting down and abandoning module LightPropagationVolumeEditor (300)
[2018.05.25-12.57.51:045][688]LogModuleManager: Shutting down and abandoning module PaperTiledImporter (298)
[2018.05.25-12.57.51:045][688]LogModuleManager: Shutting down and abandoning module PaperSpriteSheetImporter (296)
[2018.05.25-12.57.51:045][688]LogModuleManager: Shutting down and abandoning module Paper2DEditor (294)
[2018.05.25-12.57.51:121][688]LogModuleManager: Shutting down and abandoning module MeshPaint (293)
[2018.05.25-12.57.51:129][688]LogModuleManager: Shutting down and abandoning module FPSProject (290)
[2018.05.25-12.57.51:129][688]LogModuleManager: Shutting down and abandoning module RuntimePhysXCooking (288)
[2018.05.25-12.57.51:129][688]LogModuleManager: Shutting down and abandoning module PhysXVehiclesEditor (286)
[2018.05.25-12.57.51:129][688]LogModuleManager: Shutting down and abandoning module PhysXVehicles (284)
[2018.05.25-12.57.51:129][688]LogModuleManager: Shutting down and abandoning module OculusEditor (282)
[2018.05.25-12.57.51:129][688]LogModuleManager: Shutting down and abandoning module LocationServicesBPLibrary (280)
[2018.05.25-12.57.51:129][688]LogModuleManager: Shutting down and abandoning module ImmediatePhysicsEditor (278)
[2018.05.25-12.57.51:129][688]LogModuleManager: Shutting down and abandoning module ImmediatePhysics (276)
[2018.05.25-12.57.51:131][688]LogModuleManager: Shutting down and abandoning module ActorSequence (274)
[2018.05.25-12.57.51:131][688]LogModuleManager: Shutting down and abandoning module UdpMessaging (272)
[2018.05.25-12.57.51:258][688]LogModuleManager: Shutting down and abandoning module TcpMessaging (270)
[2018.05.25-12.57.51:374][688]LogModuleManager: Shutting down and abandoning module GameplayTagsEditor (268)
[2018.05.25-12.57.51:391][688]LogModuleManager: Shutting down and abandoning module FacialAnimationEditor (266)
[2018.05.25-12.57.51:391][688]LogModuleManager: Shutting down and abandoning module FacialAnimation (264)
[2018.05.25-12.57.51:391][688]LogModuleManager: Shutting down and abandoning module DataValidation (262)
[2018.05.25-12.57.51:391][688]LogModuleManager: Shutting down and abandoning module AssetManagerEditor (260)
[2018.05.25-12.57.51:405][688]LogModuleManager: Shutting down and abandoning module LevelEditor (259)
[2018.05.25-12.57.51:418][688]LogModuleManager: Shutting down and abandoning module PixelInspectorModule (258)
[2018.05.25-12.57.51:440][688]LogModuleManager: Shutting down and abandoning module CommonMenuExtensions (256)
[2018.05.25-12.57.51:451][688]LogModuleManager: Shutting down and abandoning module MainFrame (254)
[2018.05.25-12.57.51:451][688]LogModuleManager: Shutting down and abandoning module HotReload (253)
[2018.05.25-12.57.51:459][688]LogDirectoryWatcher: A directory notification for 'C:/Users/User/Documents/GitHub Files/UE4 Crash Course/FPSProject/Binaries/Win64' was aborted.
[2018.05.25-12.57.51:461][688]LogModuleManager: Shutting down and abandoning module ContentBrowser (249)
[2018.05.25-12.57.51:464][688]LogModuleManager: Shutting down and abandoning module TreeMap (247)
[2018.05.25-12.57.51:468][688]LogModuleManager: Shutting down and abandoning module LightPropagationVolumeRuntime (244)
[2018.05.25-12.57.51:468][688]LogModuleManager: Shutting down and abandoning module LiveLinkEditor (242)
[2018.05.25-12.57.51:470][688]LogModuleManager: Shutting down and abandoning module LiveLink (240)
[2018.05.25-12.57.52:302][688]LogModuleManager: Shutting down and abandoning module Paper2D (238)
[2018.05.25-12.57.52:333][688]LogModuleManager: Shutting down and abandoning module WindowsMoviePlayer (236)
[2018.05.25-12.57.52:354][688]LogModuleManager: Shutting down and abandoning module WmfMedia (234)
[2018.05.25-12.57.52:366][688]LogModuleManager: Shutting down and abandoning module Media (233)
[2018.05.25-12.57.52:371][688]LogModuleManager: Shutting down and abandoning module PacketHandler (230)
[2018.05.25-12.57.52:372][688]LogModuleManager: Shutting down and abandoning module ClothingSystemEditor (228)
[2018.05.25-12.57.52:372][688]LogModuleManager: Shutting down and abandoning module ClothingSystemRuntime (226)
[2018.05.25-12.57.52:426][688]LogModuleManager: Shutting down and abandoning module MediaAssets (224)
[2018.05.25-12.57.52:426][688]LogModuleManager: Shutting down and abandoning module Overlay (222)
[2018.05.25-12.57.52:426][688]LogModuleManager: Shutting down and abandoning module OverlayEditor (221)
[2018.05.25-12.57.52:426][688]LogModuleManager: Shutting down and abandoning module VREditor (218)
[2018.05.25-12.57.52:458][688]LogModuleManager: Shutting down and abandoning module StringTableEditor (216)
[2018.05.25-12.57.52:458][688]LogModuleManager: Shutting down and abandoning module GameplayTasksEditor (214)
[2018.05.25-12.57.52:458][688]LogModuleManager: Shutting down and abandoning module BehaviorTreeEditor (212)
[2018.05.25-12.57.52:550][688]LogModuleManager: Shutting down and abandoning module FunctionalTesting (210)
[2018.05.25-12.57.52:670][688]LogModuleManager: Shutting down and abandoning module CollisionAnalyzer (208)
[2018.05.25-12.57.52:682][688]LogModuleManager: Shutting down and abandoning module WorkspaceMenuStructure (207)
[2018.05.25-12.57.52:682][688]LogModuleManager: Shutting down and abandoning module UMG (204)
[2018.05.25-12.57.52:917][688]LogModuleManager: Shutting down and abandoning module UMGEditor (203)
[2018.05.25-12.57.53:011][688]LogModuleManager: Shutting down and abandoning module Sequencer (202)
[2018.05.25-12.57.53:166][688]LogModuleManager: Shutting down and abandoning module MessageLog (199)
[2018.05.25-12.57.53:166][688]LogModuleManager: Shutting down and abandoning module SlateReflector (194)
[2018.05.25-12.57.53:412][688]LogModuleManager: Shutting down and abandoning module Slate (192)
[2018.05.25-12.57.53:412][688]LogModuleManager: Shutting down and abandoning module EditorStyle (190)
[2018.05.25-12.57.53:434][688]LogModuleManager: Shutting down and abandoning module MRMesh (188)
[2018.05.25-12.57.53:434][688]LogModuleManager: Shutting down and abandoning module SourceCodeAccess (186)
[2018.05.25-12.57.53:434][688]LogModuleManager: Shutting down and abandoning module HeadMountedDisplay (184)
[2018.05.25-12.57.53:434][688]LogModuleManager: Shutting down and abandoning module XAudio2 (182)
[2018.05.25-12.57.53:434][688]LogModuleManager: Shutting down and abandoning module Networking (180)
[2018.05.25-12.57.53:434][688]LogModuleManager: Shutting down and abandoning module Core (178)
[2018.05.25-12.57.53:434][688]LogModuleManager: Shutting down and abandoning module LevelSequence (176)
[2018.05.25-12.57.53:439][688]LogModuleManager: Shutting down and abandoning module KismetCompiler (174)
[2018.05.25-12.57.53:439][688]LogModuleManager: Shutting down and abandoning module MeshUtilities (172)
[2018.05.25-12.57.53:486][688]LogModuleManager: Shutting down and abandoning module MeshMergeUtilities (171)
[2018.05.25-12.57.53:486][688]LogModuleManager: Shutting down and abandoning module MeshReductionInterface (170)
[2018.05.25-12.57.53:486][688]LogModuleManager: Shutting down and abandoning module SimplygonSwarm (169)
[2018.05.25-12.57.53:498][688]LogModuleManager: Shutting down and abandoning module SimplygonMeshReduction (167)
[2018.05.25-12.57.53:507][688]LogModuleManager: Shutting down and abandoning module QuadricMeshReduction (165)
[2018.05.25-12.57.53:587][688]LogModuleManager: Shutting down and abandoning module MaterialBaking (161)
[2018.05.25-12.57.53:596][688]LogModuleManager: Shutting down and abandoning module DirectoryWatcher (157)
[2018.05.25-12.57.53:607][688]LogModuleManager: Shutting down and abandoning module DerivedDataCache (154)
[2018.05.25-12.57.53:636][688]LogDerivedDataCache: Shutdown
[2018.05.25-12.57.53:636][688]LogModuleManager: Shutting down and abandoning module XGEController (152)
[2018.05.25-12.57.53:636][688]LogModuleManager: Shutting down and abandoning module TargetPlatform (150)
[2018.05.25-12.57.53:636][688]LogModuleManager: Shutting down and abandoning module VulkanShaderFormat (149)
[2018.05.25-12.57.53:761][688]LogModuleManager: Shutting down and abandoning module ShaderFormatVectorVM (147)
[2018.05.25-12.57.53:784][688]LogModuleManager: Shutting down and abandoning module ShaderFormatOpenGL (145)
[2018.05.25-12.57.53:798][688]LogModuleManager: Shutting down and abandoning module ShaderFormatD3D (143)
[2018.05.25-12.57.53:823][688]LogModuleManager: Shutting down and abandoning module MetalShaderFormat (141)
[2018.05.25-12.57.53:866][688]LogModuleManager: Shutting down and abandoning module TextureFormatUncompressed (139)
[2018.05.25-12.57.53:866][688]LogModuleManager: Shutting down and abandoning module TextureFormatPVR (137)
[2018.05.25-12.57.53:866][688]LogModuleManager: Shutting down and abandoning module TextureFormatDXT (135)
[2018.05.25-12.57.53:871][688]LogModuleManager: Shutting down and abandoning module TextureFormatIntelISPCTexComp (133)
[2018.05.25-12.57.53:886][688]LogModuleManager: Shutting down and abandoning module TextureFormatASTC (131)
[2018.05.25-12.57.53:886][688]LogModuleManager: Shutting down and abandoning module ImageWrapper (130)
[2018.05.25-12.57.53:886][688]LogModuleManager: Shutting down and abandoning module TextureFormatAndroid (127)
[2018.05.25-12.57.53:886][688]LogModuleManager: Shutting down and abandoning module AudioFormatOpus (125)
[2018.05.25-12.57.53:886][688]LogModuleManager: Shutting down and abandoning module AudioFormatOgg (123)
[2018.05.25-12.57.53:886][688]LogModuleManager: Shutting down and abandoning module AudioFormatADPCM (121)
[2018.05.25-12.57.53:886][688]LogModuleManager: Shutting down and abandoning module LinuxTargetPlatform (119)
[2018.05.25-12.57.53:886][688]LogModuleManager: Shutting down and abandoning module LinuxServerTargetPlatform (117)
[2018.05.25-12.57.53:886][688]LogModuleManager: Shutting down and abandoning module LinuxNoEditorTargetPlatform (115)
[2018.05.25-12.57.53:886][688]LogModuleManager: Shutting down and abandoning module LinuxClientTargetPlatform (113)
[2018.05.25-12.57.53:886][688]LogModuleManager: Shutting down and abandoning module TVOSTargetPlatform (111)
[2018.05.25-12.57.53:886][688]LogModuleManager: Shutting down and abandoning module Messaging (109)
[2018.05.25-12.57.53:886][688]LogModuleManager: Shutting down and abandoning module IOSTargetPlatform (107)
[2018.05.25-12.57.53:887][688]LogModuleManager: Shutting down and abandoning module HTML5TargetPlatform (105)
[2018.05.25-12.57.53:887][688]LogModuleManager: Shutting down and abandoning module AndroidTargetPlatform (103)
[2018.05.25-12.57.53:887][688]LogModuleManager: Shutting down and abandoning module Android_PVRTCTargetPlatform (101)
[2018.05.25-12.57.53:887][688]LogModuleManager: Shutting down and abandoning module Android_MultiTargetPlatform (99)
[2018.05.25-12.57.53:887][688]LogModuleManager: Shutting down and abandoning module Android_ETC2TargetPlatform (97)
[2018.05.25-12.57.53:887][688]LogModuleManager: Shutting down and abandoning module Android_ETC1TargetPlatform (95)
[2018.05.25-12.57.53:887][688]LogModuleManager: Shutting down and abandoning module Android_ETC1aTargetPlatform (93)
[2018.05.25-12.57.53:887][688]LogModuleManager: Shutting down and abandoning module Android_DXTTargetPlatform (91)
[2018.05.25-12.57.53:887][688]LogModuleManager: Shutting down and abandoning module Android_ATCTargetPlatform (89)
[2018.05.25-12.57.53:887][688]LogModuleManager: Shutting down and abandoning module Android_ASTCTargetPlatform (87)
[2018.05.25-12.57.53:887][688]LogModuleManager: Shutting down and abandoning module WindowsTargetPlatform (85)
[2018.05.25-12.57.53:887][688]LogModuleManager: Shutting down and abandoning module WindowsServerTargetPlatform (83)
[2018.05.25-12.57.53:887][688]LogModuleManager: Shutting down and abandoning module WindowsNoEditorTargetPlatform (81)
[2018.05.25-12.57.53:887][688]LogModuleManager: Shutting down and abandoning module WindowsClientTargetPlatform (79)
[2018.05.25-12.57.53:887][688]LogModuleManager: Shutting down and abandoning module MacTargetPlatform (77)
[2018.05.25-12.57.53:887][688]LogModuleManager: Shutting down and abandoning module MacServerTargetPlatform (75)
[2018.05.25-12.57.53:887][688]LogModuleManager: Shutting down and abandoning module MacNoEditorTargetPlatform (73)
[2018.05.25-12.57.53:887][688]LogModuleManager: Shutting down and abandoning module MacClientTargetPlatform (71)
[2018.05.25-12.57.53:887][688]LogModuleManager: Shutting down and abandoning module AllDesktopTargetPlatform (69)
[2018.05.25-12.57.53:887][688]LogModuleManager: Shutting down and abandoning module InputCore (66)
[2018.05.25-12.57.53:887][688]LogModuleManager: Shutting down and abandoning module Settings (64)
[2018.05.25-12.57.53:887][688]LogModuleManager: Shutting down and abandoning module PhysXCooking (62)
[2018.05.25-12.57.53:887][688]LogModuleManager: Shutting down and abandoning module SteamVR (60)
[2018.05.25-12.57.53:887][688]LogModuleManager: Shutting down and abandoning module OculusHMD (58)
[2018.05.25-12.57.53:904][688]LogModuleManager: Shutting down and abandoning module ExampleDeviceProfileSelector (56)
[2018.05.25-12.57.53:904][688]LogModuleManager: Shutting down and abandoning module AppleARKit (54)
[2018.05.25-12.57.53:904][688]LogModuleManager: Shutting down and abandoning module AugmentedReality (51)
[2018.05.25-12.57.53:904][688]LogModuleManager: Shutting down and abandoning module OnlineBlueprintSupport (48)
[2018.05.25-12.57.53:904][688]LogModuleManager: Shutting down and abandoning module OnlineSubsystem (44)
[2018.05.25-12.57.53:971][688]LogModuleManager: Shutting down and abandoning module XMPP (43)
[2018.05.25-12.57.54:063][688]LogModuleManager: Shutting down and abandoning module HTTP (41)
[2018.05.25-12.57.54:226][688]LogModuleManager: Shutting down and abandoning module SSL (40)
[2018.05.25-12.57.54:255][688]LogModuleManager: Shutting down and abandoning module AnimationModifiers (36)
[2018.05.25-12.57.54:290][688]LogModuleManager: Shutting down and abandoning module PropertyEditor (35)
[2018.05.25-12.57.54:314][688]LogModuleManager: Shutting down and abandoning module AudioEditor (32)
[2018.05.25-12.57.54:405][688]LogModuleManager: Shutting down and abandoning module TextureCompressor (30)
[2018.05.25-12.57.54:421][688]LogModuleManager: Shutting down and abandoning module ShaderCore (28)
[2018.05.25-12.57.54:421][688]LogModuleManager: Shutting down and abandoning module Landscape (26)
[2018.05.25-12.57.54:421][688]LogModuleManager: Shutting down and abandoning module SlateRHIRenderer (24)
[2018.05.25-12.57.54:494][688]LogModuleManager: Shutting down and abandoning module OpenGLDrv (22)
[2018.05.25-12.57.54:564][688]LogModuleManager: Shutting down and abandoning module D3D11RHI (20)
[2018.05.25-12.57.54:564][688]LogModuleManager: Shutting down and abandoning module AnimGraphRuntime (18)
[2018.05.25-12.57.54:573][688]LogModuleManager: Shutting down and abandoning module Renderer (16)
[2018.05.25-12.57.54:573][688]LogModuleManager: Shutting down and abandoning module Engine (14)
[2018.05.25-12.57.54:573][688]LogModuleManager: Shutting down and abandoning module CoreUObject (12)
[2018.05.25-12.57.54:573][688]LogModuleManager: Shutting down and abandoning module NetworkFile (10)
[2018.05.25-12.57.54:577][688]LogModuleManager: Shutting down and abandoning module CookedIterativeFile (8)
[2018.05.25-12.57.54:596][688]LogModuleManager: Shutting down and abandoning module StreamingFile (6)
[2018.05.25-12.57.54:600][688]LogModuleManager: Shutting down and abandoning module SandboxFile (4)
[2018.05.25-12.57.54:642][688]LogModuleManager: Shutting down and abandoning module PakFile (2)
[2018.05.25-12.57.54:675][688]LogExit: Exiting.
[2018.05.25-12.57.54:723][688]Log file closed, 05/25/18 20:57:54
