Log file open, 05/25/18 13:40:42
LogWindows: Failed to load 'aqProf.dll' (GetLastError=126)
LogWindows: File 'aqProf.dll' does not exist
LogWindows: Failed to load 'VtuneApi.dll' (GetLastError=126)
LogWindows: File 'VtuneApi.dll' does not exist
LogWindows: Failed to load 'VtuneApi32e.dll' (GetLastError=126)
LogWindows: File 'VtuneApi32e.dll' does not exist
LogInit: Display: Running engine for game: FPSProject
LogPlatformFile: Not using cached read wrapper
LogInit: Display: RandInit(1409276513) SRandInit(1409276514).
LogInit: Read version file with build ID '3944462'
LogInit: Overriding engine version to CL 4033788, compatible CL 3944462
LogInit: Registered custom module enumerator with build ID '3944462'
LogTaskGraph: Started task graph with 5 named threads and 14 total threads with 3 sets of task threads.
LogStats: Stats thread started at 0.211010
LogD3D11RHI: Aftermath initialized
LogICUInternationalization: Display: ICU TimeZone Detection - Raw Offset: +8:00, Platform Override: ''
LogPluginManager: Mounting plugin Paper2D
LogPluginManager: Mounting plugin LiveLink
LogPluginManager: Mounting plugin LightPropagationVolume
LogPluginManager: Mounting plugin CLionSourceCodeAccess
LogPluginManager: Mounting plugin CodeLiteSourceCodeAccess
LogPluginManager: Mounting plugin GitSourceControl
LogPluginManager: Mounting plugin KDevelopSourceCodeAccess
LogPluginManager: Mounting plugin NullSourceCodeAccess
LogPluginManager: Mounting plugin PerforceSourceControl
LogPluginManager: Mounting plugin SubversionSourceControl
LogPluginManager: Mounting plugin UObjectPlugin
LogPluginManager: Mounting plugin VisualStudioCodeSourceCodeAccess
LogPluginManager: Mounting plugin VisualStudioSourceCodeAccess
LogPluginManager: Mounting plugin XCodeSourceCodeAccess
LogPluginManager: Mounting plugin AssetManagerEditor
LogPluginManager: Mounting plugin CryptoKeys
LogPluginManager: Mounting plugin DataValidation
LogPluginManager: Mounting plugin FacialAnimation
LogPluginManager: Mounting plugin GameplayTagsEditor
LogPluginManager: Mounting plugin MobileLauncherProfileWizard
LogPluginManager: Mounting plugin PluginBrowser
LogPluginManager: Mounting plugin SpeedTreeImporter
LogPluginManager: Mounting plugin DatasmithContent
LogPluginManager: Mounting plugin AlembicImporter
LogPluginManager: Mounting plugin CharacterAI
LogPluginManager: Mounting plugin HTML5Networking
LogPluginManager: Mounting plugin AndroidMedia
LogPluginManager: Mounting plugin AvfMedia
LogPluginManager: Mounting plugin ImgMedia
LogPluginManager: Mounting plugin LinearTimecode
LogPluginManager: Mounting plugin MediaCompositing
LogPluginManager: Mounting plugin MediaPlayerEditor
LogPluginManager: Mounting plugin WmfMedia
LogPluginManager: Mounting plugin TcpMessaging
LogPluginManager: Mounting plugin UdpMessaging
LogPluginManager: Mounting plugin ActorSequence
LogPluginManager: Mounting plugin LevelSequenceEditor
LogPluginManager: Mounting plugin MatineeToLevelSequence
LogPluginManager: Mounting plugin NetcodeUnitTest
LogPluginManager: Mounting plugin NUTUnrealEngine4
LogPluginManager: Mounting plugin OnlineSubsystemGooglePlay
LogPluginManager: Mounting plugin OnlineSubsystemIOS
LogPluginManager: Mounting plugin OnlineSubsystem
LogPluginManager: Mounting plugin OnlineSubsystemNull
LogPluginManager: Mounting plugin OnlineSubsystemUtils
LogPluginManager: Mounting plugin AndroidDeviceProfileSelector
LogPluginManager: Mounting plugin AndroidMoviePlayer
LogPluginManager: Mounting plugin AndroidPermission
LogPluginManager: Mounting plugin AppleARKit
LogPluginManager: Mounting plugin AppleMoviePlayer
LogPluginManager: Mounting plugin ArchVisCharacter
LogPluginManager: Mounting plugin AudioCapture
LogPluginManager: Mounting plugin CableComponent
LogPluginManager: Mounting plugin CustomMeshComponent
LogPluginManager: Mounting plugin ExampleDeviceProfileSelector
LogPluginManager: Mounting plugin GoogleCloudMessaging
LogPluginManager: Mounting plugin ImmediatePhysics
LogPluginManager: Mounting plugin IOSDeviceProfileSelector
LogPluginManager: Mounting plugin LinuxDeviceProfileSelector
LogPluginManager: Mounting plugin LocationServicesBPLibrary
LogPluginManager: Mounting plugin MobilePatchingUtils
LogPluginManager: Mounting plugin OculusVR
LogPluginManager: Plugin shader directory ../../../Engine/Plugins/Runtime/Oculus/OculusVR/Shaders found
LogPluginManager: Mapping shader source directory ../../../Engine/Plugins/Runtime/Oculus/OculusVR/Shaders to virtual directory /Plugin/OculusVR
LogPluginManager: Mounting plugin PhysXVehicles
LogPluginManager: Mounting plugin ProceduralMeshComponent
LogPluginManager: Mounting plugin RuntimePhysXCooking
LogPluginManager: Mounting plugin SteamVR
LogPluginManager: Mounting plugin WindowsMoviePlayer
LogStreaming: Display: Took  0.319s to configure plugins.
LogModuleManager: Warning: Module file ../../../../../../Users/User/Documents/GitHub Files/UE4 Crash Course/FPSProject/Binaries/Win64/UE4Editor-FPSProject-926.dll is missing. This is likely a stale module that must be recompiled.
LogModuleManager: Display: Found up-to-date module file ../../../Engine/Plugins/2D/Paper2D/Binaries/Win64/UE4Editor-Paper2D.dll (API version 3944462).
LogModuleManager: Display: Found up-to-date module file ../../../Engine/Plugins/2D/Paper2D/Binaries/Win64/UE4Editor-Paper2DEditor.dll (API version 3944462).
LogModuleManager: Display: Found up-to-date module file ../../../Engine/Plugins/2D/Paper2D/Binaries/Win64/UE4Editor-PaperSpriteSheetImporter.dll (API version 3944462).
LogModuleManager: Display: Found up-to-date module file ../../../Engine/Plugins/2D/Paper2D/Binaries/Win64/UE4Editor-PaperTiledImporter.dll (API version 3944462).
LogModuleManager: Display: Found up-to-date module file ../../../Engine/Plugins/2D/Paper2D/Binaries/Win64/UE4Editor-SmartSnapping.dll (API version 3944462).
LogModuleManager: Display: Found up-to-date module file ../../../Engine/Plugins/Animation/LiveLink/Binaries/Win64/UE4Editor-LiveLink.dll (API version 3944462).
LogModuleManager: Display: Found up-to-date module file ../../../Engine/Plugins/Animation/LiveLink/Binaries/Win64/UE4Editor-LiveLinkEditor.dll (API version 3944462).
LogModuleManager: Display: Found up-to-date module file ../../../Engine/Plugins/Blendables/LightPropagationVolume/Binaries/Win64/UE4Editor-LightPropagationVolumeRuntime.dll (API version 3944462).
LogModuleManager: Display: Found up-to-date module file ../../../Engine/Plugins/Blendables/LightPropagationVolume/Binaries/Win64/UE4Editor-LightPropagationVolumeEditor.dll (API version 3944462).
LogModuleManager: Display: Found up-to-date module file ../../../Engine/Plugins/Developer/CLionSourceCodeAccess/Binaries/Win64/UE4Editor-CLionSourceCodeAccess.dll (API version 3944462).
LogModuleManager: Display: Found up-to-date module file ../../../Engine/Plugins/Developer/GitSourceControl/Binaries/Win64/UE4Editor-GitSourceControl.dll (API version 3944462).
LogModuleManager: Display: Found up-to-date module file ../../../Engine/Plugins/Developer/PerforceSourceControl/Binaries/Win64/UE4Editor-PerforceSourceControl.dll (API version 3944462).
LogModuleManager: Display: Found up-to-date module file ../../../Engine/Plugins/Developer/SubversionSourceControl/Binaries/Win64/UE4Editor-SubversionSourceControl.dll (API version 3944462).
LogModuleManager: Display: Found up-to-date module file ../../../Engine/Plugins/Developer/UObjectPlugin/Binaries/Win64/UE4Editor-UObjectPlugin.dll (API version 3944462).
LogModuleManager: Display: Found up-to-date module file ../../../Engine/Plugins/Developer/VisualStudioCodeSourceCodeAccess/Binaries/Win64/UE4Editor-VisualStudioCodeSourceCodeAccess.dll (API version 3944462).
LogModuleManager: Display: Found up-to-date module file ../../../Engine/Plugins/Developer/VisualStudioSourceCodeAccess/Binaries/Win64/UE4Editor-VisualStudioSourceCodeAccess.dll (API version 3944462).
LogModuleManager: Display: Found up-to-date module file ../../../Engine/Plugins/Editor/AssetManagerEditor/Binaries/Win64/UE4Editor-AssetManagerEditor.dll (API version 3944462).
LogModuleManager: Display: Found up-to-date module file ../../../Engine/Plugins/Editor/CryptoKeys/Binaries/Win64/UE4Editor-CryptoKeys.dll (API version 3944462).
LogModuleManager: Display: Found up-to-date module file ../../../Engine/Plugins/Editor/CryptoKeys/Binaries/Win64/UE4Editor-CryptoKeysOpenSSL.dll (API version 3944462).
LogModuleManager: Display: Found up-to-date module file ../../../Engine/Plugins/Editor/DataValidation/Binaries/Win64/UE4Editor-DataValidation.dll (API version 3944462).
LogModuleManager: Display: Found up-to-date module file ../../../Engine/Plugins/Editor/FacialAnimation/Binaries/Win64/UE4Editor-FacialAnimation.dll (API version 3944462).
LogModuleManager: Display: Found up-to-date module file ../../../Engine/Plugins/Editor/FacialAnimation/Binaries/Win64/UE4Editor-FacialAnimationEditor.dll (API version 3944462).
LogModuleManager: Display: Found up-to-date module file ../../../Engine/Plugins/Editor/GameplayTagsEditor/Binaries/Win64/UE4Editor-GameplayTagsEditor.dll (API version 3944462).
LogModuleManager: Display: Found up-to-date module file ../../../Engine/Plugins/Editor/MobileLauncherProfileWizard/Binaries/Win64/UE4Editor-MobileLauncherProfileWizard.dll (API version 3944462).
LogModuleManager: Display: Found up-to-date module file ../../../Engine/Plugins/Editor/PluginBrowser/Binaries/Win64/UE4Editor-PluginBrowser.dll (API version 3944462).
LogModuleManager: Display: Found up-to-date module file ../../../Engine/Plugins/Editor/SpeedTreeImporter/Binaries/Win64/UE4Editor-SpeedTreeImporter.dll (API version 3944462).
LogModuleManager: Display: Found up-to-date module file ../../../Engine/Plugins/Enterprise/DatasmithContent/Binaries/Win64/UE4Editor-DatasmithContent.dll (API version 3944462).
LogModuleManager: Display: Found up-to-date module file ../../../Engine/Plugins/Experimental/AlembicImporter/Binaries/Win64/UE4Editor-AlembicImporter.dll (API version 3944462).
LogModuleManager: Display: Found up-to-date module file ../../../Engine/Plugins/Experimental/AlembicImporter/Binaries/Win64/UE4Editor-AlembicLibrary.dll (API version 3944462).
LogModuleManager: Display: Found up-to-date module file ../../../Engine/Plugins/Experimental/CharacterAI/Binaries/Win64/UE4Editor-CharacterAI.dll (API version 3944462).
LogModuleManager: Display: Found up-to-date module file ../../../Engine/Plugins/Experimental/HTML5Networking/Binaries/Win64/UE4Editor-HTML5Networking.dll (API version 3944462).
LogModuleManager: Display: Found up-to-date module file ../../../Engine/Plugins/Media/AndroidMedia/Binaries/Win64/UE4Editor-AndroidMediaEditor.dll (API version 3944462).
LogModuleManager: Display: Found up-to-date module file ../../../Engine/Plugins/Media/AndroidMedia/Binaries/Win64/UE4Editor-AndroidMediaFactory.dll (API version 3944462).
LogModuleManager: Display: Found up-to-date module file ../../../Engine/Plugins/Media/AvfMedia/Binaries/Win64/UE4Editor-AvfMediaEditor.dll (API version 3944462).
LogModuleManager: Display: Found up-to-date module file ../../../Engine/Plugins/Media/AvfMedia/Binaries/Win64/UE4Editor-AvfMediaFactory.dll (API version 3944462).
LogModuleManager: Display: Found up-to-date module file ../../../Engine/Plugins/Media/AvfMedia/Binaries/Win64/UE4Editor-AvfMediaFactory.dll (API version 3944462).
LogModuleManager: Display: Found up-to-date module file ../../../Engine/Plugins/Media/ImgMedia/Binaries/Win64/UE4Editor-ImgMedia.dll (API version 3944462).
LogModuleManager: Display: Found up-to-date module file ../../../Engine/Plugins/Media/ImgMedia/Binaries/Win64/UE4Editor-ImgMediaEditor.dll (API version 3944462).
LogModuleManager: Display: Found up-to-date module file ../../../Engine/Plugins/Media/ImgMedia/Binaries/Win64/UE4Editor-ImgMediaFactory.dll (API version 3944462).
LogModuleManager: Display: Found up-to-date module file ../../../Engine/Plugins/Media/ImgMedia/Binaries/Win64/UE4Editor-ImgMediaFactory.dll (API version 3944462).
LogModuleManager: Display: Found up-to-date module file ../../../Engine/Plugins/Media/ImgMedia/Binaries/Win64/UE4Editor-OpenExrWrapper.dll (API version 3944462).
LogModuleManager: Display: Found up-to-date module file ../../../Engine/Plugins/Media/LinearTimecode/Binaries/Win64/UE4Editor-LinearTimecode.dll (API version 3944462).
LogModuleManager: Display: Found up-to-date module file ../../../Engine/Plugins/Media/MediaCompositing/Binaries/Win64/UE4Editor-MediaCompositing.dll (API version 3944462).
LogModuleManager: Display: Found up-to-date module file ../../../Engine/Plugins/Media/MediaCompositing/Binaries/Win64/UE4Editor-MediaCompositingEditor.dll (API version 3944462).
LogModuleManager: Display: Found up-to-date module file ../../../Engine/Plugins/Media/MediaPlayerEditor/Binaries/Win64/UE4Editor-MediaPlayerEditor.dll (API version 3944462).
LogModuleManager: Display: Found up-to-date module file ../../../Engine/Plugins/Media/WmfMedia/Binaries/Win64/UE4Editor-WmfMedia.dll (API version 3944462).
LogModuleManager: Display: Found up-to-date module file ../../../Engine/Plugins/Media/WmfMedia/Binaries/Win64/UE4Editor-WmfMediaEditor.dll (API version 3944462).
LogModuleManager: Display: Found up-to-date module file ../../../Engine/Plugins/Media/WmfMedia/Binaries/Win64/UE4Editor-WmfMediaFactory.dll (API version 3944462).
LogModuleManager: Display: Found up-to-date module file ../../../Engine/Plugins/Media/WmfMedia/Binaries/Win64/UE4Editor-WmfMediaFactory.dll (API version 3944462).
LogModuleManager: Display: Found up-to-date module file ../../../Engine/Plugins/Messaging/TcpMessaging/Binaries/Win64/UE4Editor-TcpMessaging.dll (API version 3944462).
LogModuleManager: Display: Found up-to-date module file ../../../Engine/Plugins/Messaging/UdpMessaging/Binaries/Win64/UE4Editor-UdpMessaging.dll (API version 3944462).
LogModuleManager: Display: Found up-to-date module file ../../../Engine/Plugins/MovieScene/ActorSequence/Binaries/Win64/UE4Editor-ActorSequence.dll (API version 3944462).
LogModuleManager: Display: Found up-to-date module file ../../../Engine/Plugins/MovieScene/LevelSequenceEditor/Binaries/Win64/UE4Editor-LevelSequenceEditor.dll (API version 3944462).
LogModuleManager: Display: Found up-to-date module file ../../../Engine/Plugins/MovieScene/MatineeToLevelSequence/Binaries/Win64/UE4Editor-MatineeToLevelSequence.dll (API version 3944462).
LogModuleManager: Display: Found up-to-date module file ../../../Engine/Plugins/NetcodeUnitTest/NetcodeUnitTest/Binaries/Win64/UE4Editor-NetcodeUnitTest.dll (API version 3944462).
LogModuleManager: Display: Found up-to-date module file ../../../Engine/Plugins/NetcodeUnitTest/NUTUnrealEngine4/Binaries/Win64/UE4Editor-NUTUnrealEngine4.dll (API version 3944462).
LogModuleManager: Display: Found up-to-date module file ../../../Engine/Plugins/Online/OnlineSubsystem/Binaries/Win64/UE4Editor-OnlineSubsystem.dll (API version 3944462).
LogModuleManager: Display: Found up-to-date module file ../../../Engine/Plugins/Online/OnlineSubsystemNull/Binaries/Win64/UE4Editor-OnlineSubsystemNull.dll (API version 3944462).
LogModuleManager: Display: Found up-to-date module file ../../../Engine/Plugins/Online/OnlineSubsystemUtils/Binaries/Win64/UE4Editor-OnlineSubsystemUtils.dll (API version 3944462).
LogModuleManager: Display: Found up-to-date module file ../../../Engine/Plugins/Online/OnlineSubsystemUtils/Binaries/Win64/UE4Editor-OnlineBlueprintSupport.dll (API version 3944462).
LogModuleManager: Display: Found up-to-date module file ../../../Engine/Plugins/Runtime/AndroidDeviceProfileSelector/Binaries/Win64/UE4Editor-AndroidDeviceProfileSelector.dll (API version 3944462).
LogModuleManager: Display: Found up-to-date module file ../../../Engine/Plugins/Runtime/AndroidPermission/Binaries/Win64/UE4Editor-AndroidPermission.dll (API version 3944462).
LogModuleManager: Display: Found up-to-date module file ../../../Engine/Plugins/Runtime/AppleARKit/Binaries/Win64/UE4Editor-AppleARKit.dll (API version 3944462).
LogModuleManager: Display: Found up-to-date module file ../../../Engine/Plugins/Runtime/ArchVisCharacter/Binaries/Win64/UE4Editor-ArchVisCharacter.dll (API version 3944462).
LogModuleManager: Display: Found up-to-date module file ../../../Engine/Plugins/Runtime/AudioCapture/Binaries/Win64/UE4Editor-AudioCapture.dll (API version 3944462).
LogModuleManager: Display: Found up-to-date module file ../../../Engine/Plugins/Runtime/AudioCapture/Binaries/Win64/UE4Editor-AudioCaptureEditor.dll (API version 3944462).
LogModuleManager: Display: Found up-to-date module file ../../../Engine/Plugins/Runtime/CableComponent/Binaries/Win64/UE4Editor-CableComponent.dll (API version 3944462).
LogModuleManager: Display: Found up-to-date module file ../../../Engine/Plugins/Runtime/CustomMeshComponent/Binaries/Win64/UE4Editor-CustomMeshComponent.dll (API version 3944462).
LogModuleManager: Display: Found up-to-date module file ../../../Engine/Plugins/Runtime/ExampleDeviceProfileSelector/Binaries/Win64/UE4Editor-ExampleDeviceProfileSelector.dll (API version 3944462).
LogModuleManager: Display: Found up-to-date module file ../../../Engine/Plugins/Runtime/ImmediatePhysics/Binaries/Win64/UE4Editor-ImmediatePhysics.dll (API version 3944462).
LogModuleManager: Display: Found up-to-date module file ../../../Engine/Plugins/Runtime/ImmediatePhysics/Binaries/Win64/UE4Editor-ImmediatePhysicsEditor.dll (API version 3944462).
LogModuleManager: Display: Found up-to-date module file ../../../Engine/Plugins/Runtime/LocationServicesBPLibrary/Binaries/Win64/UE4Editor-LocationServicesBPLibrary.dll (API version 3944462).
LogModuleManager: Display: Found up-to-date module file ../../../Engine/Plugins/Runtime/MobilePatchingUtils/Binaries/Win64/UE4Editor-MobilePatchingUtils.dll (API version 3944462).
LogModuleManager: Display: Found up-to-date module file ../../../Engine/Plugins/Runtime/Oculus/OculusVR/Binaries/Win64/UE4Editor-OculusHMD.dll (API version 3944462).
LogModuleManager: Display: Found up-to-date module file ../../../Engine/Plugins/Runtime/Oculus/OculusVR/Binaries/Win64/UE4Editor-OculusInput.dll (API version 3944462).
LogModuleManager: Display: Found up-to-date module file ../../../Engine/Plugins/Runtime/Oculus/OculusVR/Binaries/Win64/UE4Editor-OculusEditor.dll (API version 3944462).
LogModuleManager: Display: Found up-to-date module file ../../../Engine/Plugins/Runtime/PhysXVehicles/Binaries/Win64/UE4Editor-PhysXVehicles.dll (API version 3944462).
LogModuleManager: Display: Found up-to-date module file ../../../Engine/Plugins/Runtime/PhysXVehicles/Binaries/Win64/UE4Editor-PhysXVehiclesEditor.dll (API version 3944462).
LogModuleManager: Display: Found up-to-date module file ../../../Engine/Plugins/Runtime/ProceduralMeshComponent/Binaries/Win64/UE4Editor-ProceduralMeshComponent.dll (API version 3944462).
LogModuleManager: Display: Found up-to-date module file ../../../Engine/Plugins/Runtime/ProceduralMeshComponent/Binaries/Win64/UE4Editor-ProceduralMeshComponentEditor.dll (API version 3944462).
LogModuleManager: Display: Found up-to-date module file ../../../Engine/Plugins/Runtime/RuntimePhysXCooking/Binaries/Win64/UE4Editor-RuntimePhysXCooking.dll (API version 3944462).
LogModuleManager: Display: Found up-to-date module file ../../../Engine/Plugins/Runtime/Steam/SteamVR/Binaries/Win64/UE4Editor-SteamVR.dll (API version 3944462).
LogModuleManager: Display: Found up-to-date module file ../../../Engine/Plugins/Runtime/Steam/SteamVR/Binaries/Win64/UE4Editor-SteamVRController.dll (API version 3944462).
LogModuleManager: Display: Found up-to-date module file ../../../Engine/Plugins/Runtime/WindowsMoviePlayer/Binaries/Win64/UE4Editor-WindowsMoviePlayer.dll (API version 3944462).
LogInit: Warning: Incompatible or missing module: UE4Editor-FPSProject.dll
Running C:/Program Files/Epic Games/UE_4.19/Engine/Binaries/DotNET/UnrealBuildTool.exe FPSProject Development Win64 -project="C:/Users/User/Documents/GitHub Files/UE4 Crash Course/FPSProject/FPSProject.uproject" -editorrecompile -progress -NoHotReloadFromIDE
Using 'git status' to determine working set for adaptive non-unity build.
@progress push 5%
Parsing headers for FPSProjectEditor
  Running UnrealHeaderTool "C:\Users\User\Documents\GitHub Files\UE4 Crash Course\FPSProject\FPSProject.uproject" "C:\Users\User\Documents\GitHub Files\UE4 Crash Course\FPSProject\Intermediate\Build\Win64\FPSProjectEditor\Development\FPSProjectEditor.uhtmanifest" -LogCmds="loginit warning, logexit warning, logdatabase error" -Unattended -WarningsAsErrors -installed
Reflection code generated for FPSProjectEditor in 14.0151397 seconds
@progress pop
Deleting old hot reload file: "C:\Users\User\Documents\GitHub Files\UE4 Crash Course\FPSProject\Binaries\Win64\UE4Editor-FPSProject-1888.dll".
Deleting old hot reload file: "C:\Users\User\Documents\GitHub Files\UE4 Crash Course\FPSProject\Binaries\Win64\UE4Editor-FPSProject-1888.pdb".
Deleting old hot reload file: "C:\Users\User\Documents\GitHub Files\UE4 Crash Course\FPSProject\Binaries\Win64\UE4Editor-FPSProject-493.dll".
Deleting old hot reload file: "C:\Users\User\Documents\GitHub Files\UE4 Crash Course\FPSProject\Binaries\Win64\UE4Editor-FPSProject-493.pdb".
Deleting old hot reload file: "C:\Users\User\Documents\GitHub Files\UE4 Crash Course\FPSProject\Binaries\Win64\UE4Editor-FPSProject-7171.dll".
Deleting old hot reload file: "C:\Users\User\Documents\GitHub Files\UE4 Crash Course\FPSProject\Binaries\Win64\UE4Editor-FPSProject-7171.pdb".
Performing 4 actions (4 in parallel)
FPSCharacter.cpp
FPSCharacter.gen.cpp
[3/4] Link UE4Editor-FPSProject.dll
[4/4] Link UE4Editor-FPSProject.lib
   Creating library C:\Users\User\Documents\GitHub Files\UE4 Crash Course\FPSProject\Intermediate\Build\Win64\UE4Editor\Development\UE4Editor-FPSProject.lib and object C:\Users\User\Documents\GitHub Files\UE4 Crash Course\FPSProject\Intermediate\Build\Win64\UE4Editor\Development\UE4Editor-FPSProject.exp
   Creating library C:\Users\User\Documents\GitHub Files\UE4 Crash Course\FPSProject\Intermediate\Build\Win64\UE4Editor\Development\UE4Editor-FPSProject.suppressed.lib and object C:\Users\User\Documents\GitHub Files\UE4 Crash Course\FPSProject\Intermediate\Build\Win64\UE4Editor\Development\UE4Editor-FPSProject.suppressed.exp
Deploying FPSProjectEditor Win64 Development...
Total build time: 276.17 seconds (Local executor: 257.20 seconds)
LogModuleManager: Display: Found up-to-date module file ../../../../../../Users/User/Documents/GitHub Files/UE4 Crash Course/FPSProject/Binaries/Win64/UE4Editor-FPSProject.dll (API version 3944462).
LogModuleManager: Display: Found up-to-date module file ../../../Engine/Plugins/2D/Paper2D/Binaries/Win64/UE4Editor-Paper2D.dll (API version 3944462).
LogModuleManager: Display: Found up-to-date module file ../../../Engine/Plugins/2D/Paper2D/Binaries/Win64/UE4Editor-Paper2DEditor.dll (API version 3944462).
LogModuleManager: Display: Found up-to-date module file ../../../Engine/Plugins/2D/Paper2D/Binaries/Win64/UE4Editor-PaperSpriteSheetImporter.dll (API version 3944462).
LogModuleManager: Display: Found up-to-date module file ../../../Engine/Plugins/2D/Paper2D/Binaries/Win64/UE4Editor-PaperTiledImporter.dll (API version 3944462).
LogModuleManager: Display: Found up-to-date module file ../../../Engine/Plugins/2D/Paper2D/Binaries/Win64/UE4Editor-SmartSnapping.dll (API version 3944462).
LogModuleManager: Display: Found up-to-date module file ../../../Engine/Plugins/Animation/LiveLink/Binaries/Win64/UE4Editor-LiveLink.dll (API version 3944462).
LogModuleManager: Display: Found up-to-date module file ../../../Engine/Plugins/Animation/LiveLink/Binaries/Win64/UE4Editor-LiveLinkEditor.dll (API version 3944462).
LogModuleManager: Display: Found up-to-date module file ../../../Engine/Plugins/Blendables/LightPropagationVolume/Binaries/Win64/UE4Editor-LightPropagationVolumeRuntime.dll (API version 3944462).
LogModuleManager: Display: Found up-to-date module file ../../../Engine/Plugins/Blendables/LightPropagationVolume/Binaries/Win64/UE4Editor-LightPropagationVolumeEditor.dll (API version 3944462).
LogModuleManager: Display: Found up-to-date module file ../../../Engine/Plugins/Developer/CLionSourceCodeAccess/Binaries/Win64/UE4Editor-CLionSourceCodeAccess.dll (API version 3944462).
LogModuleManager: Display: Found up-to-date module file ../../../Engine/Plugins/Developer/GitSourceControl/Binaries/Win64/UE4Editor-GitSourceControl.dll (API version 3944462).
LogModuleManager: Display: Found up-to-date module file ../../../Engine/Plugins/Developer/PerforceSourceControl/Binaries/Win64/UE4Editor-PerforceSourceControl.dll (API version 3944462).
LogModuleManager: Display: Found up-to-date module file ../../../Engine/Plugins/Developer/SubversionSourceControl/Binaries/Win64/UE4Editor-SubversionSourceControl.dll (API version 3944462).
LogModuleManager: Display: Found up-to-date module file ../../../Engine/Plugins/Developer/UObjectPlugin/Binaries/Win64/UE4Editor-UObjectPlugin.dll (API version 3944462).
LogModuleManager: Display: Found up-to-date module file ../../../Engine/Plugins/Developer/VisualStudioCodeSourceCodeAccess/Binaries/Win64/UE4Editor-VisualStudioCodeSourceCodeAccess.dll (API version 3944462).
LogModuleManager: Display: Found up-to-date module file ../../../Engine/Plugins/Developer/VisualStudioSourceCodeAccess/Binaries/Win64/UE4Editor-VisualStudioSourceCodeAccess.dll (API version 3944462).
LogModuleManager: Display: Found up-to-date module file ../../../Engine/Plugins/Editor/AssetManagerEditor/Binaries/Win64/UE4Editor-AssetManagerEditor.dll (API version 3944462).
LogModuleManager: Display: Found up-to-date module file ../../../Engine/Plugins/Editor/CryptoKeys/Binaries/Win64/UE4Editor-CryptoKeys.dll (API version 3944462).
LogModuleManager: Display: Found up-to-date module file ../../../Engine/Plugins/Editor/CryptoKeys/Binaries/Win64/UE4Editor-CryptoKeysOpenSSL.dll (API version 3944462).
LogModuleManager: Display: Found up-to-date module file ../../../Engine/Plugins/Editor/DataValidation/Binaries/Win64/UE4Editor-DataValidation.dll (API version 3944462).
LogModuleManager: Display: Found up-to-date module file ../../../Engine/Plugins/Editor/FacialAnimation/Binaries/Win64/UE4Editor-FacialAnimation.dll (API version 3944462).
LogModuleManager: Display: Found up-to-date module file ../../../Engine/Plugins/Editor/FacialAnimation/Binaries/Win64/UE4Editor-FacialAnimationEditor.dll (API version 3944462).
LogModuleManager: Display: Found up-to-date module file ../../../Engine/Plugins/Editor/GameplayTagsEditor/Binaries/Win64/UE4Editor-GameplayTagsEditor.dll (API version 3944462).
LogModuleManager: Display: Found up-to-date module file ../../../Engine/Plugins/Editor/MobileLauncherProfileWizard/Binaries/Win64/UE4Editor-MobileLauncherProfileWizard.dll (API version 3944462).
LogModuleManager: Display: Found up-to-date module file ../../../Engine/Plugins/Editor/PluginBrowser/Binaries/Win64/UE4Editor-PluginBrowser.dll (API version 3944462).
LogModuleManager: Display: Found up-to-date module file ../../../Engine/Plugins/Editor/SpeedTreeImporter/Binaries/Win64/UE4Editor-SpeedTreeImporter.dll (API version 3944462).
LogModuleManager: Display: Found up-to-date module file ../../../Engine/Plugins/Enterprise/DatasmithContent/Binaries/Win64/UE4Editor-DatasmithContent.dll (API version 3944462).
LogModuleManager: Display: Found up-to-date module file ../../../Engine/Plugins/Experimental/AlembicImporter/Binaries/Win64/UE4Editor-AlembicImporter.dll (API version 3944462).
LogModuleManager: Display: Found up-to-date module file ../../../Engine/Plugins/Experimental/AlembicImporter/Binaries/Win64/UE4Editor-AlembicLibrary.dll (API version 3944462).
LogModuleManager: Display: Found up-to-date module file ../../../Engine/Plugins/Experimental/CharacterAI/Binaries/Win64/UE4Editor-CharacterAI.dll (API version 3944462).
LogModuleManager: Display: Found up-to-date module file ../../../Engine/Plugins/Experimental/HTML5Networking/Binaries/Win64/UE4Editor-HTML5Networking.dll (API version 3944462).
LogModuleManager: Display: Found up-to-date module file ../../../Engine/Plugins/Media/AndroidMedia/Binaries/Win64/UE4Editor-AndroidMediaEditor.dll (API version 3944462).
LogModuleManager: Display: Found up-to-date module file ../../../Engine/Plugins/Media/AndroidMedia/Binaries/Win64/UE4Editor-AndroidMediaFactory.dll (API version 3944462).
LogModuleManager: Display: Found up-to-date module file ../../../Engine/Plugins/Media/AvfMedia/Binaries/Win64/UE4Editor-AvfMediaEditor.dll (API version 3944462).
LogModuleManager: Display: Found up-to-date module file ../../../Engine/Plugins/Media/AvfMedia/Binaries/Win64/UE4Editor-AvfMediaFactory.dll (API version 3944462).
LogModuleManager: Display: Found up-to-date module file ../../../Engine/Plugins/Media/AvfMedia/Binaries/Win64/UE4Editor-AvfMediaFactory.dll (API version 3944462).
LogModuleManager: Display: Found up-to-date module file ../../../Engine/Plugins/Media/ImgMedia/Binaries/Win64/UE4Editor-ImgMedia.dll (API version 3944462).
LogModuleManager: Display: Found up-to-date module file ../../../Engine/Plugins/Media/ImgMedia/Binaries/Win64/UE4Editor-ImgMediaEditor.dll (API version 3944462).
LogModuleManager: Display: Found up-to-date module file ../../../Engine/Plugins/Media/ImgMedia/Binaries/Win64/UE4Editor-ImgMediaFactory.dll (API version 3944462).
LogModuleManager: Display: Found up-to-date module file ../../../Engine/Plugins/Media/ImgMedia/Binaries/Win64/UE4Editor-ImgMediaFactory.dll (API version 3944462).
LogModuleManager: Display: Found up-to-date module file ../../../Engine/Plugins/Media/ImgMedia/Binaries/Win64/UE4Editor-OpenExrWrapper.dll (API version 3944462).
LogModuleManager: Display: Found up-to-date module file ../../../Engine/Plugins/Media/LinearTimecode/Binaries/Win64/UE4Editor-LinearTimecode.dll (API version 3944462).
LogModuleManager: Display: Found up-to-date module file ../../../Engine/Plugins/Media/MediaCompositing/Binaries/Win64/UE4Editor-MediaCompositing.dll (API version 3944462).
LogModuleManager: Display: Found up-to-date module file ../../../Engine/Plugins/Media/MediaCompositing/Binaries/Win64/UE4Editor-MediaCompositingEditor.dll (API version 3944462).
LogModuleManager: Display: Found up-to-date module file ../../../Engine/Plugins/Media/MediaPlayerEditor/Binaries/Win64/UE4Editor-MediaPlayerEditor.dll (API version 3944462).
LogModuleManager: Display: Found up-to-date module file ../../../Engine/Plugins/Media/WmfMedia/Binaries/Win64/UE4Editor-WmfMedia.dll (API version 3944462).
LogModuleManager: Display: Found up-to-date module file ../../../Engine/Plugins/Media/WmfMedia/Binaries/Win64/UE4Editor-WmfMediaEditor.dll (API version 3944462).
LogModuleManager: Display: Found up-to-date module file ../../../Engine/Plugins/Media/WmfMedia/Binaries/Win64/UE4Editor-WmfMediaFactory.dll (API version 3944462).
LogModuleManager: Display: Found up-to-date module file ../../../Engine/Plugins/Media/WmfMedia/Binaries/Win64/UE4Editor-WmfMediaFactory.dll (API version 3944462).
LogModuleManager: Display: Found up-to-date module file ../../../Engine/Plugins/Messaging/TcpMessaging/Binaries/Win64/UE4Editor-TcpMessaging.dll (API version 3944462).
LogModuleManager: Display: Found up-to-date module file ../../../Engine/Plugins/Messaging/UdpMessaging/Binaries/Win64/UE4Editor-UdpMessaging.dll (API version 3944462).
LogModuleManager: Display: Found up-to-date module file ../../../Engine/Plugins/MovieScene/ActorSequence/Binaries/Win64/UE4Editor-ActorSequence.dll (API version 3944462).
LogModuleManager: Display: Found up-to-date module file ../../../Engine/Plugins/MovieScene/LevelSequenceEditor/Binaries/Win64/UE4Editor-LevelSequenceEditor.dll (API version 3944462).
LogModuleManager: Display: Found up-to-date module file ../../../Engine/Plugins/MovieScene/MatineeToLevelSequence/Binaries/Win64/UE4Editor-MatineeToLevelSequence.dll (API version 3944462).
LogModuleManager: Display: Found up-to-date module file ../../../Engine/Plugins/NetcodeUnitTest/NetcodeUnitTest/Binaries/Win64/UE4Editor-NetcodeUnitTest.dll (API version 3944462).
LogModuleManager: Display: Found up-to-date module file ../../../Engine/Plugins/NetcodeUnitTest/NUTUnrealEngine4/Binaries/Win64/UE4Editor-NUTUnrealEngine4.dll (API version 3944462).
LogModuleManager: Display: Found up-to-date module file ../../../Engine/Plugins/Online/OnlineSubsystem/Binaries/Win64/UE4Editor-OnlineSubsystem.dll (API version 3944462).
LogModuleManager: Display: Found up-to-date module file ../../../Engine/Plugins/Online/OnlineSubsystemNull/Binaries/Win64/UE4Editor-OnlineSubsystemNull.dll (API version 3944462).
LogModuleManager: Display: Found up-to-date module file ../../../Engine/Plugins/Online/OnlineSubsystemUtils/Binaries/Win64/UE4Editor-OnlineSubsystemUtils.dll (API version 3944462).
LogModuleManager: Display: Found up-to-date module file ../../../Engine/Plugins/Online/OnlineSubsystemUtils/Binaries/Win64/UE4Editor-OnlineBlueprintSupport.dll (API version 3944462).
LogModuleManager: Display: Found up-to-date module file ../../../Engine/Plugins/Runtime/AndroidDeviceProfileSelector/Binaries/Win64/UE4Editor-AndroidDeviceProfileSelector.dll (API version 3944462).
LogModuleManager: Display: Found up-to-date module file ../../../Engine/Plugins/Runtime/AndroidPermission/Binaries/Win64/UE4Editor-AndroidPermission.dll (API version 3944462).
LogModuleManager: Display: Found up-to-date module file ../../../Engine/Plugins/Runtime/AppleARKit/Binaries/Win64/UE4Editor-AppleARKit.dll (API version 3944462).
LogModuleManager: Display: Found up-to-date module file ../../../Engine/Plugins/Runtime/ArchVisCharacter/Binaries/Win64/UE4Editor-ArchVisCharacter.dll (API version 3944462).
LogModuleManager: Display: Found up-to-date module file ../../../Engine/Plugins/Runtime/AudioCapture/Binaries/Win64/UE4Editor-AudioCapture.dll (API version 3944462).
LogModuleManager: Display: Found up-to-date module file ../../../Engine/Plugins/Runtime/AudioCapture/Binaries/Win64/UE4Editor-AudioCaptureEditor.dll (API version 3944462).
LogModuleManager: Display: Found up-to-date module file ../../../Engine/Plugins/Runtime/CableComponent/Binaries/Win64/UE4Editor-CableComponent.dll (API version 3944462).
LogModuleManager: Display: Found up-to-date module file ../../../Engine/Plugins/Runtime/CustomMeshComponent/Binaries/Win64/UE4Editor-CustomMeshComponent.dll (API version 3944462).
LogModuleManager: Display: Found up-to-date module file ../../../Engine/Plugins/Runtime/ExampleDeviceProfileSelector/Binaries/Win64/UE4Editor-ExampleDeviceProfileSelector.dll (API version 3944462).
LogModuleManager: Display: Found up-to-date module file ../../../Engine/Plugins/Runtime/ImmediatePhysics/Binaries/Win64/UE4Editor-ImmediatePhysics.dll (API version 3944462).
LogModuleManager: Display: Found up-to-date module file ../../../Engine/Plugins/Runtime/ImmediatePhysics/Binaries/Win64/UE4Editor-ImmediatePhysicsEditor.dll (API version 3944462).
LogModuleManager: Display: Found up-to-date module file ../../../Engine/Plugins/Runtime/LocationServicesBPLibrary/Binaries/Win64/UE4Editor-LocationServicesBPLibrary.dll (API version 3944462).
LogModuleManager: Display: Found up-to-date module file ../../../Engine/Plugins/Runtime/MobilePatchingUtils/Binaries/Win64/UE4Editor-MobilePatchingUtils.dll (API version 3944462).
LogModuleManager: Display: Found up-to-date module file ../../../Engine/Plugins/Runtime/Oculus/OculusVR/Binaries/Win64/UE4Editor-OculusHMD.dll (API version 3944462).
LogModuleManager: Display: Found up-to-date module file ../../../Engine/Plugins/Runtime/Oculus/OculusVR/Binaries/Win64/UE4Editor-OculusInput.dll (API version 3944462).
LogModuleManager: Display: Found up-to-date module file ../../../Engine/Plugins/Runtime/Oculus/OculusVR/Binaries/Win64/UE4Editor-OculusEditor.dll (API version 3944462).
LogModuleManager: Display: Found up-to-date module file ../../../Engine/Plugins/Runtime/PhysXVehicles/Binaries/Win64/UE4Editor-PhysXVehicles.dll (API version 3944462).
LogModuleManager: Display: Found up-to-date module file ../../../Engine/Plugins/Runtime/PhysXVehicles/Binaries/Win64/UE4Editor-PhysXVehiclesEditor.dll (API version 3944462).
LogModuleManager: Display: Found up-to-date module file ../../../Engine/Plugins/Runtime/ProceduralMeshComponent/Binaries/Win64/UE4Editor-ProceduralMeshComponent.dll (API version 3944462).
LogModuleManager: Display: Found up-to-date module file ../../../Engine/Plugins/Runtime/ProceduralMeshComponent/Binaries/Win64/UE4Editor-ProceduralMeshComponentEditor.dll (API version 3944462).
LogModuleManager: Display: Found up-to-date module file ../../../Engine/Plugins/Runtime/RuntimePhysXCooking/Binaries/Win64/UE4Editor-RuntimePhysXCooking.dll (API version 3944462).
LogModuleManager: Display: Found up-to-date module file ../../../Engine/Plugins/Runtime/Steam/SteamVR/Binaries/Win64/UE4Editor-SteamVR.dll (API version 3944462).
LogModuleManager: Display: Found up-to-date module file ../../../Engine/Plugins/Runtime/Steam/SteamVR/Binaries/Win64/UE4Editor-SteamVRController.dll (API version 3944462).
LogModuleManager: Display: Found up-to-date module file ../../../Engine/Plugins/Runtime/WindowsMoviePlayer/Binaries/Win64/UE4Editor-WindowsMoviePlayer.dll (API version 3944462).
LogInit: Using libcurl 7.47.1
LogInit:  - built for x86_64-pc-win32
LogInit:  - supports SSL with OpenSSL/1.0.2g
LogInit:  - supports HTTP deflate (compression) using libz 1.2.8
LogInit:  - other features:
LogInit:      CURL_VERSION_SSL
LogInit:      CURL_VERSION_LIBZ
LogInit:      CURL_VERSION_IPV6
LogInit:      CURL_VERSION_ASYNCHDNS
LogInit:      CURL_VERSION_LARGEFILE
LogInit:      CURL_VERSION_IDN
LogInit:  CurlRequestOptions (configurable via config and command line):
LogInit:  - bVerifyPeer = false  - Libcurl will NOT verify peer certificate
LogInit:  - bUseHttpProxy = false  - Libcurl will NOT use HTTP proxy
LogInit:  - bDontReuseConnections = false  - Libcurl will reuse connections
LogInit:  - CertBundlePath = nullptr  - Libcurl will use whatever was configured at build time.
LogInit:  - MaxHostConnections = 16  - Libcurl will limit the number of connections to a host
LogInit:  - LocalHostAddr = Default
LogInit: WinSock: version 1.1 (2.2), MaxSocks=32767, MaxUdp=65467
LogInit: WinSock: I am Asus (192.168.0.10:0)
LogInit: Build: ++UE4+Release-4.19-CL-4033788
LogInit: Engine Version: 4.19.2-4033788+++UE4+Release-4.19
LogInit: Compatible Engine Version: 4.19.0-3944462+++UE4+Release-4.19
LogInit: Net CL: 3944462
LogDevObjectVersion: Number of dev versions registered: 18
LogDevObjectVersion:   Dev-Blueprints (B0D832E4-1F89-4F0D-ACCF-7EB736FD4AA2): 10
LogDevObjectVersion:   Dev-Build (E1C64328-A22C-4D53-A36C-8E866417BD8C): 0
LogDevObjectVersion:   Dev-Core (375EC13C-06E4-48FB-B500-84F0262A717E): 2
LogDevObjectVersion:   Dev-Editor (E4B068ED-F494-42E9-A231-DA0B2E46BB41): 23
LogDevObjectVersion:   Dev-Framework (CFFC743F-43B0-4480-9391-14DF171D2073): 33
LogDevObjectVersion:   Dev-Mobile (B02B49B5-BB20-44E9-A304-32B752E40360): 2
LogDevObjectVersion:   Dev-Networking (A4E4105C-59A1-49B5-A7C5-40C4547EDFEE): 0
LogDevObjectVersion:   Dev-Online (39C831C9-5AE6-47DC-9A44-9C173E1C8E7C): 0
LogDevObjectVersion:   Dev-Physics (78F01B33-EBEA-4F98-B9B4-84EACCB95AA2): 0
LogDevObjectVersion:   Dev-Platform (6631380F-2D4D-43E0-8009-CF276956A95A): 0
LogDevObjectVersion:   Dev-Rendering (12F88B9F-8875-4AFC-A67C-D90C383ABD29): 25
LogDevObjectVersion:   Dev-Sequencer (7B5AE74C-D270-4C10-A958-57980B212A5A): 6
LogDevObjectVersion:   Dev-VR (D7296918-1DD6-4BDD-9DE2-64A83CC13884): 1
LogDevObjectVersion:   Dev-LoadTimes (C2A15278-BFE7-4AFE-6C17-90FF531DF755): 1
LogDevObjectVersion:   Private-Geometry (6EACA3D4-40EC-4CC1-B786-8BED09428FC5): 2
LogDevObjectVersion:   Dev-AnimPhys (29E575DD-E0A3-4627-9D10-D276232CDCEA): 16
LogDevObjectVersion:   Dev-ReflectionCapture (6B266CEC-1EC7-4B8F-A30B-E4D90942FC07): 1
LogDevObjectVersion:   Dev-Automation (0DF73D61-A23F-47EA-B727-89E90C41499A): 1
LogInit: Compiled (64-bit): Apr 27 2018 02:06:57
LogInit: Compiled with Visual C++: 19.00.24215.01
LogInit: Build Configuration: Development
LogInit: Branch Name: ++UE4+Release-4.19
LogInit: Command Line: 
LogInit: Base Directory: C:/Program Files/Epic Games/UE_4.19/Engine/Binaries/Win64/
LogInit: Installed Engine Build: 1
LogStreaming: Display: Took  0.305s to delete old logs.
LogInit: Presizing for max 8388607 objects, including 0 objects not considered by GC, pre-allocating 0 bytes for permanent pool.
LogInit: Object subsystem initialized
[2018.05.25-05.45.27:838][  0]LogInit: Selected Device Profile: [Windows]
[2018.05.25-05.45.27:838][  0]LogInit: Applying CVar settings loaded from the selected device profile: [Windows]
[2018.05.25-05.45.27:900][  0]LogInit: Computer: ASUS
[2018.05.25-05.45.27:900][  0]LogInit: User: User
[2018.05.25-05.45.27:900][  0]LogInit: CPU Page size=4096, Cores=4
[2018.05.25-05.45.27:900][  0]LogInit: High frequency timer resolution =2.437498 MHz
[2018.05.25-05.45.27:901][  0]LogMemory: Memory total: Physical=7.9GB (8GB approx)
[2018.05.25-05.45.27:901][  0]LogMemory: Platform Memory Stats for Windows
[2018.05.25-05.45.27:901][  0]LogMemory: Process Physical Memory: 280.32 MB used, 280.32 MB peak
[2018.05.25-05.45.27:901][  0]LogMemory: Process Virtual Memory: 268.71 MB used, 268.71 MB peak
[2018.05.25-05.45.27:901][  0]LogMemory: Physical Memory: 2839.01 MB used,  5238.01 MB free, 8077.02 MB total
[2018.05.25-05.45.27:901][  0]LogMemory: Virtual Memory: 4815.02 MB used,  5238.01 MB free, 134217728.00 MB total
[2018.05.25-05.45.27:934][  0]LogInit: Using OS detected language (en-US).
[2018.05.25-05.45.27:934][  0]LogInit: Using OS detected locale (en-US).
[2018.05.25-05.45.27:939][  0]LogTextLocalizationManager: No specific localization for 'en-US' exists, so the 'en' localization will be used.
[2018.05.25-05.45.28:485][  0]LogStreaming: Display: Took  0.552s to EndInitTextLocalization.
[2018.05.25-05.45.28:485][  0]LogInit: Setting process to per monitor DPI aware
[2018.05.25-05.45.28:519][  0]LogSlate: New Slate User Created.  User Index 0, Is Virtual User: 0
[2018.05.25-05.45.28:519][  0]LogSlate: Slate User Registered.  User Index 0, Is Virtual User: 0
[2018.05.25-05.45.28:817][  0]LogD3D11RHI: D3D11 adapters:
[2018.05.25-05.45.28:889][  0]LogD3D11RHI:    0. 'NVIDIA GeForce GTX 1050' (Feature Level 11_0)
[2018.05.25-05.45.28:890][  0]LogD3D11RHI:       4021/0/4038 MB DedicatedVideo/DedicatedSystem/SharedSystem, Outputs:1, VendorId:0x10de
[2018.05.25-05.45.28:899][  0]LogD3D11RHI:    1. 'Intel(R) HD Graphics 630' (Feature Level 11_0)
[2018.05.25-05.45.28:899][  0]LogD3D11RHI:       128/0/4038 MB DedicatedVideo/DedicatedSystem/SharedSystem, Outputs:0, VendorId:0x8086
[2018.05.25-05.45.28:902][  0]LogD3D11RHI:    2. 'Microsoft Basic Render Driver' (Feature Level 11_0)
[2018.05.25-05.45.28:902][  0]LogD3D11RHI:       0/0/4038 MB DedicatedVideo/DedicatedSystem/SharedSystem, Outputs:0, VendorId:0x1414
[2018.05.25-05.45.28:903][  0]LogD3D11RHI: Chosen D3D11 Adapter: 0
[2018.05.25-05.45.28:915][  0]LogD3D11RHI: Creating new Direct3DDevice
[2018.05.25-05.45.28:915][  0]LogD3D11RHI:     GPU DeviceId: 0x1c8d (for the marketing name, search the web for "GPU Device Id")
[2018.05.25-05.45.28:915][  0]LogWindows: EnumDisplayDevices:
[2018.05.25-05.45.28:915][  0]LogWindows:    0. 'Intel(R) HD Graphics 630' (P:1 D:1)
[2018.05.25-05.45.28:915][  0]LogWindows:    1. 'Intel(R) HD Graphics 630' (P:0 D:0)
[2018.05.25-05.45.28:915][  0]LogWindows:    2. 'Intel(R) HD Graphics 630' (P:0 D:0)
[2018.05.25-05.45.28:915][  0]LogWindows: DebugString: GetVideoDriverDetailsInvalid PrimaryIsNotTheChoosenAdapter GetVideoDriverDetailsInvalid PrimaryIsNotTheChoosenAdapter GetVideoDriverDetailsInvalid PrimaryIsNotTheChoosenAdapter FoundDriverCount:0 
[2018.05.25-05.45.28:916][  0]LogD3D11RHI:     Adapter Name: NVIDIA GeForce GTX 1050
[2018.05.25-05.45.28:916][  0]LogD3D11RHI:   Driver Version: Unknown (internal:Unknown, unified:Unknown)
[2018.05.25-05.45.28:916][  0]LogD3D11RHI:      Driver Date: Unknown
[2018.05.25-05.45.28:916][  0]LogRHI: Texture pool is 2814 MB (70% of 4021 MB)
[2018.05.25-05.45.28:968][  0]LogD3D11RHI: [Aftermath] Aftermath enabled and primed
[2018.05.25-05.45.28:968][  0]LogD3D11RHI: [Aftermath] Aftermath enabled and primed
[2018.05.25-05.45.28:968][  0]LogD3D11RHI: Async texture creation enabled
[2018.05.25-05.45.28:988][  0]LogD3D11RHI: GPU Timing Frequency: 1000.000000 (Debug: 2 2)
[2018.05.25-05.45.28:989][  0]LogShaderCompilers: Guid format shader working directory is -34 characters bigger than the processId version (../../../../../../Users/User/Documents/GitHub Files/UE4 Crash Course/FPSProject/Intermediate/Shaders/WorkingDirectory/8032/).
[2018.05.25-05.45.28:989][  0]LogShaderCompilers: Cleaned the shader compiler working directory 'C:/Users/User/AppData/Local/Temp/UnrealShaderWorkingDir/B4B0F00947485024BCF800B33ECCF3B6/'.
[2018.05.25-05.45.29:520][  0]LogTemp: Display: Loaded TP AllDesktopTargetPlatform
[2018.05.25-05.45.29:540][  0]LogTemp: Display: Loaded TP MacClientTargetPlatform
[2018.05.25-05.45.29:560][  0]LogTemp: Display: Loaded TP MacNoEditorTargetPlatform
[2018.05.25-05.45.29:580][  0]LogTemp: Display: Loaded TP MacServerTargetPlatform
[2018.05.25-05.45.29:600][  0]LogTemp: Display: Loaded TP MacTargetPlatform
[2018.05.25-05.45.29:620][  0]LogTemp: Display: Loaded TP WindowsClientTargetPlatform
[2018.05.25-05.45.29:640][  0]LogTemp: Display: Loaded TP WindowsNoEditorTargetPlatform
[2018.05.25-05.45.29:660][  0]LogTemp: Display: Loaded TP WindowsServerTargetPlatform
[2018.05.25-05.45.29:671][  0]LogTemp: Display: Loaded TP WindowsTargetPlatform
[2018.05.25-05.45.29:688][  0]LogTemp: Display: Loaded TP Android_ASTCTargetPlatform
[2018.05.25-05.45.29:705][  0]LogTemp: Display: Loaded TP Android_ATCTargetPlatform
[2018.05.25-05.45.29:722][  0]LogTemp: Display: Loaded TP Android_DXTTargetPlatform
[2018.05.25-05.45.29:739][  0]LogTemp: Display: Loaded TP Android_ETC1aTargetPlatform
[2018.05.25-05.45.29:756][  0]LogTemp: Display: Loaded TP Android_ETC1TargetPlatform
[2018.05.25-05.45.29:773][  0]LogTemp: Display: Loaded TP Android_ETC2TargetPlatform
[2018.05.25-05.45.29:808][  0]LogTemp: Display: Loaded TP Android_MultiTargetPlatform
[2018.05.25-05.45.29:808][  0]LogTemp: Display: Loaded TP Android_PVRTCTargetPlatform
[2018.05.25-05.45.29:825][  0]LogTemp: Display: Loaded TP AndroidTargetPlatform
[2018.05.25-05.45.29:828][  0]LogTemp: Display: Loaded TP HTML5TargetPlatform
[2018.05.25-05.45.29:872][  0]LogTemp: Display: Loaded TP IOSTargetPlatform
[2018.05.25-05.45.29:889][  0]LogTemp: Display: Loaded TP TVOSTargetPlatform
[2018.05.25-05.45.29:906][  0]LogTemp: Display: Loaded TP LinuxClientTargetPlatform
[2018.05.25-05.45.29:923][  0]LogTemp: Display: Loaded TP LinuxNoEditorTargetPlatform
[2018.05.25-05.45.29:940][  0]LogTemp: Display: Loaded TP LinuxServerTargetPlatform
[2018.05.25-05.45.29:958][  0]LogTemp: Display: Loaded TP LinuxTargetPlatform
[2018.05.25-05.45.29:958][  0]LogTargetPlatformManager: Display: Building Assets For Windows
[2018.05.25-05.45.30:170][  0]LogXGEController: Cannot use XGE Controller as Incredibuild is not installed on this machine.
[2018.05.25-05.45.30:171][  0]LogShaderCompilers: Cannot use XGE Shader Compiler as Incredibuild is not installed on this machine.
[2018.05.25-05.45.30:171][  0]LogShaderCompilers: Display: Using Local Shader Compiler.
[2018.05.25-05.45.31:087][  0]LogDerivedDataCache: Display: Max Cache Size: 512 MB
[2018.05.25-05.45.31:165][  0]LogDerivedDataCache: Loaded boot cache 0.08s 74MB C:/Users/User/AppData/Local/UnrealEngine/4.19/DerivedDataCache/Boot.ddc.
[2018.05.25-05.45.31:165][  0]LogDerivedDataCache: Display: Loaded Boot cache: C:/Users/User/AppData/Local/UnrealEngine/4.19/DerivedDataCache/Boot.ddc
[2018.05.25-05.45.31:165][  0]LogDerivedDataCache: FDerivedDataBackendGraph:  Pak pak cache file ../../../../../../Users/User/Documents/GitHub Files/UE4 Crash Course/FPSProject/DerivedDataCache/DDC.ddp not found, will not use a pak cache.
[2018.05.25-05.45.31:165][  0]LogDerivedDataCache: Unable to find inner node Pak for hierarchical cache Hierarchy.
[2018.05.25-05.45.31:165][  0]LogDerivedDataCache: FDerivedDataBackendGraph:  CompressedPak pak cache file ../../../../../../Users/User/Documents/GitHub Files/UE4 Crash Course/FPSProject/DerivedDataCache/Compressed.ddp not found, will not use a pak cache.
[2018.05.25-05.45.31:165][  0]LogDerivedDataCache: Unable to find inner node CompressedPak for hierarchical cache Hierarchy.
[2018.05.25-05.45.31:187][  0]LogDerivedDataCache: Display: Pak cache opened for reading ../../../Engine/DerivedDataCache/Compressed.ddp.
[2018.05.25-05.45.31:200][  0]LogDerivedDataCache: Using Local data cache path C:/Users/User/AppData/Local/UnrealEngine/Common/DerivedDataCache: Writable
[2018.05.25-05.45.31:200][  0]LogDerivedDataCache: Shared data cache path not found in *engine.ini, will not use an Shared cache.
[2018.05.25-05.45.31:200][  0]LogDerivedDataCache: Unable to find inner node Shared for hierarchical cache Hierarchy.
[2018.05.25-05.45.31:214][  0]LogMaterial: Verifying Global Shaders for PCD3D_SM5
[2018.05.25-05.45.31:214][  0]LogSlate: Using Freetype 2.6.0
[2018.05.25-05.45.31:215][  0]LogSlate: SlateFontCache - WITH_FREETYPE: 1, WITH_HARFBUZZ: 1
[2018.05.25-05.45.31:215][  0]LogSlate: SlateFontCache - WITH_FREETYPE: 1, WITH_HARFBUZZ: 1
[2018.05.25-05.45.31:423][  0]LogAssetRegistry: FAssetRegistry took 0.0282 seconds to start up
[2018.05.25-05.45.31:828][  0]LogInit: Selected Device Profile: [Windows]
[2018.05.25-05.45.32:050][  0]LogSimplygon: Simplygon DLL not present - disabling.
[2018.05.25-05.45.32:055][  0]LogMeshReduction: Using SimplygonSwarm for distributed automatic mesh merging
[2018.05.25-05.45.32:055][  0]LogMeshReduction: Using QuadricMeshReduction for automatic static mesh reduction
[2018.05.25-05.45.32:055][  0]LogMeshReduction: No automatic skeletal mesh reduction module available
[2018.05.25-05.45.32:055][  0]LogMeshReduction: No automatic mesh merging module available
[2018.05.25-05.45.32:055][  0]LogMeshMerging: No automatic mesh merging module available
[2018.05.25-05.45.32:111][  0]LogNetVersion: FPSProject , NetCL: 3944462, EngineNetVer: 2, GameNetVer: 0 (Checksum: 1223245918)
[2018.05.25-05.45.32:963][  0]LogPackageLocalizationCache: Processed 9 localized package path(s) for 2 prioritized culture(s) in 0.194737 seconds
[2018.05.25-05.45.32:970][  0]LogUObjectArray: 36728 objects as part of root set at end of initial load.
[2018.05.25-05.45.32:970][  0]LogUObjectAllocator: 7314304 out of 0 bytes used by permanent object pool.
[2018.05.25-05.45.32:970][  0]LogUObjectArray: CloseDisregardForGC: 0/0 objects in disregard for GC pool
[2018.05.25-05.45.35:614][  0]LogTcpMessaging: Initializing TcpMessaging bridge
[2018.05.25-05.45.35:664][  0]LogUdpMessaging: Initializing bridge on interface 0.0.0.0:0 to multicast group 230.0.0.1:6666.
[2018.05.25-05.45.36:504][  0]SourceControl: Source control is disabled
[2018.05.25-05.45.38:644][  0]LogAndroidPermission: UAndroidPermissionCallbackProxy::GetInstance
[2018.05.25-05.45.38:929][  0]LogOcInput: OculusInput pre-init called
[2018.05.25-05.45.39:112][  0]LogEngine: Initializing Engine...
[2018.05.25-05.45.39:115][  0]LogHMD: Failed to initialize OpenVR with code 110
[2018.05.25-05.45.39:117][  0]LogStats: UGameplayTagsManager::ConstructGameplayTagTree: Construct from data asset -  0.000 s
[2018.05.25-05.45.39:117][  0]LogStats: UGameplayTagsManager::ConstructGameplayTagTree: GameplayTagTreeChangedEvent.Broadcast -  0.000 s
[2018.05.25-05.45.39:404][  0]LogAIModule: Creating AISystem for world Untitled
[2018.05.25-05.45.39:468][  0]LogInit: XAudio2 using 'Speakers (Realtek High Definition Audio)' : 2 channels at 48 kHz using 32 bits per sample (channel mask 0x3)
[2018.05.25-05.45.39:501][  0]LogInit: FAudioDevice initialized.
[2018.05.25-05.45.39:901][  0]LogDerivedDataCache: Saved boot cache 0.40s 74MB C:/Users/User/AppData/Local/UnrealEngine/4.19/DerivedDataCache/Boot.ddc.
[2018.05.25-05.45.39:914][  0]LogInit: Texture streaming: Enabled
[2018.05.25-05.45.39:950][  0]LogInit: Transaction tracking system initialized
[2018.05.25-05.45.39:994][  0]BlueprintLog: New page: Editor Load
[2018.05.25-05.45.40:172][  0]LocalizationService: Localization service is disabled
[2018.05.25-05.45.40:350][  0]LogUObjectGlobals: Created PersistentFrame Addr=0x000002466495d7e0, Size=88, Default__Landscape_Sculpt_Mode_C Function /Engine/Tutorial/Landscape/Landscape_Sculpt_Mode.Landscape_Sculpt_Mode_C:ExecuteUbergraph_Landscape_Sculpt_Mode
[2018.05.25-05.45.40:354][  0]LogUObjectGlobals: Destroyed PersistentFrame Addr=0x000002466495d7e0, Size=88
[2018.05.25-05.45.40:354][  0]LogUObjectGlobals: Created PersistentFrame Addr=0x000002466495d7e0, Size=88, Default__Landscape_Sculpt_Mode_C Function /Engine/Transient.REINST_Landscape_Sculpt_Mode_C_3:ExecuteUbergraph_Landscape_Sculpt_Mode
[2018.05.25-05.45.40:357][  0]LogUObjectGlobals: Created PersistentFrame Addr=0x0000024647d92660, Size=80, Default__Landscape_Sculpt_Mode_C Function /Engine/Tutorial/Landscape/Landscape_Sculpt_Mode.Landscape_Sculpt_Mode_C:ExecuteUbergraph_Landscape_Sculpt_Mode
[2018.05.25-05.45.40:449][  0]LogConsoleResponse: Display: 
[2018.05.25-05.45.40:661][  0]LogCook: Display: Max memory allowance for cook 16384mb min free memory 0mb
[2018.05.25-05.45.40:661][  0]LogCook: Display: Mobile HDR setting 1
[2018.05.25-05.45.40:661][  0]LogGameplayTags: Display: UGameplayTagsManager::DoneAddingNativeTags. DelegateIsBound: 0
[2018.05.25-05.45.40:661][  0]LogStats: UGameplayTagsManager::ConstructGameplayTagTree: Construct from data asset -  0.000 s
[2018.05.25-05.45.40:661][  0]LogStats: UGameplayTagsManager::ConstructGameplayTagTree: GameplayTagTreeChangedEvent.Broadcast -  0.000 s
[2018.05.25-05.45.41:081][  0]LogFileCache: Scanning file cache for directory 'C:/Users/User/Documents/GitHub Files/UE4 Crash Course/FPSProject/Content/' took 0.01s
[2018.05.25-05.45.41:377][  0]Cmd: MAP LOAD FILE="../../../../../../Users/User/Documents/GitHub Files/UE4 Crash Course/FPSProject/Content/Maps/FPSMaps.umap" TEMPLATE=0 SHOWPROGRESS=1 FEATURELEVEL=3
[2018.05.25-05.45.41:472][  0]LightingResults: New page: Lighting Build
[2018.05.25-05.45.41:476][  0]MapCheck: New page: Map Check
[2018.05.25-05.45.41:477][  0]LightingResults: New page: Lighting Build
[2018.05.25-05.45.41:492][  0]LogUObjectGlobals: Destroyed PersistentFrame Addr=0x000002466495d7e0, Size=88
[2018.05.25-05.45.42:489][  0]LogAIModule: Creating AISystem for world FPSMaps
[2018.05.25-05.45.42:500][  0]LogEditorServer: Finished looking for orphan Actors (0.000 secs)
[2018.05.25-05.45.42:517][  0]Cmd: MAP CHECKDEP NOCLEARLOG
[2018.05.25-05.45.42:638][  0]MapCheck: Map check complete: 0 Error(s), 0 Warning(s), took 119.981ms to complete.
[2018.05.25-05.45.42:638][  0]LogFileHelpers: Loading map 'FPSMaps' took 1.261
[2018.05.25-05.45.43:079][  0]LogCollectionManager: Loaded 0 collections in 0.003478 seconds
[2018.05.25-05.45.43:160][  0]LogFileCache: Scanning file cache for directory 'C:/Users/User/Documents/GitHub Files/UE4 Crash Course/FPSProject/Saved/Collections/' took 0.01s
[2018.05.25-05.45.43:160][  0]LogFileCache: Scanning file cache for directory 'C:/Users/User/Documents/GitHub Files/UE4 Crash Course/FPSProject/Content/Developers/User/Collections/' took 0.01s
[2018.05.25-05.45.43:160][  0]LogFileCache: Scanning file cache for directory 'C:/Users/User/Documents/GitHub Files/UE4 Crash Course/FPSProject/Content/Collections/' took 0.01s
[2018.05.25-05.45.43:160][  0]LogCollectionManager: Rebuilt the GUID cache for 0 collections in 0.000000 seconds
[2018.05.25-05.45.43:173][  0]LogContentBrowser: Native class hierarchy populated in 0.0127 seconds. Added 2454 classes and 560 folders.
[2018.05.25-05.45.43:239][  0]LogContentBrowser: Native class hierarchy updated for 'WidgetCarousel' in 0.0014 seconds. Added 0 classes and 0 folders.
[2018.05.25-05.45.44:507][  0]LogContentBrowser: Native class hierarchy updated for 'AddContentDialog' in 0.0014 seconds. Added 0 classes and 0 folders.
[2018.05.25-05.45.44:660][  0]LogContentBrowser: Native class hierarchy updated for 'SceneOutliner' in 0.0015 seconds. Added 1 classes and 2 folders.
[2018.05.25-05.45.44:964][  0]LogSlate: Took 0.000762 seconds to synchronously load lazily loaded font '../../../Engine/Content/Slate/Fonts/Roboto-Regular.ttf' (155K)
[2018.05.25-05.45.44:971][  0]LogSlate: Took 0.000304 seconds to synchronously load lazily loaded font '../../../Engine/Content/Slate/Fonts/Roboto-Bold.ttf' (160K)
[2018.05.25-05.45.44:987][  0]LogSlate: Took 0.012351 seconds to synchronously load lazily loaded font '../../../Engine/Content/Editor/Slate/Fonts/FontAwesome.ttf' (139K)
[2018.05.25-05.45.45:284][  0]LogRenderer: Reallocating scene render targets to support 1120x576 Format 9 NumSamples 1 (Frame:1).
[2018.05.25-05.45.45:479][  0]LogContentBrowser: Native class hierarchy updated for 'HierarchicalLODOutliner' in 0.0013 seconds. Added 0 classes and 0 folders.
[2018.05.25-05.45.45:479][  0]LogLoad: (Engine Initialization) Total time: 304.88 seconds
[2018.05.25-05.45.45:479][  0]LogLoad: (Engine Initialization) Total Blueprint compile time: 0.00 seconds
[2018.05.25-05.45.45:497][  0]LogWindowsTextInputMethodSystem: Display: IME system now deactivated.
[2018.05.25-05.45.45:515][  0]LogContentStreaming: Texture pool size now 800 MB
[2018.05.25-05.45.45:551][  1]LogAssetRegistry: Asset discovery search completed in 14.1509 seconds
[2018.05.25-05.45.45:553][  1]LogCollectionManager: Rebuilt the object cache for 0 collections in 0.000001 seconds (found 0 objects)
[2018.05.25-05.45.45:554][  1]LogCollectionManager: Fixed up redirectors for 0 collections in 0.000064 seconds (updated 0 objects)
[2018.05.25-05.45.49:605][232]LogSlate: Took 0.026247 seconds to synchronously load lazily loaded font '../../../Engine/Content/Slate/Fonts/Roboto-Light.ttf' (167K)
[2018.05.25-05.52.52:213][546]LogSlate: FSceneViewport::OnFocusLost() reason 0
[2018.05.25-05.52.52:329][553]LogTemp: Repeating last play command: Selected Viewport
[2018.05.25-05.52.52:346][553]LogPlayLevel: PlayLevel: No blueprints needed recompiling
[2018.05.25-05.52.53:117][553]PIE: New page: PIE session: FPSMaps (May 25, 2018, 9:52:52 PM)
[2018.05.25-05.52.53:117][553]LogPlayLevel: Creating play world package: /Game/Maps/UEDPIE_0_FPSMaps
[2018.05.25-05.52.53:121][553]LogPlayLevel: PIE: StaticDuplicateObject took: (0.003771s)
[2018.05.25-05.52.53:121][553]LogAIModule: Creating AISystem for world FPSMaps
[2018.05.25-05.52.53:444][553]LogPlayLevel: PIE: World Init took: (0.322865s)
[2018.05.25-05.52.53:444][553]LogPlayLevel: PIE: Created PIE world by copying editor world from /Game/Maps/FPSMaps.FPSMaps to /Game/Maps/UEDPIE_0_FPSMaps.FPSMaps (0.326875s)
[2018.05.25-05.52.53:463][553]LogInit: XAudio2 using 'Speakers (Realtek High Definition Audio)' : 2 channels at 48 kHz using 32 bits per sample (channel mask 0x3)
[2018.05.25-05.52.53:629][553]LogInit: FAudioDevice initialized.
[2018.05.25-05.52.54:308][553]LogSkeletalMesh: Skeletal Mesh found in DDC [153.552124ms] /Game/GenericMale/GenericMale.GenericMale
[2018.05.25-05.52.54:459][553]LogLoad: Game class is 'BP_FPSProjectGameModeBase_C'
[2018.05.25-05.52.54:461][553]LogWorld: Bringing World /Game/Maps/UEDPIE_0_FPSMaps.FPSMaps up for play (max tick rate 60) at 2018.05.25-13.52.54
[2018.05.25-05.52.54:462][553]LogWorld: Bringing up level for play took: 0.000773
[2018.05.25-05.52.54:497][553]LogContentBrowser: Native class hierarchy updated for 'MovieSceneCapture' in 0.0016 seconds. Added 11 classes and 0 folders.
[2018.05.25-05.52.54:566][553]PIE: Play in editor start time for /Game/Maps/UEDPIE_0_FPSMaps 1.685
[2018.05.25-05.53.09:205][180]LogSlate: FSceneViewport::OnFocusLost() reason 2
[2018.05.25-05.53.09:653][180]LogSlate: Took 0.000304 seconds to synchronously load lazily loaded font '../../../Engine/Content/Slate/Fonts/Roboto-Light.ttf' (167K)
[2018.05.25-05.53.09:696][180]LogSlate: FSceneViewport::OnFocusLost() reason 2
[2018.05.25-05.53.09:944][180]LogSavePackage: Save=83.38ms
[2018.05.25-05.53.09:944][180]LogSavePackage: Moving '../../../../../../Users/User/Documents/GitHub Files/UE4 Crash Course/FPSProject/Saved/FPSMapsCE3ED43546E5158BF089FD805D64B46C.tmp' to '../../../../../../Users/User/Documents/GitHub Files/UE4 Crash Course/FPSProject/Content/Maps/FPSMaps.umap'
[2018.05.25-05.53.09:964][180]LogSavePackage: Display: Finished SavePackage ../../../../../../Users/User/Documents/GitHub Files/UE4 Crash Course/FPSProject/Content/Maps/FPSMaps.umap
[2018.05.25-05.53.10:120][180]Cmd: OBJ SAVEPACKAGE PACKAGE="/Game/Maps/FPSMaps_BuiltData" FILE="../../../../../../Users/User/Documents/GitHub Files/UE4 Crash Course/FPSProject/Content/Maps/FPSMaps_BuiltData.uasset" SILENT=true
[2018.05.25-05.53.10:217][180]LogSavePackage: Save=83.17ms
[2018.05.25-05.53.10:217][180]LogSavePackage: Moving '../../../../../../Users/User/Documents/GitHub Files/UE4 Crash Course/FPSProject/Saved/FPSMaps_BuiltDataCFB3A63644F6780B2661EF84019CA053.tmp' to '../../../../../../Users/User/Documents/GitHub Files/UE4 Crash Course/FPSProject/Content/Maps/FPSMaps_BuiltData.uasset'
[2018.05.25-05.53.10:221][180]LogSavePackage: Display: Finished SavePackage ../../../../../../Users/User/Documents/GitHub Files/UE4 Crash Course/FPSProject/Content/Maps/FPSMaps_BuiltData.uasset
[2018.05.25-05.53.12:200][294]LogSlate: Window 'FPSProject - Unreal Editor' being destroyed
[2018.05.25-05.53.12:402][295]Cmd: QUIT_EDITOR
[2018.05.25-05.53.12:552][295]LogWindowsTextInputMethodSystem: Display: IME system now deactivated.
[2018.05.25-05.53.12:566][295]LogSlate: Slate User Destroyed.  User Index 0, Is Virtual User: 0
[2018.05.25-05.53.12:566][295]LogExit: Preparing to exit.
[2018.05.25-05.53.12:916][295]LogDirectoryWatcher: A directory notification for 'C:/Users/User/Documents/GitHub Files/UE4 Crash Course/FPSProject/Content/' was aborted.
[2018.05.25-05.53.12:934][295]LogExit: Editor shut down
[2018.05.25-05.53.12:940][295]LogExit: Transaction tracking system shut down
[2018.05.25-05.53.12:940][295]LogUObjectGlobals: Destroyed PersistentFrame Addr=0x0000024647d92660, Size=80
[2018.05.25-05.53.13:122][295]LogDirectoryWatcher: A directory notification for '../../../Engine/Content/' was aborted.
[2018.05.25-05.53.13:122][295]LogDirectoryWatcher: A directory notification for '../../../../../../Users/User/Documents/GitHub Files/UE4 Crash Course/FPSProject/Content/' was aborted.
[2018.05.25-05.53.13:122][295]LogDirectoryWatcher: A directory notification for '../../Plugins/2D/Paper2D/Content/' was aborted.
[2018.05.25-05.53.13:122][295]LogDirectoryWatcher: A directory notification for '../../Plugins/Enterprise/DatasmithContent/Content/' was aborted.
[2018.05.25-05.53.13:122][295]LogDirectoryWatcher: A directory notification for '../../Plugins/Media/MediaCompositing/Content/' was aborted.
[2018.05.25-05.53.13:122][295]LogDirectoryWatcher: A directory notification for '../../Plugins/Runtime/AppleARKit/Content/' was aborted.
[2018.05.25-05.53.13:122][295]LogDirectoryWatcher: A directory notification for '../../Plugins/Runtime/Oculus/OculusVR/Content/' was aborted.
[2018.05.25-05.53.13:123][295]LogDirectoryWatcher: A directory notification for '../../Plugins/Runtime/Steam/SteamVR/Content/' was aborted.
[2018.05.25-05.53.13:186][295]LogExit: Object subsystem successfully closed.
[2018.05.25-05.53.13:199][295]LogShaderCompilers: Display: Shaders left to compile 0
[2018.05.25-05.53.13:203][295]LogD3D11RHI: Shutdown
[2018.05.25-05.53.13:203][295]LogD3D11RHI: CleanupD3DDevice
[2018.05.25-05.53.13:205][295]LogD3D11RHI: ~FD3D11DynamicRHI
[2018.05.25-05.53.13:251][295]LogModuleManager: Shutting down and abandoning module MovieSceneCapture (574)
[2018.05.25-05.53.13:251][295]LogModuleManager: Shutting down and abandoning module HierarchicalLODOutliner (572)
[2018.05.25-05.53.13:251][295]LogModuleManager: Shutting down and abandoning module SceneOutliner (570)
[2018.05.25-05.53.13:270][295]LogModuleManager: Shutting down and abandoning module AddContentDialog (568)
[2018.05.25-05.53.13:270][295]LogDirectoryWatcher: A directory notification for 'C:/Program Files/Epic Games/UE_4.19/FeaturePacks/' was aborted.
[2018.05.25-05.53.13:271][295]LogModuleManager: Shutting down and abandoning module WidgetCarousel (567)
[2018.05.25-05.53.13:272][295]LogModuleManager: Shutting down and abandoning module EditorWidgets (564)
[2018.05.25-05.53.13:272][295]LogModuleManager: Shutting down and abandoning module CollectionManager (562)
[2018.05.25-05.53.13:272][295]LogDirectoryWatcher: A directory notification for 'C:/Users/User/Documents/GitHub Files/UE4 Crash Course/FPSProject/Content/Collections/' was aborted.
[2018.05.25-05.53.13:272][295]LogDirectoryWatcher: A directory notification for 'C:/Users/User/Documents/GitHub Files/UE4 Crash Course/FPSProject/Content/Developers/User/Collections/' was aborted.
[2018.05.25-05.53.13:272][295]LogDirectoryWatcher: A directory notification for 'C:/Users/User/Documents/GitHub Files/UE4 Crash Course/FPSProject/Saved/Collections/' was aborted.
[2018.05.25-05.53.13:272][295]LogModuleManager: Shutting down and abandoning module LauncherPlatform (560)
[2018.05.25-05.53.13:272][295]LogModuleManager: Shutting down and abandoning module StatsViewer (558)
[2018.05.25-05.53.13:272][295]LogModuleManager: Shutting down and abandoning module FoliageEdit (556)
[2018.05.25-05.53.13:272][295]LogModuleManager: Shutting down and abandoning module LandscapeEditor (554)
[2018.05.25-05.53.13:272][295]LogModuleManager: Shutting down and abandoning module MeshPaintMode (552)
[2018.05.25-05.53.13:272][295]LogModuleManager: Shutting down and abandoning module SceneDepthPickerMode (550)
[2018.05.25-05.53.13:272][295]LogModuleManager: Shutting down and abandoning module ActorPickerMode (548)
[2018.05.25-05.53.13:272][295]LogModuleManager: Shutting down and abandoning module GeometryMode (546)
[2018.05.25-05.53.13:272][295]LogModuleManager: Shutting down and abandoning module TextureAlignMode (544)
[2018.05.25-05.53.13:272][295]LogModuleManager: Shutting down and abandoning module BspMode (542)
[2018.05.25-05.53.13:272][295]LogModuleManager: Shutting down and abandoning module PIEPreviewDeviceProfileSelector (540)
[2018.05.25-05.53.13:272][295]LogModuleManager: Shutting down and abandoning module SequenceRecorderSections (538)
[2018.05.25-05.53.13:272][295]LogModuleManager: Shutting down and abandoning module AutomationWorker (536)
[2018.05.25-05.53.13:272][295]LogModuleManager: Shutting down and abandoning module AudioCaptureEditor (534)
[2018.05.25-05.53.13:272][295]LogModuleManager: Shutting down and abandoning module SequenceRecorder (533)
[2018.05.25-05.53.13:273][295]LogModuleManager: Shutting down and abandoning module MatineeToLevelSequence (530)
[2018.05.25-05.53.13:273][295]LogModuleManager: Shutting down and abandoning module LevelSequenceEditor (528)
[2018.05.25-05.53.13:273][295]LogModuleManager: Shutting down and abandoning module PlacementMode (527)
[2018.05.25-05.53.13:273][295]LogModuleManager: Shutting down and abandoning module MaterialEditor (526)
[2018.05.25-05.53.13:273][295]LogModuleManager: Shutting down and abandoning module WmfMediaFactory (522)
[2018.05.25-05.53.13:273][295]LogModuleManager: Shutting down and abandoning module WmfMediaEditor (520)
[2018.05.25-05.53.13:273][295]LogModuleManager: Shutting down and abandoning module MediaPlayerEditor (518)
[2018.05.25-05.53.13:273][295]LogModuleManager: Shutting down and abandoning module OpenExrWrapper (516)
[2018.05.25-05.53.13:273][295]LogModuleManager: Shutting down and abandoning module ImgMediaFactory (514)
[2018.05.25-05.53.13:273][295]LogModuleManager: Shutting down and abandoning module ImgMediaEditor (512)
[2018.05.25-05.53.13:273][295]LogModuleManager: Shutting down and abandoning module AvfMediaFactory (510)
[2018.05.25-05.53.13:273][295]LogModuleManager: Shutting down and abandoning module AvfMediaEditor (508)
[2018.05.25-05.53.13:273][295]LogModuleManager: Shutting down and abandoning module AndroidMediaFactory (506)
[2018.05.25-05.53.13:273][295]LogModuleManager: Shutting down and abandoning module AndroidMediaEditor (504)
[2018.05.25-05.53.13:273][295]LogModuleManager: Shutting down and abandoning module CharacterAI (502)
[2018.05.25-05.53.13:273][295]LogModuleManager: Shutting down and abandoning module SmartSnapping (500)
[2018.05.25-05.53.13:273][295]LogModuleManager: Shutting down and abandoning module SessionServices (498)
[2018.05.25-05.53.13:273][295]LogModuleManager: Shutting down and abandoning module ViewportSnapping (496)
[2018.05.25-05.53.13:273][295]LogModuleManager: Shutting down and abandoning module ViewportInteraction (494)
[2018.05.25-05.53.13:273][295]LogModuleManager: Shutting down and abandoning module ClothPainter (492)
[2018.05.25-05.53.13:273][295]LogModuleManager: Shutting down and abandoning module SkeletalMeshEditor (491)
[2018.05.25-05.53.13:273][295]LogModuleManager: Shutting down and abandoning module LogVisualizer (488)
[2018.05.25-05.53.13:273][295]LogModuleManager: Shutting down and abandoning module IntroTutorials (486)
[2018.05.25-05.53.13:273][295]LogModuleManager: Shutting down and abandoning module GameProjectGeneration (485)
[2018.05.25-05.53.13:273][295]LogModuleManager: Shutting down and abandoning module IOSPlatformEditor (482)
[2018.05.25-05.53.13:273][295]LogModuleManager: Shutting down and abandoning module HTML5PlatformEditor (480)
[2018.05.25-05.53.13:273][295]LogModuleManager: Shutting down and abandoning module AndroidPlatformEditor (478)
[2018.05.25-05.53.13:274][295]LogModuleManager: Shutting down and abandoning module AndroidDeviceDetection (477)
[2018.05.25-05.53.13:517][295]LogModuleManager: Shutting down and abandoning module WindowsPlatformEditor (474)
[2018.05.25-05.53.13:517][295]LogModuleManager: Shutting down and abandoning module IOSRuntimeSettings (472)
[2018.05.25-05.53.13:517][295]LogModuleManager: Shutting down and abandoning module AndroidRuntimeSettings (470)
[2018.05.25-05.53.13:518][295]LogModuleManager: Shutting down and abandoning module InputBindingEditor (468)
[2018.05.25-05.53.13:518][295]LogModuleManager: Shutting down and abandoning module MergeActors (466)
[2018.05.25-05.53.13:518][295]LogModuleManager: Shutting down and abandoning module LocalizationDashboard (464)
[2018.05.25-05.53.13:518][295]LogModuleManager: Shutting down and abandoning module LocalizationService (463)
[2018.05.25-05.53.13:518][295]LogModuleManager: Shutting down and abandoning module HardwareTargeting (460)
[2018.05.25-05.53.13:518][295]LogModuleManager: Shutting down and abandoning module DeviceProfileEditor (458)
[2018.05.25-05.53.13:518][295]LogModuleManager: Shutting down and abandoning module UndoHistory (456)
[2018.05.25-05.53.13:518][295]LogModuleManager: Shutting down and abandoning module XmlParser (454)
[2018.05.25-05.53.13:518][295]LogModuleManager: Shutting down and abandoning module Blutility (452)
[2018.05.25-05.53.13:518][295]LogModuleManager: Shutting down and abandoning module ProjectSettingsViewer (450)
[2018.05.25-05.53.13:518][295]LogModuleManager: Shutting down and abandoning module ProjectTargetPlatformEditor (449)
[2018.05.25-05.53.13:518][295]LogModuleManager: Shutting down and abandoning module EditorSettingsViewer (446)
[2018.05.25-05.53.13:518][295]LogModuleManager: Shutting down and abandoning module SettingsEditor (444)
[2018.05.25-05.53.13:518][295]LogModuleManager: Shutting down and abandoning module ProjectLauncher (442)
[2018.05.25-05.53.13:518][295]LogModuleManager: Shutting down and abandoning module SessionFrontend (440)
[2018.05.25-05.53.13:518][295]LogModuleManager: Shutting down and abandoning module ProfilerClient (438)
[2018.05.25-05.53.13:518][295]LogModuleManager: Shutting down and abandoning module DeviceManager (436)
[2018.05.25-05.53.13:518][295]LogModuleManager: Shutting down and abandoning module TargetDeviceServices (435)
[2018.05.25-05.53.13:581][295]LogModuleManager: Shutting down and abandoning module AutomationController (432)
[2018.05.25-05.53.13:581][295]LogModuleManager: Shutting down and abandoning module AutomationWindow (430)
[2018.05.25-05.53.13:581][295]LogModuleManager: Shutting down and abandoning module Layers (428)
[2018.05.25-05.53.13:581][295]LogModuleManager: Shutting down and abandoning module ComponentVisualizers (426)
[2018.05.25-05.53.13:581][295]LogModuleManager: Shutting down and abandoning module DetailCustomizations (424)
[2018.05.25-05.53.13:581][295]LogModuleManager: Shutting down and abandoning module PackagesDialog (422)
[2018.05.25-05.53.13:581][295]LogModuleManager: Shutting down and abandoning module Persona (420)
[2018.05.25-05.53.13:581][295]LogModuleManager: Shutting down and abandoning module AdvancedPreviewScene (419)
[2018.05.25-05.53.13:581][295]LogModuleManager: Shutting down and abandoning module AnimGraph (417)
[2018.05.25-05.53.13:581][295]LogModuleManager: Shutting down and abandoning module Kismet (414)
[2018.05.25-05.53.13:581][295]LogModuleManager: Shutting down and abandoning module GraphEditor (412)
[2018.05.25-05.53.13:582][295]LogModuleManager: Shutting down and abandoning module ClassViewer (410)
[2018.05.25-05.53.13:582][295]LogModuleManager: Shutting down and abandoning module Toolbox (408)
[2018.05.25-05.53.13:582][295]LogModuleManager: Shutting down and abandoning module ModuleUI (406)
[2018.05.25-05.53.13:582][295]LogModuleManager: Shutting down and abandoning module MovieSceneTools (404)
[2018.05.25-05.53.13:582][295]LogModuleManager: Shutting down and abandoning module OutputLog (402)
[2018.05.25-05.53.13:582][295]LogModuleManager: Shutting down and abandoning module GammaUI (400)
[2018.05.25-05.53.13:582][295]LogModuleManager: Shutting down and abandoning module Documentation (398)
[2018.05.25-05.53.13:582][295]LogModuleManager: Shutting down and abandoning module MovieSceneTracks (396)
[2018.05.25-05.53.13:582][295]LogModuleManager: Shutting down and abandoning module MovieScene (394)
[2018.05.25-05.53.13:582][295]LogModuleManager: Shutting down and abandoning module StreamingPauseRendering (392)
[2018.05.25-05.53.13:582][295]LogModuleManager: Shutting down and abandoning module PortalServices (390)
[2018.05.25-05.53.13:582][295]LogModuleManager: Shutting down and abandoning module PortalRpc (388)
[2018.05.25-05.53.13:582][295]LogModuleManager: Shutting down and abandoning module MessagingRpc (386)
[2018.05.25-05.53.13:582][295]LogModuleManager: Shutting down and abandoning module AIModule (384)
[2018.05.25-05.53.13:582][295]LogModuleManager: Shutting down and abandoning module GameplayDebugger (383)
[2018.05.25-05.53.13:582][295]LogModuleManager: Shutting down and abandoning module AITestSuite (381)
[2018.05.25-05.53.13:582][295]LogModuleManager: Shutting down and abandoning module ProfilerService (378)
[2018.05.25-05.53.13:665][295]LogModuleManager: Shutting down and abandoning module TaskGraph (376)
[2018.05.25-05.53.13:666][295]LogModuleManager: Shutting down and abandoning module SteamVRController (374)
[2018.05.25-05.53.13:666][295]LogModuleManager: Shutting down and abandoning module ProceduralMeshComponentEditor (372)
[2018.05.25-05.53.13:666][295]LogModuleManager: Shutting down and abandoning module ProceduralMeshComponent (370)
[2018.05.25-05.53.13:666][295]LogModuleManager: Shutting down and abandoning module OculusInput (368)
[2018.05.25-05.53.13:666][295]LogModuleManager: Shutting down and abandoning module MobilePatchingUtils (366)
[2018.05.25-05.53.13:666][295]LogModuleManager: Shutting down and abandoning module CustomMeshComponent (364)
[2018.05.25-05.53.13:666][295]LogModuleManager: Shutting down and abandoning module CableComponent (362)
[2018.05.25-05.53.13:666][295]LogModuleManager: Shutting down and abandoning module AudioCapture (360)
[2018.05.25-05.53.13:666][295]LogModuleManager: Shutting down and abandoning module ArchVisCharacter (358)
[2018.05.25-05.53.13:666][295]LogModuleManager: Shutting down and abandoning module AndroidPermission (356)
[2018.05.25-05.53.13:666][295]LogModuleManager: Shutting down and abandoning module NUTUnrealEngine4 (352)
[2018.05.25-05.53.13:666][295]LogModuleManager: Shutting down and abandoning module NetcodeUnitTest (350)
[2018.05.25-05.53.13:666][295]LogModuleManager: Shutting down and abandoning module MediaCompositingEditor (348)
[2018.05.25-05.53.13:666][295]LogModuleManager: Shutting down and abandoning module MediaCompositing (346)
[2018.05.25-05.53.13:666][295]LogModuleManager: Shutting down and abandoning module LinearTimecode (344)
[2018.05.25-05.53.13:666][295]LogModuleManager: Shutting down and abandoning module ImgMedia (342)
[2018.05.25-05.53.13:670][295]LogModuleManager: Shutting down and abandoning module HTML5Networking (340)
[2018.05.25-05.53.13:670][295]LogModuleManager: Shutting down and abandoning module AlembicImporter (338)
[2018.05.25-05.53.13:670][295]LogModuleManager: Shutting down and abandoning module AlembicLibrary (337)
[2018.05.25-05.53.13:670][295]LogModuleManager: Shutting down and abandoning module GeometryCache (336)
[2018.05.25-05.53.13:670][295]LogModuleManager: Shutting down and abandoning module GeometryCacheEd (335)
[2018.05.25-05.53.13:670][295]LogModuleManager: Shutting down and abandoning module DatasmithContent (330)
[2018.05.25-05.53.13:670][295]LogModuleManager: Shutting down and abandoning module SpeedTreeImporter (328)
[2018.05.25-05.53.13:670][295]LogModuleManager: Shutting down and abandoning module PluginBrowser (326)
[2018.05.25-05.53.13:670][295]LogModuleManager: Shutting down and abandoning module MobileLauncherProfileWizard (324)
[2018.05.25-05.53.13:670][295]LogModuleManager: Shutting down and abandoning module CryptoKeysOpenSSL (322)
[2018.05.25-05.53.13:670][295]LogModuleManager: Shutting down and abandoning module CryptoKeys (320)
[2018.05.25-05.53.13:670][295]LogModuleManager: Shutting down and abandoning module VisualStudioSourceCodeAccess (318)
[2018.05.25-05.53.13:670][295]LogModuleManager: Shutting down and abandoning module VisualStudioCodeSourceCodeAccess (316)
[2018.05.25-05.53.13:670][295]LogModuleManager: Shutting down and abandoning module UObjectPlugin (314)
[2018.05.25-05.53.13:670][295]LogModuleManager: Shutting down and abandoning module SubversionSourceControl (312)
[2018.05.25-05.53.13:670][295]LogModuleManager: Shutting down and abandoning module PerforceSourceControl (310)
[2018.05.25-05.53.13:670][295]LogModuleManager: Shutting down and abandoning module GitSourceControl (308)
[2018.05.25-05.53.13:670][295]LogModuleManager: Shutting down and abandoning module SourceControl (307)
[2018.05.25-05.53.13:670][295]LogModuleManager: Shutting down and abandoning module CLionSourceCodeAccess (304)
[2018.05.25-05.53.13:670][295]LogModuleManager: Shutting down and abandoning module LightPropagationVolumeEditor (302)
[2018.05.25-05.53.13:671][295]LogModuleManager: Shutting down and abandoning module PaperTiledImporter (300)
[2018.05.25-05.53.13:671][295]LogModuleManager: Shutting down and abandoning module PaperSpriteSheetImporter (298)
[2018.05.25-05.53.13:671][295]LogModuleManager: Shutting down and abandoning module Paper2DEditor (296)
[2018.05.25-05.53.13:671][295]LogModuleManager: Shutting down and abandoning module MeshPaint (295)
[2018.05.25-05.53.13:671][295]LogModuleManager: Shutting down and abandoning module FPSProject (292)
[2018.05.25-05.53.13:671][295]LogModuleManager: Shutting down and abandoning module RuntimePhysXCooking (290)
[2018.05.25-05.53.13:671][295]LogModuleManager: Shutting down and abandoning module PhysXVehiclesEditor (288)
[2018.05.25-05.53.13:671][295]LogModuleManager: Shutting down and abandoning module PhysXVehicles (286)
[2018.05.25-05.53.13:671][295]LogModuleManager: Shutting down and abandoning module OculusEditor (284)
[2018.05.25-05.53.13:671][295]LogModuleManager: Shutting down and abandoning module LocationServicesBPLibrary (282)
[2018.05.25-05.53.13:671][295]LogModuleManager: Shutting down and abandoning module ImmediatePhysicsEditor (280)
[2018.05.25-05.53.13:671][295]LogModuleManager: Shutting down and abandoning module ImmediatePhysics (278)
[2018.05.25-05.53.13:671][295]LogModuleManager: Shutting down and abandoning module ActorSequence (276)
[2018.05.25-05.53.13:671][295]LogModuleManager: Shutting down and abandoning module UdpMessaging (274)
[2018.05.25-05.53.13:771][295]LogModuleManager: Shutting down and abandoning module TcpMessaging (272)
[2018.05.25-05.53.13:872][295]LogModuleManager: Shutting down and abandoning module GameplayTagsEditor (270)
[2018.05.25-05.53.13:872][295]LogModuleManager: Shutting down and abandoning module FacialAnimationEditor (268)
[2018.05.25-05.53.13:872][295]LogModuleManager: Shutting down and abandoning module FacialAnimation (266)
[2018.05.25-05.53.13:872][295]LogModuleManager: Shutting down and abandoning module DataValidation (264)
[2018.05.25-05.53.13:872][295]LogModuleManager: Shutting down and abandoning module AssetManagerEditor (262)
[2018.05.25-05.53.13:872][295]LogModuleManager: Shutting down and abandoning module LevelEditor (261)
[2018.05.25-05.53.13:873][295]LogModuleManager: Shutting down and abandoning module PixelInspectorModule (260)
[2018.05.25-05.53.13:873][295]LogModuleManager: Shutting down and abandoning module CommonMenuExtensions (258)
[2018.05.25-05.53.13:873][295]LogModuleManager: Shutting down and abandoning module MainFrame (256)
[2018.05.25-05.53.13:873][295]LogModuleManager: Shutting down and abandoning module HotReload (255)
[2018.05.25-05.53.13:873][295]LogDirectoryWatcher: A directory notification for 'C:/Users/User/Documents/GitHub Files/UE4 Crash Course/FPSProject/Binaries/Win64' was aborted.
[2018.05.25-05.53.13:874][295]LogModuleManager: Shutting down and abandoning module ContentBrowser (251)
[2018.05.25-05.53.13:875][295]LogModuleManager: Shutting down and abandoning module TreeMap (249)
[2018.05.25-05.53.13:875][295]LogModuleManager: Shutting down and abandoning module LightPropagationVolumeRuntime (246)
[2018.05.25-05.53.13:875][295]LogModuleManager: Shutting down and abandoning module LiveLinkEditor (244)
[2018.05.25-05.53.13:875][295]LogModuleManager: Shutting down and abandoning module LiveLink (242)
[2018.05.25-05.53.14:303][295]LogModuleManager: Shutting down and abandoning module Paper2D (240)
[2018.05.25-05.53.14:303][295]LogModuleManager: Shutting down and abandoning module WindowsMoviePlayer (238)
[2018.05.25-05.53.14:303][295]LogModuleManager: Shutting down and abandoning module WmfMedia (236)
[2018.05.25-05.53.14:305][295]LogModuleManager: Shutting down and abandoning module Media (235)
[2018.05.25-05.53.14:311][295]LogModuleManager: Shutting down and abandoning module PacketHandler (232)
[2018.05.25-05.53.14:311][295]LogModuleManager: Shutting down and abandoning module ClothingSystemEditor (230)
[2018.05.25-05.53.14:311][295]LogModuleManager: Shutting down and abandoning module ClothingSystemRuntime (228)
[2018.05.25-05.53.14:311][295]LogModuleManager: Shutting down and abandoning module MediaAssets (226)
[2018.05.25-05.53.14:311][295]LogModuleManager: Shutting down and abandoning module Overlay (224)
[2018.05.25-05.53.14:311][295]LogModuleManager: Shutting down and abandoning module OverlayEditor (223)
[2018.05.25-05.53.14:311][295]LogModuleManager: Shutting down and abandoning module VREditor (220)
[2018.05.25-05.53.14:311][295]LogModuleManager: Shutting down and abandoning module StringTableEditor (218)
[2018.05.25-05.53.14:312][295]LogModuleManager: Shutting down and abandoning module GameplayTasksEditor (216)
[2018.05.25-05.53.14:312][295]LogModuleManager: Shutting down and abandoning module BehaviorTreeEditor (214)
[2018.05.25-05.53.14:312][295]LogModuleManager: Shutting down and abandoning module FunctionalTesting (212)
[2018.05.25-05.53.14:312][295]LogModuleManager: Shutting down and abandoning module CollisionAnalyzer (210)
[2018.05.25-05.53.14:312][295]LogModuleManager: Shutting down and abandoning module WorkspaceMenuStructure (209)
[2018.05.25-05.53.14:312][295]LogModuleManager: Shutting down and abandoning module UMG (206)
[2018.05.25-05.53.14:312][295]LogModuleManager: Shutting down and abandoning module UMGEditor (205)
[2018.05.25-05.53.14:312][295]LogModuleManager: Shutting down and abandoning module Sequencer (204)
[2018.05.25-05.53.14:312][295]LogModuleManager: Shutting down and abandoning module MessageLog (201)
[2018.05.25-05.53.14:312][295]LogModuleManager: Shutting down and abandoning module SlateReflector (196)
[2018.05.25-05.53.14:312][295]LogModuleManager: Shutting down and abandoning module Slate (194)
[2018.05.25-05.53.14:312][295]LogModuleManager: Shutting down and abandoning module EditorStyle (192)
[2018.05.25-05.53.14:314][295]LogModuleManager: Shutting down and abandoning module MRMesh (190)
[2018.05.25-05.53.14:314][295]LogModuleManager: Shutting down and abandoning module SourceCodeAccess (188)
[2018.05.25-05.53.14:314][295]LogModuleManager: Shutting down and abandoning module HeadMountedDisplay (186)
[2018.05.25-05.53.14:314][295]LogModuleManager: Shutting down and abandoning module XAudio2 (184)
[2018.05.25-05.53.14:314][295]LogModuleManager: Shutting down and abandoning module Networking (182)
[2018.05.25-05.53.14:314][295]LogModuleManager: Shutting down and abandoning module Core (180)
[2018.05.25-05.53.14:314][295]LogModuleManager: Shutting down and abandoning module LevelSequence (178)
[2018.05.25-05.53.14:314][295]LogModuleManager: Shutting down and abandoning module KismetCompiler (176)
[2018.05.25-05.53.14:314][295]LogModuleManager: Shutting down and abandoning module MeshUtilities (174)
[2018.05.25-05.53.14:314][295]LogModuleManager: Shutting down and abandoning module MeshMergeUtilities (173)
[2018.05.25-05.53.14:314][295]LogModuleManager: Shutting down and abandoning module MeshReductionInterface (172)
[2018.05.25-05.53.14:314][295]LogModuleManager: Shutting down and abandoning module SimplygonSwarm (171)
[2018.05.25-05.53.14:314][295]LogModuleManager: Shutting down and abandoning module SimplygonMeshReduction (169)
[2018.05.25-05.53.14:314][295]LogModuleManager: Shutting down and abandoning module QuadricMeshReduction (167)
[2018.05.25-05.53.14:314][295]LogModuleManager: Shutting down and abandoning module MaterialBaking (163)
[2018.05.25-05.53.14:314][295]LogModuleManager: Shutting down and abandoning module DirectoryWatcher (159)
[2018.05.25-05.53.14:315][295]LogModuleManager: Shutting down and abandoning module DerivedDataCache (156)
[2018.05.25-05.53.14:348][295]LogDerivedDataCache: Shutdown
[2018.05.25-05.53.14:348][295]LogModuleManager: Shutting down and abandoning module XGEController (154)
[2018.05.25-05.53.14:348][295]LogModuleManager: Shutting down and abandoning module TargetPlatform (152)
[2018.05.25-05.53.14:348][295]LogModuleManager: Shutting down and abandoning module VulkanShaderFormat (151)
[2018.05.25-05.53.14:348][295]LogModuleManager: Shutting down and abandoning module ShaderFormatVectorVM (149)
[2018.05.25-05.53.14:349][295]LogModuleManager: Shutting down and abandoning module ShaderFormatOpenGL (147)
[2018.05.25-05.53.14:349][295]LogModuleManager: Shutting down and abandoning module ShaderFormatD3D (145)
[2018.05.25-05.53.14:349][295]LogModuleManager: Shutting down and abandoning module MetalShaderFormat (143)
[2018.05.25-05.53.14:349][295]LogModuleManager: Shutting down and abandoning module TextureFormatUncompressed (141)
[2018.05.25-05.53.14:349][295]LogModuleManager: Shutting down and abandoning module TextureFormatPVR (139)
[2018.05.25-05.53.14:349][295]LogModuleManager: Shutting down and abandoning module TextureFormatDXT (137)
[2018.05.25-05.53.14:349][295]LogModuleManager: Shutting down and abandoning module TextureFormatIntelISPCTexComp (135)
[2018.05.25-05.53.14:349][295]LogModuleManager: Shutting down and abandoning module TextureFormatASTC (133)
[2018.05.25-05.53.14:349][295]LogModuleManager: Shutting down and abandoning module ImageWrapper (132)
[2018.05.25-05.53.14:349][295]LogModuleManager: Shutting down and abandoning module TextureFormatAndroid (129)
[2018.05.25-05.53.14:349][295]LogModuleManager: Shutting down and abandoning module AudioFormatOpus (127)
[2018.05.25-05.53.14:349][295]LogModuleManager: Shutting down and abandoning module AudioFormatOgg (125)
[2018.05.25-05.53.14:349][295]LogModuleManager: Shutting down and abandoning module AudioFormatADPCM (123)
[2018.05.25-05.53.14:349][295]LogModuleManager: Shutting down and abandoning module LinuxTargetPlatform (121)
[2018.05.25-05.53.14:349][295]LogModuleManager: Shutting down and abandoning module LinuxServerTargetPlatform (119)
[2018.05.25-05.53.14:349][295]LogModuleManager: Shutting down and abandoning module LinuxNoEditorTargetPlatform (117)
[2018.05.25-05.53.14:349][295]LogModuleManager: Shutting down and abandoning module LinuxClientTargetPlatform (115)
[2018.05.25-05.53.14:349][295]LogModuleManager: Shutting down and abandoning module TVOSTargetPlatform (113)
[2018.05.25-05.53.14:349][295]LogModuleManager: Shutting down and abandoning module Messaging (111)
[2018.05.25-05.53.14:349][295]LogModuleManager: Shutting down and abandoning module IOSTargetPlatform (109)
[2018.05.25-05.53.14:349][295]LogModuleManager: Shutting down and abandoning module HTML5TargetPlatform (107)
[2018.05.25-05.53.14:349][295]LogModuleManager: Shutting down and abandoning module AndroidTargetPlatform (105)
[2018.05.25-05.53.14:349][295]LogModuleManager: Shutting down and abandoning module Android_PVRTCTargetPlatform (103)
[2018.05.25-05.53.14:349][295]LogModuleManager: Shutting down and abandoning module Android_MultiTargetPlatform (101)
[2018.05.25-05.53.14:349][295]LogModuleManager: Shutting down and abandoning module Android_ETC2TargetPlatform (99)
[2018.05.25-05.53.14:349][295]LogModuleManager: Shutting down and abandoning module Android_ETC1TargetPlatform (97)
[2018.05.25-05.53.14:349][295]LogModuleManager: Shutting down and abandoning module Android_ETC1aTargetPlatform (95)
[2018.05.25-05.53.14:349][295]LogModuleManager: Shutting down and abandoning module Android_DXTTargetPlatform (93)
[2018.05.25-05.53.14:349][295]LogModuleManager: Shutting down and abandoning module Android_ATCTargetPlatform (91)
[2018.05.25-05.53.14:349][295]LogModuleManager: Shutting down and abandoning module Android_ASTCTargetPlatform (89)
[2018.05.25-05.53.14:349][295]LogModuleManager: Shutting down and abandoning module WindowsTargetPlatform (87)
[2018.05.25-05.53.14:349][295]LogModuleManager: Shutting down and abandoning module WindowsServerTargetPlatform (85)
[2018.05.25-05.53.14:349][295]LogModuleManager: Shutting down and abandoning module WindowsNoEditorTargetPlatform (83)
[2018.05.25-05.53.14:349][295]LogModuleManager: Shutting down and abandoning module WindowsClientTargetPlatform (81)
[2018.05.25-05.53.14:350][295]LogModuleManager: Shutting down and abandoning module MacTargetPlatform (79)
[2018.05.25-05.53.14:350][295]LogModuleManager: Shutting down and abandoning module MacServerTargetPlatform (77)
[2018.05.25-05.53.14:350][295]LogModuleManager: Shutting down and abandoning module MacNoEditorTargetPlatform (75)
[2018.05.25-05.53.14:350][295]LogModuleManager: Shutting down and abandoning module MacClientTargetPlatform (73)
[2018.05.25-05.53.14:350][295]LogModuleManager: Shutting down and abandoning module AllDesktopTargetPlatform (71)
[2018.05.25-05.53.14:350][295]LogModuleManager: Shutting down and abandoning module InputCore (68)
[2018.05.25-05.53.14:350][295]LogModuleManager: Shutting down and abandoning module Settings (66)
[2018.05.25-05.53.14:350][295]LogModuleManager: Shutting down and abandoning module PhysXCooking (64)
[2018.05.25-05.53.14:350][295]LogModuleManager: Shutting down and abandoning module SteamVR (62)
[2018.05.25-05.53.14:350][295]LogModuleManager: Shutting down and abandoning module OculusHMD (60)
[2018.05.25-05.53.14:350][295]LogModuleManager: Shutting down and abandoning module ExampleDeviceProfileSelector (58)
[2018.05.25-05.53.14:350][295]LogModuleManager: Shutting down and abandoning module AppleARKit (56)
[2018.05.25-05.53.14:350][295]LogModuleManager: Shutting down and abandoning module AugmentedReality (53)
[2018.05.25-05.53.14:350][295]LogModuleManager: Shutting down and abandoning module OnlineBlueprintSupport (50)
[2018.05.25-05.53.14:350][295]LogModuleManager: Shutting down and abandoning module OnlineSubsystem (46)
[2018.05.25-05.53.14:350][295]LogModuleManager: Shutting down and abandoning module XMPP (45)
[2018.05.25-05.53.14:350][295]LogModuleManager: Shutting down and abandoning module HTTP (43)
[2018.05.25-05.53.14:377][295]LogModuleManager: Shutting down and abandoning module SSL (42)
[2018.05.25-05.53.14:378][295]LogModuleManager: Shutting down and abandoning module DesktopPlatform (38)
[2018.05.25-05.53.14:378][295]LogModuleManager: Shutting down and abandoning module AnimationModifiers (36)
[2018.05.25-05.53.14:378][295]LogModuleManager: Shutting down and abandoning module PropertyEditor (35)
[2018.05.25-05.53.14:378][295]LogModuleManager: Shutting down and abandoning module AudioEditor (32)
[2018.05.25-05.53.14:378][295]LogModuleManager: Shutting down and abandoning module TextureCompressor (30)
[2018.05.25-05.53.14:378][295]LogModuleManager: Shutting down and abandoning module ShaderCore (28)
[2018.05.25-05.53.14:378][295]LogModuleManager: Shutting down and abandoning module Landscape (26)
[2018.05.25-05.53.14:378][295]LogModuleManager: Shutting down and abandoning module SlateRHIRenderer (24)
[2018.05.25-05.53.14:379][295]LogModuleManager: Shutting down and abandoning module OpenGLDrv (22)
[2018.05.25-05.53.14:379][295]LogModuleManager: Shutting down and abandoning module D3D11RHI (20)
[2018.05.25-05.53.14:379][295]LogModuleManager: Shutting down and abandoning module AnimGraphRuntime (18)
[2018.05.25-05.53.14:379][295]LogModuleManager: Shutting down and abandoning module Renderer (16)
[2018.05.25-05.53.14:379][295]LogModuleManager: Shutting down and abandoning module Engine (14)
[2018.05.25-05.53.14:379][295]LogModuleManager: Shutting down and abandoning module CoreUObject (12)
[2018.05.25-05.53.14:379][295]LogModuleManager: Shutting down and abandoning module NetworkFile (10)
[2018.05.25-05.53.14:379][295]LogModuleManager: Shutting down and abandoning module CookedIterativeFile (8)
[2018.05.25-05.53.14:379][295]LogModuleManager: Shutting down and abandoning module StreamingFile (6)
[2018.05.25-05.53.14:379][295]LogModuleManager: Shutting down and abandoning module SandboxFile (4)
[2018.05.25-05.53.14:379][295]LogModuleManager: Shutting down and abandoning module PakFile (2)
[2018.05.25-05.53.14:384][295]LogExit: Exiting.
[2018.05.25-05.53.14:398][295]Log file closed, 05/25/18 13:53:14
