Log file open, 05/17/18 09:36:13
LogWindows: Failed to load 'aqProf.dll' (GetLastError=126)
LogWindows: File 'aqProf.dll' does not exist
LogWindows: Failed to load 'VtuneApi.dll' (GetLastError=126)
LogWindows: File 'VtuneApi.dll' does not exist
LogWindows: Failed to load 'VtuneApi32e.dll' (GetLastError=126)
LogWindows: File 'VtuneApi32e.dll' does not exist
LogInit: Display: Running engine for game: FPSProject
LogPlatformFile: Not using cached read wrapper
LogInit: Display: RandInit(-649141801) SRandInit(-649141801).
LogInit: Read version file with build ID '3944462'
LogInit: Overriding engine version to CL 4033788, compatible CL 3944462
LogInit: Registered custom module enumerator with build ID '3944462'
LogTaskGraph: Started task graph with 5 named threads and 14 total threads with 3 sets of task threads.
LogStats: Stats thread started at 0.206166
LogD3D11RHI: Aftermath initialized
LogICUInternationalization: Display: ICU TimeZone Detection - Raw Offset: +8:00, Platform Override: ''
LogPluginManager: Mounting plugin Paper2D
LogPluginManager: Mounting plugin LiveLink
LogPluginManager: Mounting plugin LightPropagationVolume
LogPluginManager: Mounting plugin CLionSourceCodeAccess
LogPluginManager: Mounting plugin CodeLiteSourceCodeAccess
LogPluginManager: Mounting plugin GitSourceControl
LogPluginManager: Mounting plugin KDevelopSourceCodeAccess
LogPluginManager: Mounting plugin NullSourceCodeAccess
LogPluginManager: Mounting plugin PerforceSourceControl
LogPluginManager: Mounting plugin SubversionSourceControl
LogPluginManager: Mounting plugin UObjectPlugin
LogPluginManager: Mounting plugin VisualStudioCodeSourceCodeAccess
LogPluginManager: Mounting plugin VisualStudioSourceCodeAccess
LogPluginManager: Mounting plugin XCodeSourceCodeAccess
LogPluginManager: Mounting plugin AssetManagerEditor
LogPluginManager: Mounting plugin CryptoKeys
LogPluginManager: Mounting plugin DataValidation
LogPluginManager: Mounting plugin FacialAnimation
LogPluginManager: Mounting plugin GameplayTagsEditor
LogPluginManager: Mounting plugin MobileLauncherProfileWizard
LogPluginManager: Mounting plugin PluginBrowser
LogPluginManager: Mounting plugin SpeedTreeImporter
LogPluginManager: Mounting plugin DatasmithContent
LogPluginManager: Mounting plugin AlembicImporter
LogPluginManager: Mounting plugin CharacterAI
LogPluginManager: Mounting plugin HTML5Networking
LogPluginManager: Mounting plugin AndroidMedia
LogPluginManager: Mounting plugin AvfMedia
LogPluginManager: Mounting plugin ImgMedia
LogPluginManager: Mounting plugin LinearTimecode
LogPluginManager: Mounting plugin MediaCompositing
LogPluginManager: Mounting plugin MediaPlayerEditor
LogPluginManager: Mounting plugin WmfMedia
LogPluginManager: Mounting plugin TcpMessaging
LogPluginManager: Mounting plugin UdpMessaging
LogPluginManager: Mounting plugin ActorSequence
LogPluginManager: Mounting plugin LevelSequenceEditor
LogPluginManager: Mounting plugin MatineeToLevelSequence
LogPluginManager: Mounting plugin NetcodeUnitTest
LogPluginManager: Mounting plugin NUTUnrealEngine4
LogPluginManager: Mounting plugin OnlineSubsystemGooglePlay
LogPluginManager: Mounting plugin OnlineSubsystemIOS
LogPluginManager: Mounting plugin OnlineSubsystem
LogPluginManager: Mounting plugin OnlineSubsystemNull
LogPluginManager: Mounting plugin OnlineSubsystemUtils
LogPluginManager: Mounting plugin AndroidDeviceProfileSelector
LogPluginManager: Mounting plugin AndroidMoviePlayer
LogPluginManager: Mounting plugin AndroidPermission
LogPluginManager: Mounting plugin AppleARKit
LogPluginManager: Mounting plugin AppleMoviePlayer
LogPluginManager: Mounting plugin ArchVisCharacter
LogPluginManager: Mounting plugin AudioCapture
LogPluginManager: Mounting plugin CableComponent
LogPluginManager: Mounting plugin CustomMeshComponent
LogPluginManager: Mounting plugin ExampleDeviceProfileSelector
LogPluginManager: Mounting plugin GoogleCloudMessaging
LogPluginManager: Mounting plugin ImmediatePhysics
LogPluginManager: Mounting plugin IOSDeviceProfileSelector
LogPluginManager: Mounting plugin LinuxDeviceProfileSelector
LogPluginManager: Mounting plugin LocationServicesBPLibrary
LogPluginManager: Mounting plugin MobilePatchingUtils
LogPluginManager: Mounting plugin OculusVR
LogPluginManager: Plugin shader directory ../../../Engine/Plugins/Runtime/Oculus/OculusVR/Shaders found
LogPluginManager: Mapping shader source directory ../../../Engine/Plugins/Runtime/Oculus/OculusVR/Shaders to virtual directory /Plugin/OculusVR
LogPluginManager: Mounting plugin PhysXVehicles
LogPluginManager: Mounting plugin ProceduralMeshComponent
LogPluginManager: Mounting plugin RuntimePhysXCooking
LogPluginManager: Mounting plugin SteamVR
LogPluginManager: Mounting plugin WindowsMoviePlayer
LogStreaming: Display: Took  0.157s to configure plugins.
LogModuleManager: Display: Found up-to-date module file ../../../../../../Users/User/Documents/GitHub Files/UE4 Crash Course/FPSProject/Binaries/Win64/UE4Editor-FPSProject.dll (API version 3944462).
LogModuleManager: Display: Found up-to-date module file ../../../Engine/Plugins/2D/Paper2D/Binaries/Win64/UE4Editor-Paper2D.dll (API version 3944462).
LogModuleManager: Display: Found up-to-date module file ../../../Engine/Plugins/2D/Paper2D/Binaries/Win64/UE4Editor-Paper2DEditor.dll (API version 3944462).
LogModuleManager: Display: Found up-to-date module file ../../../Engine/Plugins/2D/Paper2D/Binaries/Win64/UE4Editor-PaperSpriteSheetImporter.dll (API version 3944462).
LogModuleManager: Display: Found up-to-date module file ../../../Engine/Plugins/2D/Paper2D/Binaries/Win64/UE4Editor-PaperTiledImporter.dll (API version 3944462).
LogModuleManager: Display: Found up-to-date module file ../../../Engine/Plugins/2D/Paper2D/Binaries/Win64/UE4Editor-SmartSnapping.dll (API version 3944462).
LogModuleManager: Display: Found up-to-date module file ../../../Engine/Plugins/Animation/LiveLink/Binaries/Win64/UE4Editor-LiveLink.dll (API version 3944462).
LogModuleManager: Display: Found up-to-date module file ../../../Engine/Plugins/Animation/LiveLink/Binaries/Win64/UE4Editor-LiveLinkEditor.dll (API version 3944462).
LogModuleManager: Display: Found up-to-date module file ../../../Engine/Plugins/Blendables/LightPropagationVolume/Binaries/Win64/UE4Editor-LightPropagationVolumeRuntime.dll (API version 3944462).
LogModuleManager: Display: Found up-to-date module file ../../../Engine/Plugins/Blendables/LightPropagationVolume/Binaries/Win64/UE4Editor-LightPropagationVolumeEditor.dll (API version 3944462).
LogModuleManager: Display: Found up-to-date module file ../../../Engine/Plugins/Developer/CLionSourceCodeAccess/Binaries/Win64/UE4Editor-CLionSourceCodeAccess.dll (API version 3944462).
LogModuleManager: Display: Found up-to-date module file ../../../Engine/Plugins/Developer/GitSourceControl/Binaries/Win64/UE4Editor-GitSourceControl.dll (API version 3944462).
LogModuleManager: Display: Found up-to-date module file ../../../Engine/Plugins/Developer/PerforceSourceControl/Binaries/Win64/UE4Editor-PerforceSourceControl.dll (API version 3944462).
LogModuleManager: Display: Found up-to-date module file ../../../Engine/Plugins/Developer/SubversionSourceControl/Binaries/Win64/UE4Editor-SubversionSourceControl.dll (API version 3944462).
LogModuleManager: Display: Found up-to-date module file ../../../Engine/Plugins/Developer/UObjectPlugin/Binaries/Win64/UE4Editor-UObjectPlugin.dll (API version 3944462).
LogModuleManager: Display: Found up-to-date module file ../../../Engine/Plugins/Developer/VisualStudioCodeSourceCodeAccess/Binaries/Win64/UE4Editor-VisualStudioCodeSourceCodeAccess.dll (API version 3944462).
LogModuleManager: Display: Found up-to-date module file ../../../Engine/Plugins/Developer/VisualStudioSourceCodeAccess/Binaries/Win64/UE4Editor-VisualStudioSourceCodeAccess.dll (API version 3944462).
LogModuleManager: Display: Found up-to-date module file ../../../Engine/Plugins/Editor/AssetManagerEditor/Binaries/Win64/UE4Editor-AssetManagerEditor.dll (API version 3944462).
LogModuleManager: Display: Found up-to-date module file ../../../Engine/Plugins/Editor/CryptoKeys/Binaries/Win64/UE4Editor-CryptoKeys.dll (API version 3944462).
LogModuleManager: Display: Found up-to-date module file ../../../Engine/Plugins/Editor/CryptoKeys/Binaries/Win64/UE4Editor-CryptoKeysOpenSSL.dll (API version 3944462).
LogModuleManager: Display: Found up-to-date module file ../../../Engine/Plugins/Editor/DataValidation/Binaries/Win64/UE4Editor-DataValidation.dll (API version 3944462).
LogModuleManager: Display: Found up-to-date module file ../../../Engine/Plugins/Editor/FacialAnimation/Binaries/Win64/UE4Editor-FacialAnimation.dll (API version 3944462).
LogModuleManager: Display: Found up-to-date module file ../../../Engine/Plugins/Editor/FacialAnimation/Binaries/Win64/UE4Editor-FacialAnimationEditor.dll (API version 3944462).
LogModuleManager: Display: Found up-to-date module file ../../../Engine/Plugins/Editor/GameplayTagsEditor/Binaries/Win64/UE4Editor-GameplayTagsEditor.dll (API version 3944462).
LogModuleManager: Display: Found up-to-date module file ../../../Engine/Plugins/Editor/MobileLauncherProfileWizard/Binaries/Win64/UE4Editor-MobileLauncherProfileWizard.dll (API version 3944462).
LogModuleManager: Display: Found up-to-date module file ../../../Engine/Plugins/Editor/PluginBrowser/Binaries/Win64/UE4Editor-PluginBrowser.dll (API version 3944462).
LogModuleManager: Display: Found up-to-date module file ../../../Engine/Plugins/Editor/SpeedTreeImporter/Binaries/Win64/UE4Editor-SpeedTreeImporter.dll (API version 3944462).
LogModuleManager: Display: Found up-to-date module file ../../../Engine/Plugins/Enterprise/DatasmithContent/Binaries/Win64/UE4Editor-DatasmithContent.dll (API version 3944462).
LogModuleManager: Display: Found up-to-date module file ../../../Engine/Plugins/Experimental/AlembicImporter/Binaries/Win64/UE4Editor-AlembicImporter.dll (API version 3944462).
LogModuleManager: Display: Found up-to-date module file ../../../Engine/Plugins/Experimental/AlembicImporter/Binaries/Win64/UE4Editor-AlembicLibrary.dll (API version 3944462).
LogModuleManager: Display: Found up-to-date module file ../../../Engine/Plugins/Experimental/CharacterAI/Binaries/Win64/UE4Editor-CharacterAI.dll (API version 3944462).
LogModuleManager: Display: Found up-to-date module file ../../../Engine/Plugins/Experimental/HTML5Networking/Binaries/Win64/UE4Editor-HTML5Networking.dll (API version 3944462).
LogModuleManager: Display: Found up-to-date module file ../../../Engine/Plugins/Media/AndroidMedia/Binaries/Win64/UE4Editor-AndroidMediaEditor.dll (API version 3944462).
LogModuleManager: Display: Found up-to-date module file ../../../Engine/Plugins/Media/AndroidMedia/Binaries/Win64/UE4Editor-AndroidMediaFactory.dll (API version 3944462).
LogModuleManager: Display: Found up-to-date module file ../../../Engine/Plugins/Media/AvfMedia/Binaries/Win64/UE4Editor-AvfMediaEditor.dll (API version 3944462).
LogModuleManager: Display: Found up-to-date module file ../../../Engine/Plugins/Media/AvfMedia/Binaries/Win64/UE4Editor-AvfMediaFactory.dll (API version 3944462).
LogModuleManager: Display: Found up-to-date module file ../../../Engine/Plugins/Media/AvfMedia/Binaries/Win64/UE4Editor-AvfMediaFactory.dll (API version 3944462).
LogModuleManager: Display: Found up-to-date module file ../../../Engine/Plugins/Media/ImgMedia/Binaries/Win64/UE4Editor-ImgMedia.dll (API version 3944462).
LogModuleManager: Display: Found up-to-date module file ../../../Engine/Plugins/Media/ImgMedia/Binaries/Win64/UE4Editor-ImgMediaEditor.dll (API version 3944462).
LogModuleManager: Display: Found up-to-date module file ../../../Engine/Plugins/Media/ImgMedia/Binaries/Win64/UE4Editor-ImgMediaFactory.dll (API version 3944462).
LogModuleManager: Display: Found up-to-date module file ../../../Engine/Plugins/Media/ImgMedia/Binaries/Win64/UE4Editor-ImgMediaFactory.dll (API version 3944462).
LogModuleManager: Display: Found up-to-date module file ../../../Engine/Plugins/Media/ImgMedia/Binaries/Win64/UE4Editor-OpenExrWrapper.dll (API version 3944462).
LogModuleManager: Display: Found up-to-date module file ../../../Engine/Plugins/Media/LinearTimecode/Binaries/Win64/UE4Editor-LinearTimecode.dll (API version 3944462).
LogModuleManager: Display: Found up-to-date module file ../../../Engine/Plugins/Media/MediaCompositing/Binaries/Win64/UE4Editor-MediaCompositing.dll (API version 3944462).
LogModuleManager: Display: Found up-to-date module file ../../../Engine/Plugins/Media/MediaCompositing/Binaries/Win64/UE4Editor-MediaCompositingEditor.dll (API version 3944462).
LogModuleManager: Display: Found up-to-date module file ../../../Engine/Plugins/Media/MediaPlayerEditor/Binaries/Win64/UE4Editor-MediaPlayerEditor.dll (API version 3944462).
LogModuleManager: Display: Found up-to-date module file ../../../Engine/Plugins/Media/WmfMedia/Binaries/Win64/UE4Editor-WmfMedia.dll (API version 3944462).
LogModuleManager: Display: Found up-to-date module file ../../../Engine/Plugins/Media/WmfMedia/Binaries/Win64/UE4Editor-WmfMediaEditor.dll (API version 3944462).
LogModuleManager: Display: Found up-to-date module file ../../../Engine/Plugins/Media/WmfMedia/Binaries/Win64/UE4Editor-WmfMediaFactory.dll (API version 3944462).
LogModuleManager: Display: Found up-to-date module file ../../../Engine/Plugins/Media/WmfMedia/Binaries/Win64/UE4Editor-WmfMediaFactory.dll (API version 3944462).
LogModuleManager: Display: Found up-to-date module file ../../../Engine/Plugins/Messaging/TcpMessaging/Binaries/Win64/UE4Editor-TcpMessaging.dll (API version 3944462).
LogModuleManager: Display: Found up-to-date module file ../../../Engine/Plugins/Messaging/UdpMessaging/Binaries/Win64/UE4Editor-UdpMessaging.dll (API version 3944462).
LogModuleManager: Display: Found up-to-date module file ../../../Engine/Plugins/MovieScene/ActorSequence/Binaries/Win64/UE4Editor-ActorSequence.dll (API version 3944462).
LogModuleManager: Display: Found up-to-date module file ../../../Engine/Plugins/MovieScene/LevelSequenceEditor/Binaries/Win64/UE4Editor-LevelSequenceEditor.dll (API version 3944462).
LogModuleManager: Display: Found up-to-date module file ../../../Engine/Plugins/MovieScene/MatineeToLevelSequence/Binaries/Win64/UE4Editor-MatineeToLevelSequence.dll (API version 3944462).
LogModuleManager: Display: Found up-to-date module file ../../../Engine/Plugins/NetcodeUnitTest/NetcodeUnitTest/Binaries/Win64/UE4Editor-NetcodeUnitTest.dll (API version 3944462).
LogModuleManager: Display: Found up-to-date module file ../../../Engine/Plugins/NetcodeUnitTest/NUTUnrealEngine4/Binaries/Win64/UE4Editor-NUTUnrealEngine4.dll (API version 3944462).
LogModuleManager: Display: Found up-to-date module file ../../../Engine/Plugins/Online/OnlineSubsystem/Binaries/Win64/UE4Editor-OnlineSubsystem.dll (API version 3944462).
LogModuleManager: Display: Found up-to-date module file ../../../Engine/Plugins/Online/OnlineSubsystemNull/Binaries/Win64/UE4Editor-OnlineSubsystemNull.dll (API version 3944462).
LogModuleManager: Display: Found up-to-date module file ../../../Engine/Plugins/Online/OnlineSubsystemUtils/Binaries/Win64/UE4Editor-OnlineSubsystemUtils.dll (API version 3944462).
LogModuleManager: Display: Found up-to-date module file ../../../Engine/Plugins/Online/OnlineSubsystemUtils/Binaries/Win64/UE4Editor-OnlineBlueprintSupport.dll (API version 3944462).
LogModuleManager: Display: Found up-to-date module file ../../../Engine/Plugins/Runtime/AndroidDeviceProfileSelector/Binaries/Win64/UE4Editor-AndroidDeviceProfileSelector.dll (API version 3944462).
LogModuleManager: Display: Found up-to-date module file ../../../Engine/Plugins/Runtime/AndroidPermission/Binaries/Win64/UE4Editor-AndroidPermission.dll (API version 3944462).
LogModuleManager: Display: Found up-to-date module file ../../../Engine/Plugins/Runtime/AppleARKit/Binaries/Win64/UE4Editor-AppleARKit.dll (API version 3944462).
LogModuleManager: Display: Found up-to-date module file ../../../Engine/Plugins/Runtime/ArchVisCharacter/Binaries/Win64/UE4Editor-ArchVisCharacter.dll (API version 3944462).
LogModuleManager: Display: Found up-to-date module file ../../../Engine/Plugins/Runtime/AudioCapture/Binaries/Win64/UE4Editor-AudioCapture.dll (API version 3944462).
LogModuleManager: Display: Found up-to-date module file ../../../Engine/Plugins/Runtime/AudioCapture/Binaries/Win64/UE4Editor-AudioCaptureEditor.dll (API version 3944462).
LogModuleManager: Display: Found up-to-date module file ../../../Engine/Plugins/Runtime/CableComponent/Binaries/Win64/UE4Editor-CableComponent.dll (API version 3944462).
LogModuleManager: Display: Found up-to-date module file ../../../Engine/Plugins/Runtime/CustomMeshComponent/Binaries/Win64/UE4Editor-CustomMeshComponent.dll (API version 3944462).
LogModuleManager: Display: Found up-to-date module file ../../../Engine/Plugins/Runtime/ExampleDeviceProfileSelector/Binaries/Win64/UE4Editor-ExampleDeviceProfileSelector.dll (API version 3944462).
LogModuleManager: Display: Found up-to-date module file ../../../Engine/Plugins/Runtime/ImmediatePhysics/Binaries/Win64/UE4Editor-ImmediatePhysics.dll (API version 3944462).
LogModuleManager: Display: Found up-to-date module file ../../../Engine/Plugins/Runtime/ImmediatePhysics/Binaries/Win64/UE4Editor-ImmediatePhysicsEditor.dll (API version 3944462).
LogModuleManager: Display: Found up-to-date module file ../../../Engine/Plugins/Runtime/LocationServicesBPLibrary/Binaries/Win64/UE4Editor-LocationServicesBPLibrary.dll (API version 3944462).
LogModuleManager: Display: Found up-to-date module file ../../../Engine/Plugins/Runtime/MobilePatchingUtils/Binaries/Win64/UE4Editor-MobilePatchingUtils.dll (API version 3944462).
LogModuleManager: Display: Found up-to-date module file ../../../Engine/Plugins/Runtime/Oculus/OculusVR/Binaries/Win64/UE4Editor-OculusHMD.dll (API version 3944462).
LogModuleManager: Display: Found up-to-date module file ../../../Engine/Plugins/Runtime/Oculus/OculusVR/Binaries/Win64/UE4Editor-OculusInput.dll (API version 3944462).
LogModuleManager: Display: Found up-to-date module file ../../../Engine/Plugins/Runtime/Oculus/OculusVR/Binaries/Win64/UE4Editor-OculusEditor.dll (API version 3944462).
LogModuleManager: Display: Found up-to-date module file ../../../Engine/Plugins/Runtime/PhysXVehicles/Binaries/Win64/UE4Editor-PhysXVehicles.dll (API version 3944462).
LogModuleManager: Display: Found up-to-date module file ../../../Engine/Plugins/Runtime/PhysXVehicles/Binaries/Win64/UE4Editor-PhysXVehiclesEditor.dll (API version 3944462).
LogModuleManager: Display: Found up-to-date module file ../../../Engine/Plugins/Runtime/ProceduralMeshComponent/Binaries/Win64/UE4Editor-ProceduralMeshComponent.dll (API version 3944462).
LogModuleManager: Display: Found up-to-date module file ../../../Engine/Plugins/Runtime/ProceduralMeshComponent/Binaries/Win64/UE4Editor-ProceduralMeshComponentEditor.dll (API version 3944462).
LogModuleManager: Display: Found up-to-date module file ../../../Engine/Plugins/Runtime/RuntimePhysXCooking/Binaries/Win64/UE4Editor-RuntimePhysXCooking.dll (API version 3944462).
LogModuleManager: Display: Found up-to-date module file ../../../Engine/Plugins/Runtime/Steam/SteamVR/Binaries/Win64/UE4Editor-SteamVR.dll (API version 3944462).
LogModuleManager: Display: Found up-to-date module file ../../../Engine/Plugins/Runtime/Steam/SteamVR/Binaries/Win64/UE4Editor-SteamVRController.dll (API version 3944462).
LogModuleManager: Display: Found up-to-date module file ../../../Engine/Plugins/Runtime/WindowsMoviePlayer/Binaries/Win64/UE4Editor-WindowsMoviePlayer.dll (API version 3944462).
LogInit: Using libcurl 7.47.1
LogInit:  - built for x86_64-pc-win32
LogInit:  - supports SSL with OpenSSL/1.0.2g
LogInit:  - supports HTTP deflate (compression) using libz 1.2.8
LogInit:  - other features:
LogInit:      CURL_VERSION_SSL
LogInit:      CURL_VERSION_LIBZ
LogInit:      CURL_VERSION_IPV6
LogInit:      CURL_VERSION_ASYNCHDNS
LogInit:      CURL_VERSION_LARGEFILE
LogInit:      CURL_VERSION_IDN
LogInit:  CurlRequestOptions (configurable via config and command line):
LogInit:  - bVerifyPeer = false  - Libcurl will NOT verify peer certificate
LogInit:  - bUseHttpProxy = false  - Libcurl will NOT use HTTP proxy
LogInit:  - bDontReuseConnections = false  - Libcurl will reuse connections
LogInit:  - CertBundlePath = nullptr  - Libcurl will use whatever was configured at build time.
LogInit:  - MaxHostConnections = 16  - Libcurl will limit the number of connections to a host
LogInit:  - LocalHostAddr = Default
LogInit: WinSock: version 1.1 (2.2), MaxSocks=32767, MaxUdp=65467
LogInit: WinSock: I am Asus (192.168.0.10:0)
LogInit: Build: ++UE4+Release-4.19-CL-4033788
LogInit: Engine Version: 4.19.2-4033788+++UE4+Release-4.19
LogInit: Compatible Engine Version: 4.19.0-3944462+++UE4+Release-4.19
LogInit: Net CL: 3944462
LogDevObjectVersion: Number of dev versions registered: 18
LogDevObjectVersion:   Dev-Blueprints (B0D832E4-1F89-4F0D-ACCF-7EB736FD4AA2): 10
LogDevObjectVersion:   Dev-Build (E1C64328-A22C-4D53-A36C-8E866417BD8C): 0
LogDevObjectVersion:   Dev-Core (375EC13C-06E4-48FB-B500-84F0262A717E): 2
LogDevObjectVersion:   Dev-Editor (E4B068ED-F494-42E9-A231-DA0B2E46BB41): 23
LogDevObjectVersion:   Dev-Framework (CFFC743F-43B0-4480-9391-14DF171D2073): 33
LogDevObjectVersion:   Dev-Mobile (B02B49B5-BB20-44E9-A304-32B752E40360): 2
LogDevObjectVersion:   Dev-Networking (A4E4105C-59A1-49B5-A7C5-40C4547EDFEE): 0
LogDevObjectVersion:   Dev-Online (39C831C9-5AE6-47DC-9A44-9C173E1C8E7C): 0
LogDevObjectVersion:   Dev-Physics (78F01B33-EBEA-4F98-B9B4-84EACCB95AA2): 0
LogDevObjectVersion:   Dev-Platform (6631380F-2D4D-43E0-8009-CF276956A95A): 0
LogDevObjectVersion:   Dev-Rendering (12F88B9F-8875-4AFC-A67C-D90C383ABD29): 25
LogDevObjectVersion:   Dev-Sequencer (7B5AE74C-D270-4C10-A958-57980B212A5A): 6
LogDevObjectVersion:   Dev-VR (D7296918-1DD6-4BDD-9DE2-64A83CC13884): 1
LogDevObjectVersion:   Dev-LoadTimes (C2A15278-BFE7-4AFE-6C17-90FF531DF755): 1
LogDevObjectVersion:   Private-Geometry (6EACA3D4-40EC-4CC1-B786-8BED09428FC5): 2
LogDevObjectVersion:   Dev-AnimPhys (29E575DD-E0A3-4627-9D10-D276232CDCEA): 16
LogDevObjectVersion:   Dev-ReflectionCapture (6B266CEC-1EC7-4B8F-A30B-E4D90942FC07): 1
LogDevObjectVersion:   Dev-Automation (0DF73D61-A23F-47EA-B727-89E90C41499A): 1
LogInit: Compiled (64-bit): Apr 27 2018 02:06:57
LogInit: Compiled with Visual C++: 19.00.24215.01
LogInit: Build Configuration: Development
LogInit: Branch Name: ++UE4+Release-4.19
LogInit: Command Line: -EpicPortal 
LogInit: Base Directory: C:/Program Files/Epic Games/UE_4.19/Engine/Binaries/Win64/
LogInit: Installed Engine Build: 1
LogStreaming: Display: Took  0.000s to delete old logs.
LogInit: Presizing for max 8388607 objects, including 0 objects not considered by GC, pre-allocating 0 bytes for permanent pool.
LogInit: Object subsystem initialized
[2018.05.17-01.36.16:616][  0]LogInit: Selected Device Profile: [Windows]
[2018.05.17-01.36.16:616][  0]LogInit: Applying CVar settings loaded from the selected device profile: [Windows]
[2018.05.17-01.36.16:711][  0]LogInit: Computer: ASUS
[2018.05.17-01.36.16:711][  0]LogInit: User: User
[2018.05.17-01.36.16:711][  0]LogInit: CPU Page size=4096, Cores=4
[2018.05.17-01.36.16:711][  0]LogInit: High frequency timer resolution =2.437501 MHz
[2018.05.17-01.36.16:711][  0]LogMemory: Memory total: Physical=7.9GB (8GB approx)
[2018.05.17-01.36.16:711][  0]LogMemory: Platform Memory Stats for Windows
[2018.05.17-01.36.16:711][  0]LogMemory: Process Physical Memory: 274.28 MB used, 274.28 MB peak
[2018.05.17-01.36.16:711][  0]LogMemory: Process Virtual Memory: 265.19 MB used, 265.19 MB peak
[2018.05.17-01.36.16:712][  0]LogMemory: Physical Memory: 5458.29 MB used,  2618.73 MB free, 8077.02 MB total
[2018.05.17-01.36.16:712][  0]LogMemory: Virtual Memory: 4769.67 MB used,  2618.73 MB free, 134217728.00 MB total
[2018.05.17-01.36.16:740][  0]LogInit: Using OS detected language (en-US).
[2018.05.17-01.36.16:740][  0]LogInit: Using OS detected locale (en-US).
[2018.05.17-01.36.16:745][  0]LogTextLocalizationManager: No specific localization for 'en-US' exists, so the 'en' localization will be used.
[2018.05.17-01.36.17:322][  0]LogStreaming: Display: Took  0.582s to EndInitTextLocalization.
[2018.05.17-01.36.17:322][  0]LogInit: Setting process to per monitor DPI aware
[2018.05.17-01.36.17:364][  0]LogSlate: New Slate User Created.  User Index 0, Is Virtual User: 0
[2018.05.17-01.36.17:364][  0]LogSlate: Slate User Registered.  User Index 0, Is Virtual User: 0
[2018.05.17-01.36.17:668][  0]LogD3D11RHI: D3D11 adapters:
[2018.05.17-01.36.17:747][  0]LogD3D11RHI:    0. 'NVIDIA GeForce GTX 1050' (Feature Level 11_0)
[2018.05.17-01.36.17:747][  0]LogD3D11RHI:       4021/0/4038 MB DedicatedVideo/DedicatedSystem/SharedSystem, Outputs:1, VendorId:0x10de
[2018.05.17-01.36.17:757][  0]LogD3D11RHI:    1. 'Intel(R) HD Graphics 630' (Feature Level 11_0)
[2018.05.17-01.36.17:757][  0]LogD3D11RHI:       128/0/4038 MB DedicatedVideo/DedicatedSystem/SharedSystem, Outputs:0, VendorId:0x8086
[2018.05.17-01.36.17:760][  0]LogD3D11RHI:    2. 'Microsoft Basic Render Driver' (Feature Level 11_0)
[2018.05.17-01.36.17:760][  0]LogD3D11RHI:       0/0/4038 MB DedicatedVideo/DedicatedSystem/SharedSystem, Outputs:0, VendorId:0x1414
[2018.05.17-01.36.17:760][  0]LogD3D11RHI: Chosen D3D11 Adapter: 0
[2018.05.17-01.36.17:778][  0]LogD3D11RHI: Creating new Direct3DDevice
[2018.05.17-01.36.17:778][  0]LogD3D11RHI:     GPU DeviceId: 0x1c8d (for the marketing name, search the web for "GPU Device Id")
[2018.05.17-01.36.17:778][  0]LogWindows: EnumDisplayDevices:
[2018.05.17-01.36.17:779][  0]LogWindows:    0. 'Intel(R) HD Graphics 630' (P:1 D:1)
[2018.05.17-01.36.17:779][  0]LogWindows:    1. 'Intel(R) HD Graphics 630' (P:0 D:0)
[2018.05.17-01.36.17:779][  0]LogWindows:    2. 'Intel(R) HD Graphics 630' (P:0 D:0)
[2018.05.17-01.36.17:779][  0]LogWindows: DebugString: GetVideoDriverDetailsInvalid PrimaryIsNotTheChoosenAdapter GetVideoDriverDetailsInvalid PrimaryIsNotTheChoosenAdapter GetVideoDriverDetailsInvalid PrimaryIsNotTheChoosenAdapter FoundDriverCount:0 
[2018.05.17-01.36.17:779][  0]LogD3D11RHI:     Adapter Name: NVIDIA GeForce GTX 1050
[2018.05.17-01.36.17:779][  0]LogD3D11RHI:   Driver Version: Unknown (internal:Unknown, unified:Unknown)
[2018.05.17-01.36.17:779][  0]LogD3D11RHI:      Driver Date: Unknown
[2018.05.17-01.36.17:779][  0]LogRHI: Texture pool is 2814 MB (70% of 4021 MB)
[2018.05.17-01.36.17:832][  0]LogD3D11RHI: [Aftermath] Aftermath enabled and primed
[2018.05.17-01.36.17:832][  0]LogD3D11RHI: [Aftermath] Aftermath enabled and primed
[2018.05.17-01.36.17:832][  0]LogD3D11RHI: Async texture creation enabled
[2018.05.17-01.36.17:853][  0]LogD3D11RHI: GPU Timing Frequency: 1000.000000 (Debug: 2 2)
[2018.05.17-01.36.17:854][  0]LogShaderCompilers: Guid format shader working directory is -34 characters bigger than the processId version (../../../../../../Users/User/Documents/GitHub Files/UE4 Crash Course/FPSProject/Intermediate/Shaders/WorkingDirectory/9400/).
[2018.05.17-01.36.17:854][  0]LogShaderCompilers: Cleaned the shader compiler working directory 'C:/Users/User/AppData/Local/Temp/UnrealShaderWorkingDir/13A311A44447111FF8EB9E99BDF16283/'.
[2018.05.17-01.36.18:281][  0]LogTemp: Display: Loaded TP AllDesktopTargetPlatform
[2018.05.17-01.36.18:301][  0]LogTemp: Display: Loaded TP MacClientTargetPlatform
[2018.05.17-01.36.18:320][  0]LogTemp: Display: Loaded TP MacNoEditorTargetPlatform
[2018.05.17-01.36.18:339][  0]LogTemp: Display: Loaded TP MacServerTargetPlatform
[2018.05.17-01.36.18:360][  0]LogTemp: Display: Loaded TP MacTargetPlatform
[2018.05.17-01.36.18:380][  0]LogTemp: Display: Loaded TP WindowsClientTargetPlatform
[2018.05.17-01.36.18:400][  0]LogTemp: Display: Loaded TP WindowsNoEditorTargetPlatform
[2018.05.17-01.36.18:419][  0]LogTemp: Display: Loaded TP WindowsServerTargetPlatform
[2018.05.17-01.36.18:429][  0]LogTemp: Display: Loaded TP WindowsTargetPlatform
[2018.05.17-01.36.18:446][  0]LogTemp: Display: Loaded TP Android_ASTCTargetPlatform
[2018.05.17-01.36.18:464][  0]LogTemp: Display: Loaded TP Android_ATCTargetPlatform
[2018.05.17-01.36.18:481][  0]LogTemp: Display: Loaded TP Android_DXTTargetPlatform
[2018.05.17-01.36.18:498][  0]LogTemp: Display: Loaded TP Android_ETC1aTargetPlatform
[2018.05.17-01.36.18:516][  0]LogTemp: Display: Loaded TP Android_ETC1TargetPlatform
[2018.05.17-01.36.18:533][  0]LogTemp: Display: Loaded TP Android_ETC2TargetPlatform
[2018.05.17-01.36.18:567][  0]LogTemp: Display: Loaded TP Android_MultiTargetPlatform
[2018.05.17-01.36.18:568][  0]LogTemp: Display: Loaded TP Android_PVRTCTargetPlatform
[2018.05.17-01.36.18:585][  0]LogTemp: Display: Loaded TP AndroidTargetPlatform
[2018.05.17-01.36.18:587][  0]LogTemp: Display: Loaded TP HTML5TargetPlatform
[2018.05.17-01.36.18:631][  0]LogTemp: Display: Loaded TP IOSTargetPlatform
[2018.05.17-01.36.18:647][  0]LogTemp: Display: Loaded TP TVOSTargetPlatform
[2018.05.17-01.36.18:665][  0]LogTemp: Display: Loaded TP LinuxClientTargetPlatform
[2018.05.17-01.36.18:682][  0]LogTemp: Display: Loaded TP LinuxNoEditorTargetPlatform
[2018.05.17-01.36.18:699][  0]LogTemp: Display: Loaded TP LinuxServerTargetPlatform
[2018.05.17-01.36.18:717][  0]LogTemp: Display: Loaded TP LinuxTargetPlatform
[2018.05.17-01.36.18:717][  0]LogTargetPlatformManager: Display: Building Assets For Windows
[2018.05.17-01.36.18:897][  0]LogXGEController: Cannot use XGE Controller as Incredibuild is not installed on this machine.
[2018.05.17-01.36.18:897][  0]LogShaderCompilers: Cannot use XGE Shader Compiler as Incredibuild is not installed on this machine.
[2018.05.17-01.36.18:897][  0]LogShaderCompilers: Display: Using Local Shader Compiler.
[2018.05.17-01.36.19:920][  0]LogDerivedDataCache: Display: Max Cache Size: 512 MB
[2018.05.17-01.36.20:011][  0]LogDerivedDataCache: Loaded boot cache 0.09s 74MB C:/Users/User/AppData/Local/UnrealEngine/4.19/DerivedDataCache/Boot.ddc.
[2018.05.17-01.36.20:011][  0]LogDerivedDataCache: Display: Loaded Boot cache: C:/Users/User/AppData/Local/UnrealEngine/4.19/DerivedDataCache/Boot.ddc
[2018.05.17-01.36.20:011][  0]LogDerivedDataCache: FDerivedDataBackendGraph:  Pak pak cache file ../../../../../../Users/User/Documents/GitHub Files/UE4 Crash Course/FPSProject/DerivedDataCache/DDC.ddp not found, will not use a pak cache.
[2018.05.17-01.36.20:011][  0]LogDerivedDataCache: Unable to find inner node Pak for hierarchical cache Hierarchy.
[2018.05.17-01.36.20:011][  0]LogDerivedDataCache: FDerivedDataBackendGraph:  CompressedPak pak cache file ../../../../../../Users/User/Documents/GitHub Files/UE4 Crash Course/FPSProject/DerivedDataCache/Compressed.ddp not found, will not use a pak cache.
[2018.05.17-01.36.20:011][  0]LogDerivedDataCache: Unable to find inner node CompressedPak for hierarchical cache Hierarchy.
[2018.05.17-01.36.20:034][  0]LogDerivedDataCache: Display: Pak cache opened for reading ../../../Engine/DerivedDataCache/Compressed.ddp.
[2018.05.17-01.36.20:046][  0]LogDerivedDataCache: Using Local data cache path C:/Users/User/AppData/Local/UnrealEngine/Common/DerivedDataCache: Writable
[2018.05.17-01.36.20:046][  0]LogDerivedDataCache: Shared data cache path not found in *engine.ini, will not use an Shared cache.
[2018.05.17-01.36.20:046][  0]LogDerivedDataCache: Unable to find inner node Shared for hierarchical cache Hierarchy.
[2018.05.17-01.36.20:061][  0]LogMaterial: Verifying Global Shaders for PCD3D_SM5
[2018.05.17-01.36.20:062][  0]LogSlate: Using Freetype 2.6.0
[2018.05.17-01.36.20:063][  0]LogSlate: SlateFontCache - WITH_FREETYPE: 1, WITH_HARFBUZZ: 1
[2018.05.17-01.36.20:063][  0]LogSlate: SlateFontCache - WITH_FREETYPE: 1, WITH_HARFBUZZ: 1
[2018.05.17-01.36.20:255][  0]LogAssetRegistry: FAssetRegistry took 0.0283 seconds to start up
[2018.05.17-01.36.20:702][  0]LogInit: Selected Device Profile: [Windows]
[2018.05.17-01.36.20:925][  0]LogSimplygon: Simplygon DLL not present - disabling.
[2018.05.17-01.36.20:930][  0]LogMeshReduction: Using SimplygonSwarm for distributed automatic mesh merging
[2018.05.17-01.36.20:930][  0]LogMeshReduction: Using QuadricMeshReduction for automatic static mesh reduction
[2018.05.17-01.36.20:930][  0]LogMeshReduction: No automatic skeletal mesh reduction module available
[2018.05.17-01.36.20:930][  0]LogMeshReduction: No automatic mesh merging module available
[2018.05.17-01.36.20:930][  0]LogMeshMerging: No automatic mesh merging module available
[2018.05.17-01.36.20:981][  0]LogNetVersion: FPSProject , NetCL: 3944462, EngineNetVer: 2, GameNetVer: 0 (Checksum: 1223245918)
[2018.05.17-01.36.21:834][  0]LogPackageLocalizationCache: Processed 9 localized package path(s) for 2 prioritized culture(s) in 0.209085 seconds
[2018.05.17-01.36.21:843][  0]LogUObjectArray: 36728 objects as part of root set at end of initial load.
[2018.05.17-01.36.21:843][  0]LogUObjectAllocator: 7314304 out of 0 bytes used by permanent object pool.
[2018.05.17-01.36.21:843][  0]LogUObjectArray: CloseDisregardForGC: 0/0 objects in disregard for GC pool
[2018.05.17-01.36.25:066][  0]LogTcpMessaging: Initializing TcpMessaging bridge
[2018.05.17-01.36.25:130][  0]LogUdpMessaging: Initializing bridge on interface 0.0.0.0:0 to multicast group 230.0.0.1:6666.
[2018.05.17-01.36.25:749][  0]SourceControl: Source control is disabled
[2018.05.17-01.36.25:749][  0]SourceControl: Source control is disabled
[2018.05.17-01.36.25:780][  0]SourceControl: Source control is disabled
[2018.05.17-01.36.25:810][  0]SourceControl: Source control is disabled
[2018.05.17-01.36.26:554][  0]LogAndroidPermission: UAndroidPermissionCallbackProxy::GetInstance
[2018.05.17-01.36.26:815][  0]LogOcInput: OculusInput pre-init called
[2018.05.17-01.36.26:995][  0]LogEngine: Initializing Engine...
[2018.05.17-01.36.26:997][  0]LogHMD: Failed to initialize OpenVR with code 110
[2018.05.17-01.36.26:999][  0]LogStats: UGameplayTagsManager::ConstructGameplayTagTree: Construct from data asset -  0.000 s
[2018.05.17-01.36.26:999][  0]LogStats: UGameplayTagsManager::ConstructGameplayTagTree: GameplayTagTreeChangedEvent.Broadcast -  0.000 s
[2018.05.17-01.36.27:349][  0]LogAIModule: Creating AISystem for world Untitled
[2018.05.17-01.36.27:451][  0]LogInit: XAudio2 using 'Speakers (Realtek High Definition Audio)' : 2 channels at 48 kHz using 32 bits per sample (channel mask 0x3)
[2018.05.17-01.36.27:493][  0]LogInit: FAudioDevice initialized.
[2018.05.17-01.36.29:032][  0]LogDerivedDataCache: Saved boot cache 1.54s 74MB C:/Users/User/AppData/Local/UnrealEngine/4.19/DerivedDataCache/Boot.ddc.
[2018.05.17-01.36.29:095][  0]LogInit: Texture streaming: Enabled
[2018.05.17-01.36.29:134][  0]LogInit: Transaction tracking system initialized
[2018.05.17-01.36.29:179][  0]BlueprintLog: New page: Editor Load
[2018.05.17-01.36.29:953][  0]LocalizationService: Localization service is disabled
[2018.05.17-01.36.30:136][  0]LogUObjectGlobals: Created PersistentFrame Addr=0x000001c5511ea020, Size=88, Default__Landscape_Sculpt_Mode_C Function /Engine/Tutorial/Landscape/Landscape_Sculpt_Mode.Landscape_Sculpt_Mode_C:ExecuteUbergraph_Landscape_Sculpt_Mode
[2018.05.17-01.36.30:141][  0]LogUObjectGlobals: Destroyed PersistentFrame Addr=0x000001c5511ea020, Size=88
[2018.05.17-01.36.30:142][  0]LogUObjectGlobals: Created PersistentFrame Addr=0x000001c5511ea020, Size=88, Default__Landscape_Sculpt_Mode_C Function /Engine/Transient.REINST_Landscape_Sculpt_Mode_C_3:ExecuteUbergraph_Landscape_Sculpt_Mode
[2018.05.17-01.36.30:145][  0]LogUObjectGlobals: Created PersistentFrame Addr=0x000001c5504793a0, Size=80, Default__Landscape_Sculpt_Mode_C Function /Engine/Tutorial/Landscape/Landscape_Sculpt_Mode.Landscape_Sculpt_Mode_C:ExecuteUbergraph_Landscape_Sculpt_Mode
[2018.05.17-01.36.30:683][  0]LogConsoleResponse: Display: 
[2018.05.17-01.36.31:312][  0]LogFileCache: Scanning file cache for directory 'C:/Users/User/Documents/GitHub Files/UE4 Crash Course/FPSProject/Content/' took 0.01s
[2018.05.17-01.36.31:312][  0]LogCook: Display: Max memory allowance for cook 16384mb min free memory 0mb
[2018.05.17-01.36.31:312][  0]LogCook: Display: Mobile HDR setting 1
[2018.05.17-01.36.31:312][  0]LogGameplayTags: Display: UGameplayTagsManager::DoneAddingNativeTags. DelegateIsBound: 0
[2018.05.17-01.36.31:312][  0]LogStats: UGameplayTagsManager::ConstructGameplayTagTree: Construct from data asset -  0.000 s
[2018.05.17-01.36.31:312][  0]LogStats: UGameplayTagsManager::ConstructGameplayTagTree: GameplayTagTreeChangedEvent.Broadcast -  0.000 s
[2018.05.17-01.36.31:922][  0]SourceControl: Source control is disabled
[2018.05.17-01.36.31:922][  0]Cmd: MAP LOAD FILE="../../../Engine/Content/Maps/Templates/Template_Default.umap" TEMPLATE=1 SHOWPROGRESS=1 FEATURELEVEL=3
[2018.05.17-01.36.31:923][  0]LightingResults: New page: Lighting Build
[2018.05.17-01.36.31:927][  0]MapCheck: New page: Map Check
[2018.05.17-01.36.31:927][  0]LightingResults: New page: Lighting Build
[2018.05.17-01.36.31:943][  0]LogUObjectGlobals: Destroyed PersistentFrame Addr=0x000001c5511ea020, Size=88
[2018.05.17-01.36.32:141][  0]LogAIModule: Creating AISystem for world Untitled_1
[2018.05.17-01.36.32:150][  0]LogEditorServer: Finished looking for orphan Actors (0.000 secs)
[2018.05.17-01.36.32:172][  0]Cmd: MAP CHECKDEP NOCLEARLOG
[2018.05.17-01.36.32:281][  0]MapCheck: Map check complete: 0 Error(s), 0 Warning(s), took 109.133ms to complete.
[2018.05.17-01.36.32:282][  0]LogFileHelpers: Loading map 'Template_Default' took 0.360
[2018.05.17-01.36.37:393][  0]LogCollectionManager: Loaded 0 collections in 0.002364 seconds
[2018.05.17-01.36.38:356][  0]LogFileCache: Scanning file cache for directory 'C:/Users/User/Documents/GitHub Files/UE4 Crash Course/FPSProject/Saved/Collections/' took 0.01s
[2018.05.17-01.36.38:356][  0]LogFileCache: Scanning file cache for directory 'C:/Users/User/Documents/GitHub Files/UE4 Crash Course/FPSProject/Content/Developers/User/Collections/' took 0.01s
[2018.05.17-01.36.38:356][  0]LogFileCache: Scanning file cache for directory 'C:/Users/User/Documents/GitHub Files/UE4 Crash Course/FPSProject/Content/Collections/' took 0.01s
[2018.05.17-01.36.38:356][  0]LogCollectionManager: Rebuilt the GUID cache for 0 collections in 0.000004 seconds
[2018.05.17-01.36.38:374][  0]LogContentBrowser: Native class hierarchy populated in 0.0151 seconds. Added 2453 classes and 560 folders.
[2018.05.17-01.36.39:116][  0]LogContentBrowser: Native class hierarchy updated for 'WidgetCarousel' in 0.0011 seconds. Added 0 classes and 0 folders.
[2018.05.17-01.36.47:548][  0]LogContentBrowser: Native class hierarchy updated for 'AddContentDialog' in 0.0012 seconds. Added 0 classes and 0 folders.
[2018.05.17-01.36.47:830][  0]LogContentBrowser: Native class hierarchy updated for 'SceneOutliner' in 0.0011 seconds. Added 1 classes and 2 folders.
[2018.05.17-01.36.52:775][  0]LogSlate: Took 0.000350 seconds to synchronously load lazily loaded font '../../../Engine/Content/Slate/Fonts/Roboto-Regular.ttf' (155K)
[2018.05.17-01.36.52:996][  0]LogSlate: Took 0.000318 seconds to synchronously load lazily loaded font '../../../Engine/Content/Slate/Fonts/Roboto-Bold.ttf' (160K)
[2018.05.17-01.36.53:259][  0]LogSlate: Took 0.096465 seconds to synchronously load lazily loaded font '../../../Engine/Content/Editor/Slate/Fonts/FontAwesome.ttf' (139K)
[2018.05.17-01.36.54:806][  0]LogRenderer: Reallocating scene render targets to support 1120x576 Format 9 NumSamples 1 (Frame:1).
[2018.05.17-01.36.59:097][  0]LogContentBrowser: Native class hierarchy updated for 'HierarchicalLODOutliner' in 0.0011 seconds. Added 0 classes and 0 folders.
[2018.05.17-01.36.59:097][  0]LogLoad: (Engine Initialization) Total time: 47.29 seconds
[2018.05.17-01.36.59:097][  0]LogLoad: (Engine Initialization) Total Blueprint compile time: 0.00 seconds
[2018.05.17-01.36.59:850][  0]LogContentStreaming: Texture pool size now 400 MB
[2018.05.17-01.37.11:668][ 36]LogAssetRegistry: Asset discovery search completed in 51.4356 seconds
[2018.05.17-01.37.11:670][ 36]LogCollectionManager: Rebuilt the object cache for 0 collections in 0.000000 seconds (found 0 objects)
[2018.05.17-01.37.11:670][ 36]LogCollectionManager: Fixed up redirectors for 0 collections in 0.000078 seconds (updated 0 objects)
[2018.05.17-01.38.53:614][394]LogSlate: FSceneViewport::OnFocusLost() reason 2
[2018.05.17-02.04.52:005][534]LogSlate: FSceneViewport::OnFocusLost() reason 0
[2018.05.17-02.05.14:510][613]LogSlate: Window 'FPSProject - Unreal Editor' being destroyed
[2018.05.17-02.05.18:435][614]Cmd: QUIT_EDITOR
[2018.05.17-02.05.21:418][614]LogWindowsTextInputMethodSystem: Display: IME system now deactivated.
[2018.05.17-02.05.21:640][614]LogSlate: Slate User Destroyed.  User Index 0, Is Virtual User: 0
[2018.05.17-02.05.21:677][614]LogExit: Preparing to exit.
[2018.05.17-02.05.25:152][614]LogDirectoryWatcher: A directory notification for 'C:/Users/User/Documents/GitHub Files/UE4 Crash Course/FPSProject/Content/' was aborted.
[2018.05.17-02.05.28:136][614]LogExit: Editor shut down
[2018.05.17-02.05.28:149][614]LogExit: Transaction tracking system shut down
[2018.05.17-02.05.28:149][614]LogUObjectGlobals: Destroyed PersistentFrame Addr=0x000001c5504793a0, Size=80
[2018.05.17-02.05.28:330][614]LogDirectoryWatcher: A directory notification for '../../../Engine/Content/' was aborted.
[2018.05.17-02.05.28:330][614]LogDirectoryWatcher: A directory notification for '../../../../../../Users/User/Documents/GitHub Files/UE4 Crash Course/FPSProject/Content/' was aborted.
[2018.05.17-02.05.28:330][614]LogDirectoryWatcher: A directory notification for '../../Plugins/2D/Paper2D/Content/' was aborted.
[2018.05.17-02.05.28:330][614]LogDirectoryWatcher: A directory notification for '../../Plugins/Enterprise/DatasmithContent/Content/' was aborted.
[2018.05.17-02.05.28:331][614]LogDirectoryWatcher: A directory notification for '../../Plugins/Media/MediaCompositing/Content/' was aborted.
[2018.05.17-02.05.28:331][614]LogDirectoryWatcher: A directory notification for '../../Plugins/Runtime/AppleARKit/Content/' was aborted.
[2018.05.17-02.05.28:331][614]LogDirectoryWatcher: A directory notification for '../../Plugins/Runtime/Oculus/OculusVR/Content/' was aborted.
[2018.05.17-02.05.28:331][614]LogDirectoryWatcher: A directory notification for '../../Plugins/Runtime/Steam/SteamVR/Content/' was aborted.
[2018.05.17-02.05.33:895][614]LogExit: Object subsystem successfully closed.
[2018.05.17-02.05.34:628][614]LogShaderCompilers: Display: Shaders left to compile 0
[2018.05.17-02.05.34:691][614]LogD3D11RHI: Shutdown
[2018.05.17-02.05.34:691][614]LogD3D11RHI: CleanupD3DDevice
[2018.05.17-02.05.34:830][614]LogD3D11RHI: ~FD3D11DynamicRHI
[2018.05.17-02.05.36:415][614]LogModuleManager: Shutting down and abandoning module HierarchicalLODOutliner (574)
[2018.05.17-02.05.36:415][614]LogModuleManager: Shutting down and abandoning module DesktopPlatform (572)
[2018.05.17-02.05.36:426][614]LogModuleManager: Shutting down and abandoning module SceneOutliner (570)
[2018.05.17-02.05.36:435][614]LogModuleManager: Shutting down and abandoning module AddContentDialog (568)
[2018.05.17-02.05.36:464][614]LogDirectoryWatcher: A directory notification for 'C:/Program Files/Epic Games/UE_4.19/FeaturePacks/' was aborted.
[2018.05.17-02.05.36:466][614]LogModuleManager: Shutting down and abandoning module WidgetCarousel (567)
[2018.05.17-02.05.36:466][614]LogModuleManager: Shutting down and abandoning module EditorWidgets (564)
[2018.05.17-02.05.36:466][614]LogModuleManager: Shutting down and abandoning module CollectionManager (562)
[2018.05.17-02.05.36:485][614]LogDirectoryWatcher: A directory notification for 'C:/Users/User/Documents/GitHub Files/UE4 Crash Course/FPSProject/Content/Collections/' was aborted.
[2018.05.17-02.05.36:485][614]LogDirectoryWatcher: A directory notification for 'C:/Users/User/Documents/GitHub Files/UE4 Crash Course/FPSProject/Content/Developers/User/Collections/' was aborted.
[2018.05.17-02.05.36:485][614]LogDirectoryWatcher: A directory notification for 'C:/Users/User/Documents/GitHub Files/UE4 Crash Course/FPSProject/Saved/Collections/' was aborted.
[2018.05.17-02.05.36:485][614]LogModuleManager: Shutting down and abandoning module LauncherPlatform (560)
[2018.05.17-02.05.36:485][614]LogModuleManager: Shutting down and abandoning module HierarchicalLODUtilities (558)
[2018.05.17-02.05.36:505][614]LogModuleManager: Shutting down and abandoning module StatsViewer (556)
[2018.05.17-02.05.36:521][614]LogModuleManager: Shutting down and abandoning module FoliageEdit (554)
[2018.05.17-02.05.36:521][614]LogModuleManager: Shutting down and abandoning module LandscapeEditor (552)
[2018.05.17-02.05.36:559][614]LogModuleManager: Shutting down and abandoning module MeshPaintMode (550)
[2018.05.17-02.05.36:560][614]LogModuleManager: Shutting down and abandoning module SceneDepthPickerMode (548)
[2018.05.17-02.05.36:560][614]LogModuleManager: Shutting down and abandoning module ActorPickerMode (546)
[2018.05.17-02.05.36:560][614]LogModuleManager: Shutting down and abandoning module GeometryMode (544)
[2018.05.17-02.05.36:580][614]LogModuleManager: Shutting down and abandoning module TextureAlignMode (542)
[2018.05.17-02.05.36:580][614]LogModuleManager: Shutting down and abandoning module BspMode (540)
[2018.05.17-02.05.36:580][614]LogModuleManager: Shutting down and abandoning module PIEPreviewDeviceProfileSelector (538)
[2018.05.17-02.05.36:580][614]LogModuleManager: Shutting down and abandoning module SequenceRecorderSections (536)
[2018.05.17-02.05.36:601][614]LogModuleManager: Shutting down and abandoning module AutomationWorker (534)
[2018.05.17-02.05.36:601][614]LogModuleManager: Shutting down and abandoning module AudioCaptureEditor (532)
[2018.05.17-02.05.36:601][614]LogModuleManager: Shutting down and abandoning module SequenceRecorder (531)
[2018.05.17-02.05.36:625][614]LogModuleManager: Shutting down and abandoning module MatineeToLevelSequence (528)
[2018.05.17-02.05.36:644][614]LogModuleManager: Shutting down and abandoning module LevelSequenceEditor (526)
[2018.05.17-02.05.36:688][614]LogModuleManager: Shutting down and abandoning module PlacementMode (525)
[2018.05.17-02.05.36:688][614]LogModuleManager: Shutting down and abandoning module MaterialEditor (524)
[2018.05.17-02.05.36:730][614]LogModuleManager: Shutting down and abandoning module WmfMediaFactory (520)
[2018.05.17-02.05.36:730][614]LogModuleManager: Shutting down and abandoning module WmfMediaEditor (518)
[2018.05.17-02.05.36:730][614]LogModuleManager: Shutting down and abandoning module MediaPlayerEditor (516)
[2018.05.17-02.05.36:745][614]LogModuleManager: Shutting down and abandoning module OpenExrWrapper (514)
[2018.05.17-02.05.36:745][614]LogModuleManager: Shutting down and abandoning module ImgMediaFactory (512)
[2018.05.17-02.05.36:745][614]LogModuleManager: Shutting down and abandoning module ImgMediaEditor (510)
[2018.05.17-02.05.36:745][614]LogModuleManager: Shutting down and abandoning module AvfMediaFactory (508)
[2018.05.17-02.05.36:745][614]LogModuleManager: Shutting down and abandoning module AvfMediaEditor (506)
[2018.05.17-02.05.36:745][614]LogModuleManager: Shutting down and abandoning module AndroidMediaFactory (504)
[2018.05.17-02.05.36:745][614]LogModuleManager: Shutting down and abandoning module AndroidMediaEditor (502)
[2018.05.17-02.05.36:745][614]LogModuleManager: Shutting down and abandoning module CharacterAI (500)
[2018.05.17-02.05.36:745][614]LogModuleManager: Shutting down and abandoning module SmartSnapping (498)
[2018.05.17-02.05.36:745][614]LogModuleManager: Shutting down and abandoning module SessionServices (496)
[2018.05.17-02.05.36:745][614]LogModuleManager: Shutting down and abandoning module ViewportSnapping (494)
[2018.05.17-02.05.36:745][614]LogModuleManager: Shutting down and abandoning module ViewportInteraction (492)
[2018.05.17-02.05.36:745][614]LogModuleManager: Shutting down and abandoning module ClothPainter (490)
[2018.05.17-02.05.36:783][614]LogModuleManager: Shutting down and abandoning module SkeletalMeshEditor (489)
[2018.05.17-02.05.36:806][614]LogModuleManager: Shutting down and abandoning module LogVisualizer (486)
[2018.05.17-02.05.36:808][614]LogModuleManager: Shutting down and abandoning module IntroTutorials (484)
[2018.05.17-02.05.36:832][614]LogModuleManager: Shutting down and abandoning module GameProjectGeneration (483)
[2018.05.17-02.05.36:856][614]LogModuleManager: Shutting down and abandoning module IOSPlatformEditor (480)
[2018.05.17-02.05.36:856][614]LogModuleManager: Shutting down and abandoning module HTML5PlatformEditor (478)
[2018.05.17-02.05.36:856][614]LogModuleManager: Shutting down and abandoning module AndroidPlatformEditor (476)
[2018.05.17-02.05.36:856][614]LogModuleManager: Shutting down and abandoning module AndroidDeviceDetection (475)
[2018.05.17-02.05.37:006][614]LogModuleManager: Shutting down and abandoning module WindowsPlatformEditor (472)
[2018.05.17-02.05.37:006][614]LogModuleManager: Shutting down and abandoning module IOSRuntimeSettings (470)
[2018.05.17-02.05.37:006][614]LogModuleManager: Shutting down and abandoning module AndroidRuntimeSettings (468)
[2018.05.17-02.05.37:006][614]LogModuleManager: Shutting down and abandoning module InputBindingEditor (466)
[2018.05.17-02.05.37:309][614]LogModuleManager: Shutting down and abandoning module MergeActors (464)
[2018.05.17-02.05.37:618][614]LogModuleManager: Shutting down and abandoning module LocalizationDashboard (462)
[2018.05.17-02.05.38:765][614]LogModuleManager: Shutting down and abandoning module LocalizationService (461)
[2018.05.17-02.05.39:413][614]LogModuleManager: Shutting down and abandoning module HardwareTargeting (458)
[2018.05.17-02.05.39:413][614]LogModuleManager: Shutting down and abandoning module DeviceProfileEditor (456)
[2018.05.17-02.05.39:439][614]LogModuleManager: Shutting down and abandoning module UndoHistory (454)
[2018.05.17-02.05.39:439][614]LogModuleManager: Shutting down and abandoning module XmlParser (452)
[2018.05.17-02.05.39:450][614]LogModuleManager: Shutting down and abandoning module Blutility (450)
[2018.05.17-02.05.39:450][614]LogModuleManager: Shutting down and abandoning module ProjectSettingsViewer (448)
[2018.05.17-02.05.39:450][614]LogModuleManager: Shutting down and abandoning module ProjectTargetPlatformEditor (447)
[2018.05.17-02.05.39:450][614]LogModuleManager: Shutting down and abandoning module EditorSettingsViewer (444)
[2018.05.17-02.05.39:452][614]LogModuleManager: Shutting down and abandoning module SettingsEditor (442)
[2018.05.17-02.05.39:591][614]LogModuleManager: Shutting down and abandoning module ProjectLauncher (440)
[2018.05.17-02.05.39:609][614]LogModuleManager: Shutting down and abandoning module SessionFrontend (438)
[2018.05.17-02.05.39:651][614]LogModuleManager: Shutting down and abandoning module ProfilerClient (436)
[2018.05.17-02.05.39:677][614]LogModuleManager: Shutting down and abandoning module DeviceManager (434)
[2018.05.17-02.05.39:900][614]LogModuleManager: Shutting down and abandoning module TargetDeviceServices (433)
[2018.05.17-02.05.40:003][614]LogModuleManager: Shutting down and abandoning module AutomationController (430)
[2018.05.17-02.05.40:040][614]LogModuleManager: Shutting down and abandoning module AutomationWindow (428)
[2018.05.17-02.05.40:083][614]LogModuleManager: Shutting down and abandoning module Layers (426)
[2018.05.17-02.05.40:235][614]LogModuleManager: Shutting down and abandoning module ComponentVisualizers (424)
[2018.05.17-02.05.40:235][614]LogModuleManager: Shutting down and abandoning module DetailCustomizations (422)
[2018.05.17-02.05.40:289][614]LogModuleManager: Shutting down and abandoning module PackagesDialog (420)
[2018.05.17-02.05.40:316][614]LogModuleManager: Shutting down and abandoning module Persona (418)
[2018.05.17-02.05.40:883][614]LogModuleManager: Shutting down and abandoning module AdvancedPreviewScene (417)
[2018.05.17-02.05.40:883][614]LogModuleManager: Shutting down and abandoning module AnimGraph (415)
[2018.05.17-02.05.40:883][614]LogModuleManager: Shutting down and abandoning module Kismet (412)
[2018.05.17-02.05.40:911][614]LogModuleManager: Shutting down and abandoning module GraphEditor (410)
[2018.05.17-02.05.41:000][614]LogModuleManager: Shutting down and abandoning module ClassViewer (408)
[2018.05.17-02.05.41:000][614]LogModuleManager: Shutting down and abandoning module Toolbox (406)
[2018.05.17-02.05.41:000][614]LogModuleManager: Shutting down and abandoning module ModuleUI (404)
[2018.05.17-02.05.41:032][614]LogModuleManager: Shutting down and abandoning module MovieSceneTools (402)
[2018.05.17-02.05.41:093][614]LogModuleManager: Shutting down and abandoning module OutputLog (400)
[2018.05.17-02.05.41:168][614]LogModuleManager: Shutting down and abandoning module GammaUI (398)
[2018.05.17-02.05.41:176][614]LogModuleManager: Shutting down and abandoning module Documentation (396)
[2018.05.17-02.05.41:176][614]LogModuleManager: Shutting down and abandoning module MovieSceneTracks (394)
[2018.05.17-02.05.41:176][614]LogModuleManager: Shutting down and abandoning module MovieScene (392)
[2018.05.17-02.05.41:176][614]LogModuleManager: Shutting down and abandoning module StreamingPauseRendering (390)
[2018.05.17-02.05.41:176][614]LogModuleManager: Shutting down and abandoning module PortalServices (388)
[2018.05.17-02.05.41:176][614]LogModuleManager: Shutting down and abandoning module PortalRpc (386)
[2018.05.17-02.05.41:176][614]LogModuleManager: Shutting down and abandoning module MessagingRpc (384)
[2018.05.17-02.05.41:176][614]LogModuleManager: Shutting down and abandoning module AIModule (382)
[2018.05.17-02.05.41:177][614]LogModuleManager: Shutting down and abandoning module GameplayDebugger (381)
[2018.05.17-02.05.41:217][614]LogModuleManager: Shutting down and abandoning module AITestSuite (379)
[2018.05.17-02.05.41:225][614]LogModuleManager: Shutting down and abandoning module ProfilerService (376)
[2018.05.17-02.05.41:341][614]LogModuleManager: Shutting down and abandoning module TaskGraph (374)
[2018.05.17-02.05.41:361][614]LogModuleManager: Shutting down and abandoning module SteamVRController (372)
[2018.05.17-02.05.41:361][614]LogModuleManager: Shutting down and abandoning module ProceduralMeshComponentEditor (370)
[2018.05.17-02.05.41:361][614]LogModuleManager: Shutting down and abandoning module ProceduralMeshComponent (368)
[2018.05.17-02.05.41:376][614]LogModuleManager: Shutting down and abandoning module OculusInput (366)
[2018.05.17-02.05.41:381][614]LogModuleManager: Shutting down and abandoning module MobilePatchingUtils (364)
[2018.05.17-02.05.41:381][614]LogModuleManager: Shutting down and abandoning module CustomMeshComponent (362)
[2018.05.17-02.05.41:382][614]LogModuleManager: Shutting down and abandoning module CableComponent (360)
[2018.05.17-02.05.41:393][614]LogModuleManager: Shutting down and abandoning module AudioCapture (358)
[2018.05.17-02.05.41:394][614]LogModuleManager: Shutting down and abandoning module ArchVisCharacter (356)
[2018.05.17-02.05.41:394][614]LogModuleManager: Shutting down and abandoning module AndroidPermission (354)
[2018.05.17-02.05.41:394][614]LogModuleManager: Shutting down and abandoning module NUTUnrealEngine4 (350)
[2018.05.17-02.05.41:394][614]LogModuleManager: Shutting down and abandoning module NetcodeUnitTest (348)
[2018.05.17-02.05.41:452][614]LogModuleManager: Shutting down and abandoning module MediaCompositingEditor (346)
[2018.05.17-02.05.41:452][614]LogModuleManager: Shutting down and abandoning module MediaCompositing (344)
[2018.05.17-02.05.41:452][614]LogModuleManager: Shutting down and abandoning module LinearTimecode (342)
[2018.05.17-02.05.41:452][614]LogModuleManager: Shutting down and abandoning module ImgMedia (340)
[2018.05.17-02.05.41:476][614]LogModuleManager: Shutting down and abandoning module HTML5Networking (338)
[2018.05.17-02.05.41:476][614]LogModuleManager: Shutting down and abandoning module AlembicImporter (336)
[2018.05.17-02.05.41:484][614]LogModuleManager: Shutting down and abandoning module AlembicLibrary (335)
[2018.05.17-02.05.41:484][614]LogModuleManager: Shutting down and abandoning module GeometryCache (334)
[2018.05.17-02.05.41:484][614]LogModuleManager: Shutting down and abandoning module GeometryCacheEd (333)
[2018.05.17-02.05.41:484][614]LogModuleManager: Shutting down and abandoning module DatasmithContent (328)
[2018.05.17-02.05.41:484][614]LogModuleManager: Shutting down and abandoning module SpeedTreeImporter (326)
[2018.05.17-02.05.41:484][614]LogModuleManager: Shutting down and abandoning module PluginBrowser (324)
[2018.05.17-02.05.41:512][614]LogModuleManager: Shutting down and abandoning module MobileLauncherProfileWizard (322)
[2018.05.17-02.05.41:524][614]LogModuleManager: Shutting down and abandoning module CryptoKeysOpenSSL (320)
[2018.05.17-02.05.41:538][614]LogModuleManager: Shutting down and abandoning module CryptoKeys (318)
[2018.05.17-02.05.41:538][614]LogModuleManager: Shutting down and abandoning module VisualStudioSourceCodeAccess (316)
[2018.05.17-02.05.41:538][614]LogModuleManager: Shutting down and abandoning module VisualStudioCodeSourceCodeAccess (314)
[2018.05.17-02.05.41:538][614]LogModuleManager: Shutting down and abandoning module UObjectPlugin (312)
[2018.05.17-02.05.41:538][614]LogModuleManager: Shutting down and abandoning module SubversionSourceControl (310)
[2018.05.17-02.05.41:561][614]LogModuleManager: Shutting down and abandoning module PerforceSourceControl (308)
[2018.05.17-02.05.41:583][614]LogModuleManager: Shutting down and abandoning module GitSourceControl (306)
[2018.05.17-02.05.41:896][614]LogModuleManager: Shutting down and abandoning module SourceControl (305)
[2018.05.17-02.05.41:949][614]LogModuleManager: Shutting down and abandoning module CLionSourceCodeAccess (302)
[2018.05.17-02.05.41:988][614]LogModuleManager: Shutting down and abandoning module LightPropagationVolumeEditor (300)
[2018.05.17-02.05.41:988][614]LogModuleManager: Shutting down and abandoning module PaperTiledImporter (298)
[2018.05.17-02.05.41:988][614]LogModuleManager: Shutting down and abandoning module PaperSpriteSheetImporter (296)
[2018.05.17-02.05.41:988][614]LogModuleManager: Shutting down and abandoning module Paper2DEditor (294)
[2018.05.17-02.05.42:013][614]LogModuleManager: Shutting down and abandoning module MeshPaint (293)
[2018.05.17-02.05.42:033][614]LogModuleManager: Shutting down and abandoning module FPSProject (290)
[2018.05.17-02.05.42:033][614]LogModuleManager: Shutting down and abandoning module RuntimePhysXCooking (288)
[2018.05.17-02.05.42:033][614]LogModuleManager: Shutting down and abandoning module PhysXVehiclesEditor (286)
[2018.05.17-02.05.42:033][614]LogModuleManager: Shutting down and abandoning module PhysXVehicles (284)
[2018.05.17-02.05.42:033][614]LogModuleManager: Shutting down and abandoning module OculusEditor (282)
[2018.05.17-02.05.42:033][614]LogModuleManager: Shutting down and abandoning module LocationServicesBPLibrary (280)
[2018.05.17-02.05.42:033][614]LogModuleManager: Shutting down and abandoning module ImmediatePhysicsEditor (278)
[2018.05.17-02.05.42:033][614]LogModuleManager: Shutting down and abandoning module ImmediatePhysics (276)
[2018.05.17-02.05.42:033][614]LogModuleManager: Shutting down and abandoning module ActorSequence (274)
[2018.05.17-02.05.42:033][614]LogModuleManager: Shutting down and abandoning module UdpMessaging (272)
[2018.05.17-02.05.42:426][614]LogModuleManager: Shutting down and abandoning module TcpMessaging (270)
[2018.05.17-02.05.42:726][614]LogModuleManager: Shutting down and abandoning module GameplayTagsEditor (268)
[2018.05.17-02.05.43:202][614]LogModuleManager: Shutting down and abandoning module FacialAnimationEditor (266)
[2018.05.17-02.05.43:202][614]LogModuleManager: Shutting down and abandoning module FacialAnimation (264)
[2018.05.17-02.05.43:202][614]LogModuleManager: Shutting down and abandoning module DataValidation (262)
[2018.05.17-02.05.43:202][614]LogModuleManager: Shutting down and abandoning module AssetManagerEditor (260)
[2018.05.17-02.05.43:760][614]LogModuleManager: Shutting down and abandoning module LevelEditor (259)
[2018.05.17-02.05.44:030][614]LogModuleManager: Shutting down and abandoning module PixelInspectorModule (258)
[2018.05.17-02.05.44:216][614]LogModuleManager: Shutting down and abandoning module CommonMenuExtensions (256)
[2018.05.17-02.05.44:216][614]LogModuleManager: Shutting down and abandoning module MainFrame (254)
[2018.05.17-02.05.44:216][614]LogModuleManager: Shutting down and abandoning module HotReload (253)
[2018.05.17-02.05.44:229][614]LogDirectoryWatcher: A directory notification for 'C:/Users/User/Documents/GitHub Files/UE4 Crash Course/FPSProject/Binaries/Win64' was aborted.
[2018.05.17-02.05.44:877][614]LogModuleManager: Shutting down and abandoning module ContentBrowser (249)
[2018.05.17-02.05.44:878][614]LogModuleManager: Shutting down and abandoning module TreeMap (247)
[2018.05.17-02.05.44:913][614]LogModuleManager: Shutting down and abandoning module LightPropagationVolumeRuntime (244)
[2018.05.17-02.05.44:913][614]LogModuleManager: Shutting down and abandoning module LiveLinkEditor (242)
[2018.05.17-02.05.45:284][614]LogModuleManager: Shutting down and abandoning module LiveLink (240)
[2018.05.17-02.05.45:349][614]LogModuleManager: Shutting down and abandoning module Paper2D (238)
[2018.05.17-02.05.45:411][614]LogModuleManager: Shutting down and abandoning module WindowsMoviePlayer (236)
[2018.05.17-02.05.45:552][614]LogModuleManager: Shutting down and abandoning module WmfMedia (234)
[2018.05.17-02.05.45:833][614]LogModuleManager: Shutting down and abandoning module Media (233)
[2018.05.17-02.05.45:839][614]LogModuleManager: Shutting down and abandoning module PacketHandler (230)
[2018.05.17-02.05.45:840][614]LogModuleManager: Shutting down and abandoning module ClothingSystemEditor (228)
[2018.05.17-02.05.45:840][614]LogModuleManager: Shutting down and abandoning module ClothingSystemRuntime (226)
[2018.05.17-02.05.45:895][614]LogModuleManager: Shutting down and abandoning module MediaAssets (224)
[2018.05.17-02.05.45:895][614]LogModuleManager: Shutting down and abandoning module Overlay (222)
[2018.05.17-02.05.45:895][614]LogModuleManager: Shutting down and abandoning module OverlayEditor (221)
[2018.05.17-02.05.45:895][614]LogModuleManager: Shutting down and abandoning module VREditor (218)
[2018.05.17-02.05.45:933][614]LogModuleManager: Shutting down and abandoning module StringTableEditor (216)
[2018.05.17-02.05.45:933][614]LogModuleManager: Shutting down and abandoning module GameplayTasksEditor (214)
[2018.05.17-02.05.45:933][614]LogModuleManager: Shutting down and abandoning module BehaviorTreeEditor (212)
[2018.05.17-02.05.46:077][614]LogModuleManager: Shutting down and abandoning module FunctionalTesting (210)
[2018.05.17-02.05.46:183][614]LogModuleManager: Shutting down and abandoning module CollisionAnalyzer (208)
[2018.05.17-02.05.46:802][614]LogModuleManager: Shutting down and abandoning module WorkspaceMenuStructure (207)
[2018.05.17-02.05.46:802][614]LogModuleManager: Shutting down and abandoning module UMG (204)
[2018.05.17-02.05.46:940][614]LogModuleManager: Shutting down and abandoning module UMGEditor (203)
[2018.05.17-02.05.48:330][614]LogModuleManager: Shutting down and abandoning module Sequencer (202)
[2018.05.17-02.05.49:606][614]LogModuleManager: Shutting down and abandoning module MessageLog (199)
[2018.05.17-02.05.49:606][614]LogModuleManager: Shutting down and abandoning module SlateReflector (194)
[2018.05.17-02.05.50:896][614]LogModuleManager: Shutting down and abandoning module Slate (192)
[2018.05.17-02.05.50:896][614]LogModuleManager: Shutting down and abandoning module EditorStyle (190)
[2018.05.17-02.05.51:062][614]LogModuleManager: Shutting down and abandoning module MRMesh (188)
[2018.05.17-02.05.51:062][614]LogModuleManager: Shutting down and abandoning module SourceCodeAccess (186)
[2018.05.17-02.05.51:062][614]LogModuleManager: Shutting down and abandoning module HeadMountedDisplay (184)
[2018.05.17-02.05.51:062][614]LogModuleManager: Shutting down and abandoning module XAudio2 (182)
[2018.05.17-02.05.51:062][614]LogModuleManager: Shutting down and abandoning module Networking (180)
[2018.05.17-02.05.51:062][614]LogModuleManager: Shutting down and abandoning module Core (178)
[2018.05.17-02.05.51:062][614]LogModuleManager: Shutting down and abandoning module LevelSequence (176)
[2018.05.17-02.05.51:121][614]LogModuleManager: Shutting down and abandoning module KismetCompiler (174)
[2018.05.17-02.05.51:121][614]LogModuleManager: Shutting down and abandoning module MeshUtilities (172)
[2018.05.17-02.05.51:465][614]LogModuleManager: Shutting down and abandoning module MeshMergeUtilities (171)
[2018.05.17-02.05.51:465][614]LogModuleManager: Shutting down and abandoning module MeshReductionInterface (170)
[2018.05.17-02.05.51:465][614]LogModuleManager: Shutting down and abandoning module SimplygonSwarm (169)
[2018.05.17-02.05.51:550][614]LogModuleManager: Shutting down and abandoning module SimplygonMeshReduction (167)
[2018.05.17-02.05.51:922][614]LogModuleManager: Shutting down and abandoning module QuadricMeshReduction (165)
[2018.05.17-02.05.52:164][614]LogModuleManager: Shutting down and abandoning module MaterialBaking (161)
[2018.05.17-02.05.52:420][614]LogModuleManager: Shutting down and abandoning module DirectoryWatcher (157)
[2018.05.17-02.05.52:422][614]LogModuleManager: Shutting down and abandoning module DerivedDataCache (154)
[2018.05.17-02.05.52:504][614]LogDerivedDataCache: Shutdown
[2018.05.17-02.05.52:504][614]LogModuleManager: Shutting down and abandoning module XGEController (152)
[2018.05.17-02.05.52:504][614]LogModuleManager: Shutting down and abandoning module TargetPlatform (150)
[2018.05.17-02.05.52:504][614]LogModuleManager: Shutting down and abandoning module VulkanShaderFormat (149)
[2018.05.17-02.05.52:626][614]LogModuleManager: Shutting down and abandoning module ShaderFormatVectorVM (147)
[2018.05.17-02.05.52:717][614]LogModuleManager: Shutting down and abandoning module ShaderFormatOpenGL (145)
[2018.05.17-02.05.52:812][614]LogModuleManager: Shutting down and abandoning module ShaderFormatD3D (143)
[2018.05.17-02.05.52:825][614]LogModuleManager: Shutting down and abandoning module MetalShaderFormat (141)
[2018.05.17-02.05.52:872][614]LogModuleManager: Shutting down and abandoning module TextureFormatUncompressed (139)
[2018.05.17-02.05.52:872][614]LogModuleManager: Shutting down and abandoning module TextureFormatPVR (137)
[2018.05.17-02.05.52:872][614]LogModuleManager: Shutting down and abandoning module TextureFormatDXT (135)
[2018.05.17-02.05.52:934][614]LogModuleManager: Shutting down and abandoning module TextureFormatIntelISPCTexComp (133)
[2018.05.17-02.05.53:262][614]LogModuleManager: Shutting down and abandoning module TextureFormatASTC (131)
[2018.05.17-02.05.53:262][614]LogModuleManager: Shutting down and abandoning module ImageWrapper (130)
[2018.05.17-02.05.53:262][614]LogModuleManager: Shutting down and abandoning module TextureFormatAndroid (127)
[2018.05.17-02.05.53:262][614]LogModuleManager: Shutting down and abandoning module AudioFormatOpus (125)
[2018.05.17-02.05.53:262][614]LogModuleManager: Shutting down and abandoning module AudioFormatOgg (123)
[2018.05.17-02.05.53:262][614]LogModuleManager: Shutting down and abandoning module AudioFormatADPCM (121)
[2018.05.17-02.05.53:262][614]LogModuleManager: Shutting down and abandoning module LinuxTargetPlatform (119)
[2018.05.17-02.05.53:263][614]LogModuleManager: Shutting down and abandoning module LinuxServerTargetPlatform (117)
[2018.05.17-02.05.53:263][614]LogModuleManager: Shutting down and abandoning module LinuxNoEditorTargetPlatform (115)
[2018.05.17-02.05.53:263][614]LogModuleManager: Shutting down and abandoning module LinuxClientTargetPlatform (113)
[2018.05.17-02.05.53:263][614]LogModuleManager: Shutting down and abandoning module TVOSTargetPlatform (111)
[2018.05.17-02.05.53:263][614]LogModuleManager: Shutting down and abandoning module Messaging (109)
[2018.05.17-02.05.53:263][614]LogModuleManager: Shutting down and abandoning module IOSTargetPlatform (107)
[2018.05.17-02.05.53:263][614]LogModuleManager: Shutting down and abandoning module HTML5TargetPlatform (105)
[2018.05.17-02.05.53:263][614]LogModuleManager: Shutting down and abandoning module AndroidTargetPlatform (103)
[2018.05.17-02.05.53:263][614]LogModuleManager: Shutting down and abandoning module Android_PVRTCTargetPlatform (101)
[2018.05.17-02.05.53:263][614]LogModuleManager: Shutting down and abandoning module Android_MultiTargetPlatform (99)
[2018.05.17-02.05.53:263][614]LogModuleManager: Shutting down and abandoning module Android_ETC2TargetPlatform (97)
[2018.05.17-02.05.53:263][614]LogModuleManager: Shutting down and abandoning module Android_ETC1TargetPlatform (95)
[2018.05.17-02.05.53:263][614]LogModuleManager: Shutting down and abandoning module Android_ETC1aTargetPlatform (93)
[2018.05.17-02.05.53:263][614]LogModuleManager: Shutting down and abandoning module Android_DXTTargetPlatform (91)
[2018.05.17-02.05.53:263][614]LogModuleManager: Shutting down and abandoning module Android_ATCTargetPlatform (89)
[2018.05.17-02.05.53:263][614]LogModuleManager: Shutting down and abandoning module Android_ASTCTargetPlatform (87)
[2018.05.17-02.05.53:263][614]LogModuleManager: Shutting down and abandoning module WindowsTargetPlatform (85)
[2018.05.17-02.05.53:263][614]LogModuleManager: Shutting down and abandoning module WindowsServerTargetPlatform (83)
[2018.05.17-02.05.53:263][614]LogModuleManager: Shutting down and abandoning module WindowsNoEditorTargetPlatform (81)
[2018.05.17-02.05.53:263][614]LogModuleManager: Shutting down and abandoning module WindowsClientTargetPlatform (79)
[2018.05.17-02.05.53:263][614]LogModuleManager: Shutting down and abandoning module MacTargetPlatform (77)
[2018.05.17-02.05.53:263][614]LogModuleManager: Shutting down and abandoning module MacServerTargetPlatform (75)
[2018.05.17-02.05.53:263][614]LogModuleManager: Shutting down and abandoning module MacNoEditorTargetPlatform (73)
[2018.05.17-02.05.53:263][614]LogModuleManager: Shutting down and abandoning module MacClientTargetPlatform (71)
[2018.05.17-02.05.53:263][614]LogModuleManager: Shutting down and abandoning module AllDesktopTargetPlatform (69)
[2018.05.17-02.05.53:263][614]LogModuleManager: Shutting down and abandoning module InputCore (66)
[2018.05.17-02.05.53:263][614]LogModuleManager: Shutting down and abandoning module Settings (64)
[2018.05.17-02.05.53:263][614]LogModuleManager: Shutting down and abandoning module PhysXCooking (62)
[2018.05.17-02.05.53:263][614]LogModuleManager: Shutting down and abandoning module SteamVR (60)
[2018.05.17-02.05.53:263][614]LogModuleManager: Shutting down and abandoning module OculusHMD (58)
[2018.05.17-02.05.53:977][614]LogModuleManager: Shutting down and abandoning module ExampleDeviceProfileSelector (56)
[2018.05.17-02.05.53:977][614]LogModuleManager: Shutting down and abandoning module AppleARKit (54)
[2018.05.17-02.05.53:977][614]LogModuleManager: Shutting down and abandoning module AugmentedReality (51)
[2018.05.17-02.05.53:977][614]LogModuleManager: Shutting down and abandoning module OnlineBlueprintSupport (48)
[2018.05.17-02.05.53:977][614]LogModuleManager: Shutting down and abandoning module OnlineSubsystem (44)
[2018.05.17-02.05.54:896][614]LogModuleManager: Shutting down and abandoning module XMPP (43)
[2018.05.17-02.05.55:243][614]LogModuleManager: Shutting down and abandoning module HTTP (41)
[2018.05.17-02.05.55:914][614]LogModuleManager: Shutting down and abandoning module SSL (40)
[2018.05.17-02.05.55:951][614]LogModuleManager: Shutting down and abandoning module AnimationModifiers (36)
[2018.05.17-02.05.56:519][614]LogModuleManager: Shutting down and abandoning module PropertyEditor (35)
[2018.05.17-02.05.56:689][614]LogModuleManager: Shutting down and abandoning module AudioEditor (32)
[2018.05.17-02.05.58:053][614]LogModuleManager: Shutting down and abandoning module TextureCompressor (30)
[2018.05.17-02.05.58:442][614]LogModuleManager: Shutting down and abandoning module ShaderCore (28)
[2018.05.17-02.05.58:443][614]LogModuleManager: Shutting down and abandoning module Landscape (26)
[2018.05.17-02.05.58:443][614]LogModuleManager: Shutting down and abandoning module SlateRHIRenderer (24)
[2018.05.17-02.05.58:463][614]LogModuleManager: Shutting down and abandoning module OpenGLDrv (22)
[2018.05.17-02.05.58:550][614]LogModuleManager: Shutting down and abandoning module D3D11RHI (20)
[2018.05.17-02.05.58:551][614]LogModuleManager: Shutting down and abandoning module AnimGraphRuntime (18)
[2018.05.17-02.05.58:667][614]LogModuleManager: Shutting down and abandoning module Renderer (16)
[2018.05.17-02.05.58:667][614]LogModuleManager: Shutting down and abandoning module Engine (14)
[2018.05.17-02.05.58:667][614]LogModuleManager: Shutting down and abandoning module CoreUObject (12)
[2018.05.17-02.05.58:667][614]LogModuleManager: Shutting down and abandoning module NetworkFile (10)
[2018.05.17-02.05.58:696][614]LogModuleManager: Shutting down and abandoning module CookedIterativeFile (8)
[2018.05.17-02.05.58:696][614]LogModuleManager: Shutting down and abandoning module StreamingFile (6)
[2018.05.17-02.05.58:703][614]LogModuleManager: Shutting down and abandoning module SandboxFile (4)
[2018.05.17-02.05.58:744][614]LogModuleManager: Shutting down and abandoning module PakFile (2)
[2018.05.17-02.05.58:826][614]LogExit: Exiting.
[2018.05.17-02.05.58:899][614]Log file closed, 05/17/18 10:05:58
