Log file open, 05/26/18 16:58:31
LogWindows: Failed to load 'aqProf.dll' (GetLastError=126)
LogWindows: File 'aqProf.dll' does not exist
LogWindows: Failed to load 'VtuneApi.dll' (GetLastError=126)
LogWindows: File 'VtuneApi.dll' does not exist
LogWindows: Failed to load 'VtuneApi32e.dll' (GetLastError=126)
LogWindows: File 'VtuneApi32e.dll' does not exist
LogInit: Display: Running engine for game: FPSProject
LogPlatformFile: Not using cached read wrapper
LogInit: Display: RandInit(-1367695328) SRandInit(-1367695328).
LogInit: Read version file with build ID '3944462'
LogInit: Overriding engine version to CL 4033788, compatible CL 3944462
LogInit: Registered custom module enumerator with build ID '3944462'
LogTaskGraph: Started task graph with 5 named threads and 14 total threads with 3 sets of task threads.
LogStats: Stats thread started at 0.209321
LogD3D11RHI: Aftermath initialized
LogICUInternationalization: Display: ICU TimeZone Detection - Raw Offset: +8:00, Platform Override: ''
LogPluginManager: Mounting plugin Paper2D
LogPluginManager: Mounting plugin LiveLink
LogPluginManager: Mounting plugin LightPropagationVolume
LogPluginManager: Mounting plugin CLionSourceCodeAccess
LogPluginManager: Mounting plugin CodeLiteSourceCodeAccess
LogPluginManager: Mounting plugin GitSourceControl
LogPluginManager: Mounting plugin KDevelopSourceCodeAccess
LogPluginManager: Mounting plugin NullSourceCodeAccess
LogPluginManager: Mounting plugin PerforceSourceControl
LogPluginManager: Mounting plugin SubversionSourceControl
LogPluginManager: Mounting plugin UObjectPlugin
LogPluginManager: Mounting plugin VisualStudioCodeSourceCodeAccess
LogPluginManager: Mounting plugin VisualStudioSourceCodeAccess
LogPluginManager: Mounting plugin XCodeSourceCodeAccess
LogPluginManager: Mounting plugin AssetManagerEditor
LogPluginManager: Mounting plugin CryptoKeys
LogPluginManager: Mounting plugin DataValidation
LogPluginManager: Mounting plugin FacialAnimation
LogPluginManager: Mounting plugin GameplayTagsEditor
LogPluginManager: Mounting plugin MobileLauncherProfileWizard
LogPluginManager: Mounting plugin PluginBrowser
LogPluginManager: Mounting plugin SpeedTreeImporter
LogPluginManager: Mounting plugin DatasmithContent
LogPluginManager: Mounting plugin AlembicImporter
LogPluginManager: Mounting plugin CharacterAI
LogPluginManager: Mounting plugin HTML5Networking
LogPluginManager: Mounting plugin AndroidMedia
LogPluginManager: Mounting plugin AvfMedia
LogPluginManager: Mounting plugin ImgMedia
LogPluginManager: Mounting plugin LinearTimecode
LogPluginManager: Mounting plugin MediaCompositing
LogPluginManager: Mounting plugin MediaPlayerEditor
LogPluginManager: Mounting plugin WmfMedia
LogPluginManager: Mounting plugin TcpMessaging
LogPluginManager: Mounting plugin UdpMessaging
LogPluginManager: Mounting plugin ActorSequence
LogPluginManager: Mounting plugin LevelSequenceEditor
LogPluginManager: Mounting plugin MatineeToLevelSequence
LogPluginManager: Mounting plugin NetcodeUnitTest
LogPluginManager: Mounting plugin NUTUnrealEngine4
LogPluginManager: Mounting plugin OnlineSubsystemGooglePlay
LogPluginManager: Mounting plugin OnlineSubsystemIOS
LogPluginManager: Mounting plugin OnlineSubsystem
LogPluginManager: Mounting plugin OnlineSubsystemNull
LogPluginManager: Mounting plugin OnlineSubsystemUtils
LogPluginManager: Mounting plugin AndroidDeviceProfileSelector
LogPluginManager: Mounting plugin AndroidMoviePlayer
LogPluginManager: Mounting plugin AndroidPermission
LogPluginManager: Mounting plugin AppleARKit
LogPluginManager: Mounting plugin AppleMoviePlayer
LogPluginManager: Mounting plugin ArchVisCharacter
LogPluginManager: Mounting plugin AudioCapture
LogPluginManager: Mounting plugin CableComponent
LogPluginManager: Mounting plugin CustomMeshComponent
LogPluginManager: Mounting plugin ExampleDeviceProfileSelector
LogPluginManager: Mounting plugin GoogleCloudMessaging
LogPluginManager: Mounting plugin ImmediatePhysics
LogPluginManager: Mounting plugin IOSDeviceProfileSelector
LogPluginManager: Mounting plugin LinuxDeviceProfileSelector
LogPluginManager: Mounting plugin LocationServicesBPLibrary
LogPluginManager: Mounting plugin MobilePatchingUtils
LogPluginManager: Mounting plugin OculusVR
LogPluginManager: Plugin shader directory ../../../Engine/Plugins/Runtime/Oculus/OculusVR/Shaders found
LogPluginManager: Mapping shader source directory ../../../Engine/Plugins/Runtime/Oculus/OculusVR/Shaders to virtual directory /Plugin/OculusVR
LogPluginManager: Mounting plugin PhysXVehicles
LogPluginManager: Mounting plugin ProceduralMeshComponent
LogPluginManager: Mounting plugin RuntimePhysXCooking
LogPluginManager: Mounting plugin SteamVR
LogPluginManager: Mounting plugin WindowsMoviePlayer
LogStreaming: Display: Took  0.474s to configure plugins.
LogModuleManager: Display: Found up-to-date module file ../../../../../../Users/User/Documents/GitHub Files/UE4 Crash Course/FPSProject/Binaries/Win64/UE4Editor-FPSProject-4865.dll (API version 3944462).
LogModuleManager: Display: Found up-to-date module file ../../../Engine/Plugins/2D/Paper2D/Binaries/Win64/UE4Editor-Paper2D.dll (API version 3944462).
LogModuleManager: Display: Found up-to-date module file ../../../Engine/Plugins/2D/Paper2D/Binaries/Win64/UE4Editor-Paper2DEditor.dll (API version 3944462).
LogModuleManager: Display: Found up-to-date module file ../../../Engine/Plugins/2D/Paper2D/Binaries/Win64/UE4Editor-PaperSpriteSheetImporter.dll (API version 3944462).
LogModuleManager: Display: Found up-to-date module file ../../../Engine/Plugins/2D/Paper2D/Binaries/Win64/UE4Editor-PaperTiledImporter.dll (API version 3944462).
LogModuleManager: Display: Found up-to-date module file ../../../Engine/Plugins/2D/Paper2D/Binaries/Win64/UE4Editor-SmartSnapping.dll (API version 3944462).
LogModuleManager: Display: Found up-to-date module file ../../../Engine/Plugins/Animation/LiveLink/Binaries/Win64/UE4Editor-LiveLink.dll (API version 3944462).
LogModuleManager: Display: Found up-to-date module file ../../../Engine/Plugins/Animation/LiveLink/Binaries/Win64/UE4Editor-LiveLinkEditor.dll (API version 3944462).
LogModuleManager: Display: Found up-to-date module file ../../../Engine/Plugins/Blendables/LightPropagationVolume/Binaries/Win64/UE4Editor-LightPropagationVolumeRuntime.dll (API version 3944462).
LogModuleManager: Display: Found up-to-date module file ../../../Engine/Plugins/Blendables/LightPropagationVolume/Binaries/Win64/UE4Editor-LightPropagationVolumeEditor.dll (API version 3944462).
LogModuleManager: Display: Found up-to-date module file ../../../Engine/Plugins/Developer/CLionSourceCodeAccess/Binaries/Win64/UE4Editor-CLionSourceCodeAccess.dll (API version 3944462).
LogModuleManager: Display: Found up-to-date module file ../../../Engine/Plugins/Developer/GitSourceControl/Binaries/Win64/UE4Editor-GitSourceControl.dll (API version 3944462).
LogModuleManager: Display: Found up-to-date module file ../../../Engine/Plugins/Developer/PerforceSourceControl/Binaries/Win64/UE4Editor-PerforceSourceControl.dll (API version 3944462).
LogModuleManager: Display: Found up-to-date module file ../../../Engine/Plugins/Developer/SubversionSourceControl/Binaries/Win64/UE4Editor-SubversionSourceControl.dll (API version 3944462).
LogModuleManager: Display: Found up-to-date module file ../../../Engine/Plugins/Developer/UObjectPlugin/Binaries/Win64/UE4Editor-UObjectPlugin.dll (API version 3944462).
LogModuleManager: Display: Found up-to-date module file ../../../Engine/Plugins/Developer/VisualStudioCodeSourceCodeAccess/Binaries/Win64/UE4Editor-VisualStudioCodeSourceCodeAccess.dll (API version 3944462).
LogModuleManager: Display: Found up-to-date module file ../../../Engine/Plugins/Developer/VisualStudioSourceCodeAccess/Binaries/Win64/UE4Editor-VisualStudioSourceCodeAccess.dll (API version 3944462).
LogModuleManager: Display: Found up-to-date module file ../../../Engine/Plugins/Editor/AssetManagerEditor/Binaries/Win64/UE4Editor-AssetManagerEditor.dll (API version 3944462).
LogModuleManager: Display: Found up-to-date module file ../../../Engine/Plugins/Editor/CryptoKeys/Binaries/Win64/UE4Editor-CryptoKeys.dll (API version 3944462).
LogModuleManager: Display: Found up-to-date module file ../../../Engine/Plugins/Editor/CryptoKeys/Binaries/Win64/UE4Editor-CryptoKeysOpenSSL.dll (API version 3944462).
LogModuleManager: Display: Found up-to-date module file ../../../Engine/Plugins/Editor/DataValidation/Binaries/Win64/UE4Editor-DataValidation.dll (API version 3944462).
LogModuleManager: Display: Found up-to-date module file ../../../Engine/Plugins/Editor/FacialAnimation/Binaries/Win64/UE4Editor-FacialAnimation.dll (API version 3944462).
LogModuleManager: Display: Found up-to-date module file ../../../Engine/Plugins/Editor/FacialAnimation/Binaries/Win64/UE4Editor-FacialAnimationEditor.dll (API version 3944462).
LogModuleManager: Display: Found up-to-date module file ../../../Engine/Plugins/Editor/GameplayTagsEditor/Binaries/Win64/UE4Editor-GameplayTagsEditor.dll (API version 3944462).
LogModuleManager: Display: Found up-to-date module file ../../../Engine/Plugins/Editor/MobileLauncherProfileWizard/Binaries/Win64/UE4Editor-MobileLauncherProfileWizard.dll (API version 3944462).
LogModuleManager: Display: Found up-to-date module file ../../../Engine/Plugins/Editor/PluginBrowser/Binaries/Win64/UE4Editor-PluginBrowser.dll (API version 3944462).
LogModuleManager: Display: Found up-to-date module file ../../../Engine/Plugins/Editor/SpeedTreeImporter/Binaries/Win64/UE4Editor-SpeedTreeImporter.dll (API version 3944462).
LogModuleManager: Display: Found up-to-date module file ../../../Engine/Plugins/Enterprise/DatasmithContent/Binaries/Win64/UE4Editor-DatasmithContent.dll (API version 3944462).
LogModuleManager: Display: Found up-to-date module file ../../../Engine/Plugins/Experimental/AlembicImporter/Binaries/Win64/UE4Editor-AlembicImporter.dll (API version 3944462).
LogModuleManager: Display: Found up-to-date module file ../../../Engine/Plugins/Experimental/AlembicImporter/Binaries/Win64/UE4Editor-AlembicLibrary.dll (API version 3944462).
LogModuleManager: Display: Found up-to-date module file ../../../Engine/Plugins/Experimental/CharacterAI/Binaries/Win64/UE4Editor-CharacterAI.dll (API version 3944462).
LogModuleManager: Display: Found up-to-date module file ../../../Engine/Plugins/Experimental/HTML5Networking/Binaries/Win64/UE4Editor-HTML5Networking.dll (API version 3944462).
LogModuleManager: Display: Found up-to-date module file ../../../Engine/Plugins/Media/AndroidMedia/Binaries/Win64/UE4Editor-AndroidMediaEditor.dll (API version 3944462).
LogModuleManager: Display: Found up-to-date module file ../../../Engine/Plugins/Media/AndroidMedia/Binaries/Win64/UE4Editor-AndroidMediaFactory.dll (API version 3944462).
LogModuleManager: Display: Found up-to-date module file ../../../Engine/Plugins/Media/AvfMedia/Binaries/Win64/UE4Editor-AvfMediaEditor.dll (API version 3944462).
LogModuleManager: Display: Found up-to-date module file ../../../Engine/Plugins/Media/AvfMedia/Binaries/Win64/UE4Editor-AvfMediaFactory.dll (API version 3944462).
LogModuleManager: Display: Found up-to-date module file ../../../Engine/Plugins/Media/AvfMedia/Binaries/Win64/UE4Editor-AvfMediaFactory.dll (API version 3944462).
LogModuleManager: Display: Found up-to-date module file ../../../Engine/Plugins/Media/ImgMedia/Binaries/Win64/UE4Editor-ImgMedia.dll (API version 3944462).
LogModuleManager: Display: Found up-to-date module file ../../../Engine/Plugins/Media/ImgMedia/Binaries/Win64/UE4Editor-ImgMediaEditor.dll (API version 3944462).
LogModuleManager: Display: Found up-to-date module file ../../../Engine/Plugins/Media/ImgMedia/Binaries/Win64/UE4Editor-ImgMediaFactory.dll (API version 3944462).
LogModuleManager: Display: Found up-to-date module file ../../../Engine/Plugins/Media/ImgMedia/Binaries/Win64/UE4Editor-ImgMediaFactory.dll (API version 3944462).
LogModuleManager: Display: Found up-to-date module file ../../../Engine/Plugins/Media/ImgMedia/Binaries/Win64/UE4Editor-OpenExrWrapper.dll (API version 3944462).
LogModuleManager: Display: Found up-to-date module file ../../../Engine/Plugins/Media/LinearTimecode/Binaries/Win64/UE4Editor-LinearTimecode.dll (API version 3944462).
LogModuleManager: Display: Found up-to-date module file ../../../Engine/Plugins/Media/MediaCompositing/Binaries/Win64/UE4Editor-MediaCompositing.dll (API version 3944462).
LogModuleManager: Display: Found up-to-date module file ../../../Engine/Plugins/Media/MediaCompositing/Binaries/Win64/UE4Editor-MediaCompositingEditor.dll (API version 3944462).
LogModuleManager: Display: Found up-to-date module file ../../../Engine/Plugins/Media/MediaPlayerEditor/Binaries/Win64/UE4Editor-MediaPlayerEditor.dll (API version 3944462).
LogModuleManager: Display: Found up-to-date module file ../../../Engine/Plugins/Media/WmfMedia/Binaries/Win64/UE4Editor-WmfMedia.dll (API version 3944462).
LogModuleManager: Display: Found up-to-date module file ../../../Engine/Plugins/Media/WmfMedia/Binaries/Win64/UE4Editor-WmfMediaEditor.dll (API version 3944462).
LogModuleManager: Display: Found up-to-date module file ../../../Engine/Plugins/Media/WmfMedia/Binaries/Win64/UE4Editor-WmfMediaFactory.dll (API version 3944462).
LogModuleManager: Display: Found up-to-date module file ../../../Engine/Plugins/Media/WmfMedia/Binaries/Win64/UE4Editor-WmfMediaFactory.dll (API version 3944462).
LogModuleManager: Display: Found up-to-date module file ../../../Engine/Plugins/Messaging/TcpMessaging/Binaries/Win64/UE4Editor-TcpMessaging.dll (API version 3944462).
LogModuleManager: Display: Found up-to-date module file ../../../Engine/Plugins/Messaging/UdpMessaging/Binaries/Win64/UE4Editor-UdpMessaging.dll (API version 3944462).
LogModuleManager: Display: Found up-to-date module file ../../../Engine/Plugins/MovieScene/ActorSequence/Binaries/Win64/UE4Editor-ActorSequence.dll (API version 3944462).
LogModuleManager: Display: Found up-to-date module file ../../../Engine/Plugins/MovieScene/LevelSequenceEditor/Binaries/Win64/UE4Editor-LevelSequenceEditor.dll (API version 3944462).
LogModuleManager: Display: Found up-to-date module file ../../../Engine/Plugins/MovieScene/MatineeToLevelSequence/Binaries/Win64/UE4Editor-MatineeToLevelSequence.dll (API version 3944462).
LogModuleManager: Display: Found up-to-date module file ../../../Engine/Plugins/NetcodeUnitTest/NetcodeUnitTest/Binaries/Win64/UE4Editor-NetcodeUnitTest.dll (API version 3944462).
LogModuleManager: Display: Found up-to-date module file ../../../Engine/Plugins/NetcodeUnitTest/NUTUnrealEngine4/Binaries/Win64/UE4Editor-NUTUnrealEngine4.dll (API version 3944462).
LogModuleManager: Display: Found up-to-date module file ../../../Engine/Plugins/Online/OnlineSubsystem/Binaries/Win64/UE4Editor-OnlineSubsystem.dll (API version 3944462).
LogModuleManager: Display: Found up-to-date module file ../../../Engine/Plugins/Online/OnlineSubsystemNull/Binaries/Win64/UE4Editor-OnlineSubsystemNull.dll (API version 3944462).
LogModuleManager: Display: Found up-to-date module file ../../../Engine/Plugins/Online/OnlineSubsystemUtils/Binaries/Win64/UE4Editor-OnlineSubsystemUtils.dll (API version 3944462).
LogModuleManager: Display: Found up-to-date module file ../../../Engine/Plugins/Online/OnlineSubsystemUtils/Binaries/Win64/UE4Editor-OnlineBlueprintSupport.dll (API version 3944462).
LogModuleManager: Display: Found up-to-date module file ../../../Engine/Plugins/Runtime/AndroidDeviceProfileSelector/Binaries/Win64/UE4Editor-AndroidDeviceProfileSelector.dll (API version 3944462).
LogModuleManager: Display: Found up-to-date module file ../../../Engine/Plugins/Runtime/AndroidPermission/Binaries/Win64/UE4Editor-AndroidPermission.dll (API version 3944462).
LogModuleManager: Display: Found up-to-date module file ../../../Engine/Plugins/Runtime/AppleARKit/Binaries/Win64/UE4Editor-AppleARKit.dll (API version 3944462).
LogModuleManager: Display: Found up-to-date module file ../../../Engine/Plugins/Runtime/ArchVisCharacter/Binaries/Win64/UE4Editor-ArchVisCharacter.dll (API version 3944462).
LogModuleManager: Display: Found up-to-date module file ../../../Engine/Plugins/Runtime/AudioCapture/Binaries/Win64/UE4Editor-AudioCapture.dll (API version 3944462).
LogModuleManager: Display: Found up-to-date module file ../../../Engine/Plugins/Runtime/AudioCapture/Binaries/Win64/UE4Editor-AudioCaptureEditor.dll (API version 3944462).
LogModuleManager: Display: Found up-to-date module file ../../../Engine/Plugins/Runtime/CableComponent/Binaries/Win64/UE4Editor-CableComponent.dll (API version 3944462).
LogModuleManager: Display: Found up-to-date module file ../../../Engine/Plugins/Runtime/CustomMeshComponent/Binaries/Win64/UE4Editor-CustomMeshComponent.dll (API version 3944462).
LogModuleManager: Display: Found up-to-date module file ../../../Engine/Plugins/Runtime/ExampleDeviceProfileSelector/Binaries/Win64/UE4Editor-ExampleDeviceProfileSelector.dll (API version 3944462).
LogModuleManager: Display: Found up-to-date module file ../../../Engine/Plugins/Runtime/ImmediatePhysics/Binaries/Win64/UE4Editor-ImmediatePhysics.dll (API version 3944462).
LogModuleManager: Display: Found up-to-date module file ../../../Engine/Plugins/Runtime/ImmediatePhysics/Binaries/Win64/UE4Editor-ImmediatePhysicsEditor.dll (API version 3944462).
LogModuleManager: Display: Found up-to-date module file ../../../Engine/Plugins/Runtime/LocationServicesBPLibrary/Binaries/Win64/UE4Editor-LocationServicesBPLibrary.dll (API version 3944462).
LogModuleManager: Display: Found up-to-date module file ../../../Engine/Plugins/Runtime/MobilePatchingUtils/Binaries/Win64/UE4Editor-MobilePatchingUtils.dll (API version 3944462).
LogModuleManager: Display: Found up-to-date module file ../../../Engine/Plugins/Runtime/Oculus/OculusVR/Binaries/Win64/UE4Editor-OculusHMD.dll (API version 3944462).
LogModuleManager: Display: Found up-to-date module file ../../../Engine/Plugins/Runtime/Oculus/OculusVR/Binaries/Win64/UE4Editor-OculusInput.dll (API version 3944462).
LogModuleManager: Display: Found up-to-date module file ../../../Engine/Plugins/Runtime/Oculus/OculusVR/Binaries/Win64/UE4Editor-OculusEditor.dll (API version 3944462).
LogModuleManager: Display: Found up-to-date module file ../../../Engine/Plugins/Runtime/PhysXVehicles/Binaries/Win64/UE4Editor-PhysXVehicles.dll (API version 3944462).
LogModuleManager: Display: Found up-to-date module file ../../../Engine/Plugins/Runtime/PhysXVehicles/Binaries/Win64/UE4Editor-PhysXVehiclesEditor.dll (API version 3944462).
LogModuleManager: Display: Found up-to-date module file ../../../Engine/Plugins/Runtime/ProceduralMeshComponent/Binaries/Win64/UE4Editor-ProceduralMeshComponent.dll (API version 3944462).
LogModuleManager: Display: Found up-to-date module file ../../../Engine/Plugins/Runtime/ProceduralMeshComponent/Binaries/Win64/UE4Editor-ProceduralMeshComponentEditor.dll (API version 3944462).
LogModuleManager: Display: Found up-to-date module file ../../../Engine/Plugins/Runtime/RuntimePhysXCooking/Binaries/Win64/UE4Editor-RuntimePhysXCooking.dll (API version 3944462).
LogModuleManager: Display: Found up-to-date module file ../../../Engine/Plugins/Runtime/Steam/SteamVR/Binaries/Win64/UE4Editor-SteamVR.dll (API version 3944462).
LogModuleManager: Display: Found up-to-date module file ../../../Engine/Plugins/Runtime/Steam/SteamVR/Binaries/Win64/UE4Editor-SteamVRController.dll (API version 3944462).
LogModuleManager: Display: Found up-to-date module file ../../../Engine/Plugins/Runtime/WindowsMoviePlayer/Binaries/Win64/UE4Editor-WindowsMoviePlayer.dll (API version 3944462).
LogInit: Using libcurl 7.47.1
LogInit:  - built for x86_64-pc-win32
LogInit:  - supports SSL with OpenSSL/1.0.2g
LogInit:  - supports HTTP deflate (compression) using libz 1.2.8
LogInit:  - other features:
LogInit:      CURL_VERSION_SSL
LogInit:      CURL_VERSION_LIBZ
LogInit:      CURL_VERSION_IPV6
LogInit:      CURL_VERSION_ASYNCHDNS
LogInit:      CURL_VERSION_LARGEFILE
LogInit:      CURL_VERSION_IDN
LogInit:  CurlRequestOptions (configurable via config and command line):
LogInit:  - bVerifyPeer = false  - Libcurl will NOT verify peer certificate
LogInit:  - bUseHttpProxy = false  - Libcurl will NOT use HTTP proxy
LogInit:  - bDontReuseConnections = false  - Libcurl will reuse connections
LogInit:  - CertBundlePath = nullptr  - Libcurl will use whatever was configured at build time.
LogInit:  - MaxHostConnections = 16  - Libcurl will limit the number of connections to a host
LogInit:  - LocalHostAddr = Default
LogInit: WinSock: version 1.1 (2.2), MaxSocks=32767, MaxUdp=65467
LogInit: WinSock: I am Asus (192.168.0.10:0)
LogInit: Build: ++UE4+Release-4.19-CL-4033788
LogInit: Engine Version: 4.19.2-4033788+++UE4+Release-4.19
LogInit: Compatible Engine Version: 4.19.0-3944462+++UE4+Release-4.19
LogInit: Net CL: 3944462
LogDevObjectVersion: Number of dev versions registered: 18
LogDevObjectVersion:   Dev-Blueprints (B0D832E4-1F89-4F0D-ACCF-7EB736FD4AA2): 10
LogDevObjectVersion:   Dev-Build (E1C64328-A22C-4D53-A36C-8E866417BD8C): 0
LogDevObjectVersion:   Dev-Core (375EC13C-06E4-48FB-B500-84F0262A717E): 2
LogDevObjectVersion:   Dev-Editor (E4B068ED-F494-42E9-A231-DA0B2E46BB41): 23
LogDevObjectVersion:   Dev-Framework (CFFC743F-43B0-4480-9391-14DF171D2073): 33
LogDevObjectVersion:   Dev-Mobile (B02B49B5-BB20-44E9-A304-32B752E40360): 2
LogDevObjectVersion:   Dev-Networking (A4E4105C-59A1-49B5-A7C5-40C4547EDFEE): 0
LogDevObjectVersion:   Dev-Online (39C831C9-5AE6-47DC-9A44-9C173E1C8E7C): 0
LogDevObjectVersion:   Dev-Physics (78F01B33-EBEA-4F98-B9B4-84EACCB95AA2): 0
LogDevObjectVersion:   Dev-Platform (6631380F-2D4D-43E0-8009-CF276956A95A): 0
LogDevObjectVersion:   Dev-Rendering (12F88B9F-8875-4AFC-A67C-D90C383ABD29): 25
LogDevObjectVersion:   Dev-Sequencer (7B5AE74C-D270-4C10-A958-57980B212A5A): 6
LogDevObjectVersion:   Dev-VR (D7296918-1DD6-4BDD-9DE2-64A83CC13884): 1
LogDevObjectVersion:   Dev-LoadTimes (C2A15278-BFE7-4AFE-6C17-90FF531DF755): 1
LogDevObjectVersion:   Private-Geometry (6EACA3D4-40EC-4CC1-B786-8BED09428FC5): 2
LogDevObjectVersion:   Dev-AnimPhys (29E575DD-E0A3-4627-9D10-D276232CDCEA): 16
LogDevObjectVersion:   Dev-ReflectionCapture (6B266CEC-1EC7-4B8F-A30B-E4D90942FC07): 1
LogDevObjectVersion:   Dev-Automation (0DF73D61-A23F-47EA-B727-89E90C41499A): 1
LogInit: Compiled (64-bit): Apr 27 2018 02:06:57
LogInit: Compiled with Visual C++: 19.00.24215.01
LogInit: Build Configuration: Development
LogInit: Branch Name: ++UE4+Release-4.19
LogInit: Command Line: 
LogInit: Base Directory: C:/Program Files/Epic Games/UE_4.19/Engine/Binaries/Win64/
LogInit: Installed Engine Build: 1
LogStreaming: Display: Took  0.063s to delete old logs.
LogInit: Presizing for max 8388607 objects, including 0 objects not considered by GC, pre-allocating 0 bytes for permanent pool.
LogInit: Object subsystem initialized
[2018.05.26-08.58.35:165][  0]LogInit: Selected Device Profile: [Windows]
[2018.05.26-08.58.35:165][  0]LogInit: Applying CVar settings loaded from the selected device profile: [Windows]
[2018.05.26-08.58.35:223][  0]LogInit: Computer: ASUS
[2018.05.26-08.58.35:223][  0]LogInit: User: User
[2018.05.26-08.58.35:223][  0]LogInit: CPU Page size=4096, Cores=4
[2018.05.26-08.58.35:223][  0]LogInit: High frequency timer resolution =2.437496 MHz
[2018.05.26-08.58.35:223][  0]LogMemory: Memory total: Physical=7.9GB (8GB approx)
[2018.05.26-08.58.35:223][  0]LogMemory: Platform Memory Stats for Windows
[2018.05.26-08.58.35:223][  0]LogMemory: Process Physical Memory: 276.73 MB used, 276.73 MB peak
[2018.05.26-08.58.35:223][  0]LogMemory: Process Virtual Memory: 270.15 MB used, 270.15 MB peak
[2018.05.26-08.58.35:223][  0]LogMemory: Physical Memory: 4929.48 MB used,  3147.54 MB free, 8077.02 MB total
[2018.05.26-08.58.35:223][  0]LogMemory: Virtual Memory: 4770.64 MB used,  3147.54 MB free, 134217728.00 MB total
[2018.05.26-08.58.35:253][  0]LogInit: Using OS detected language (en-US).
[2018.05.26-08.58.35:254][  0]LogInit: Using OS detected locale (en-US).
[2018.05.26-08.58.35:258][  0]LogTextLocalizationManager: No specific localization for 'en-US' exists, so the 'en' localization will be used.
[2018.05.26-08.58.35:817][  0]LogStreaming: Display: Took  0.563s to EndInitTextLocalization.
[2018.05.26-08.58.35:817][  0]LogInit: Setting process to per monitor DPI aware
[2018.05.26-08.58.36:635][  0]LogSlate: New Slate User Created.  User Index 0, Is Virtual User: 0
[2018.05.26-08.58.36:635][  0]LogSlate: Slate User Registered.  User Index 0, Is Virtual User: 0
[2018.05.26-08.58.36:934][  0]LogD3D11RHI: D3D11 adapters:
[2018.05.26-08.58.37:004][  0]LogD3D11RHI:    0. 'NVIDIA GeForce GTX 1050' (Feature Level 11_0)
[2018.05.26-08.58.37:004][  0]LogD3D11RHI:       4021/0/4038 MB DedicatedVideo/DedicatedSystem/SharedSystem, Outputs:1, VendorId:0x10de
[2018.05.26-08.58.37:013][  0]LogD3D11RHI:    1. 'Intel(R) HD Graphics 630' (Feature Level 11_0)
[2018.05.26-08.58.37:013][  0]LogD3D11RHI:       128/0/4038 MB DedicatedVideo/DedicatedSystem/SharedSystem, Outputs:0, VendorId:0x8086
[2018.05.26-08.58.37:016][  0]LogD3D11RHI:    2. 'Microsoft Basic Render Driver' (Feature Level 11_0)
[2018.05.26-08.58.37:016][  0]LogD3D11RHI:       0/0/4038 MB DedicatedVideo/DedicatedSystem/SharedSystem, Outputs:0, VendorId:0x1414
[2018.05.26-08.58.37:016][  0]LogD3D11RHI: Chosen D3D11 Adapter: 0
[2018.05.26-08.58.37:027][  0]LogD3D11RHI: Creating new Direct3DDevice
[2018.05.26-08.58.37:027][  0]LogD3D11RHI:     GPU DeviceId: 0x1c8d (for the marketing name, search the web for "GPU Device Id")
[2018.05.26-08.58.37:027][  0]LogWindows: EnumDisplayDevices:
[2018.05.26-08.58.37:028][  0]LogWindows:    0. 'Intel(R) HD Graphics 630' (P:1 D:1)
[2018.05.26-08.58.37:028][  0]LogWindows:    1. 'Intel(R) HD Graphics 630' (P:0 D:0)
[2018.05.26-08.58.37:028][  0]LogWindows:    2. 'Intel(R) HD Graphics 630' (P:0 D:0)
[2018.05.26-08.58.37:028][  0]LogWindows: DebugString: GetVideoDriverDetailsInvalid PrimaryIsNotTheChoosenAdapter GetVideoDriverDetailsInvalid PrimaryIsNotTheChoosenAdapter GetVideoDriverDetailsInvalid PrimaryIsNotTheChoosenAdapter FoundDriverCount:0 
[2018.05.26-08.58.37:028][  0]LogD3D11RHI:     Adapter Name: NVIDIA GeForce GTX 1050
[2018.05.26-08.58.37:028][  0]LogD3D11RHI:   Driver Version: Unknown (internal:Unknown, unified:Unknown)
[2018.05.26-08.58.37:028][  0]LogD3D11RHI:      Driver Date: Unknown
[2018.05.26-08.58.37:028][  0]LogRHI: Texture pool is 2814 MB (70% of 4021 MB)
[2018.05.26-08.58.37:080][  0]LogD3D11RHI: [Aftermath] Aftermath enabled and primed
[2018.05.26-08.58.37:080][  0]LogD3D11RHI: [Aftermath] Aftermath enabled and primed
[2018.05.26-08.58.37:080][  0]LogD3D11RHI: Async texture creation enabled
[2018.05.26-08.58.37:100][  0]LogD3D11RHI: GPU Timing Frequency: 1000.000000 (Debug: 2 2)
[2018.05.26-08.58.37:100][  0]LogShaderCompilers: Guid format shader working directory is -34 characters bigger than the processId version (../../../../../../Users/User/Documents/GitHub Files/UE4 Crash Course/FPSProject/Intermediate/Shaders/WorkingDirectory/5884/).
[2018.05.26-08.58.37:100][  0]LogShaderCompilers: Cleaned the shader compiler working directory 'C:/Users/User/AppData/Local/Temp/UnrealShaderWorkingDir/AC1B5B9345D9261588F277A78CBF5565/'.
[2018.05.26-08.58.37:401][  0]LogTemp: Display: Loaded TP AllDesktopTargetPlatform
[2018.05.26-08.58.37:421][  0]LogTemp: Display: Loaded TP MacClientTargetPlatform
[2018.05.26-08.58.37:441][  0]LogTemp: Display: Loaded TP MacNoEditorTargetPlatform
[2018.05.26-08.58.37:460][  0]LogTemp: Display: Loaded TP MacServerTargetPlatform
[2018.05.26-08.58.37:480][  0]LogTemp: Display: Loaded TP MacTargetPlatform
[2018.05.26-08.58.37:499][  0]LogTemp: Display: Loaded TP WindowsClientTargetPlatform
[2018.05.26-08.58.37:519][  0]LogTemp: Display: Loaded TP WindowsNoEditorTargetPlatform
[2018.05.26-08.58.37:539][  0]LogTemp: Display: Loaded TP WindowsServerTargetPlatform
[2018.05.26-08.58.37:550][  0]LogTemp: Display: Loaded TP WindowsTargetPlatform
[2018.05.26-08.58.37:567][  0]LogTemp: Display: Loaded TP Android_ASTCTargetPlatform
[2018.05.26-08.58.37:584][  0]LogTemp: Display: Loaded TP Android_ATCTargetPlatform
[2018.05.26-08.58.37:601][  0]LogTemp: Display: Loaded TP Android_DXTTargetPlatform
[2018.05.26-08.58.37:618][  0]LogTemp: Display: Loaded TP Android_ETC1aTargetPlatform
[2018.05.26-08.58.37:635][  0]LogTemp: Display: Loaded TP Android_ETC1TargetPlatform
[2018.05.26-08.58.37:652][  0]LogTemp: Display: Loaded TP Android_ETC2TargetPlatform
[2018.05.26-08.58.37:687][  0]LogTemp: Display: Loaded TP Android_MultiTargetPlatform
[2018.05.26-08.58.37:687][  0]LogTemp: Display: Loaded TP Android_PVRTCTargetPlatform
[2018.05.26-08.58.37:705][  0]LogTemp: Display: Loaded TP AndroidTargetPlatform
[2018.05.26-08.58.37:707][  0]LogTemp: Display: Loaded TP HTML5TargetPlatform
[2018.05.26-08.58.37:751][  0]LogTemp: Display: Loaded TP IOSTargetPlatform
[2018.05.26-08.58.37:767][  0]LogTemp: Display: Loaded TP TVOSTargetPlatform
[2018.05.26-08.58.37:784][  0]LogTemp: Display: Loaded TP LinuxClientTargetPlatform
[2018.05.26-08.58.37:801][  0]LogTemp: Display: Loaded TP LinuxNoEditorTargetPlatform
[2018.05.26-08.58.37:818][  0]LogTemp: Display: Loaded TP LinuxServerTargetPlatform
[2018.05.26-08.58.37:836][  0]LogTemp: Display: Loaded TP LinuxTargetPlatform
[2018.05.26-08.58.37:836][  0]LogTargetPlatformManager: Display: Building Assets For Windows
[2018.05.26-08.58.38:035][  0]LogXGEController: Cannot use XGE Controller as Incredibuild is not installed on this machine.
[2018.05.26-08.58.38:035][  0]LogShaderCompilers: Cannot use XGE Shader Compiler as Incredibuild is not installed on this machine.
[2018.05.26-08.58.38:035][  0]LogShaderCompilers: Display: Using Local Shader Compiler.
[2018.05.26-08.58.38:966][  0]LogDerivedDataCache: Display: Max Cache Size: 512 MB
[2018.05.26-08.58.39:044][  0]LogDerivedDataCache: Loaded boot cache 0.08s 74MB C:/Users/User/AppData/Local/UnrealEngine/4.19/DerivedDataCache/Boot.ddc.
[2018.05.26-08.58.39:044][  0]LogDerivedDataCache: Display: Loaded Boot cache: C:/Users/User/AppData/Local/UnrealEngine/4.19/DerivedDataCache/Boot.ddc
[2018.05.26-08.58.39:044][  0]LogDerivedDataCache: FDerivedDataBackendGraph:  Pak pak cache file ../../../../../../Users/User/Documents/GitHub Files/UE4 Crash Course/FPSProject/DerivedDataCache/DDC.ddp not found, will not use a pak cache.
[2018.05.26-08.58.39:044][  0]LogDerivedDataCache: Unable to find inner node Pak for hierarchical cache Hierarchy.
[2018.05.26-08.58.39:044][  0]LogDerivedDataCache: FDerivedDataBackendGraph:  CompressedPak pak cache file ../../../../../../Users/User/Documents/GitHub Files/UE4 Crash Course/FPSProject/DerivedDataCache/Compressed.ddp not found, will not use a pak cache.
[2018.05.26-08.58.39:044][  0]LogDerivedDataCache: Unable to find inner node CompressedPak for hierarchical cache Hierarchy.
[2018.05.26-08.58.39:065][  0]LogDerivedDataCache: Display: Pak cache opened for reading ../../../Engine/DerivedDataCache/Compressed.ddp.
[2018.05.26-08.58.39:078][  0]LogDerivedDataCache: Using Local data cache path C:/Users/User/AppData/Local/UnrealEngine/Common/DerivedDataCache: Writable
[2018.05.26-08.58.39:078][  0]LogDerivedDataCache: Shared data cache path not found in *engine.ini, will not use an Shared cache.
[2018.05.26-08.58.39:078][  0]LogDerivedDataCache: Unable to find inner node Shared for hierarchical cache Hierarchy.
[2018.05.26-08.58.39:093][  0]LogMaterial: Verifying Global Shaders for PCD3D_SM5
[2018.05.26-08.58.39:093][  0]LogSlate: Using Freetype 2.6.0
[2018.05.26-08.58.39:094][  0]LogSlate: SlateFontCache - WITH_FREETYPE: 1, WITH_HARFBUZZ: 1
[2018.05.26-08.58.39:094][  0]LogSlate: SlateFontCache - WITH_FREETYPE: 1, WITH_HARFBUZZ: 1
[2018.05.26-08.58.39:293][  0]LogAssetRegistry: FAssetRegistry took 0.0279 seconds to start up
[2018.05.26-08.58.39:696][  0]LogInit: Selected Device Profile: [Windows]
[2018.05.26-08.58.39:915][  0]LogSimplygon: Simplygon DLL not present - disabling.
[2018.05.26-08.58.39:921][  0]LogMeshReduction: Using SimplygonSwarm for distributed automatic mesh merging
[2018.05.26-08.58.39:921][  0]LogMeshReduction: Using QuadricMeshReduction for automatic static mesh reduction
[2018.05.26-08.58.39:921][  0]LogMeshReduction: No automatic skeletal mesh reduction module available
[2018.05.26-08.58.39:921][  0]LogMeshReduction: No automatic mesh merging module available
[2018.05.26-08.58.39:921][  0]LogMeshMerging: No automatic mesh merging module available
[2018.05.26-08.58.39:975][  0]LogNetVersion: FPSProject , NetCL: 3944462, EngineNetVer: 2, GameNetVer: 0 (Checksum: 1223245918)
[2018.05.26-08.58.40:790][  0]LogPackageLocalizationCache: Processed 9 localized package path(s) for 2 prioritized culture(s) in 0.199455 seconds
[2018.05.26-08.58.40:797][  0]LogUObjectArray: 36728 objects as part of root set at end of initial load.
[2018.05.26-08.58.40:797][  0]LogUObjectAllocator: 7314304 out of 0 bytes used by permanent object pool.
[2018.05.26-08.58.40:797][  0]LogUObjectArray: CloseDisregardForGC: 0/0 objects in disregard for GC pool
[2018.05.26-08.58.43:470][  0]LogTcpMessaging: Initializing TcpMessaging bridge
[2018.05.26-08.58.43:518][  0]LogUdpMessaging: Initializing bridge on interface 0.0.0.0:0 to multicast group 230.0.0.1:6666.
[2018.05.26-08.58.44:400][  0]SourceControl: Source control is disabled
[2018.05.26-08.58.46:531][  0]LogAndroidPermission: UAndroidPermissionCallbackProxy::GetInstance
[2018.05.26-08.58.46:805][  0]LogOcInput: OculusInput pre-init called
[2018.05.26-08.58.47:052][  0]LogEngine: Initializing Engine...
[2018.05.26-08.58.47:055][  0]LogHMD: Failed to initialize OpenVR with code 110
[2018.05.26-08.58.47:057][  0]LogStats: UGameplayTagsManager::ConstructGameplayTagTree: Construct from data asset -  0.000 s
[2018.05.26-08.58.47:057][  0]LogStats: UGameplayTagsManager::ConstructGameplayTagTree: GameplayTagTreeChangedEvent.Broadcast -  0.000 s
[2018.05.26-08.58.47:345][  0]LogAIModule: Creating AISystem for world Untitled
[2018.05.26-08.58.47:372][  0]LogInit: XAudio2 using 'Speakers (Realtek High Definition Audio)' : 2 channels at 48 kHz using 32 bits per sample (channel mask 0x3)
[2018.05.26-08.58.47:405][  0]LogInit: FAudioDevice initialized.
[2018.05.26-08.58.47:566][  0]LogDerivedDataCache: Saved boot cache 0.16s 74MB C:/Users/User/AppData/Local/UnrealEngine/4.19/DerivedDataCache/Boot.ddc.
[2018.05.26-08.58.47:578][  0]LogInit: Texture streaming: Enabled
[2018.05.26-08.58.47:614][  0]LogInit: Transaction tracking system initialized
[2018.05.26-08.58.47:655][  0]BlueprintLog: New page: Editor Load
[2018.05.26-08.58.47:789][  0]LocalizationService: Localization service is disabled
[2018.05.26-08.58.47:961][  0]LogUObjectGlobals: Created PersistentFrame Addr=0x0000019cd1a917e0, Size=88, Default__Landscape_Sculpt_Mode_C Function /Engine/Tutorial/Landscape/Landscape_Sculpt_Mode.Landscape_Sculpt_Mode_C:ExecuteUbergraph_Landscape_Sculpt_Mode
[2018.05.26-08.58.47:964][  0]LogUObjectGlobals: Destroyed PersistentFrame Addr=0x0000019cd1a917e0, Size=88
[2018.05.26-08.58.47:964][  0]LogUObjectGlobals: Created PersistentFrame Addr=0x0000019cd1a917e0, Size=88, Default__Landscape_Sculpt_Mode_C Function /Engine/Transient.REINST_Landscape_Sculpt_Mode_C_3:ExecuteUbergraph_Landscape_Sculpt_Mode
[2018.05.26-08.58.47:973][  0]LogUObjectGlobals: Created PersistentFrame Addr=0x0000019cd191b600, Size=80, Default__Landscape_Sculpt_Mode_C Function /Engine/Tutorial/Landscape/Landscape_Sculpt_Mode.Landscape_Sculpt_Mode_C:ExecuteUbergraph_Landscape_Sculpt_Mode
[2018.05.26-08.58.48:060][  0]LogConsoleResponse: Display: 
[2018.05.26-08.58.48:644][  0]LogCook: Display: Max memory allowance for cook 16384mb min free memory 0mb
[2018.05.26-08.58.48:644][  0]LogCook: Display: Mobile HDR setting 1
[2018.05.26-08.58.48:644][  0]LogGameplayTags: Display: UGameplayTagsManager::DoneAddingNativeTags. DelegateIsBound: 0
[2018.05.26-08.58.48:644][  0]LogStats: UGameplayTagsManager::ConstructGameplayTagTree: Construct from data asset -  0.000 s
[2018.05.26-08.58.48:644][  0]LogStats: UGameplayTagsManager::ConstructGameplayTagTree: GameplayTagTreeChangedEvent.Broadcast -  0.000 s
[2018.05.26-08.58.49:086][  0]LogFileCache: Scanning file cache for directory 'C:/Users/User/Documents/GitHub Files/UE4 Crash Course/FPSProject/Content/' took 0.03s
[2018.05.26-08.58.49:299][  0]Cmd: MAP LOAD FILE="../../../../../../Users/User/Documents/GitHub Files/UE4 Crash Course/FPSProject/Content/Maps/FPSMaps.umap" TEMPLATE=0 SHOWPROGRESS=1 FEATURELEVEL=3
[2018.05.26-08.58.49:447][  0]LightingResults: New page: Lighting Build
[2018.05.26-08.58.49:451][  0]MapCheck: New page: Map Check
[2018.05.26-08.58.49:451][  0]LightingResults: New page: Lighting Build
[2018.05.26-08.58.49:467][  0]LogUObjectGlobals: Destroyed PersistentFrame Addr=0x0000019cd1a917e0, Size=88
[2018.05.26-08.58.50:479][  0]LogAIModule: Creating AISystem for world FPSMaps
[2018.05.26-08.58.50:488][  0]LogEditorServer: Finished looking for orphan Actors (0.000 secs)
[2018.05.26-08.58.50:526][  0]Cmd: MAP CHECKDEP NOCLEARLOG
[2018.05.26-08.58.50:636][  0]MapCheck: Map check complete: 0 Error(s), 0 Warning(s), took 109.841ms to complete.
[2018.05.26-08.58.50:636][  0]LogFileHelpers: Loading map 'FPSMaps' took 1.337
[2018.05.26-08.58.51:582][  0]LogCollectionManager: Loaded 0 collections in 0.047225 seconds
[2018.05.26-08.58.51:757][  0]LogFileCache: Scanning file cache for directory 'C:/Users/User/Documents/GitHub Files/UE4 Crash Course/FPSProject/Saved/Collections/' took 0.01s
[2018.05.26-08.58.51:757][  0]LogFileCache: Scanning file cache for directory 'C:/Users/User/Documents/GitHub Files/UE4 Crash Course/FPSProject/Content/Developers/User/Collections/' took 0.01s
[2018.05.26-08.58.51:757][  0]LogFileCache: Scanning file cache for directory 'C:/Users/User/Documents/GitHub Files/UE4 Crash Course/FPSProject/Content/Collections/' took 0.01s
[2018.05.26-08.58.51:757][  0]LogCollectionManager: Rebuilt the GUID cache for 0 collections in 0.000001 seconds
[2018.05.26-08.58.51:769][  0]LogContentBrowser: Native class hierarchy populated in 0.0133 seconds. Added 2454 classes and 560 folders.
[2018.05.26-08.58.51:853][  0]LogContentBrowser: Native class hierarchy updated for 'WidgetCarousel' in 0.0014 seconds. Added 0 classes and 0 folders.
[2018.05.26-08.58.53:248][  0]LogContentBrowser: Native class hierarchy updated for 'AddContentDialog' in 0.0013 seconds. Added 0 classes and 0 folders.
[2018.05.26-08.58.53:317][  0]LogContentBrowser: Native class hierarchy updated for 'SceneOutliner' in 0.0014 seconds. Added 1 classes and 2 folders.
[2018.05.26-08.58.53:637][  0]LogSlate: Took 0.000331 seconds to synchronously load lazily loaded font '../../../Engine/Content/Slate/Fonts/Roboto-Regular.ttf' (155K)
[2018.05.26-08.58.53:645][  0]LogSlate: Took 0.000416 seconds to synchronously load lazily loaded font '../../../Engine/Content/Slate/Fonts/Roboto-Bold.ttf' (160K)
[2018.05.26-08.58.53:690][  0]LogSlate: Took 0.028712 seconds to synchronously load lazily loaded font '../../../Engine/Content/Editor/Slate/Fonts/FontAwesome.ttf' (139K)
[2018.05.26-08.58.53:878][  0]LogRenderer: Reallocating scene render targets to support 1120x576 Format 9 NumSamples 1 (Frame:1).
[2018.05.26-08.58.54:124][  0]LogContentBrowser: Native class hierarchy updated for 'HierarchicalLODOutliner' in 0.0013 seconds. Added 0 classes and 0 folders.
[2018.05.26-08.58.54:124][  0]LogLoad: (Engine Initialization) Total time: 26.59 seconds
[2018.05.26-08.58.54:124][  0]LogLoad: (Engine Initialization) Total Blueprint compile time: 0.00 seconds
[2018.05.26-08.58.54:485][  0]LogContentStreaming: Texture pool size now 800 MB
[2018.05.26-08.58.54:812][  1]LogAssetRegistry: Asset discovery search completed in 15.5411 seconds
[2018.05.26-08.58.55:315][  1]LogCollectionManager: Rebuilt the object cache for 0 collections in 0.000000 seconds (found 0 objects)
[2018.05.26-08.58.55:316][  1]LogCollectionManager: Fixed up redirectors for 0 collections in 0.000082 seconds (updated 0 objects)
[2018.05.26-08.58.59:247][ 13]LogSlate: Took 0.038965 seconds to synchronously load lazily loaded font '../../../Engine/Content/Slate/Fonts/Roboto-Light.ttf' (167K)
[2018.05.26-09.00.17:469][358]LogSlate: FSceneViewport::OnFocusLost() reason 0
[2018.05.26-09.00.17:602][366]LogTemp: Repeating last play command: Selected Viewport
[2018.05.26-09.00.17:651][366]LogPlayLevel: PlayLevel: No blueprints needed recompiling
[2018.05.26-09.00.17:723][366]PIE: New page: PIE session: FPSMaps (May 27, 2018, 1:00:17 AM)
[2018.05.26-09.00.17:723][366]LogPlayLevel: Creating play world package: /Game/Maps/UEDPIE_0_FPSMaps
[2018.05.26-09.00.17:727][366]LogPlayLevel: PIE: StaticDuplicateObject took: (0.003497s)
[2018.05.26-09.00.17:728][366]LogAIModule: Creating AISystem for world FPSMaps
[2018.05.26-09.00.17:728][366]LogPlayLevel: PIE: World Init took: (0.001252s)
[2018.05.26-09.00.17:728][366]LogPlayLevel: PIE: Created PIE world by copying editor world from /Game/Maps/FPSMaps.FPSMaps to /Game/Maps/UEDPIE_0_FPSMaps.FPSMaps (0.004975s)
[2018.05.26-09.00.17:747][366]LogInit: XAudio2 using 'Speakers (Realtek High Definition Audio)' : 2 channels at 48 kHz using 32 bits per sample (channel mask 0x3)
[2018.05.26-09.00.17:777][366]LogInit: FAudioDevice initialized.
[2018.05.26-09.00.18:605][366]LogSkeletalMesh: Skeletal Mesh found in DDC [97.769188ms] /Game/HeroFPP/HeroFPP.HeroFPP
[2018.05.26-09.00.19:152][366]LogSkeletalMesh: Skeletal Mesh found in DDC [171.024277ms] /Game/GenericMale/GenericMale.GenericMale
[2018.05.26-09.00.19:197][366]LogLoad: Game class is 'BP_FPSProjectGameModeBase_C'
[2018.05.26-09.00.19:199][366]LogWorld: Bringing World /Game/Maps/UEDPIE_0_FPSMaps.FPSMaps up for play (max tick rate 60) at 2018.05.26-17.00.19
[2018.05.26-09.00.19:200][366]LogWorld: Bringing up level for play took: 0.000776
[2018.05.26-09.00.19:259][366]LogContentBrowser: Native class hierarchy updated for 'MovieSceneCapture' in 0.0015 seconds. Added 11 classes and 0 folders.
[2018.05.26-09.00.19:501][366]PIE: Play in editor start time for /Game/Maps/UEDPIE_0_FPSMaps 1.495
[2018.05.26-09.04.14:078][464]LogSlate: FSceneViewport::OnFocusLost() reason 2
[2018.05.26-09.09.10:757][617]LogSlate: Only BGRA pngs, bmps or icos are supported in by External Image Picker
[2018.05.26-09.09.11:210][618]LogTemp: Executing iPhonePackager certificates Engine -bundlename com.YourCompany.FPSProject
[2018.05.26-09.09.11:210][618]LogTemp: CWD: C:\Program Files\Epic Games\UE_4.19\Engine\Binaries\DotNET\IOS
[2018.05.26-09.09.11:210][618]LogTemp: Initial Dir: C:\Program Files\Epic Games\UE_4.19
[2018.05.26-09.09.11:210][618]LogTemp: Env CWD: C:\Program Files\Epic Games\UE_4.19\Engine\Binaries\DotNET\IOS
[2018.05.26-09.09.11:210][618]LogTemp: BranchPath = ASUS/C/Program Files/Epic Games/UE_4.19/Engine/Binaries --- GameBranchPath = ASUS/C/Program Files/Epic Games/UE_4.19/Engine/Binaries
[2018.05.26-09.09.11:210][618]LogTemp: IPP ERROR: Could not find provision directory 'C:\Users\User\AppData\Local/Apple Computer/MobileDevice/Provisioning Profiles/'.
[2018.05.26-09.10.58:825][112]LogSlate: Window 'Project Settings' being destroyed
[2018.05.26-09.10.58:831][112]LogSlate: Window 'Project Settings' being destroyed
[2018.05.26-09.11.10:996][780]LogSlate: Took 0.000304 seconds to synchronously load lazily loaded font '../../../Engine/Content/Slate/Fonts/Roboto-Light.ttf' (167K)
[2018.05.26-09.11.11:279][780]LogSlate: Took 0.066165 seconds to synchronously load lazily loaded font '../../../Engine/Content/Slate/Fonts/Roboto-BoldCondensed.ttf' (158K)
[2018.05.26-09.11.27:983][361]Running C:/Program Files/Epic Games/UE_4.19/Engine/Binaries/DotNET/UnrealBuildTool.exe FPSProject Win64 Development -editorrecompile "C:/Users/User/Documents/GitHub Files/UE4 Crash Course/FPSProject/FPSProject.uproject" -invalidatemakefilesonly
[2018.05.26-09.11.30:435][361]Invalidating makefiles only in this run.
[2018.05.26-09.11.32:990][361]Candidate modules for hot reload:
[2018.05.26-09.11.32:990][361]  FPSProject
[2018.05.26-09.11.32:991][361]Launching UnrealBuildTool... [C:/Program Files/Epic Games/UE_4.19/Engine/Binaries/DotNET/UnrealBuildTool.exe FPSProject -ModuleWithSuffix=FPSProject,7419 Win64 Development -editorrecompile -canskiplink "C:/Users/User/Documents/GitHub Files/UE4 Crash Course/FPSProject/FPSProject.uproject" ]
[2018.05.26-09.19.21:648][361]CompilerResultsLog: New page: Compilation - May 27, 2018, 1:19:21 AM
[2018.05.26-09.19.21:699][361]CompilerResultsLog: Performing full C++ include scan (hot reloading a new target)
[2018.05.26-09.19.21:699][361]CompilerResultsLog: Using 'git status' to determine working set for adaptive non-unity build.
[2018.05.26-09.19.21:699][361]CompilerResultsLog: Creating makefile for hot reloading FPSProject (no existing makefile)
[2018.05.26-09.19.21:699][361]CompilerResultsLog: Compiling game modules for hot reload
[2018.05.26-09.19.21:699][361]CompilerResultsLog: Parsing headers for FPSProjectEditor
[2018.05.26-09.19.21:699][361]CompilerResultsLog:   Running UnrealHeaderTool "C:\Users\User\Documents\GitHub Files\UE4 Crash Course\FPSProject\FPSProject.uproject" "C:\Users\User\Documents\GitHub Files\UE4 Crash Course\FPSProject\Intermediate\Build\Win64\FPSProjectEditor\Development\FPSProjectEditor.uhtmanifest" -LogCmds="loginit warning, logexit warning, logdatabase error" -Unattended -WarningsAsErrors -installed
[2018.05.26-09.19.21:699][361]CompilerResultsLog: Reflection code generated for FPSProjectEditor in 55.572423 seconds
[2018.05.26-09.19.21:699][361]CompilerResultsLog: Performing 12 actions (4 in parallel)
[2018.05.26-09.19.21:699][361]CompilerResultsLog: [2/12] Resource PCLaunch.rc
[2018.05.26-09.19.21:699][361]CompilerResultsLog: SharedPCH.Engine.cpp
[2018.05.26-09.19.21:699][361]CompilerResultsLog: FPSProjectGameModeBase.cpp
[2018.05.26-09.19.21:699][361]CompilerResultsLog: FPSProject.cpp
[2018.05.26-09.19.21:699][361]CompilerResultsLog: FPSCharacter.cpp
[2018.05.26-09.19.21:699][361]CompilerResultsLog: FPSProjectile.cpp
[2018.05.26-09.19.21:699][361]CompilerResultsLog: FPSCharacter.gen.cpp
[2018.05.26-09.19.21:699][361]CompilerResultsLog: FPSProject.init.gen.cpp
[2018.05.26-09.19.21:700][361]CompilerResultsLog: FPSProjectGameModeBase.gen.cpp
[2018.05.26-09.19.21:700][361]CompilerResultsLog: FPSProjectile.gen.cpp
[2018.05.26-09.19.21:700][361]CompilerResultsLog: [11/12] Link UE4Editor-FPSProject-7419.dll
[2018.05.26-09.19.21:700][361]CompilerResultsLog: [12/12] Link UE4Editor-FPSProject-7419.lib
[2018.05.26-09.19.21:700][361]CompilerResultsLog:    Creating library C:\Users\User\Documents\GitHub Files\UE4 Crash Course\FPSProject\Intermediate\Build\Win64\UE4Editor\Development\UE4Editor-FPSProject-7419.lib and object C:\Users\User\Documents\GitHub Files\UE4 Crash Course\FPSProject\Intermediate\Build\Win64\UE4Editor\Development\UE4Editor-FPSProject-7419.exp
[2018.05.26-09.19.21:700][361]CompilerResultsLog:    Creating library C:\Users\User\Documents\GitHub Files\UE4 Crash Course\FPSProject\Intermediate\Build\Win64\UE4Editor\Development\UE4Editor-FPSProject-7419.suppressed.lib and object C:\Users\User\Documents\GitHub Files\UE4 Crash Course\FPSProject\Intermediate\Build\Win64\UE4Editor\Development\UE4Editor-FPSProject-7419.suppressed.exp
[2018.05.26-09.19.21:700][361]CompilerResultsLog: Total build time: 468.00 seconds (Local executor: 258.00 seconds)
[2018.05.26-09.19.21:730][361]LogMainFrame: MainFrame: Module compiling took 469.098 seconds
[2018.05.26-09.19.27:742][361]LogClass: Could not find existing class FPSProjectile in package /Script/FPSProject for HotReload, assuming new class
[2018.05.26-09.19.28:428][361]LogContentBrowser: Native class hierarchy updated for 'FPSProject' in 0.0477 seconds. Added 3 classes and 2 folders.
[2018.05.26-09.19.28:476][361]Display: HotReload successful (6 functions remapped  0 scriptstructs remapped)
[2018.05.26-09.19.30:963][361]LogContentBrowser: Native class hierarchy populated in 0.3316 seconds. Added 2456 classes and 562 folders.
[2018.05.26-09.19.31:183][361]Display: HotReload took 479.1s.
[2018.05.26-09.19.31:184][361]Warning: HotReload operation took 479.1s.
[2018.05.26-09.19.56:858][361]LogSlate: Window 'Add C++ Class' being destroyed
[2018.05.26-09.19.57:515][361]LogHotReload: New module detected: UE4Editor-FPSProject-7419.dll
[2018.05.26-09.20.00:031][362]LogHotReload: Starting Hot-Reload from IDE
[2018.05.26-09.20.00:118][362]LogContentBrowser: Native class hierarchy updated for 'FPSProject' in 0.0014 seconds. Added 3 classes and 2 folders.
[2018.05.26-09.20.00:120][362]Display: HotReload successful (0 functions remapped  0 scriptstructs remapped)
[2018.05.26-09.20.00:154][362]LogContentBrowser: Native class hierarchy populated in 0.0135 seconds. Added 2456 classes and 562 folders.
[2018.05.26-09.20.00:279][362]Display: HotReload took  0.2s.
[2018.05.26-10.48.25:365][497]LogHotReload: New module detected: UE4Editor-FPSProject-8708-Win64-DebugGame.dll
[2018.05.26-10.48.30:102][512]LogHotReload: Starting Hot-Reload from IDE
[2018.05.26-10.48.30:478][512]LogContentBrowser: Native class hierarchy updated for 'FPSProject' in 0.0027 seconds. Added 3 classes and 2 folders.
[2018.05.26-10.48.30:480][512]Display: HotReload successful (6 functions remapped  0 scriptstructs remapped)
[2018.05.26-10.48.30:630][512]LogContentBrowser: Native class hierarchy populated in 0.0191 seconds. Added 2456 classes and 562 folders.
[2018.05.26-10.48.30:634][512]Display: HotReload took  0.5s.
[2018.05.26-10.56.10:118][960]LogSlate: Window 'FPSProject - Unreal Editor' being destroyed
[2018.05.26-10.56.11:924][961]Cmd: QUIT_EDITOR
[2018.05.26-10.56.12:696][961]LogWindowsTextInputMethodSystem: Display: IME system now deactivated.
[2018.05.26-10.56.12:944][961]LogSlate: Slate User Destroyed.  User Index 0, Is Virtual User: 0
[2018.05.26-10.56.12:970][961]LogExit: Preparing to exit.
[2018.05.26-10.56.18:483][961]LogDirectoryWatcher: A directory notification for 'C:/Users/User/Documents/GitHub Files/UE4 Crash Course/FPSProject/Content/' was aborted.
[2018.05.26-10.56.19:593][961]LogExit: Editor shut down
[2018.05.26-10.56.20:823][961]LogExit: Transaction tracking system shut down
[2018.05.26-10.56.20:823][961]LogUObjectGlobals: Destroyed PersistentFrame Addr=0x0000019cd191b600, Size=80
[2018.05.26-10.56.21:701][961]LogDirectoryWatcher: A directory notification for '../../../Engine/Content/' was aborted.
[2018.05.26-10.56.21:701][961]LogDirectoryWatcher: A directory notification for '../../../../../../Users/User/Documents/GitHub Files/UE4 Crash Course/FPSProject/Content/' was aborted.
[2018.05.26-10.56.21:701][961]LogDirectoryWatcher: A directory notification for '../../Plugins/2D/Paper2D/Content/' was aborted.
[2018.05.26-10.56.21:701][961]LogDirectoryWatcher: A directory notification for '../../Plugins/Enterprise/DatasmithContent/Content/' was aborted.
[2018.05.26-10.56.21:701][961]LogDirectoryWatcher: A directory notification for '../../Plugins/Media/MediaCompositing/Content/' was aborted.
[2018.05.26-10.56.21:701][961]LogDirectoryWatcher: A directory notification for '../../Plugins/Runtime/AppleARKit/Content/' was aborted.
[2018.05.26-10.56.21:702][961]LogDirectoryWatcher: A directory notification for '../../Plugins/Runtime/Oculus/OculusVR/Content/' was aborted.
[2018.05.26-10.56.21:702][961]LogDirectoryWatcher: A directory notification for '../../Plugins/Runtime/Steam/SteamVR/Content/' was aborted.
[2018.05.26-10.56.23:164][961]LogExit: Object subsystem successfully closed.
[2018.05.26-10.56.23:194][961]LogShaderCompilers: Display: Shaders left to compile 0
[2018.05.26-10.56.23:365][961]LogD3D11RHI: Shutdown
[2018.05.26-10.56.23:365][961]LogD3D11RHI: CleanupD3DDevice
[2018.05.26-10.56.23:559][961]LogD3D11RHI: ~FD3D11DynamicRHI
[2018.05.26-10.56.23:714][961]LogModuleManager: Shutting down and abandoning module FPSProject (579)
[2018.05.26-10.56.23:714][961]LogModuleManager: Shutting down and abandoning module ExternalImagePicker (576)
[2018.05.26-10.56.23:714][961]LogModuleManager: Shutting down and abandoning module MovieSceneCapture (574)
[2018.05.26-10.56.23:748][961]LogModuleManager: Shutting down and abandoning module HierarchicalLODOutliner (572)
[2018.05.26-10.56.23:748][961]LogModuleManager: Shutting down and abandoning module DesktopPlatform (570)
[2018.05.26-10.56.23:748][961]LogModuleManager: Shutting down and abandoning module SceneOutliner (568)
[2018.05.26-10.56.23:761][961]LogModuleManager: Shutting down and abandoning module AddContentDialog (566)
[2018.05.26-10.56.23:884][961]LogDirectoryWatcher: A directory notification for 'C:/Program Files/Epic Games/UE_4.19/FeaturePacks/' was aborted.
[2018.05.26-10.56.24:353][961]LogModuleManager: Shutting down and abandoning module WidgetCarousel (565)
[2018.05.26-10.56.24:353][961]LogModuleManager: Shutting down and abandoning module EditorWidgets (562)
[2018.05.26-10.56.24:353][961]LogModuleManager: Shutting down and abandoning module CollectionManager (560)
[2018.05.26-10.56.24:353][961]LogDirectoryWatcher: A directory notification for 'C:/Users/User/Documents/GitHub Files/UE4 Crash Course/FPSProject/Content/Collections/' was aborted.
[2018.05.26-10.56.24:353][961]LogDirectoryWatcher: A directory notification for 'C:/Users/User/Documents/GitHub Files/UE4 Crash Course/FPSProject/Content/Developers/User/Collections/' was aborted.
[2018.05.26-10.56.24:353][961]LogDirectoryWatcher: A directory notification for 'C:/Users/User/Documents/GitHub Files/UE4 Crash Course/FPSProject/Saved/Collections/' was aborted.
[2018.05.26-10.56.24:353][961]LogModuleManager: Shutting down and abandoning module LauncherPlatform (558)
[2018.05.26-10.56.24:353][961]LogModuleManager: Shutting down and abandoning module StatsViewer (556)
[2018.05.26-10.56.24:353][961]LogModuleManager: Shutting down and abandoning module FoliageEdit (554)
[2018.05.26-10.56.24:353][961]LogModuleManager: Shutting down and abandoning module LandscapeEditor (552)
[2018.05.26-10.56.24:354][961]LogModuleManager: Shutting down and abandoning module MeshPaintMode (550)
[2018.05.26-10.56.24:354][961]LogModuleManager: Shutting down and abandoning module SceneDepthPickerMode (548)
[2018.05.26-10.56.24:354][961]LogModuleManager: Shutting down and abandoning module ActorPickerMode (546)
[2018.05.26-10.56.24:354][961]LogModuleManager: Shutting down and abandoning module GeometryMode (544)
[2018.05.26-10.56.24:354][961]LogModuleManager: Shutting down and abandoning module TextureAlignMode (542)
[2018.05.26-10.56.24:354][961]LogModuleManager: Shutting down and abandoning module BspMode (540)
[2018.05.26-10.56.24:354][961]LogModuleManager: Shutting down and abandoning module PIEPreviewDeviceProfileSelector (538)
[2018.05.26-10.56.24:354][961]LogModuleManager: Shutting down and abandoning module SequenceRecorderSections (536)
[2018.05.26-10.56.24:354][961]LogModuleManager: Shutting down and abandoning module AutomationWorker (534)
[2018.05.26-10.56.24:354][961]LogModuleManager: Shutting down and abandoning module AudioCaptureEditor (532)
[2018.05.26-10.56.24:354][961]LogModuleManager: Shutting down and abandoning module SequenceRecorder (531)
[2018.05.26-10.56.24:354][961]LogModuleManager: Shutting down and abandoning module MatineeToLevelSequence (528)
[2018.05.26-10.56.24:354][961]LogModuleManager: Shutting down and abandoning module LevelSequenceEditor (526)
[2018.05.26-10.56.24:354][961]LogModuleManager: Shutting down and abandoning module PlacementMode (525)
[2018.05.26-10.56.24:354][961]LogModuleManager: Shutting down and abandoning module MaterialEditor (524)
[2018.05.26-10.56.24:354][961]LogModuleManager: Shutting down and abandoning module WmfMediaFactory (520)
[2018.05.26-10.56.24:354][961]LogModuleManager: Shutting down and abandoning module WmfMediaEditor (518)
[2018.05.26-10.56.24:354][961]LogModuleManager: Shutting down and abandoning module MediaPlayerEditor (516)
[2018.05.26-10.56.24:354][961]LogModuleManager: Shutting down and abandoning module OpenExrWrapper (514)
[2018.05.26-10.56.24:354][961]LogModuleManager: Shutting down and abandoning module ImgMediaFactory (512)
[2018.05.26-10.56.24:354][961]LogModuleManager: Shutting down and abandoning module ImgMediaEditor (510)
[2018.05.26-10.56.24:355][961]LogModuleManager: Shutting down and abandoning module AvfMediaFactory (508)
[2018.05.26-10.56.24:355][961]LogModuleManager: Shutting down and abandoning module AvfMediaEditor (506)
[2018.05.26-10.56.24:355][961]LogModuleManager: Shutting down and abandoning module AndroidMediaFactory (504)
[2018.05.26-10.56.24:355][961]LogModuleManager: Shutting down and abandoning module AndroidMediaEditor (502)
[2018.05.26-10.56.24:355][961]LogModuleManager: Shutting down and abandoning module CharacterAI (500)
[2018.05.26-10.56.24:355][961]LogModuleManager: Shutting down and abandoning module SmartSnapping (498)
[2018.05.26-10.56.24:355][961]LogModuleManager: Shutting down and abandoning module SessionServices (496)
[2018.05.26-10.56.24:355][961]LogModuleManager: Shutting down and abandoning module ViewportSnapping (494)
[2018.05.26-10.56.24:355][961]LogModuleManager: Shutting down and abandoning module ViewportInteraction (492)
[2018.05.26-10.56.24:355][961]LogModuleManager: Shutting down and abandoning module ClothPainter (490)
[2018.05.26-10.56.24:355][961]LogModuleManager: Shutting down and abandoning module SkeletalMeshEditor (489)
[2018.05.26-10.56.24:355][961]LogModuleManager: Shutting down and abandoning module LogVisualizer (486)
[2018.05.26-10.56.24:355][961]LogModuleManager: Shutting down and abandoning module IntroTutorials (484)
[2018.05.26-10.56.24:386][961]LogModuleManager: Shutting down and abandoning module GameProjectGeneration (483)
[2018.05.26-10.56.24:386][961]LogModuleManager: Shutting down and abandoning module IOSPlatformEditor (480)
[2018.05.26-10.56.24:386][961]LogModuleManager: Shutting down and abandoning module HTML5PlatformEditor (478)
[2018.05.26-10.56.24:386][961]LogModuleManager: Shutting down and abandoning module AndroidPlatformEditor (476)
[2018.05.26-10.56.24:386][961]LogModuleManager: Shutting down and abandoning module AndroidDeviceDetection (475)
[2018.05.26-10.56.24:850][961]LogModuleManager: Shutting down and abandoning module WindowsPlatformEditor (472)
[2018.05.26-10.56.24:851][961]LogModuleManager: Shutting down and abandoning module IOSRuntimeSettings (470)
[2018.05.26-10.56.24:851][961]LogModuleManager: Shutting down and abandoning module AndroidRuntimeSettings (468)
[2018.05.26-10.56.24:851][961]LogModuleManager: Shutting down and abandoning module InputBindingEditor (466)
[2018.05.26-10.56.24:851][961]LogModuleManager: Shutting down and abandoning module MergeActors (464)
[2018.05.26-10.56.24:851][961]LogModuleManager: Shutting down and abandoning module LocalizationDashboard (462)
[2018.05.26-10.56.24:851][961]LogModuleManager: Shutting down and abandoning module LocalizationService (461)
[2018.05.26-10.56.24:851][961]LogModuleManager: Shutting down and abandoning module HardwareTargeting (458)
[2018.05.26-10.56.24:851][961]LogModuleManager: Shutting down and abandoning module DeviceProfileEditor (456)
[2018.05.26-10.56.24:851][961]LogModuleManager: Shutting down and abandoning module UndoHistory (454)
[2018.05.26-10.56.24:851][961]LogModuleManager: Shutting down and abandoning module XmlParser (452)
[2018.05.26-10.56.24:851][961]LogModuleManager: Shutting down and abandoning module Blutility (450)
[2018.05.26-10.56.24:851][961]LogModuleManager: Shutting down and abandoning module ProjectSettingsViewer (448)
[2018.05.26-10.56.24:851][961]LogModuleManager: Shutting down and abandoning module ProjectTargetPlatformEditor (447)
[2018.05.26-10.56.24:852][961]LogModuleManager: Shutting down and abandoning module EditorSettingsViewer (444)
[2018.05.26-10.56.24:852][961]LogModuleManager: Shutting down and abandoning module SettingsEditor (442)
[2018.05.26-10.56.24:852][961]LogModuleManager: Shutting down and abandoning module ProjectLauncher (440)
[2018.05.26-10.56.24:852][961]LogModuleManager: Shutting down and abandoning module SessionFrontend (438)
[2018.05.26-10.56.24:853][961]LogModuleManager: Shutting down and abandoning module ProfilerClient (436)
[2018.05.26-10.56.24:853][961]LogModuleManager: Shutting down and abandoning module DeviceManager (434)
[2018.05.26-10.56.24:853][961]LogModuleManager: Shutting down and abandoning module TargetDeviceServices (433)
[2018.05.26-10.56.24:953][961]LogModuleManager: Shutting down and abandoning module AutomationController (430)
[2018.05.26-10.56.24:953][961]LogModuleManager: Shutting down and abandoning module AutomationWindow (428)
[2018.05.26-10.56.24:953][961]LogModuleManager: Shutting down and abandoning module Layers (426)
[2018.05.26-10.56.24:953][961]LogModuleManager: Shutting down and abandoning module ComponentVisualizers (424)
[2018.05.26-10.56.24:953][961]LogModuleManager: Shutting down and abandoning module DetailCustomizations (422)
[2018.05.26-10.56.24:953][961]LogModuleManager: Shutting down and abandoning module PackagesDialog (420)
[2018.05.26-10.56.24:953][961]LogModuleManager: Shutting down and abandoning module Persona (418)
[2018.05.26-10.56.24:954][961]LogModuleManager: Shutting down and abandoning module AdvancedPreviewScene (417)
[2018.05.26-10.56.24:954][961]LogModuleManager: Shutting down and abandoning module AnimGraph (415)
[2018.05.26-10.56.24:954][961]LogModuleManager: Shutting down and abandoning module Kismet (412)
[2018.05.26-10.56.24:954][961]LogModuleManager: Shutting down and abandoning module GraphEditor (410)
[2018.05.26-10.56.24:955][961]LogModuleManager: Shutting down and abandoning module ClassViewer (408)
[2018.05.26-10.56.24:960][961]LogModuleManager: Shutting down and abandoning module Toolbox (406)
[2018.05.26-10.56.24:960][961]LogModuleManager: Shutting down and abandoning module ModuleUI (404)
[2018.05.26-10.56.24:960][961]LogModuleManager: Shutting down and abandoning module MovieSceneTools (402)
[2018.05.26-10.56.24:960][961]LogModuleManager: Shutting down and abandoning module OutputLog (400)
[2018.05.26-10.56.24:960][961]LogModuleManager: Shutting down and abandoning module GammaUI (398)
[2018.05.26-10.56.24:960][961]LogModuleManager: Shutting down and abandoning module Documentation (396)
[2018.05.26-10.56.24:961][961]LogModuleManager: Shutting down and abandoning module MovieSceneTracks (394)
[2018.05.26-10.56.24:961][961]LogModuleManager: Shutting down and abandoning module MovieScene (392)
[2018.05.26-10.56.24:961][961]LogModuleManager: Shutting down and abandoning module StreamingPauseRendering (390)
[2018.05.26-10.56.24:962][961]LogModuleManager: Shutting down and abandoning module PortalServices (388)
[2018.05.26-10.56.24:962][961]LogModuleManager: Shutting down and abandoning module PortalRpc (386)
[2018.05.26-10.56.24:962][961]LogModuleManager: Shutting down and abandoning module MessagingRpc (384)
[2018.05.26-10.56.24:962][961]LogModuleManager: Shutting down and abandoning module AIModule (382)
[2018.05.26-10.56.24:962][961]LogModuleManager: Shutting down and abandoning module GameplayDebugger (381)
[2018.05.26-10.56.24:962][961]LogModuleManager: Shutting down and abandoning module AITestSuite (379)
[2018.05.26-10.56.24:962][961]LogModuleManager: Shutting down and abandoning module ProfilerService (376)
[2018.05.26-10.56.25:191][961]LogModuleManager: Shutting down and abandoning module TaskGraph (374)
[2018.05.26-10.56.25:191][961]LogModuleManager: Shutting down and abandoning module SteamVRController (372)
[2018.05.26-10.56.25:192][961]LogModuleManager: Shutting down and abandoning module ProceduralMeshComponentEditor (370)
[2018.05.26-10.56.25:192][961]LogModuleManager: Shutting down and abandoning module ProceduralMeshComponent (368)
[2018.05.26-10.56.25:192][961]LogModuleManager: Shutting down and abandoning module OculusInput (366)
[2018.05.26-10.56.25:192][961]LogModuleManager: Shutting down and abandoning module MobilePatchingUtils (364)
[2018.05.26-10.56.25:192][961]LogModuleManager: Shutting down and abandoning module CustomMeshComponent (362)
[2018.05.26-10.56.25:192][961]LogModuleManager: Shutting down and abandoning module CableComponent (360)
[2018.05.26-10.56.25:192][961]LogModuleManager: Shutting down and abandoning module AudioCapture (358)
[2018.05.26-10.56.25:192][961]LogModuleManager: Shutting down and abandoning module ArchVisCharacter (356)
[2018.05.26-10.56.25:192][961]LogModuleManager: Shutting down and abandoning module AndroidPermission (354)
[2018.05.26-10.56.25:192][961]LogModuleManager: Shutting down and abandoning module NUTUnrealEngine4 (350)
[2018.05.26-10.56.25:192][961]LogModuleManager: Shutting down and abandoning module NetcodeUnitTest (348)
[2018.05.26-10.56.25:192][961]LogModuleManager: Shutting down and abandoning module MediaCompositingEditor (346)
[2018.05.26-10.56.25:192][961]LogModuleManager: Shutting down and abandoning module MediaCompositing (344)
[2018.05.26-10.56.25:192][961]LogModuleManager: Shutting down and abandoning module LinearTimecode (342)
[2018.05.26-10.56.25:192][961]LogModuleManager: Shutting down and abandoning module ImgMedia (340)
[2018.05.26-10.56.25:196][961]LogModuleManager: Shutting down and abandoning module HTML5Networking (338)
[2018.05.26-10.56.25:197][961]LogModuleManager: Shutting down and abandoning module AlembicImporter (336)
[2018.05.26-10.56.25:197][961]LogModuleManager: Shutting down and abandoning module AlembicLibrary (335)
[2018.05.26-10.56.25:197][961]LogModuleManager: Shutting down and abandoning module GeometryCache (334)
[2018.05.26-10.56.25:197][961]LogModuleManager: Shutting down and abandoning module GeometryCacheEd (333)
[2018.05.26-10.56.25:197][961]LogModuleManager: Shutting down and abandoning module DatasmithContent (328)
[2018.05.26-10.56.25:197][961]LogModuleManager: Shutting down and abandoning module SpeedTreeImporter (326)
[2018.05.26-10.56.25:197][961]LogModuleManager: Shutting down and abandoning module PluginBrowser (324)
[2018.05.26-10.56.25:197][961]LogModuleManager: Shutting down and abandoning module MobileLauncherProfileWizard (322)
[2018.05.26-10.56.25:197][961]LogModuleManager: Shutting down and abandoning module CryptoKeysOpenSSL (320)
[2018.05.26-10.56.25:197][961]LogModuleManager: Shutting down and abandoning module CryptoKeys (318)
[2018.05.26-10.56.25:197][961]LogModuleManager: Shutting down and abandoning module VisualStudioSourceCodeAccess (316)
[2018.05.26-10.56.25:197][961]LogModuleManager: Shutting down and abandoning module VisualStudioCodeSourceCodeAccess (314)
[2018.05.26-10.56.25:197][961]LogModuleManager: Shutting down and abandoning module UObjectPlugin (312)
[2018.05.26-10.56.25:197][961]LogModuleManager: Shutting down and abandoning module SubversionSourceControl (310)
[2018.05.26-10.56.25:197][961]LogModuleManager: Shutting down and abandoning module PerforceSourceControl (308)
[2018.05.26-10.56.25:197][961]LogModuleManager: Shutting down and abandoning module GitSourceControl (306)
[2018.05.26-10.56.25:198][961]LogModuleManager: Shutting down and abandoning module SourceControl (305)
[2018.05.26-10.56.25:198][961]LogModuleManager: Shutting down and abandoning module CLionSourceCodeAccess (302)
[2018.05.26-10.56.25:198][961]LogModuleManager: Shutting down and abandoning module LightPropagationVolumeEditor (300)
[2018.05.26-10.56.25:198][961]LogModuleManager: Shutting down and abandoning module PaperTiledImporter (298)
[2018.05.26-10.56.25:198][961]LogModuleManager: Shutting down and abandoning module PaperSpriteSheetImporter (296)
[2018.05.26-10.56.25:198][961]LogModuleManager: Shutting down and abandoning module Paper2DEditor (294)
[2018.05.26-10.56.25:198][961]LogModuleManager: Shutting down and abandoning module MeshPaint (293)
[2018.05.26-10.56.25:198][961]LogModuleManager: Shutting down and abandoning module RuntimePhysXCooking (288)
[2018.05.26-10.56.25:198][961]LogModuleManager: Shutting down and abandoning module PhysXVehiclesEditor (286)
[2018.05.26-10.56.25:198][961]LogModuleManager: Shutting down and abandoning module PhysXVehicles (284)
[2018.05.26-10.56.25:198][961]LogModuleManager: Shutting down and abandoning module OculusEditor (282)
[2018.05.26-10.56.25:198][961]LogModuleManager: Shutting down and abandoning module LocationServicesBPLibrary (280)
[2018.05.26-10.56.25:198][961]LogModuleManager: Shutting down and abandoning module ImmediatePhysicsEditor (278)
[2018.05.26-10.56.25:198][961]LogModuleManager: Shutting down and abandoning module ImmediatePhysics (276)
[2018.05.26-10.56.25:198][961]LogModuleManager: Shutting down and abandoning module ActorSequence (274)
[2018.05.26-10.56.25:198][961]LogModuleManager: Shutting down and abandoning module UdpMessaging (272)
[2018.05.26-10.56.25:299][961]LogModuleManager: Shutting down and abandoning module TcpMessaging (270)
[2018.05.26-10.56.25:400][961]LogModuleManager: Shutting down and abandoning module GameplayTagsEditor (268)
[2018.05.26-10.56.25:400][961]LogModuleManager: Shutting down and abandoning module FacialAnimationEditor (266)
[2018.05.26-10.56.25:400][961]LogModuleManager: Shutting down and abandoning module FacialAnimation (264)
[2018.05.26-10.56.25:400][961]LogModuleManager: Shutting down and abandoning module DataValidation (262)
[2018.05.26-10.56.25:400][961]LogModuleManager: Shutting down and abandoning module AssetManagerEditor (260)
[2018.05.26-10.56.25:400][961]LogModuleManager: Shutting down and abandoning module LevelEditor (259)
[2018.05.26-10.56.25:402][961]LogModuleManager: Shutting down and abandoning module PixelInspectorModule (258)
[2018.05.26-10.56.25:403][961]LogModuleManager: Shutting down and abandoning module CommonMenuExtensions (256)
[2018.05.26-10.56.25:403][961]LogModuleManager: Shutting down and abandoning module MainFrame (254)
[2018.05.26-10.56.25:403][961]LogModuleManager: Shutting down and abandoning module HotReload (253)
[2018.05.26-10.56.25:403][961]LogDirectoryWatcher: A directory notification for 'C:/Users/User/Documents/GitHub Files/UE4 Crash Course/FPSProject/Binaries/Win64' was aborted.
[2018.05.26-10.56.25:404][961]LogModuleManager: Shutting down and abandoning module ContentBrowser (249)
[2018.05.26-10.56.25:405][961]LogModuleManager: Shutting down and abandoning module TreeMap (247)
[2018.05.26-10.56.25:405][961]LogModuleManager: Shutting down and abandoning module LightPropagationVolumeRuntime (244)
[2018.05.26-10.56.25:405][961]LogModuleManager: Shutting down and abandoning module LiveLinkEditor (242)
[2018.05.26-10.56.25:405][961]LogModuleManager: Shutting down and abandoning module LiveLink (240)
[2018.05.26-10.56.25:859][961]LogModuleManager: Shutting down and abandoning module Paper2D (238)
[2018.05.26-10.56.25:859][961]LogModuleManager: Shutting down and abandoning module WindowsMoviePlayer (236)
[2018.05.26-10.56.25:860][961]LogModuleManager: Shutting down and abandoning module WmfMedia (234)
[2018.05.26-10.56.25:861][961]LogModuleManager: Shutting down and abandoning module Media (233)
[2018.05.26-10.56.25:868][961]LogModuleManager: Shutting down and abandoning module PacketHandler (230)
[2018.05.26-10.56.25:868][961]LogModuleManager: Shutting down and abandoning module ClothingSystemEditor (228)
[2018.05.26-10.56.25:868][961]LogModuleManager: Shutting down and abandoning module ClothingSystemRuntime (226)
[2018.05.26-10.56.25:868][961]LogModuleManager: Shutting down and abandoning module MediaAssets (224)
[2018.05.26-10.56.25:869][961]LogModuleManager: Shutting down and abandoning module Overlay (222)
[2018.05.26-10.56.25:869][961]LogModuleManager: Shutting down and abandoning module OverlayEditor (221)
[2018.05.26-10.56.25:869][961]LogModuleManager: Shutting down and abandoning module VREditor (218)
[2018.05.26-10.56.25:869][961]LogModuleManager: Shutting down and abandoning module StringTableEditor (216)
[2018.05.26-10.56.25:869][961]LogModuleManager: Shutting down and abandoning module GameplayTasksEditor (214)
[2018.05.26-10.56.25:869][961]LogModuleManager: Shutting down and abandoning module BehaviorTreeEditor (212)
[2018.05.26-10.56.25:869][961]LogModuleManager: Shutting down and abandoning module FunctionalTesting (210)
[2018.05.26-10.56.25:869][961]LogModuleManager: Shutting down and abandoning module CollisionAnalyzer (208)
[2018.05.26-10.56.25:869][961]LogModuleManager: Shutting down and abandoning module WorkspaceMenuStructure (207)
[2018.05.26-10.56.25:869][961]LogModuleManager: Shutting down and abandoning module UMG (204)
[2018.05.26-10.56.25:869][961]LogModuleManager: Shutting down and abandoning module UMGEditor (203)
[2018.05.26-10.56.25:869][961]LogModuleManager: Shutting down and abandoning module Sequencer (202)
[2018.05.26-10.56.25:869][961]LogModuleManager: Shutting down and abandoning module MessageLog (199)
[2018.05.26-10.56.25:869][961]LogModuleManager: Shutting down and abandoning module SlateReflector (194)
[2018.05.26-10.56.25:869][961]LogModuleManager: Shutting down and abandoning module Slate (192)
[2018.05.26-10.56.25:869][961]LogModuleManager: Shutting down and abandoning module EditorStyle (190)
[2018.05.26-10.56.25:873][961]LogModuleManager: Shutting down and abandoning module MRMesh (188)
[2018.05.26-10.56.25:873][961]LogModuleManager: Shutting down and abandoning module SourceCodeAccess (186)
[2018.05.26-10.56.25:873][961]LogModuleManager: Shutting down and abandoning module HeadMountedDisplay (184)
[2018.05.26-10.56.25:873][961]LogModuleManager: Shutting down and abandoning module XAudio2 (182)
[2018.05.26-10.56.25:873][961]LogModuleManager: Shutting down and abandoning module Networking (180)
[2018.05.26-10.56.25:873][961]LogModuleManager: Shutting down and abandoning module Core (178)
[2018.05.26-10.56.25:873][961]LogModuleManager: Shutting down and abandoning module LevelSequence (176)
[2018.05.26-10.56.25:873][961]LogModuleManager: Shutting down and abandoning module KismetCompiler (174)
[2018.05.26-10.56.25:873][961]LogModuleManager: Shutting down and abandoning module MeshUtilities (172)
[2018.05.26-10.56.25:873][961]LogModuleManager: Shutting down and abandoning module MeshMergeUtilities (171)
[2018.05.26-10.56.25:873][961]LogModuleManager: Shutting down and abandoning module MeshReductionInterface (170)
[2018.05.26-10.56.25:873][961]LogModuleManager: Shutting down and abandoning module SimplygonSwarm (169)
[2018.05.26-10.56.25:873][961]LogModuleManager: Shutting down and abandoning module SimplygonMeshReduction (167)
[2018.05.26-10.56.25:874][961]LogModuleManager: Shutting down and abandoning module QuadricMeshReduction (165)
[2018.05.26-10.56.25:874][961]LogModuleManager: Shutting down and abandoning module MaterialBaking (161)
[2018.05.26-10.56.25:874][961]LogModuleManager: Shutting down and abandoning module DirectoryWatcher (157)
[2018.05.26-10.56.25:886][961]LogModuleManager: Shutting down and abandoning module DerivedDataCache (154)
[2018.05.26-10.56.25:921][961]LogDerivedDataCache: Shutdown
[2018.05.26-10.56.25:921][961]LogModuleManager: Shutting down and abandoning module XGEController (152)
[2018.05.26-10.56.25:921][961]LogModuleManager: Shutting down and abandoning module TargetPlatform (150)
[2018.05.26-10.56.25:921][961]LogModuleManager: Shutting down and abandoning module VulkanShaderFormat (149)
[2018.05.26-10.56.25:921][961]LogModuleManager: Shutting down and abandoning module ShaderFormatVectorVM (147)
[2018.05.26-10.56.25:921][961]LogModuleManager: Shutting down and abandoning module ShaderFormatOpenGL (145)
[2018.05.26-10.56.25:922][961]LogModuleManager: Shutting down and abandoning module ShaderFormatD3D (143)
[2018.05.26-10.56.25:923][961]LogModuleManager: Shutting down and abandoning module MetalShaderFormat (141)
[2018.05.26-10.56.25:923][961]LogModuleManager: Shutting down and abandoning module TextureFormatUncompressed (139)
[2018.05.26-10.56.25:923][961]LogModuleManager: Shutting down and abandoning module TextureFormatPVR (137)
[2018.05.26-10.56.25:923][961]LogModuleManager: Shutting down and abandoning module TextureFormatDXT (135)
[2018.05.26-10.56.25:923][961]LogModuleManager: Shutting down and abandoning module TextureFormatIntelISPCTexComp (133)
[2018.05.26-10.56.25:923][961]LogModuleManager: Shutting down and abandoning module TextureFormatASTC (131)
[2018.05.26-10.56.25:923][961]LogModuleManager: Shutting down and abandoning module ImageWrapper (130)
[2018.05.26-10.56.25:923][961]LogModuleManager: Shutting down and abandoning module TextureFormatAndroid (127)
[2018.05.26-10.56.25:923][961]LogModuleManager: Shutting down and abandoning module AudioFormatOpus (125)
[2018.05.26-10.56.25:923][961]LogModuleManager: Shutting down and abandoning module AudioFormatOgg (123)
[2018.05.26-10.56.25:924][961]LogModuleManager: Shutting down and abandoning module AudioFormatADPCM (121)
[2018.05.26-10.56.25:924][961]LogModuleManager: Shutting down and abandoning module LinuxTargetPlatform (119)
[2018.05.26-10.56.25:924][961]LogModuleManager: Shutting down and abandoning module LinuxServerTargetPlatform (117)
[2018.05.26-10.56.25:924][961]LogModuleManager: Shutting down and abandoning module LinuxNoEditorTargetPlatform (115)
[2018.05.26-10.56.25:924][961]LogModuleManager: Shutting down and abandoning module LinuxClientTargetPlatform (113)
[2018.05.26-10.56.25:924][961]LogModuleManager: Shutting down and abandoning module TVOSTargetPlatform (111)
[2018.05.26-10.56.25:924][961]LogModuleManager: Shutting down and abandoning module Messaging (109)
[2018.05.26-10.56.25:924][961]LogModuleManager: Shutting down and abandoning module IOSTargetPlatform (107)
[2018.05.26-10.56.25:924][961]LogModuleManager: Shutting down and abandoning module HTML5TargetPlatform (105)
[2018.05.26-10.56.25:924][961]LogModuleManager: Shutting down and abandoning module AndroidTargetPlatform (103)
[2018.05.26-10.56.25:924][961]LogModuleManager: Shutting down and abandoning module Android_PVRTCTargetPlatform (101)
[2018.05.26-10.56.25:924][961]LogModuleManager: Shutting down and abandoning module Android_MultiTargetPlatform (99)
[2018.05.26-10.56.25:924][961]LogModuleManager: Shutting down and abandoning module Android_ETC2TargetPlatform (97)
[2018.05.26-10.56.25:924][961]LogModuleManager: Shutting down and abandoning module Android_ETC1TargetPlatform (95)
[2018.05.26-10.56.25:924][961]LogModuleManager: Shutting down and abandoning module Android_ETC1aTargetPlatform (93)
[2018.05.26-10.56.25:924][961]LogModuleManager: Shutting down and abandoning module Android_DXTTargetPlatform (91)
[2018.05.26-10.56.25:924][961]LogModuleManager: Shutting down and abandoning module Android_ATCTargetPlatform (89)
[2018.05.26-10.56.25:924][961]LogModuleManager: Shutting down and abandoning module Android_ASTCTargetPlatform (87)
[2018.05.26-10.56.25:924][961]LogModuleManager: Shutting down and abandoning module WindowsTargetPlatform (85)
[2018.05.26-10.56.25:924][961]LogModuleManager: Shutting down and abandoning module WindowsServerTargetPlatform (83)
[2018.05.26-10.56.25:924][961]LogModuleManager: Shutting down and abandoning module WindowsNoEditorTargetPlatform (81)
[2018.05.26-10.56.25:924][961]LogModuleManager: Shutting down and abandoning module WindowsClientTargetPlatform (79)
[2018.05.26-10.56.25:924][961]LogModuleManager: Shutting down and abandoning module MacTargetPlatform (77)
[2018.05.26-10.56.25:924][961]LogModuleManager: Shutting down and abandoning module MacServerTargetPlatform (75)
[2018.05.26-10.56.25:924][961]LogModuleManager: Shutting down and abandoning module MacNoEditorTargetPlatform (73)
[2018.05.26-10.56.25:924][961]LogModuleManager: Shutting down and abandoning module MacClientTargetPlatform (71)
[2018.05.26-10.56.25:924][961]LogModuleManager: Shutting down and abandoning module AllDesktopTargetPlatform (69)
[2018.05.26-10.56.25:924][961]LogModuleManager: Shutting down and abandoning module InputCore (66)
[2018.05.26-10.56.25:924][961]LogModuleManager: Shutting down and abandoning module Settings (64)
[2018.05.26-10.56.25:924][961]LogModuleManager: Shutting down and abandoning module PhysXCooking (62)
[2018.05.26-10.56.25:925][961]LogModuleManager: Shutting down and abandoning module SteamVR (60)
[2018.05.26-10.56.25:925][961]LogModuleManager: Shutting down and abandoning module OculusHMD (58)
[2018.05.26-10.56.25:925][961]LogModuleManager: Shutting down and abandoning module ExampleDeviceProfileSelector (56)
[2018.05.26-10.56.25:925][961]LogModuleManager: Shutting down and abandoning module AppleARKit (54)
[2018.05.26-10.56.25:925][961]LogModuleManager: Shutting down and abandoning module AugmentedReality (51)
[2018.05.26-10.56.25:925][961]LogModuleManager: Shutting down and abandoning module OnlineBlueprintSupport (48)
[2018.05.26-10.56.25:925][961]LogModuleManager: Shutting down and abandoning module OnlineSubsystem (44)
[2018.05.26-10.56.25:925][961]LogModuleManager: Shutting down and abandoning module XMPP (43)
[2018.05.26-10.56.25:925][961]LogModuleManager: Shutting down and abandoning module HTTP (41)
[2018.05.26-10.56.25:932][961]LogModuleManager: Shutting down and abandoning module SSL (40)
[2018.05.26-10.56.25:935][961]LogModuleManager: Shutting down and abandoning module AnimationModifiers (36)
[2018.05.26-10.56.25:935][961]LogModuleManager: Shutting down and abandoning module PropertyEditor (35)
[2018.05.26-10.56.25:935][961]LogModuleManager: Shutting down and abandoning module AudioEditor (32)
[2018.05.26-10.56.25:935][961]LogModuleManager: Shutting down and abandoning module TextureCompressor (30)
[2018.05.26-10.56.25:936][961]LogModuleManager: Shutting down and abandoning module ShaderCore (28)
[2018.05.26-10.56.25:936][961]LogModuleManager: Shutting down and abandoning module Landscape (26)
[2018.05.26-10.56.25:936][961]LogModuleManager: Shutting down and abandoning module SlateRHIRenderer (24)
[2018.05.26-10.56.25:987][961]LogModuleManager: Shutting down and abandoning module OpenGLDrv (22)
[2018.05.26-10.56.25:987][961]LogModuleManager: Shutting down and abandoning module D3D11RHI (20)
[2018.05.26-10.56.25:987][961]LogModuleManager: Shutting down and abandoning module AnimGraphRuntime (18)
[2018.05.26-10.56.25:987][961]LogModuleManager: Shutting down and abandoning module Renderer (16)
[2018.05.26-10.56.25:987][961]LogModuleManager: Shutting down and abandoning module Engine (14)
[2018.05.26-10.56.25:987][961]LogModuleManager: Shutting down and abandoning module CoreUObject (12)
[2018.05.26-10.56.25:987][961]LogModuleManager: Shutting down and abandoning module NetworkFile (10)
[2018.05.26-10.56.25:987][961]LogModuleManager: Shutting down and abandoning module CookedIterativeFile (8)
[2018.05.26-10.56.25:987][961]LogModuleManager: Shutting down and abandoning module StreamingFile (6)
[2018.05.26-10.56.25:988][961]LogModuleManager: Shutting down and abandoning module SandboxFile (4)
[2018.05.26-10.56.25:988][961]LogModuleManager: Shutting down and abandoning module PakFile (2)
[2018.05.26-10.56.25:992][961]LogExit: Exiting.
[2018.05.26-10.56.26:065][961]Log file closed, 05/26/18 18:56:26
