Log file open, 05/25/18 11:58:02
LogWindows: Failed to load 'aqProf.dll' (GetLastError=126)
LogWindows: File 'aqProf.dll' does not exist
LogWindows: Failed to load 'VtuneApi.dll' (GetLastError=126)
LogWindows: File 'VtuneApi.dll' does not exist
LogWindows: Failed to load 'VtuneApi32e.dll' (GetLastError=126)
LogWindows: File 'VtuneApi32e.dll' does not exist
LogInit: Display: Running engine for game: FPSProject
LogPlatformFile: Not using cached read wrapper
LogInit: Display: RandInit(-726615388) SRandInit(-726615388).
LogInit: Read version file with build ID '3944462'
LogInit: Overriding engine version to CL 4033788, compatible CL 3944462
LogInit: Registered custom module enumerator with build ID '3944462'
LogTaskGraph: Started task graph with 5 named threads and 14 total threads with 3 sets of task threads.
LogStats: Stats thread started at 0.214297
LogD3D11RHI: Aftermath initialized
LogICUInternationalization: Display: ICU TimeZone Detection - Raw Offset: +8:00, Platform Override: ''
LogPluginManager: Mounting plugin Paper2D
LogPluginManager: Mounting plugin LiveLink
LogPluginManager: Mounting plugin LightPropagationVolume
LogPluginManager: Mounting plugin CLionSourceCodeAccess
LogPluginManager: Mounting plugin CodeLiteSourceCodeAccess
LogPluginManager: Mounting plugin GitSourceControl
LogPluginManager: Mounting plugin KDevelopSourceCodeAccess
LogPluginManager: Mounting plugin NullSourceCodeAccess
LogPluginManager: Mounting plugin PerforceSourceControl
LogPluginManager: Mounting plugin SubversionSourceControl
LogPluginManager: Mounting plugin UObjectPlugin
LogPluginManager: Mounting plugin VisualStudioCodeSourceCodeAccess
LogPluginManager: Mounting plugin VisualStudioSourceCodeAccess
LogPluginManager: Mounting plugin XCodeSourceCodeAccess
LogPluginManager: Mounting plugin AssetManagerEditor
LogPluginManager: Mounting plugin CryptoKeys
LogPluginManager: Mounting plugin DataValidation
LogPluginManager: Mounting plugin FacialAnimation
LogPluginManager: Mounting plugin GameplayTagsEditor
LogPluginManager: Mounting plugin MobileLauncherProfileWizard
LogPluginManager: Mounting plugin PluginBrowser
LogPluginManager: Mounting plugin SpeedTreeImporter
LogPluginManager: Mounting plugin DatasmithContent
LogPluginManager: Mounting plugin AlembicImporter
LogPluginManager: Mounting plugin CharacterAI
LogPluginManager: Mounting plugin HTML5Networking
LogPluginManager: Mounting plugin AndroidMedia
LogPluginManager: Mounting plugin AvfMedia
LogPluginManager: Mounting plugin ImgMedia
LogPluginManager: Mounting plugin LinearTimecode
LogPluginManager: Mounting plugin MediaCompositing
LogPluginManager: Mounting plugin MediaPlayerEditor
LogPluginManager: Mounting plugin WmfMedia
LogPluginManager: Mounting plugin TcpMessaging
LogPluginManager: Mounting plugin UdpMessaging
LogPluginManager: Mounting plugin ActorSequence
LogPluginManager: Mounting plugin LevelSequenceEditor
LogPluginManager: Mounting plugin MatineeToLevelSequence
LogPluginManager: Mounting plugin NetcodeUnitTest
LogPluginManager: Mounting plugin NUTUnrealEngine4
LogPluginManager: Mounting plugin OnlineSubsystemGooglePlay
LogPluginManager: Mounting plugin OnlineSubsystemIOS
LogPluginManager: Mounting plugin OnlineSubsystem
LogPluginManager: Mounting plugin OnlineSubsystemNull
LogPluginManager: Mounting plugin OnlineSubsystemUtils
LogPluginManager: Mounting plugin AndroidDeviceProfileSelector
LogPluginManager: Mounting plugin AndroidMoviePlayer
LogPluginManager: Mounting plugin AndroidPermission
LogPluginManager: Mounting plugin AppleARKit
LogPluginManager: Mounting plugin AppleMoviePlayer
LogPluginManager: Mounting plugin ArchVisCharacter
LogPluginManager: Mounting plugin AudioCapture
LogPluginManager: Mounting plugin CableComponent
LogPluginManager: Mounting plugin CustomMeshComponent
LogPluginManager: Mounting plugin ExampleDeviceProfileSelector
LogPluginManager: Mounting plugin GoogleCloudMessaging
LogPluginManager: Mounting plugin ImmediatePhysics
LogPluginManager: Mounting plugin IOSDeviceProfileSelector
LogPluginManager: Mounting plugin LinuxDeviceProfileSelector
LogPluginManager: Mounting plugin LocationServicesBPLibrary
LogPluginManager: Mounting plugin MobilePatchingUtils
LogPluginManager: Mounting plugin OculusVR
LogPluginManager: Plugin shader directory ../../../Engine/Plugins/Runtime/Oculus/OculusVR/Shaders found
LogPluginManager: Mapping shader source directory ../../../Engine/Plugins/Runtime/Oculus/OculusVR/Shaders to virtual directory /Plugin/OculusVR
LogPluginManager: Mounting plugin PhysXVehicles
LogPluginManager: Mounting plugin ProceduralMeshComponent
LogPluginManager: Mounting plugin RuntimePhysXCooking
LogPluginManager: Mounting plugin SteamVR
LogPluginManager: Mounting plugin WindowsMoviePlayer
LogStreaming: Display: Took  0.977s to configure plugins.
LogModuleManager: Display: Found up-to-date module file ../../../../../../Users/User/Documents/GitHub Files/UE4 Crash Course/FPSProject/Binaries/Win64/UE4Editor-FPSProject.dll (API version 3944462).
LogModuleManager: Display: Found up-to-date module file ../../../Engine/Plugins/2D/Paper2D/Binaries/Win64/UE4Editor-Paper2D.dll (API version 3944462).
LogModuleManager: Display: Found up-to-date module file ../../../Engine/Plugins/2D/Paper2D/Binaries/Win64/UE4Editor-Paper2DEditor.dll (API version 3944462).
LogModuleManager: Display: Found up-to-date module file ../../../Engine/Plugins/2D/Paper2D/Binaries/Win64/UE4Editor-PaperSpriteSheetImporter.dll (API version 3944462).
LogModuleManager: Display: Found up-to-date module file ../../../Engine/Plugins/2D/Paper2D/Binaries/Win64/UE4Editor-PaperTiledImporter.dll (API version 3944462).
LogModuleManager: Display: Found up-to-date module file ../../../Engine/Plugins/2D/Paper2D/Binaries/Win64/UE4Editor-SmartSnapping.dll (API version 3944462).
LogModuleManager: Display: Found up-to-date module file ../../../Engine/Plugins/Animation/LiveLink/Binaries/Win64/UE4Editor-LiveLink.dll (API version 3944462).
LogModuleManager: Display: Found up-to-date module file ../../../Engine/Plugins/Animation/LiveLink/Binaries/Win64/UE4Editor-LiveLinkEditor.dll (API version 3944462).
LogModuleManager: Display: Found up-to-date module file ../../../Engine/Plugins/Blendables/LightPropagationVolume/Binaries/Win64/UE4Editor-LightPropagationVolumeRuntime.dll (API version 3944462).
LogModuleManager: Display: Found up-to-date module file ../../../Engine/Plugins/Blendables/LightPropagationVolume/Binaries/Win64/UE4Editor-LightPropagationVolumeEditor.dll (API version 3944462).
LogModuleManager: Display: Found up-to-date module file ../../../Engine/Plugins/Developer/CLionSourceCodeAccess/Binaries/Win64/UE4Editor-CLionSourceCodeAccess.dll (API version 3944462).
LogModuleManager: Display: Found up-to-date module file ../../../Engine/Plugins/Developer/GitSourceControl/Binaries/Win64/UE4Editor-GitSourceControl.dll (API version 3944462).
LogModuleManager: Display: Found up-to-date module file ../../../Engine/Plugins/Developer/PerforceSourceControl/Binaries/Win64/UE4Editor-PerforceSourceControl.dll (API version 3944462).
LogModuleManager: Display: Found up-to-date module file ../../../Engine/Plugins/Developer/SubversionSourceControl/Binaries/Win64/UE4Editor-SubversionSourceControl.dll (API version 3944462).
LogModuleManager: Display: Found up-to-date module file ../../../Engine/Plugins/Developer/UObjectPlugin/Binaries/Win64/UE4Editor-UObjectPlugin.dll (API version 3944462).
LogModuleManager: Display: Found up-to-date module file ../../../Engine/Plugins/Developer/VisualStudioCodeSourceCodeAccess/Binaries/Win64/UE4Editor-VisualStudioCodeSourceCodeAccess.dll (API version 3944462).
LogModuleManager: Display: Found up-to-date module file ../../../Engine/Plugins/Developer/VisualStudioSourceCodeAccess/Binaries/Win64/UE4Editor-VisualStudioSourceCodeAccess.dll (API version 3944462).
LogModuleManager: Display: Found up-to-date module file ../../../Engine/Plugins/Editor/AssetManagerEditor/Binaries/Win64/UE4Editor-AssetManagerEditor.dll (API version 3944462).
LogModuleManager: Display: Found up-to-date module file ../../../Engine/Plugins/Editor/CryptoKeys/Binaries/Win64/UE4Editor-CryptoKeys.dll (API version 3944462).
LogModuleManager: Display: Found up-to-date module file ../../../Engine/Plugins/Editor/CryptoKeys/Binaries/Win64/UE4Editor-CryptoKeysOpenSSL.dll (API version 3944462).
LogModuleManager: Display: Found up-to-date module file ../../../Engine/Plugins/Editor/DataValidation/Binaries/Win64/UE4Editor-DataValidation.dll (API version 3944462).
LogModuleManager: Display: Found up-to-date module file ../../../Engine/Plugins/Editor/FacialAnimation/Binaries/Win64/UE4Editor-FacialAnimation.dll (API version 3944462).
LogModuleManager: Display: Found up-to-date module file ../../../Engine/Plugins/Editor/FacialAnimation/Binaries/Win64/UE4Editor-FacialAnimationEditor.dll (API version 3944462).
LogModuleManager: Display: Found up-to-date module file ../../../Engine/Plugins/Editor/GameplayTagsEditor/Binaries/Win64/UE4Editor-GameplayTagsEditor.dll (API version 3944462).
LogModuleManager: Display: Found up-to-date module file ../../../Engine/Plugins/Editor/MobileLauncherProfileWizard/Binaries/Win64/UE4Editor-MobileLauncherProfileWizard.dll (API version 3944462).
LogModuleManager: Display: Found up-to-date module file ../../../Engine/Plugins/Editor/PluginBrowser/Binaries/Win64/UE4Editor-PluginBrowser.dll (API version 3944462).
LogModuleManager: Display: Found up-to-date module file ../../../Engine/Plugins/Editor/SpeedTreeImporter/Binaries/Win64/UE4Editor-SpeedTreeImporter.dll (API version 3944462).
LogModuleManager: Display: Found up-to-date module file ../../../Engine/Plugins/Enterprise/DatasmithContent/Binaries/Win64/UE4Editor-DatasmithContent.dll (API version 3944462).
LogModuleManager: Display: Found up-to-date module file ../../../Engine/Plugins/Experimental/AlembicImporter/Binaries/Win64/UE4Editor-AlembicImporter.dll (API version 3944462).
LogModuleManager: Display: Found up-to-date module file ../../../Engine/Plugins/Experimental/AlembicImporter/Binaries/Win64/UE4Editor-AlembicLibrary.dll (API version 3944462).
LogModuleManager: Display: Found up-to-date module file ../../../Engine/Plugins/Experimental/CharacterAI/Binaries/Win64/UE4Editor-CharacterAI.dll (API version 3944462).
LogModuleManager: Display: Found up-to-date module file ../../../Engine/Plugins/Experimental/HTML5Networking/Binaries/Win64/UE4Editor-HTML5Networking.dll (API version 3944462).
LogModuleManager: Display: Found up-to-date module file ../../../Engine/Plugins/Media/AndroidMedia/Binaries/Win64/UE4Editor-AndroidMediaEditor.dll (API version 3944462).
LogModuleManager: Display: Found up-to-date module file ../../../Engine/Plugins/Media/AndroidMedia/Binaries/Win64/UE4Editor-AndroidMediaFactory.dll (API version 3944462).
LogModuleManager: Display: Found up-to-date module file ../../../Engine/Plugins/Media/AvfMedia/Binaries/Win64/UE4Editor-AvfMediaEditor.dll (API version 3944462).
LogModuleManager: Display: Found up-to-date module file ../../../Engine/Plugins/Media/AvfMedia/Binaries/Win64/UE4Editor-AvfMediaFactory.dll (API version 3944462).
LogModuleManager: Display: Found up-to-date module file ../../../Engine/Plugins/Media/AvfMedia/Binaries/Win64/UE4Editor-AvfMediaFactory.dll (API version 3944462).
LogModuleManager: Display: Found up-to-date module file ../../../Engine/Plugins/Media/ImgMedia/Binaries/Win64/UE4Editor-ImgMedia.dll (API version 3944462).
LogModuleManager: Display: Found up-to-date module file ../../../Engine/Plugins/Media/ImgMedia/Binaries/Win64/UE4Editor-ImgMediaEditor.dll (API version 3944462).
LogModuleManager: Display: Found up-to-date module file ../../../Engine/Plugins/Media/ImgMedia/Binaries/Win64/UE4Editor-ImgMediaFactory.dll (API version 3944462).
LogModuleManager: Display: Found up-to-date module file ../../../Engine/Plugins/Media/ImgMedia/Binaries/Win64/UE4Editor-ImgMediaFactory.dll (API version 3944462).
LogModuleManager: Display: Found up-to-date module file ../../../Engine/Plugins/Media/ImgMedia/Binaries/Win64/UE4Editor-OpenExrWrapper.dll (API version 3944462).
LogModuleManager: Display: Found up-to-date module file ../../../Engine/Plugins/Media/LinearTimecode/Binaries/Win64/UE4Editor-LinearTimecode.dll (API version 3944462).
LogModuleManager: Display: Found up-to-date module file ../../../Engine/Plugins/Media/MediaCompositing/Binaries/Win64/UE4Editor-MediaCompositing.dll (API version 3944462).
LogModuleManager: Display: Found up-to-date module file ../../../Engine/Plugins/Media/MediaCompositing/Binaries/Win64/UE4Editor-MediaCompositingEditor.dll (API version 3944462).
LogModuleManager: Display: Found up-to-date module file ../../../Engine/Plugins/Media/MediaPlayerEditor/Binaries/Win64/UE4Editor-MediaPlayerEditor.dll (API version 3944462).
LogModuleManager: Display: Found up-to-date module file ../../../Engine/Plugins/Media/WmfMedia/Binaries/Win64/UE4Editor-WmfMedia.dll (API version 3944462).
LogModuleManager: Display: Found up-to-date module file ../../../Engine/Plugins/Media/WmfMedia/Binaries/Win64/UE4Editor-WmfMediaEditor.dll (API version 3944462).
LogModuleManager: Display: Found up-to-date module file ../../../Engine/Plugins/Media/WmfMedia/Binaries/Win64/UE4Editor-WmfMediaFactory.dll (API version 3944462).
LogModuleManager: Display: Found up-to-date module file ../../../Engine/Plugins/Media/WmfMedia/Binaries/Win64/UE4Editor-WmfMediaFactory.dll (API version 3944462).
LogModuleManager: Display: Found up-to-date module file ../../../Engine/Plugins/Messaging/TcpMessaging/Binaries/Win64/UE4Editor-TcpMessaging.dll (API version 3944462).
LogModuleManager: Display: Found up-to-date module file ../../../Engine/Plugins/Messaging/UdpMessaging/Binaries/Win64/UE4Editor-UdpMessaging.dll (API version 3944462).
LogModuleManager: Display: Found up-to-date module file ../../../Engine/Plugins/MovieScene/ActorSequence/Binaries/Win64/UE4Editor-ActorSequence.dll (API version 3944462).
LogModuleManager: Display: Found up-to-date module file ../../../Engine/Plugins/MovieScene/LevelSequenceEditor/Binaries/Win64/UE4Editor-LevelSequenceEditor.dll (API version 3944462).
LogModuleManager: Display: Found up-to-date module file ../../../Engine/Plugins/MovieScene/MatineeToLevelSequence/Binaries/Win64/UE4Editor-MatineeToLevelSequence.dll (API version 3944462).
LogModuleManager: Display: Found up-to-date module file ../../../Engine/Plugins/NetcodeUnitTest/NetcodeUnitTest/Binaries/Win64/UE4Editor-NetcodeUnitTest.dll (API version 3944462).
LogModuleManager: Display: Found up-to-date module file ../../../Engine/Plugins/NetcodeUnitTest/NUTUnrealEngine4/Binaries/Win64/UE4Editor-NUTUnrealEngine4.dll (API version 3944462).
LogModuleManager: Display: Found up-to-date module file ../../../Engine/Plugins/Online/OnlineSubsystem/Binaries/Win64/UE4Editor-OnlineSubsystem.dll (API version 3944462).
LogModuleManager: Display: Found up-to-date module file ../../../Engine/Plugins/Online/OnlineSubsystemNull/Binaries/Win64/UE4Editor-OnlineSubsystemNull.dll (API version 3944462).
LogModuleManager: Display: Found up-to-date module file ../../../Engine/Plugins/Online/OnlineSubsystemUtils/Binaries/Win64/UE4Editor-OnlineSubsystemUtils.dll (API version 3944462).
LogModuleManager: Display: Found up-to-date module file ../../../Engine/Plugins/Online/OnlineSubsystemUtils/Binaries/Win64/UE4Editor-OnlineBlueprintSupport.dll (API version 3944462).
LogModuleManager: Display: Found up-to-date module file ../../../Engine/Plugins/Runtime/AndroidDeviceProfileSelector/Binaries/Win64/UE4Editor-AndroidDeviceProfileSelector.dll (API version 3944462).
LogModuleManager: Display: Found up-to-date module file ../../../Engine/Plugins/Runtime/AndroidPermission/Binaries/Win64/UE4Editor-AndroidPermission.dll (API version 3944462).
LogModuleManager: Display: Found up-to-date module file ../../../Engine/Plugins/Runtime/AppleARKit/Binaries/Win64/UE4Editor-AppleARKit.dll (API version 3944462).
LogModuleManager: Display: Found up-to-date module file ../../../Engine/Plugins/Runtime/ArchVisCharacter/Binaries/Win64/UE4Editor-ArchVisCharacter.dll (API version 3944462).
LogModuleManager: Display: Found up-to-date module file ../../../Engine/Plugins/Runtime/AudioCapture/Binaries/Win64/UE4Editor-AudioCapture.dll (API version 3944462).
LogModuleManager: Display: Found up-to-date module file ../../../Engine/Plugins/Runtime/AudioCapture/Binaries/Win64/UE4Editor-AudioCaptureEditor.dll (API version 3944462).
LogModuleManager: Display: Found up-to-date module file ../../../Engine/Plugins/Runtime/CableComponent/Binaries/Win64/UE4Editor-CableComponent.dll (API version 3944462).
LogModuleManager: Display: Found up-to-date module file ../../../Engine/Plugins/Runtime/CustomMeshComponent/Binaries/Win64/UE4Editor-CustomMeshComponent.dll (API version 3944462).
LogModuleManager: Display: Found up-to-date module file ../../../Engine/Plugins/Runtime/ExampleDeviceProfileSelector/Binaries/Win64/UE4Editor-ExampleDeviceProfileSelector.dll (API version 3944462).
LogModuleManager: Display: Found up-to-date module file ../../../Engine/Plugins/Runtime/ImmediatePhysics/Binaries/Win64/UE4Editor-ImmediatePhysics.dll (API version 3944462).
LogModuleManager: Display: Found up-to-date module file ../../../Engine/Plugins/Runtime/ImmediatePhysics/Binaries/Win64/UE4Editor-ImmediatePhysicsEditor.dll (API version 3944462).
LogModuleManager: Display: Found up-to-date module file ../../../Engine/Plugins/Runtime/LocationServicesBPLibrary/Binaries/Win64/UE4Editor-LocationServicesBPLibrary.dll (API version 3944462).
LogModuleManager: Display: Found up-to-date module file ../../../Engine/Plugins/Runtime/MobilePatchingUtils/Binaries/Win64/UE4Editor-MobilePatchingUtils.dll (API version 3944462).
LogModuleManager: Display: Found up-to-date module file ../../../Engine/Plugins/Runtime/Oculus/OculusVR/Binaries/Win64/UE4Editor-OculusHMD.dll (API version 3944462).
LogModuleManager: Display: Found up-to-date module file ../../../Engine/Plugins/Runtime/Oculus/OculusVR/Binaries/Win64/UE4Editor-OculusInput.dll (API version 3944462).
LogModuleManager: Display: Found up-to-date module file ../../../Engine/Plugins/Runtime/Oculus/OculusVR/Binaries/Win64/UE4Editor-OculusEditor.dll (API version 3944462).
LogModuleManager: Display: Found up-to-date module file ../../../Engine/Plugins/Runtime/PhysXVehicles/Binaries/Win64/UE4Editor-PhysXVehicles.dll (API version 3944462).
LogModuleManager: Display: Found up-to-date module file ../../../Engine/Plugins/Runtime/PhysXVehicles/Binaries/Win64/UE4Editor-PhysXVehiclesEditor.dll (API version 3944462).
LogModuleManager: Display: Found up-to-date module file ../../../Engine/Plugins/Runtime/ProceduralMeshComponent/Binaries/Win64/UE4Editor-ProceduralMeshComponent.dll (API version 3944462).
LogModuleManager: Display: Found up-to-date module file ../../../Engine/Plugins/Runtime/ProceduralMeshComponent/Binaries/Win64/UE4Editor-ProceduralMeshComponentEditor.dll (API version 3944462).
LogModuleManager: Display: Found up-to-date module file ../../../Engine/Plugins/Runtime/RuntimePhysXCooking/Binaries/Win64/UE4Editor-RuntimePhysXCooking.dll (API version 3944462).
LogModuleManager: Display: Found up-to-date module file ../../../Engine/Plugins/Runtime/Steam/SteamVR/Binaries/Win64/UE4Editor-SteamVR.dll (API version 3944462).
LogModuleManager: Display: Found up-to-date module file ../../../Engine/Plugins/Runtime/Steam/SteamVR/Binaries/Win64/UE4Editor-SteamVRController.dll (API version 3944462).
LogModuleManager: Display: Found up-to-date module file ../../../Engine/Plugins/Runtime/WindowsMoviePlayer/Binaries/Win64/UE4Editor-WindowsMoviePlayer.dll (API version 3944462).
LogInit: Using libcurl 7.47.1
LogInit:  - built for x86_64-pc-win32
LogInit:  - supports SSL with OpenSSL/1.0.2g
LogInit:  - supports HTTP deflate (compression) using libz 1.2.8
LogInit:  - other features:
LogInit:      CURL_VERSION_SSL
LogInit:      CURL_VERSION_LIBZ
LogInit:      CURL_VERSION_IPV6
LogInit:      CURL_VERSION_ASYNCHDNS
LogInit:      CURL_VERSION_LARGEFILE
LogInit:      CURL_VERSION_IDN
LogInit:  CurlRequestOptions (configurable via config and command line):
LogInit:  - bVerifyPeer = false  - Libcurl will NOT verify peer certificate
LogInit:  - bUseHttpProxy = false  - Libcurl will NOT use HTTP proxy
LogInit:  - bDontReuseConnections = false  - Libcurl will reuse connections
LogInit:  - CertBundlePath = nullptr  - Libcurl will use whatever was configured at build time.
LogInit:  - MaxHostConnections = 16  - Libcurl will limit the number of connections to a host
LogInit:  - LocalHostAddr = Default
LogInit: WinSock: version 1.1 (2.2), MaxSocks=32767, MaxUdp=65467
LogInit: WinSock: I am Asus (192.168.0.10:0)
LogInit: Build: ++UE4+Release-4.19-CL-4033788
LogInit: Engine Version: 4.19.2-4033788+++UE4+Release-4.19
LogInit: Compatible Engine Version: 4.19.0-3944462+++UE4+Release-4.19
LogInit: Net CL: 3944462
LogDevObjectVersion: Number of dev versions registered: 18
LogDevObjectVersion:   Dev-Blueprints (B0D832E4-1F89-4F0D-ACCF-7EB736FD4AA2): 10
LogDevObjectVersion:   Dev-Build (E1C64328-A22C-4D53-A36C-8E866417BD8C): 0
LogDevObjectVersion:   Dev-Core (375EC13C-06E4-48FB-B500-84F0262A717E): 2
LogDevObjectVersion:   Dev-Editor (E4B068ED-F494-42E9-A231-DA0B2E46BB41): 23
LogDevObjectVersion:   Dev-Framework (CFFC743F-43B0-4480-9391-14DF171D2073): 33
LogDevObjectVersion:   Dev-Mobile (B02B49B5-BB20-44E9-A304-32B752E40360): 2
LogDevObjectVersion:   Dev-Networking (A4E4105C-59A1-49B5-A7C5-40C4547EDFEE): 0
LogDevObjectVersion:   Dev-Online (39C831C9-5AE6-47DC-9A44-9C173E1C8E7C): 0
LogDevObjectVersion:   Dev-Physics (78F01B33-EBEA-4F98-B9B4-84EACCB95AA2): 0
LogDevObjectVersion:   Dev-Platform (6631380F-2D4D-43E0-8009-CF276956A95A): 0
LogDevObjectVersion:   Dev-Rendering (12F88B9F-8875-4AFC-A67C-D90C383ABD29): 25
LogDevObjectVersion:   Dev-Sequencer (7B5AE74C-D270-4C10-A958-57980B212A5A): 6
LogDevObjectVersion:   Dev-VR (D7296918-1DD6-4BDD-9DE2-64A83CC13884): 1
LogDevObjectVersion:   Dev-LoadTimes (C2A15278-BFE7-4AFE-6C17-90FF531DF755): 1
LogDevObjectVersion:   Private-Geometry (6EACA3D4-40EC-4CC1-B786-8BED09428FC5): 2
LogDevObjectVersion:   Dev-AnimPhys (29E575DD-E0A3-4627-9D10-D276232CDCEA): 16
LogDevObjectVersion:   Dev-ReflectionCapture (6B266CEC-1EC7-4B8F-A30B-E4D90942FC07): 1
LogDevObjectVersion:   Dev-Automation (0DF73D61-A23F-47EA-B727-89E90C41499A): 1
LogInit: Compiled (64-bit): Apr 27 2018 02:06:57
LogInit: Compiled with Visual C++: 19.00.24215.01
LogInit: Build Configuration: Development
LogInit: Branch Name: ++UE4+Release-4.19
LogInit: Command Line:  
LogInit: Base Directory: C:/Program Files/Epic Games/UE_4.19/Engine/Binaries/Win64/
LogInit: Installed Engine Build: 1
LogStreaming: Display: Took  0.307s to delete old logs.
LogInit: Presizing for max 8388607 objects, including 0 objects not considered by GC, pre-allocating 0 bytes for permanent pool.
LogInit: Object subsystem initialized
[2018.05.25-03.58.17:014][  0]LogInit: Selected Device Profile: [Windows]
[2018.05.25-03.58.17:014][  0]LogInit: Applying CVar settings loaded from the selected device profile: [Windows]
[2018.05.25-03.58.17:347][  0]LogInit: Computer: ASUS
[2018.05.25-03.58.17:347][  0]LogInit: User: User
[2018.05.25-03.58.17:347][  0]LogInit: CPU Page size=4096, Cores=4
[2018.05.25-03.58.17:347][  0]LogInit: High frequency timer resolution =2.437498 MHz
[2018.05.25-03.58.17:360][  0]LogMemory: Memory total: Physical=7.9GB (8GB approx)
[2018.05.25-03.58.17:360][  0]LogMemory: Platform Memory Stats for Windows
[2018.05.25-03.58.17:360][  0]LogMemory: Process Physical Memory: 273.26 MB used, 273.26 MB peak
[2018.05.25-03.58.17:360][  0]LogMemory: Process Virtual Memory: 268.09 MB used, 268.09 MB peak
[2018.05.25-03.58.17:360][  0]LogMemory: Physical Memory: 4794.73 MB used,  3282.29 MB free, 8077.02 MB total
[2018.05.25-03.58.17:360][  0]LogMemory: Virtual Memory: 4768.04 MB used,  3282.29 MB free, 134217728.00 MB total
[2018.05.25-03.58.24:896][  0]LogInit: Using OS detected language (en-US).
[2018.05.25-03.58.24:897][  0]LogInit: Using OS detected locale (en-US).
[2018.05.25-03.58.25:381][  0]LogTextLocalizationManager: No specific localization for 'en-US' exists, so the 'en' localization will be used.
[2018.05.25-03.58.26:608][  0]LogStreaming: Display: Took  1.675s to EndInitTextLocalization.
[2018.05.25-03.58.26:632][  0]LogInit: Setting process to per monitor DPI aware
[2018.05.25-03.58.27:875][  0]LogSlate: New Slate User Created.  User Index 0, Is Virtual User: 0
[2018.05.25-03.58.27:875][  0]LogSlate: Slate User Registered.  User Index 0, Is Virtual User: 0
[2018.05.25-03.58.30:025][  0]LogD3D11RHI: D3D11 adapters:
[2018.05.25-03.58.30:805][  0]LogD3D11RHI:    0. 'NVIDIA GeForce GTX 1050' (Feature Level 11_0)
[2018.05.25-03.58.30:806][  0]LogD3D11RHI:       4021/0/4038 MB DedicatedVideo/DedicatedSystem/SharedSystem, Outputs:1, VendorId:0x10de
[2018.05.25-03.58.30:951][  0]LogD3D11RHI:    1. 'Intel(R) HD Graphics 630' (Feature Level 11_0)
[2018.05.25-03.58.30:951][  0]LogD3D11RHI:       128/0/4038 MB DedicatedVideo/DedicatedSystem/SharedSystem, Outputs:0, VendorId:0x8086
[2018.05.25-03.58.30:975][  0]LogD3D11RHI:    2. 'Microsoft Basic Render Driver' (Feature Level 11_0)
[2018.05.25-03.58.30:975][  0]LogD3D11RHI:       0/0/4038 MB DedicatedVideo/DedicatedSystem/SharedSystem, Outputs:0, VendorId:0x1414
[2018.05.25-03.58.30:975][  0]LogD3D11RHI: Chosen D3D11 Adapter: 0
[2018.05.25-03.58.30:995][  0]LogD3D11RHI: Creating new Direct3DDevice
[2018.05.25-03.58.30:996][  0]LogD3D11RHI:     GPU DeviceId: 0x1c8d (for the marketing name, search the web for "GPU Device Id")
[2018.05.25-03.58.30:996][  0]LogWindows: EnumDisplayDevices:
[2018.05.25-03.58.30:996][  0]LogWindows:    0. 'Intel(R) HD Graphics 630' (P:1 D:1)
[2018.05.25-03.58.30:996][  0]LogWindows:    1. 'Intel(R) HD Graphics 630' (P:0 D:0)
[2018.05.25-03.58.30:996][  0]LogWindows:    2. 'Intel(R) HD Graphics 630' (P:0 D:0)
[2018.05.25-03.58.30:997][  0]LogWindows: DebugString: GetVideoDriverDetailsInvalid PrimaryIsNotTheChoosenAdapter GetVideoDriverDetailsInvalid PrimaryIsNotTheChoosenAdapter GetVideoDriverDetailsInvalid PrimaryIsNotTheChoosenAdapter FoundDriverCount:0 
[2018.05.25-03.58.30:997][  0]LogD3D11RHI:     Adapter Name: NVIDIA GeForce GTX 1050
[2018.05.25-03.58.30:997][  0]LogD3D11RHI:   Driver Version: Unknown (internal:Unknown, unified:Unknown)
[2018.05.25-03.58.30:997][  0]LogD3D11RHI:      Driver Date: Unknown
[2018.05.25-03.58.30:997][  0]LogRHI: Texture pool is 2814 MB (70% of 4021 MB)
[2018.05.25-03.58.31:361][  0]LogD3D11RHI: [Aftermath] Aftermath enabled and primed
[2018.05.25-03.58.31:361][  0]LogD3D11RHI: [Aftermath] Aftermath enabled and primed
[2018.05.25-03.58.31:361][  0]LogD3D11RHI: Async texture creation enabled
[2018.05.25-03.58.31:799][  0]LogD3D11RHI: GPU Timing Frequency: 1000.000000 (Debug: 2 3)
[2018.05.25-03.58.31:908][  0]LogShaderCompilers: Guid format shader working directory is -34 characters bigger than the processId version (../../../../../../Users/User/Documents/GitHub Files/UE4 Crash Course/FPSProject/Intermediate/Shaders/WorkingDirectory/9628/).
[2018.05.25-03.58.31:921][  0]LogShaderCompilers: Cleaned the shader compiler working directory 'C:/Users/User/AppData/Local/Temp/UnrealShaderWorkingDir/D68E25BD46D58B2323711BBBDAEF7E4F/'.
[2018.05.25-03.58.33:034][  0]LogTemp: Display: Loaded TP AllDesktopTargetPlatform
[2018.05.25-03.58.33:058][  0]LogTemp: Display: Loaded TP MacClientTargetPlatform
[2018.05.25-03.58.33:084][  0]LogTemp: Display: Loaded TP MacNoEditorTargetPlatform
[2018.05.25-03.58.33:108][  0]LogTemp: Display: Loaded TP MacServerTargetPlatform
[2018.05.25-03.58.33:195][  0]LogTemp: Display: Loaded TP MacTargetPlatform
[2018.05.25-03.58.33:219][  0]LogTemp: Display: Loaded TP WindowsClientTargetPlatform
[2018.05.25-03.58.33:246][  0]LogTemp: Display: Loaded TP WindowsNoEditorTargetPlatform
[2018.05.25-03.58.33:271][  0]LogTemp: Display: Loaded TP WindowsServerTargetPlatform
[2018.05.25-03.58.33:288][  0]LogTemp: Display: Loaded TP WindowsTargetPlatform
[2018.05.25-03.58.33:311][  0]LogTemp: Display: Loaded TP Android_ASTCTargetPlatform
[2018.05.25-03.58.33:334][  0]LogTemp: Display: Loaded TP Android_ATCTargetPlatform
[2018.05.25-03.58.33:357][  0]LogTemp: Display: Loaded TP Android_DXTTargetPlatform
[2018.05.25-03.58.33:382][  0]LogTemp: Display: Loaded TP Android_ETC1aTargetPlatform
[2018.05.25-03.58.33:408][  0]LogTemp: Display: Loaded TP Android_ETC1TargetPlatform
[2018.05.25-03.58.33:431][  0]LogTemp: Display: Loaded TP Android_ETC2TargetPlatform
[2018.05.25-03.58.33:480][  0]LogTemp: Display: Loaded TP Android_MultiTargetPlatform
[2018.05.25-03.58.33:480][  0]LogTemp: Display: Loaded TP Android_PVRTCTargetPlatform
[2018.05.25-03.58.33:517][  0]LogTemp: Display: Loaded TP AndroidTargetPlatform
[2018.05.25-03.58.33:582][  0]LogTemp: Display: Loaded TP HTML5TargetPlatform
[2018.05.25-03.58.33:697][  0]LogTemp: Display: Loaded TP IOSTargetPlatform
[2018.05.25-03.58.33:718][  0]LogTemp: Display: Loaded TP TVOSTargetPlatform
[2018.05.25-03.58.33:739][  0]LogTemp: Display: Loaded TP LinuxClientTargetPlatform
[2018.05.25-03.58.33:761][  0]LogTemp: Display: Loaded TP LinuxNoEditorTargetPlatform
[2018.05.25-03.58.33:782][  0]LogTemp: Display: Loaded TP LinuxServerTargetPlatform
[2018.05.25-03.58.33:829][  0]LogTemp: Display: Loaded TP LinuxTargetPlatform
[2018.05.25-03.58.33:829][  0]LogTargetPlatformManager: Display: Building Assets For Windows
[2018.05.25-03.58.35:277][  0]LogXGEController: Cleaning working directory: C:/Users/User/AppData/Local/Temp/UnrealXGEWorkingDir/
[2018.05.25-03.58.35:352][  0]LogXGEController: Cannot use XGE Controller as Incredibuild is not installed on this machine.
[2018.05.25-03.58.35:484][  0]LogShaderCompilers: Cannot use XGE Shader Compiler as Incredibuild is not installed on this machine.
[2018.05.25-03.58.35:484][  0]LogShaderCompilers: Display: Using Local Shader Compiler.
[2018.05.25-03.58.41:308][  0]LogDerivedDataCache: Display: Max Cache Size: 512 MB
[2018.05.25-03.58.42:267][  0]LogDerivedDataCache: Loaded boot cache 0.92s 74MB C:/Users/User/AppData/Local/UnrealEngine/4.19/DerivedDataCache/Boot.ddc.
[2018.05.25-03.58.42:267][  0]LogDerivedDataCache: Display: Loaded Boot cache: C:/Users/User/AppData/Local/UnrealEngine/4.19/DerivedDataCache/Boot.ddc
[2018.05.25-03.58.42:267][  0]LogDerivedDataCache: FDerivedDataBackendGraph:  Pak pak cache file ../../../../../../Users/User/Documents/GitHub Files/UE4 Crash Course/FPSProject/DerivedDataCache/DDC.ddp not found, will not use a pak cache.
[2018.05.25-03.58.42:267][  0]LogDerivedDataCache: Unable to find inner node Pak for hierarchical cache Hierarchy.
[2018.05.25-03.58.42:267][  0]LogDerivedDataCache: FDerivedDataBackendGraph:  CompressedPak pak cache file ../../../../../../Users/User/Documents/GitHub Files/UE4 Crash Course/FPSProject/DerivedDataCache/Compressed.ddp not found, will not use a pak cache.
[2018.05.25-03.58.42:267][  0]LogDerivedDataCache: Unable to find inner node CompressedPak for hierarchical cache Hierarchy.
[2018.05.25-03.58.42:406][  0]LogDerivedDataCache: Display: Pak cache opened for reading ../../../Engine/DerivedDataCache/Compressed.ddp.
[2018.05.25-03.58.42:463][  0]LogDerivedDataCache: Using Local data cache path C:/Users/User/AppData/Local/UnrealEngine/Common/DerivedDataCache: Writable
[2018.05.25-03.58.42:463][  0]LogDerivedDataCache: Shared data cache path not found in *engine.ini, will not use an Shared cache.
[2018.05.25-03.58.42:463][  0]LogDerivedDataCache: Unable to find inner node Shared for hierarchical cache Hierarchy.
[2018.05.25-03.58.42:555][  0]LogMaterial: Verifying Global Shaders for PCD3D_SM5
[2018.05.25-03.58.42:625][  0]LogSlate: Using Freetype 2.6.0
[2018.05.25-03.58.42:721][  0]LogSlate: SlateFontCache - WITH_FREETYPE: 1, WITH_HARFBUZZ: 1
[2018.05.25-03.58.42:721][  0]LogSlate: SlateFontCache - WITH_FREETYPE: 1, WITH_HARFBUZZ: 1
[2018.05.25-03.58.52:011][  0]LogAssetRegistry: FAssetRegistry took 0.0484 seconds to start up
[2018.05.25-03.58.58:271][  0]LogInit: Selected Device Profile: [Windows]
[2018.05.25-03.59.02:039][  0]LogSimplygon: Simplygon DLL not present - disabling.
[2018.05.25-03.59.02:074][  0]LogMeshReduction: Using SimplygonSwarm for distributed automatic mesh merging
[2018.05.25-03.59.02:076][  0]LogMeshReduction: Using QuadricMeshReduction for automatic static mesh reduction
[2018.05.25-03.59.02:076][  0]LogMeshReduction: No automatic skeletal mesh reduction module available
[2018.05.25-03.59.02:076][  0]LogMeshReduction: No automatic mesh merging module available
[2018.05.25-03.59.02:076][  0]LogMeshMerging: No automatic mesh merging module available
[2018.05.25-03.59.02:622][  0]LogNetVersion: FPSProject , NetCL: 3944462, EngineNetVer: 2, GameNetVer: 0 (Checksum: 1223245918)
[2018.05.25-03.59.07:880][  0]LogPackageLocalizationCache: Processed 9 localized package path(s) for 2 prioritized culture(s) in 0.333785 seconds
[2018.05.25-03.59.07:930][  0]LogUObjectArray: 36728 objects as part of root set at end of initial load.
[2018.05.25-03.59.07:930][  0]LogUObjectAllocator: 7314304 out of 0 bytes used by permanent object pool.
[2018.05.25-03.59.07:930][  0]LogUObjectArray: CloseDisregardForGC: 0/0 objects in disregard for GC pool
[2018.05.25-03.59.31:027][  0]LogTcpMessaging: Initializing TcpMessaging bridge
[2018.05.25-03.59.31:089][  0]LogUdpMessaging: Initializing bridge on interface 0.0.0.0:0 to multicast group 230.0.0.1:6666.
[2018.05.25-03.59.32:997][  0]SourceControl: Source control is disabled
[2018.05.25-03.59.32:998][  0]SourceControl: Source control is disabled
[2018.05.25-03.59.33:152][  0]SourceControl: Source control is disabled
[2018.05.25-03.59.33:256][  0]SourceControl: Source control is disabled
[2018.05.25-03.59.35:469][  0]LogAndroidPermission: UAndroidPermissionCallbackProxy::GetInstance
[2018.05.25-03.59.36:298][  0]LogOcInput: OculusInput pre-init called
[2018.05.25-03.59.37:659][  0]LogEngine: Initializing Engine...
[2018.05.25-03.59.37:710][  0]LogHMD: Failed to initialize OpenVR with code 110
[2018.05.25-03.59.37:721][  0]LogStats: UGameplayTagsManager::ConstructGameplayTagTree: Construct from data asset -  0.000 s
[2018.05.25-03.59.37:722][  0]LogStats: UGameplayTagsManager::ConstructGameplayTagTree: GameplayTagTreeChangedEvent.Broadcast -  0.000 s
[2018.05.25-03.59.39:235][  0]LogAIModule: Creating AISystem for world Untitled
[2018.05.25-03.59.39:421][  0]LogInit: XAudio2 using 'Speakers (Realtek High Definition Audio)' : 2 channels at 48 kHz using 32 bits per sample (channel mask 0x3)
[2018.05.25-03.59.39:510][  0]LogInit: FAudioDevice initialized.
[2018.05.25-03.59.40:158][  0]LogDerivedDataCache: Saved boot cache 0.60s 74MB C:/Users/User/AppData/Local/UnrealEngine/4.19/DerivedDataCache/Boot.ddc.
[2018.05.25-03.59.40:173][  0]LogInit: Texture streaming: Enabled
[2018.05.25-03.59.40:784][  0]LogInit: Transaction tracking system initialized
[2018.05.25-03.59.44:120][  0]BlueprintLog: New page: Editor Load
[2018.05.25-03.59.51:653][  0]LocalizationService: Localization service is disabled
[2018.05.25-03.59.59:050][  0]LogUObjectGlobals: Created PersistentFrame Addr=0x000001fb55bb57e0, Size=88, Default__Landscape_Sculpt_Mode_C Function /Engine/Tutorial/Landscape/Landscape_Sculpt_Mode.Landscape_Sculpt_Mode_C:ExecuteUbergraph_Landscape_Sculpt_Mode
[2018.05.25-03.59.59:481][  0]LogUObjectGlobals: Destroyed PersistentFrame Addr=0x000001fb55bb57e0, Size=88
[2018.05.25-03.59.59:481][  0]LogUObjectGlobals: Created PersistentFrame Addr=0x000001fb55bb57e0, Size=88, Default__Landscape_Sculpt_Mode_C Function /Engine/Transient.REINST_Landscape_Sculpt_Mode_C_3:ExecuteUbergraph_Landscape_Sculpt_Mode
[2018.05.25-03.59.59:821][  0]LogUObjectGlobals: Created PersistentFrame Addr=0x000001fb55a3f560, Size=80, Default__Landscape_Sculpt_Mode_C Function /Engine/Tutorial/Landscape/Landscape_Sculpt_Mode.Landscape_Sculpt_Mode_C:ExecuteUbergraph_Landscape_Sculpt_Mode
[2018.05.25-04.00.01:553][  0]LogConsoleResponse: Display: 
[2018.05.25-04.00.05:575][  0]LogFileCache: Scanning file cache for directory 'C:/Users/User/Documents/GitHub Files/UE4 Crash Course/FPSProject/Content/' took 0.01s
[2018.05.25-04.00.05:575][  0]LogCook: Display: Max memory allowance for cook 16384mb min free memory 0mb
[2018.05.25-04.00.05:576][  0]LogCook: Display: Mobile HDR setting 1
[2018.05.25-04.00.05:576][  0]LogGameplayTags: Display: UGameplayTagsManager::DoneAddingNativeTags. DelegateIsBound: 0
[2018.05.25-04.00.05:576][  0]LogStats: UGameplayTagsManager::ConstructGameplayTagTree: Construct from data asset -  0.000 s
[2018.05.25-04.00.05:576][  0]LogStats: UGameplayTagsManager::ConstructGameplayTagTree: GameplayTagTreeChangedEvent.Broadcast -  0.000 s
[2018.05.25-04.00.09:105][  0]SourceControl: Source control is disabled
[2018.05.25-04.00.09:127][  0]Cmd: MAP LOAD FILE="../../../../../../Users/User/Documents/GitHub Files/UE4 Crash Course/FPSProject/Content/Maps/FPSMaps.umap" TEMPLATE=0 SHOWPROGRESS=1 FEATURELEVEL=3
[2018.05.25-04.00.09:152][  0]LightingResults: New page: Lighting Build
[2018.05.25-04.00.09:284][  0]MapCheck: New page: Map Check
[2018.05.25-04.00.09:285][  0]LightingResults: New page: Lighting Build
[2018.05.25-04.00.09:627][  0]LogUObjectGlobals: Destroyed PersistentFrame Addr=0x000001fb55bb57e0, Size=88
[2018.05.25-04.00.11:270][  0]LogAIModule: Creating AISystem for world FPSMaps
[2018.05.25-04.00.11:924][  0]LogEditorServer: Finished looking for orphan Actors (0.000 secs)
[2018.05.25-04.00.12:025][  0]Cmd: MAP CHECKDEP NOCLEARLOG
[2018.05.25-04.00.12:157][  0]MapCheck: Map check complete: 0 Error(s), 0 Warning(s), took 131.922ms to complete.
[2018.05.25-04.00.12:157][  0]LogFileHelpers: Loading map 'FPSMaps' took 3.040
[2018.05.25-04.00.13:104][  0]LogCollectionManager: Loaded 0 collections in 0.003355 seconds
[2018.05.25-04.00.13:264][  0]LogFileCache: Scanning file cache for directory 'C:/Users/User/Documents/GitHub Files/UE4 Crash Course/FPSProject/Saved/Collections/' took 0.01s
[2018.05.25-04.00.13:264][  0]LogFileCache: Scanning file cache for directory 'C:/Users/User/Documents/GitHub Files/UE4 Crash Course/FPSProject/Content/Developers/User/Collections/' took 0.01s
[2018.05.25-04.00.13:264][  0]LogFileCache: Scanning file cache for directory 'C:/Users/User/Documents/GitHub Files/UE4 Crash Course/FPSProject/Content/Collections/' took 0.01s
[2018.05.25-04.00.13:264][  0]LogCollectionManager: Rebuilt the GUID cache for 0 collections in 0.000000 seconds
[2018.05.25-04.00.13:303][  0]LogContentBrowser: Native class hierarchy populated in 0.0361 seconds. Added 2454 classes and 560 folders.
[2018.05.25-04.00.13:410][  0]LogContentBrowser: Native class hierarchy updated for 'WidgetCarousel' in 0.0015 seconds. Added 0 classes and 0 folders.
[2018.05.25-04.00.14:806][  0]LogContentBrowser: Native class hierarchy updated for 'AddContentDialog' in 0.0014 seconds. Added 0 classes and 0 folders.
[2018.05.25-04.00.14:914][  0]LogContentBrowser: Native class hierarchy updated for 'SceneOutliner' in 0.0015 seconds. Added 1 classes and 2 folders.
[2018.05.25-04.00.16:208][  0]LogSlate: Took 0.021018 seconds to synchronously load lazily loaded font '../../../Engine/Content/Slate/Fonts/Roboto-Regular.ttf' (155K)
[2018.05.25-04.00.16:856][  0]LogSlate: Took 0.023170 seconds to synchronously load lazily loaded font '../../../Engine/Content/Slate/Fonts/Roboto-Bold.ttf' (160K)
[2018.05.25-04.00.16:907][  0]LogSlate: Took 0.020537 seconds to synchronously load lazily loaded font '../../../Engine/Content/Editor/Slate/Fonts/FontAwesome.ttf' (139K)
[2018.05.25-04.00.17:775][  0]LogRenderer: Reallocating scene render targets to support 1120x576 Format 9 NumSamples 1 (Frame:1).
[2018.05.25-04.00.19:560][  0]LogContentBrowser: Native class hierarchy updated for 'HierarchicalLODOutliner' in 0.0015 seconds. Added 0 classes and 0 folders.
[2018.05.25-04.00.19:560][  0]LogLoad: (Engine Initialization) Total time: 141.35 seconds
[2018.05.25-04.00.19:560][  0]LogLoad: (Engine Initialization) Total Blueprint compile time: 0.00 seconds
[2018.05.25-04.00.20:534][  0]LogContentStreaming: Texture pool size now 800 MB
[2018.05.25-04.00.21:242][  3]LogAssetRegistry: Asset discovery search completed in 89.2593 seconds
[2018.05.25-04.00.21:298][  3]LogCollectionManager: Rebuilt the object cache for 0 collections in 0.000001 seconds (found 0 objects)
[2018.05.25-04.00.21:298][  3]LogCollectionManager: Fixed up redirectors for 0 collections in 0.001140 seconds (updated 0 objects)
[2018.05.25-04.00.25:279][ 55]LogSlate: Took 0.042653 seconds to synchronously load lazily loaded font '../../../Engine/Content/Slate/Fonts/Roboto-Light.ttf' (167K)
[2018.05.25-04.03.35:840][746]LogSlate: FSceneViewport::OnFocusLost() reason 0
[2018.05.25-04.03.36:039][754]LogVSAccessor: Warning: Couldn't access Visual Studio
[2018.05.25-04.03.36:145][754]Candidate modules for hot reload:
[2018.05.25-04.03.36:145][754]  FPSProject
[2018.05.25-04.03.36:145][754]Launching UnrealBuildTool... [C:/Program Files/Epic Games/UE_4.19/Engine/Binaries/DotNET/UnrealBuildTool.exe FPSProject -ModuleWithSuffix=FPSProject,7171 Win64 Development -editorrecompile -canskiplink "C:/Users/User/Documents/GitHub Files/UE4 Crash Course/FPSProject/FPSProject.uproject" ]
[2018.05.25-04.03.36:155][754]Warning: Starting HotReload took  0.2s.
[2018.05.25-04.03.57:016][949]CompilerResultsLog: New page: Compilation - May 25, 2018, 8:03:56 PM
[2018.05.25-04.03.57:017][949]CompilerResultsLog: Using 'git status' to determine working set for adaptive non-unity build.
[2018.05.25-04.03.57:017][949]CompilerResultsLog: Creating makefile for hot reloading FPSProject (UHT file was deleted)
[2018.05.25-04.03.57:017][949]CompilerResultsLog: Compiling game modules for hot reload
[2018.05.25-04.03.57:017][949]CompilerResultsLog: Performing 1 actions (4 in parallel)
[2018.05.25-04.03.57:017][949]CompilerResultsLog: [1/1] Link UE4Editor-FPSProject-7171.dll
[2018.05.25-04.03.57:017][949]CompilerResultsLog:    Creating library C:\Users\User\Documents\GitHub Files\UE4 Crash Course\FPSProject\Intermediate\Build\Win64\UE4Editor\Development\UE4Editor-FPSProject-7171.suppressed.lib and object C:\Users\User\Documents\GitHub Files\UE4 Crash Course\FPSProject\Intermediate\Build\Win64\UE4Editor\Development\UE4Editor-FPSProject-7171.suppressed.exp
[2018.05.25-04.03.57:017][949]CompilerResultsLog: Total build time: 19.98 seconds (Local executor: 6.16 seconds)
[2018.05.25-04.03.57:024][949]LogMainFrame: MainFrame: Module compiling took 20.985 seconds
[2018.05.25-04.03.57:191][949]LogContentBrowser: Native class hierarchy updated for 'FPSProject' in 0.0015 seconds. Added 2 classes and 2 folders.
[2018.05.25-04.03.57:193][949]Display: HotReload successful (6 functions remapped  0 scriptstructs remapped)
[2018.05.25-04.03.57:567][949]LogContentBrowser: Native class hierarchy populated in 0.0159 seconds. Added 2455 classes and 562 folders.
[2018.05.25-04.03.57:625][949]Display: HotReload took 21.6s.
[2018.05.25-04.05.08:003][981]LogSlate: Window 'Source Control Login' being destroyed
[2018.05.25-04.29.38:100][939]LogHotReload: New module detected: UE4Editor-FPSProject-493.dll
[2018.05.25-04.29.42:106][952]LogHotReload: Starting Hot-Reload from IDE
[2018.05.25-04.29.42:621][952]LogSlate: Took 0.259567 seconds to synchronously load lazily loaded font '../../../Engine/Content/Slate/Fonts/Roboto-Light.ttf' (167K)
[2018.05.25-04.29.42:899][952]LogContentBrowser: Native class hierarchy updated for 'FPSProject' in 0.0070 seconds. Added 2 classes and 2 folders.
[2018.05.25-04.29.42:902][952]Display: HotReload successful (6 functions remapped  0 scriptstructs remapped)
[2018.05.25-04.29.43:273][952]LogContentBrowser: Native class hierarchy populated in 0.0204 seconds. Added 2455 classes and 562 folders.
[2018.05.25-04.29.43:278][952]Display: HotReload took  1.2s.
[2018.05.25-04.37.47:364][526]LogTemp: Repeating last play command: Selected Viewport
[2018.05.25-04.37.48:687][526]LogPlayLevel: PlayLevel: No blueprints needed recompiling
[2018.05.25-04.37.49:423][526]PIE: New page: PIE session: FPSMaps (May 25, 2018, 8:37:49 PM)
[2018.05.25-04.37.49:512][526]LogPlayLevel: Creating play world package: /Game/Maps/UEDPIE_0_FPSMaps
[2018.05.25-04.37.50:689][526]LogPlayLevel: PIE: StaticDuplicateObject took: (1.176979s)
[2018.05.25-04.37.51:348][526]LogAIModule: Creating AISystem for world FPSMaps
[2018.05.25-04.37.51:407][526]LogPlayLevel: PIE: World Init took: (0.718055s)
[2018.05.25-04.37.51:407][526]LogPlayLevel: PIE: Created PIE world by copying editor world from /Game/Maps/FPSMaps.FPSMaps to /Game/Maps/UEDPIE_0_FPSMaps.FPSMaps (1.895640s)
[2018.05.25-04.37.51:595][526]LogInit: XAudio2 using 'Speakers (Realtek High Definition Audio)' : 2 channels at 48 kHz using 32 bits per sample (channel mask 0x3)
[2018.05.25-04.37.52:326][526]LogInit: FAudioDevice initialized.
[2018.05.25-04.38.00:285][526]LogSkeletalMesh: Skeletal Mesh found in DDC [885.166687ms] /Game/GenericMale/GenericMale.GenericMale
[2018.05.25-04.38.00:551][526]LogLoad: Game class is 'BP_FPSProjectGameModeBase_C'
[2018.05.25-04.38.02:769][526]LogWorld: Bringing World /Game/Maps/UEDPIE_0_FPSMaps.FPSMaps up for play (max tick rate 3) at 2018.05.25-12.38.02
[2018.05.25-04.38.03:172][526]LogWorld: Bringing up level for play took: 0.715519
[2018.05.25-04.38.08:529][526]LogContentBrowser: Native class hierarchy updated for 'MovieSceneCapture' in 0.0018 seconds. Added 11 classes and 0 folders.
[2018.05.25-04.38.11:853][526]PIE: Play in editor start time for /Game/Maps/UEDPIE_0_FPSMaps 22.971
[2018.05.25-04.42.16:687][247]LogHotReload: New module detected: UE4Editor-FPSProject-1888.dll
[2018.05.25-04.56.01:459][215]LogSlate: Window 'FPSProject - Unreal Editor' being destroyed
[2018.05.25-04.56.04:897][216]LogHotReload: Starting Hot-Reload from IDE
[2018.05.25-04.56.05:599][216]LogContentBrowser: Native class hierarchy updated for 'FPSProject' in 0.0015 seconds. Added 2 classes and 2 folders.
[2018.05.25-04.56.05:601][216]Display: HotReload successful (6 functions remapped  0 scriptstructs remapped)
[2018.05.25-04.56.05:774][216]LogContentBrowser: Native class hierarchy populated in 0.0188 seconds. Added 2455 classes and 562 folders.
[2018.05.25-04.56.05:778][216]Display: HotReload took  0.9s.
[2018.05.25-04.56.05:778][216]Cmd: QUIT_EDITOR
[2018.05.25-04.56.08:489][216]LogWindowsTextInputMethodSystem: Display: IME system now deactivated.
[2018.05.25-04.56.09:002][216]LogSlate: Slate User Destroyed.  User Index 0, Is Virtual User: 0
[2018.05.25-04.56.09:117][216]LogExit: Preparing to exit.
[2018.05.25-04.56.11:826][216]LogDirectoryWatcher: A directory notification for 'C:/Users/User/Documents/GitHub Files/UE4 Crash Course/FPSProject/Content/' was aborted.
[2018.05.25-04.56.12:512][216]LogExit: Editor shut down
[2018.05.25-04.56.12:558][216]LogExit: Transaction tracking system shut down
[2018.05.25-04.56.12:558][216]LogUObjectGlobals: Destroyed PersistentFrame Addr=0x000001fb55a3f560, Size=80
[2018.05.25-04.56.12:807][216]LogDirectoryWatcher: A directory notification for '../../../Engine/Content/' was aborted.
[2018.05.25-04.56.12:807][216]LogDirectoryWatcher: A directory notification for '../../../../../../Users/User/Documents/GitHub Files/UE4 Crash Course/FPSProject/Content/' was aborted.
[2018.05.25-04.56.12:807][216]LogDirectoryWatcher: A directory notification for '../../Plugins/2D/Paper2D/Content/' was aborted.
[2018.05.25-04.56.12:807][216]LogDirectoryWatcher: A directory notification for '../../Plugins/Enterprise/DatasmithContent/Content/' was aborted.
[2018.05.25-04.56.12:807][216]LogDirectoryWatcher: A directory notification for '../../Plugins/Media/MediaCompositing/Content/' was aborted.
[2018.05.25-04.56.12:807][216]LogDirectoryWatcher: A directory notification for '../../Plugins/Runtime/AppleARKit/Content/' was aborted.
[2018.05.25-04.56.12:807][216]LogDirectoryWatcher: A directory notification for '../../Plugins/Runtime/Oculus/OculusVR/Content/' was aborted.
[2018.05.25-04.56.12:807][216]LogDirectoryWatcher: A directory notification for '../../Plugins/Runtime/Steam/SteamVR/Content/' was aborted.
[2018.05.25-04.56.27:493][216]LogExit: Object subsystem successfully closed.
[2018.05.25-04.56.46:895][216]LogShaderCompilers: Display: Shaders left to compile 0
[2018.05.25-04.56.48:147][216]LogD3D11RHI: Shutdown
[2018.05.25-04.56.48:147][216]LogD3D11RHI: CleanupD3DDevice
[2018.05.25-04.56.48:219][216]LogD3D11RHI: ~FD3D11DynamicRHI
[2018.05.25-04.57.01:629][216]LogModuleManager: Shutting down and abandoning module FPSProject (577)
[2018.05.25-04.57.01:629][216]LogModuleManager: Shutting down and abandoning module MovieSceneCapture (576)
[2018.05.25-04.57.01:629][216]LogModuleManager: Shutting down and abandoning module HierarchicalLODOutliner (572)
[2018.05.25-04.57.01:630][216]LogModuleManager: Shutting down and abandoning module DesktopPlatform (570)
[2018.05.25-04.57.01:635][216]LogModuleManager: Shutting down and abandoning module SceneOutliner (568)
[2018.05.25-04.57.01:657][216]LogModuleManager: Shutting down and abandoning module AddContentDialog (566)
[2018.05.25-04.57.01:701][216]LogDirectoryWatcher: A directory notification for 'C:/Program Files/Epic Games/UE_4.19/FeaturePacks/' was aborted.
[2018.05.25-04.57.01:709][216]LogModuleManager: Shutting down and abandoning module WidgetCarousel (565)
[2018.05.25-04.57.01:710][216]LogModuleManager: Shutting down and abandoning module EditorWidgets (562)
[2018.05.25-04.57.01:710][216]LogModuleManager: Shutting down and abandoning module CollectionManager (560)
[2018.05.25-04.57.01:736][216]LogDirectoryWatcher: A directory notification for 'C:/Users/User/Documents/GitHub Files/UE4 Crash Course/FPSProject/Content/Collections/' was aborted.
[2018.05.25-04.57.01:736][216]LogDirectoryWatcher: A directory notification for 'C:/Users/User/Documents/GitHub Files/UE4 Crash Course/FPSProject/Content/Developers/User/Collections/' was aborted.
[2018.05.25-04.57.01:736][216]LogDirectoryWatcher: A directory notification for 'C:/Users/User/Documents/GitHub Files/UE4 Crash Course/FPSProject/Saved/Collections/' was aborted.
[2018.05.25-04.57.01:737][216]LogModuleManager: Shutting down and abandoning module LauncherPlatform (558)
[2018.05.25-04.57.01:737][216]LogModuleManager: Shutting down and abandoning module StatsViewer (556)
[2018.05.25-04.57.01:749][216]LogModuleManager: Shutting down and abandoning module FoliageEdit (554)
[2018.05.25-04.57.01:749][216]LogModuleManager: Shutting down and abandoning module LandscapeEditor (552)
[2018.05.25-04.57.01:784][216]LogModuleManager: Shutting down and abandoning module MeshPaintMode (550)
[2018.05.25-04.57.02:152][216]LogModuleManager: Shutting down and abandoning module SceneDepthPickerMode (548)
[2018.05.25-04.57.02:152][216]LogModuleManager: Shutting down and abandoning module ActorPickerMode (546)
[2018.05.25-04.57.02:152][216]LogModuleManager: Shutting down and abandoning module GeometryMode (544)
[2018.05.25-04.57.02:251][216]LogModuleManager: Shutting down and abandoning module TextureAlignMode (542)
[2018.05.25-04.57.02:251][216]LogModuleManager: Shutting down and abandoning module BspMode (540)
[2018.05.25-04.57.02:251][216]LogModuleManager: Shutting down and abandoning module PIEPreviewDeviceProfileSelector (538)
[2018.05.25-04.57.02:251][216]LogModuleManager: Shutting down and abandoning module SequenceRecorderSections (536)
[2018.05.25-04.57.02:269][216]LogModuleManager: Shutting down and abandoning module AutomationWorker (534)
[2018.05.25-04.57.02:280][216]LogModuleManager: Shutting down and abandoning module AudioCaptureEditor (532)
[2018.05.25-04.57.02:280][216]LogModuleManager: Shutting down and abandoning module SequenceRecorder (531)
[2018.05.25-04.57.02:391][216]LogModuleManager: Shutting down and abandoning module MatineeToLevelSequence (528)
[2018.05.25-04.57.02:747][216]LogModuleManager: Shutting down and abandoning module LevelSequenceEditor (526)
[2018.05.25-04.57.03:849][216]LogModuleManager: Shutting down and abandoning module PlacementMode (525)
[2018.05.25-04.57.03:850][216]LogModuleManager: Shutting down and abandoning module MaterialEditor (524)
[2018.05.25-04.57.04:638][216]LogModuleManager: Shutting down and abandoning module WmfMediaFactory (520)
[2018.05.25-04.57.04:638][216]LogModuleManager: Shutting down and abandoning module WmfMediaEditor (518)
[2018.05.25-04.57.04:638][216]LogModuleManager: Shutting down and abandoning module MediaPlayerEditor (516)
[2018.05.25-04.57.04:670][216]LogModuleManager: Shutting down and abandoning module OpenExrWrapper (514)
[2018.05.25-04.57.04:670][216]LogModuleManager: Shutting down and abandoning module ImgMediaFactory (512)
[2018.05.25-04.57.04:670][216]LogModuleManager: Shutting down and abandoning module ImgMediaEditor (510)
[2018.05.25-04.57.04:670][216]LogModuleManager: Shutting down and abandoning module AvfMediaFactory (508)
[2018.05.25-04.57.04:670][216]LogModuleManager: Shutting down and abandoning module AvfMediaEditor (506)
[2018.05.25-04.57.04:670][216]LogModuleManager: Shutting down and abandoning module AndroidMediaFactory (504)
[2018.05.25-04.57.04:670][216]LogModuleManager: Shutting down and abandoning module AndroidMediaEditor (502)
[2018.05.25-04.57.04:670][216]LogModuleManager: Shutting down and abandoning module CharacterAI (500)
[2018.05.25-04.57.04:670][216]LogModuleManager: Shutting down and abandoning module SmartSnapping (498)
[2018.05.25-04.57.04:671][216]LogModuleManager: Shutting down and abandoning module SessionServices (496)
[2018.05.25-04.57.04:671][216]LogModuleManager: Shutting down and abandoning module ViewportSnapping (494)
[2018.05.25-04.57.04:671][216]LogModuleManager: Shutting down and abandoning module ViewportInteraction (492)
[2018.05.25-04.57.04:671][216]LogModuleManager: Shutting down and abandoning module ClothPainter (490)
[2018.05.25-04.57.04:719][216]LogModuleManager: Shutting down and abandoning module SkeletalMeshEditor (489)
[2018.05.25-04.57.04:785][216]LogModuleManager: Shutting down and abandoning module LogVisualizer (486)
[2018.05.25-04.57.05:033][216]LogModuleManager: Shutting down and abandoning module IntroTutorials (484)
[2018.05.25-04.57.05:092][216]LogModuleManager: Shutting down and abandoning module GameProjectGeneration (483)
[2018.05.25-04.57.05:111][216]LogModuleManager: Shutting down and abandoning module IOSPlatformEditor (480)
[2018.05.25-04.57.05:146][216]LogModuleManager: Shutting down and abandoning module HTML5PlatformEditor (478)
[2018.05.25-04.57.05:146][216]LogModuleManager: Shutting down and abandoning module AndroidPlatformEditor (476)
[2018.05.25-04.57.05:146][216]LogModuleManager: Shutting down and abandoning module AndroidDeviceDetection (475)
[2018.05.25-04.57.05:827][216]LogModuleManager: Shutting down and abandoning module WindowsPlatformEditor (472)
[2018.05.25-04.57.05:827][216]LogModuleManager: Shutting down and abandoning module IOSRuntimeSettings (470)
[2018.05.25-04.57.05:827][216]LogModuleManager: Shutting down and abandoning module AndroidRuntimeSettings (468)
[2018.05.25-04.57.05:827][216]LogModuleManager: Shutting down and abandoning module InputBindingEditor (466)
[2018.05.25-04.57.06:244][216]LogModuleManager: Shutting down and abandoning module MergeActors (464)
[2018.05.25-04.57.06:376][216]LogModuleManager: Shutting down and abandoning module LocalizationDashboard (462)
[2018.05.25-04.57.06:731][216]LogModuleManager: Shutting down and abandoning module LocalizationService (461)
[2018.05.25-04.57.06:752][216]LogModuleManager: Shutting down and abandoning module HardwareTargeting (458)
[2018.05.25-04.57.06:752][216]LogModuleManager: Shutting down and abandoning module DeviceProfileEditor (456)
[2018.05.25-04.57.06:756][216]LogModuleManager: Shutting down and abandoning module UndoHistory (454)
[2018.05.25-04.57.06:756][216]LogModuleManager: Shutting down and abandoning module XmlParser (452)
[2018.05.25-04.57.06:768][216]LogModuleManager: Shutting down and abandoning module Blutility (450)
[2018.05.25-04.57.06:768][216]LogModuleManager: Shutting down and abandoning module ProjectSettingsViewer (448)
[2018.05.25-04.57.06:769][216]LogModuleManager: Shutting down and abandoning module ProjectTargetPlatformEditor (447)
[2018.05.25-04.57.06:769][216]LogModuleManager: Shutting down and abandoning module EditorSettingsViewer (444)
[2018.05.25-04.57.06:769][216]LogModuleManager: Shutting down and abandoning module SettingsEditor (442)
[2018.05.25-04.57.07:243][216]LogModuleManager: Shutting down and abandoning module ProjectLauncher (440)
[2018.05.25-04.57.07:263][216]LogModuleManager: Shutting down and abandoning module SessionFrontend (438)
[2018.05.25-04.57.07:380][216]LogModuleManager: Shutting down and abandoning module ProfilerClient (436)
[2018.05.25-04.57.07:410][216]LogModuleManager: Shutting down and abandoning module DeviceManager (434)
[2018.05.25-04.57.07:416][216]LogModuleManager: Shutting down and abandoning module TargetDeviceServices (433)
[2018.05.25-04.57.07:482][216]LogModuleManager: Shutting down and abandoning module AutomationController (430)
[2018.05.25-04.57.07:959][216]LogModuleManager: Shutting down and abandoning module AutomationWindow (428)
[2018.05.25-04.57.08:080][216]LogModuleManager: Shutting down and abandoning module Layers (426)
[2018.05.25-04.57.08:424][216]LogModuleManager: Shutting down and abandoning module ComponentVisualizers (424)
[2018.05.25-04.57.08:424][216]LogModuleManager: Shutting down and abandoning module DetailCustomizations (422)
[2018.05.25-04.57.08:529][216]LogModuleManager: Shutting down and abandoning module PackagesDialog (420)
[2018.05.25-04.57.08:663][216]LogModuleManager: Shutting down and abandoning module Persona (418)
[2018.05.25-04.57.09:018][216]LogModuleManager: Shutting down and abandoning module AdvancedPreviewScene (417)
[2018.05.25-04.57.09:018][216]LogModuleManager: Shutting down and abandoning module AnimGraph (415)
[2018.05.25-04.57.09:018][216]LogModuleManager: Shutting down and abandoning module Kismet (412)
[2018.05.25-04.57.09:039][216]LogModuleManager: Shutting down and abandoning module GraphEditor (410)
[2018.05.25-04.57.09:119][216]LogModuleManager: Shutting down and abandoning module ClassViewer (408)
[2018.05.25-04.57.09:119][216]LogModuleManager: Shutting down and abandoning module Toolbox (406)
[2018.05.25-04.57.09:119][216]LogModuleManager: Shutting down and abandoning module ModuleUI (404)
[2018.05.25-04.57.09:221][216]LogModuleManager: Shutting down and abandoning module MovieSceneTools (402)
[2018.05.25-04.57.09:596][216]LogModuleManager: Shutting down and abandoning module OutputLog (400)
[2018.05.25-04.57.09:718][216]LogModuleManager: Shutting down and abandoning module GammaUI (398)
[2018.05.25-04.57.09:726][216]LogModuleManager: Shutting down and abandoning module Documentation (396)
[2018.05.25-04.57.09:727][216]LogModuleManager: Shutting down and abandoning module MovieSceneTracks (394)
[2018.05.25-04.57.09:727][216]LogModuleManager: Shutting down and abandoning module MovieScene (392)
[2018.05.25-04.57.09:727][216]LogModuleManager: Shutting down and abandoning module StreamingPauseRendering (390)
[2018.05.25-04.57.09:727][216]LogModuleManager: Shutting down and abandoning module PortalServices (388)
[2018.05.25-04.57.09:727][216]LogModuleManager: Shutting down and abandoning module PortalRpc (386)
[2018.05.25-04.57.09:727][216]LogModuleManager: Shutting down and abandoning module MessagingRpc (384)
[2018.05.25-04.57.09:727][216]LogModuleManager: Shutting down and abandoning module AIModule (382)
[2018.05.25-04.57.09:727][216]LogModuleManager: Shutting down and abandoning module GameplayDebugger (381)
[2018.05.25-04.57.09:727][216]LogModuleManager: Shutting down and abandoning module AITestSuite (379)
[2018.05.25-04.57.09:735][216]LogModuleManager: Shutting down and abandoning module ProfilerService (376)
[2018.05.25-04.57.09:886][216]LogModuleManager: Shutting down and abandoning module TaskGraph (374)
[2018.05.25-04.57.10:063][216]LogModuleManager: Shutting down and abandoning module SteamVRController (372)
[2018.05.25-04.57.10:063][216]LogModuleManager: Shutting down and abandoning module ProceduralMeshComponentEditor (370)
[2018.05.25-04.57.10:063][216]LogModuleManager: Shutting down and abandoning module ProceduralMeshComponent (368)
[2018.05.25-04.57.10:119][216]LogModuleManager: Shutting down and abandoning module OculusInput (366)
[2018.05.25-04.57.10:158][216]LogModuleManager: Shutting down and abandoning module MobilePatchingUtils (364)
[2018.05.25-04.57.10:158][216]LogModuleManager: Shutting down and abandoning module CustomMeshComponent (362)
[2018.05.25-04.57.10:158][216]LogModuleManager: Shutting down and abandoning module CableComponent (360)
[2018.05.25-04.57.10:190][216]LogModuleManager: Shutting down and abandoning module AudioCapture (358)
[2018.05.25-04.57.10:190][216]LogModuleManager: Shutting down and abandoning module ArchVisCharacter (356)
[2018.05.25-04.57.10:190][216]LogModuleManager: Shutting down and abandoning module AndroidPermission (354)
[2018.05.25-04.57.10:190][216]LogModuleManager: Shutting down and abandoning module NUTUnrealEngine4 (350)
[2018.05.25-04.57.10:190][216]LogModuleManager: Shutting down and abandoning module NetcodeUnitTest (348)
[2018.05.25-04.57.10:271][216]LogModuleManager: Shutting down and abandoning module MediaCompositingEditor (346)
[2018.05.25-04.57.10:271][216]LogModuleManager: Shutting down and abandoning module MediaCompositing (344)
[2018.05.25-04.57.10:271][216]LogModuleManager: Shutting down and abandoning module LinearTimecode (342)
[2018.05.25-04.57.10:271][216]LogModuleManager: Shutting down and abandoning module ImgMedia (340)
[2018.05.25-04.57.10:290][216]LogModuleManager: Shutting down and abandoning module HTML5Networking (338)
[2018.05.25-04.57.10:291][216]LogModuleManager: Shutting down and abandoning module AlembicImporter (336)
[2018.05.25-04.57.10:409][216]LogModuleManager: Shutting down and abandoning module AlembicLibrary (335)
[2018.05.25-04.57.10:409][216]LogModuleManager: Shutting down and abandoning module GeometryCache (334)
[2018.05.25-04.57.10:409][216]LogModuleManager: Shutting down and abandoning module GeometryCacheEd (333)
[2018.05.25-04.57.10:409][216]LogModuleManager: Shutting down and abandoning module DatasmithContent (328)
[2018.05.25-04.57.10:409][216]LogModuleManager: Shutting down and abandoning module SpeedTreeImporter (326)
[2018.05.25-04.57.10:409][216]LogModuleManager: Shutting down and abandoning module PluginBrowser (324)
[2018.05.25-04.57.10:990][216]LogModuleManager: Shutting down and abandoning module MobileLauncherProfileWizard (322)
[2018.05.25-04.57.11:306][216]LogModuleManager: Shutting down and abandoning module CryptoKeysOpenSSL (320)
[2018.05.25-04.57.11:324][216]LogModuleManager: Shutting down and abandoning module CryptoKeys (318)
[2018.05.25-04.57.11:324][216]LogModuleManager: Shutting down and abandoning module VisualStudioSourceCodeAccess (316)
[2018.05.25-04.57.11:324][216]LogModuleManager: Shutting down and abandoning module VisualStudioCodeSourceCodeAccess (314)
[2018.05.25-04.57.11:324][216]LogModuleManager: Shutting down and abandoning module UObjectPlugin (312)
[2018.05.25-04.57.11:324][216]LogModuleManager: Shutting down and abandoning module SubversionSourceControl (310)
[2018.05.25-04.57.11:336][216]LogModuleManager: Shutting down and abandoning module PerforceSourceControl (308)
[2018.05.25-04.57.11:798][216]LogModuleManager: Shutting down and abandoning module GitSourceControl (306)
[2018.05.25-04.57.11:798][216]LogModuleManager: Shutting down and abandoning module SourceControl (305)
[2018.05.25-04.57.11:798][216]LogModuleManager: Shutting down and abandoning module CLionSourceCodeAccess (302)
[2018.05.25-04.57.11:819][216]LogModuleManager: Shutting down and abandoning module LightPropagationVolumeEditor (300)
[2018.05.25-04.57.11:819][216]LogModuleManager: Shutting down and abandoning module PaperTiledImporter (298)
[2018.05.25-04.57.11:819][216]LogModuleManager: Shutting down and abandoning module PaperSpriteSheetImporter (296)
[2018.05.25-04.57.11:819][216]LogModuleManager: Shutting down and abandoning module Paper2DEditor (294)
[2018.05.25-04.57.11:851][216]LogModuleManager: Shutting down and abandoning module MeshPaint (293)
[2018.05.25-04.57.11:859][216]LogModuleManager: Shutting down and abandoning module RuntimePhysXCooking (288)
[2018.05.25-04.57.11:859][216]LogModuleManager: Shutting down and abandoning module PhysXVehiclesEditor (286)
[2018.05.25-04.57.11:859][216]LogModuleManager: Shutting down and abandoning module PhysXVehicles (284)
[2018.05.25-04.57.11:859][216]LogModuleManager: Shutting down and abandoning module OculusEditor (282)
[2018.05.25-04.57.11:859][216]LogModuleManager: Shutting down and abandoning module LocationServicesBPLibrary (280)
[2018.05.25-04.57.11:859][216]LogModuleManager: Shutting down and abandoning module ImmediatePhysicsEditor (278)
[2018.05.25-04.57.11:859][216]LogModuleManager: Shutting down and abandoning module ImmediatePhysics (276)
[2018.05.25-04.57.11:860][216]LogModuleManager: Shutting down and abandoning module ActorSequence (274)
[2018.05.25-04.57.11:860][216]LogModuleManager: Shutting down and abandoning module UdpMessaging (272)
[2018.05.25-04.57.11:987][216]LogModuleManager: Shutting down and abandoning module TcpMessaging (270)
[2018.05.25-04.57.12:092][216]LogModuleManager: Shutting down and abandoning module GameplayTagsEditor (268)
[2018.05.25-04.57.12:154][216]LogModuleManager: Shutting down and abandoning module FacialAnimationEditor (266)
[2018.05.25-04.57.12:154][216]LogModuleManager: Shutting down and abandoning module FacialAnimation (264)
[2018.05.25-04.57.12:154][216]LogModuleManager: Shutting down and abandoning module DataValidation (262)
[2018.05.25-04.57.12:154][216]LogModuleManager: Shutting down and abandoning module AssetManagerEditor (260)
[2018.05.25-04.57.12:354][216]LogModuleManager: Shutting down and abandoning module LevelEditor (259)
[2018.05.25-04.57.12:676][216]LogModuleManager: Shutting down and abandoning module PixelInspectorModule (258)
[2018.05.25-04.57.12:940][216]LogModuleManager: Shutting down and abandoning module CommonMenuExtensions (256)
[2018.05.25-04.57.12:940][216]LogModuleManager: Shutting down and abandoning module MainFrame (254)
[2018.05.25-04.57.12:940][216]LogModuleManager: Shutting down and abandoning module HotReload (253)
[2018.05.25-04.57.12:940][216]LogDirectoryWatcher: A directory notification for 'C:/Users/User/Documents/GitHub Files/UE4 Crash Course/FPSProject/Binaries/Win64' was aborted.
[2018.05.25-04.59.53:820][216]LogModuleManager: Shutting down and abandoning module ContentBrowser (249)
[2018.05.25-04.59.53:822][216]LogModuleManager: Shutting down and abandoning module TreeMap (247)
[2018.05.25-04.59.55:470][216]LogModuleManager: Shutting down and abandoning module LightPropagationVolumeRuntime (244)
[2018.05.25-04.59.55:470][216]LogModuleManager: Shutting down and abandoning module LiveLinkEditor (242)
[2018.05.25-04.59.58:999][216]LogModuleManager: Shutting down and abandoning module LiveLink (240)
[2018.05.25-04.59.59:507][216]LogModuleManager: Shutting down and abandoning module Paper2D (238)
[2018.05.25-05.00.01:194][216]LogModuleManager: Shutting down and abandoning module WindowsMoviePlayer (236)
[2018.05.25-05.00.01:249][216]LogModuleManager: Shutting down and abandoning module WmfMedia (234)
[2018.05.25-05.00.01:326][216]LogModuleManager: Shutting down and abandoning module Media (233)
[2018.05.25-05.00.01:332][216]LogModuleManager: Shutting down and abandoning module PacketHandler (230)
[2018.05.25-05.00.01:332][216]LogModuleManager: Shutting down and abandoning module ClothingSystemEditor (228)
[2018.05.25-05.00.01:333][216]LogModuleManager: Shutting down and abandoning module ClothingSystemRuntime (226)
[2018.05.25-05.00.03:366][216]LogModuleManager: Shutting down and abandoning module MediaAssets (224)
[2018.05.25-05.00.03:366][216]LogModuleManager: Shutting down and abandoning module Overlay (222)
[2018.05.25-05.00.03:366][216]LogModuleManager: Shutting down and abandoning module OverlayEditor (221)
[2018.05.25-05.00.03:366][216]LogModuleManager: Shutting down and abandoning module VREditor (218)
[2018.05.25-05.00.03:410][216]LogModuleManager: Shutting down and abandoning module StringTableEditor (216)
[2018.05.25-05.00.03:410][216]LogModuleManager: Shutting down and abandoning module GameplayTasksEditor (214)
[2018.05.25-05.00.03:410][216]LogModuleManager: Shutting down and abandoning module BehaviorTreeEditor (212)
[2018.05.25-05.00.09:366][216]LogModuleManager: Shutting down and abandoning module FunctionalTesting (210)
[2018.05.25-05.00.16:815][216]LogModuleManager: Shutting down and abandoning module CollisionAnalyzer (208)
[2018.05.25-05.00.19:701][216]LogModuleManager: Shutting down and abandoning module WorkspaceMenuStructure (207)
[2018.05.25-05.00.19:701][216]LogModuleManager: Shutting down and abandoning module UMG (204)
[2018.05.25-05.00.19:854][216]LogModuleManager: Shutting down and abandoning module UMGEditor (203)
[2018.05.25-05.00.21:974][216]LogModuleManager: Shutting down and abandoning module Sequencer (202)
[2018.05.25-05.00.22:230][216]LogModuleManager: Shutting down and abandoning module MessageLog (199)
[2018.05.25-05.00.22:230][216]LogModuleManager: Shutting down and abandoning module SlateReflector (194)
[2018.05.25-05.00.22:883][216]LogModuleManager: Shutting down and abandoning module Slate (192)
[2018.05.25-05.00.22:883][216]LogModuleManager: Shutting down and abandoning module EditorStyle (190)
[2018.05.25-05.00.23:515][216]LogModuleManager: Shutting down and abandoning module MRMesh (188)
[2018.05.25-05.00.23:515][216]LogModuleManager: Shutting down and abandoning module SourceCodeAccess (186)
[2018.05.25-05.00.23:515][216]LogModuleManager: Shutting down and abandoning module HeadMountedDisplay (184)
[2018.05.25-05.00.23:515][216]LogModuleManager: Shutting down and abandoning module XAudio2 (182)
[2018.05.25-05.00.23:515][216]LogModuleManager: Shutting down and abandoning module Networking (180)
[2018.05.25-05.00.23:515][216]LogModuleManager: Shutting down and abandoning module Core (178)
[2018.05.25-05.00.23:515][216]LogModuleManager: Shutting down and abandoning module LevelSequence (176)
[2018.05.25-05.00.23:560][216]LogModuleManager: Shutting down and abandoning module KismetCompiler (174)
[2018.05.25-05.00.23:560][216]LogModuleManager: Shutting down and abandoning module MeshUtilities (172)
[2018.05.25-05.00.23:955][216]LogModuleManager: Shutting down and abandoning module MeshMergeUtilities (171)
[2018.05.25-05.00.23:955][216]LogModuleManager: Shutting down and abandoning module MeshReductionInterface (170)
[2018.05.25-05.00.23:955][216]LogModuleManager: Shutting down and abandoning module SimplygonSwarm (169)
[2018.05.25-05.00.24:054][216]LogModuleManager: Shutting down and abandoning module SimplygonMeshReduction (167)
[2018.05.25-05.00.24:125][216]LogModuleManager: Shutting down and abandoning module QuadricMeshReduction (165)
[2018.05.25-05.00.24:245][216]LogModuleManager: Shutting down and abandoning module MaterialBaking (161)
[2018.05.25-05.00.24:714][216]LogModuleManager: Shutting down and abandoning module DirectoryWatcher (157)
[2018.05.25-05.00.24:745][216]LogModuleManager: Shutting down and abandoning module DerivedDataCache (154)
[2018.05.25-05.00.24:858][216]LogDerivedDataCache: Shutdown
[2018.05.25-05.00.24:858][216]LogModuleManager: Shutting down and abandoning module XGEController (152)
[2018.05.25-05.00.24:858][216]LogXGEController: Cleaning working directory: C:/Users/User/AppData/Local/Temp/UnrealXGEWorkingDir/
[2018.05.25-05.00.24:859][216]LogModuleManager: Shutting down and abandoning module TargetPlatform (150)
[2018.05.25-05.00.24:859][216]LogModuleManager: Shutting down and abandoning module VulkanShaderFormat (149)
[2018.05.25-05.00.25:060][216]LogModuleManager: Shutting down and abandoning module ShaderFormatVectorVM (147)
[2018.05.25-05.00.25:264][216]LogModuleManager: Shutting down and abandoning module ShaderFormatOpenGL (145)
[2018.05.25-05.00.25:276][216]LogModuleManager: Shutting down and abandoning module ShaderFormatD3D (143)
[2018.05.25-05.00.25:291][216]LogModuleManager: Shutting down and abandoning module MetalShaderFormat (141)
[2018.05.25-05.00.25:311][216]LogModuleManager: Shutting down and abandoning module TextureFormatUncompressed (139)
[2018.05.25-05.00.25:312][216]LogModuleManager: Shutting down and abandoning module TextureFormatPVR (137)
[2018.05.25-05.00.25:312][216]LogModuleManager: Shutting down and abandoning module TextureFormatDXT (135)
[2018.05.25-05.00.25:312][216]LogModuleManager: Shutting down and abandoning module TextureFormatIntelISPCTexComp (133)
[2018.05.25-05.00.25:321][216]LogModuleManager: Shutting down and abandoning module TextureFormatASTC (131)
[2018.05.25-05.00.25:322][216]LogModuleManager: Shutting down and abandoning module ImageWrapper (130)
[2018.05.25-05.00.25:322][216]LogModuleManager: Shutting down and abandoning module TextureFormatAndroid (127)
[2018.05.25-05.00.25:322][216]LogModuleManager: Shutting down and abandoning module AudioFormatOpus (125)
[2018.05.25-05.00.25:322][216]LogModuleManager: Shutting down and abandoning module AudioFormatOgg (123)
[2018.05.25-05.00.25:322][216]LogModuleManager: Shutting down and abandoning module AudioFormatADPCM (121)
[2018.05.25-05.00.25:322][216]LogModuleManager: Shutting down and abandoning module LinuxTargetPlatform (119)
[2018.05.25-05.00.25:322][216]LogModuleManager: Shutting down and abandoning module LinuxServerTargetPlatform (117)
[2018.05.25-05.00.25:322][216]LogModuleManager: Shutting down and abandoning module LinuxNoEditorTargetPlatform (115)
[2018.05.25-05.00.25:322][216]LogModuleManager: Shutting down and abandoning module LinuxClientTargetPlatform (113)
[2018.05.25-05.00.25:322][216]LogModuleManager: Shutting down and abandoning module TVOSTargetPlatform (111)
[2018.05.25-05.00.25:322][216]LogModuleManager: Shutting down and abandoning module Messaging (109)
[2018.05.25-05.00.25:322][216]LogModuleManager: Shutting down and abandoning module IOSTargetPlatform (107)
[2018.05.25-05.00.25:322][216]LogModuleManager: Shutting down and abandoning module HTML5TargetPlatform (105)
[2018.05.25-05.00.25:322][216]LogModuleManager: Shutting down and abandoning module AndroidTargetPlatform (103)
[2018.05.25-05.00.25:322][216]LogModuleManager: Shutting down and abandoning module Android_PVRTCTargetPlatform (101)
[2018.05.25-05.00.25:323][216]LogModuleManager: Shutting down and abandoning module Android_MultiTargetPlatform (99)
[2018.05.25-05.00.25:323][216]LogModuleManager: Shutting down and abandoning module Android_ETC2TargetPlatform (97)
[2018.05.25-05.00.25:323][216]LogModuleManager: Shutting down and abandoning module Android_ETC1TargetPlatform (95)
[2018.05.25-05.00.25:323][216]LogModuleManager: Shutting down and abandoning module Android_ETC1aTargetPlatform (93)
[2018.05.25-05.00.25:323][216]LogModuleManager: Shutting down and abandoning module Android_DXTTargetPlatform (91)
[2018.05.25-05.00.25:323][216]LogModuleManager: Shutting down and abandoning module Android_ATCTargetPlatform (89)
[2018.05.25-05.00.25:323][216]LogModuleManager: Shutting down and abandoning module Android_ASTCTargetPlatform (87)
[2018.05.25-05.00.25:323][216]LogModuleManager: Shutting down and abandoning module WindowsTargetPlatform (85)
[2018.05.25-05.00.25:323][216]LogModuleManager: Shutting down and abandoning module WindowsServerTargetPlatform (83)
[2018.05.25-05.00.25:323][216]LogModuleManager: Shutting down and abandoning module WindowsNoEditorTargetPlatform (81)
[2018.05.25-05.00.25:323][216]LogModuleManager: Shutting down and abandoning module WindowsClientTargetPlatform (79)
[2018.05.25-05.00.25:323][216]LogModuleManager: Shutting down and abandoning module MacTargetPlatform (77)
[2018.05.25-05.00.25:323][216]LogModuleManager: Shutting down and abandoning module MacServerTargetPlatform (75)
[2018.05.25-05.00.25:323][216]LogModuleManager: Shutting down and abandoning module MacNoEditorTargetPlatform (73)
[2018.05.25-05.00.25:323][216]LogModuleManager: Shutting down and abandoning module MacClientTargetPlatform (71)
[2018.05.25-05.00.25:324][216]LogModuleManager: Shutting down and abandoning module AllDesktopTargetPlatform (69)
[2018.05.25-05.00.25:324][216]LogModuleManager: Shutting down and abandoning module InputCore (66)
[2018.05.25-05.00.25:324][216]LogModuleManager: Shutting down and abandoning module Settings (64)
[2018.05.25-05.00.25:324][216]LogModuleManager: Shutting down and abandoning module PhysXCooking (62)
[2018.05.25-05.00.25:324][216]LogModuleManager: Shutting down and abandoning module SteamVR (60)
[2018.05.25-05.00.25:324][216]LogModuleManager: Shutting down and abandoning module OculusHMD (58)
[2018.05.25-05.00.25:381][216]LogModuleManager: Shutting down and abandoning module ExampleDeviceProfileSelector (56)
[2018.05.25-05.00.25:381][216]LogModuleManager: Shutting down and abandoning module AppleARKit (54)
[2018.05.25-05.00.25:381][216]LogModuleManager: Shutting down and abandoning module AugmentedReality (51)
[2018.05.25-05.00.25:381][216]LogModuleManager: Shutting down and abandoning module OnlineBlueprintSupport (48)
[2018.05.25-05.00.25:381][216]LogModuleManager: Shutting down and abandoning module OnlineSubsystem (44)
[2018.05.25-05.00.25:472][216]LogModuleManager: Shutting down and abandoning module XMPP (43)
[2018.05.25-05.00.25:586][216]LogModuleManager: Shutting down and abandoning module HTTP (41)
[2018.05.25-05.00.25:961][216]LogModuleManager: Shutting down and abandoning module SSL (40)
[2018.05.25-05.00.26:079][216]LogModuleManager: Shutting down and abandoning module AnimationModifiers (36)
[2018.05.25-05.00.26:109][216]LogModuleManager: Shutting down and abandoning module PropertyEditor (35)
[2018.05.25-05.00.27:195][216]LogModuleManager: Shutting down and abandoning module AudioEditor (32)
[2018.05.25-05.00.27:322][216]LogModuleManager: Shutting down and abandoning module TextureCompressor (30)
[2018.05.25-05.00.27:865][216]LogModuleManager: Shutting down and abandoning module ShaderCore (28)
[2018.05.25-05.00.27:865][216]LogModuleManager: Shutting down and abandoning module Landscape (26)
[2018.05.25-05.00.27:865][216]LogModuleManager: Shutting down and abandoning module SlateRHIRenderer (24)
[2018.05.25-05.00.27:918][216]LogModuleManager: Shutting down and abandoning module OpenGLDrv (22)
[2018.05.25-05.00.28:243][216]LogModuleManager: Shutting down and abandoning module D3D11RHI (20)
[2018.05.25-05.00.28:243][216]LogModuleManager: Shutting down and abandoning module AnimGraphRuntime (18)
[2018.05.25-05.00.28:636][216]LogModuleManager: Shutting down and abandoning module Renderer (16)
[2018.05.25-05.00.28:636][216]LogModuleManager: Shutting down and abandoning module Engine (14)
[2018.05.25-05.00.28:636][216]LogModuleManager: Shutting down and abandoning module CoreUObject (12)
[2018.05.25-05.00.28:636][216]LogModuleManager: Shutting down and abandoning module NetworkFile (10)
[2018.05.25-05.00.28:783][216]LogModuleManager: Shutting down and abandoning module CookedIterativeFile (8)
[2018.05.25-05.00.28:783][216]LogModuleManager: Shutting down and abandoning module StreamingFile (6)
[2018.05.25-05.00.28:817][216]LogModuleManager: Shutting down and abandoning module SandboxFile (4)
[2018.05.25-05.00.28:826][216]LogModuleManager: Shutting down and abandoning module PakFile (2)
[2018.05.25-05.00.28:867][216]LogExit: Exiting.
[2018.05.25-05.04.15:246][216]Log file closed, 05/25/18 13:04:15
