Log file open, 05/20/18 22:45:08
LogWindows: Failed to load 'aqProf.dll' (GetLastError=126)
LogWindows: File 'aqProf.dll' does not exist
LogWindows: Failed to load 'VtuneApi.dll' (GetLastError=126)
LogWindows: File 'VtuneApi.dll' does not exist
LogWindows: Failed to load 'VtuneApi32e.dll' (GetLastError=126)
LogWindows: File 'VtuneApi32e.dll' does not exist
LogInit: Display: Running engine for game: FPSProject
LogPlatformFile: Not using cached read wrapper
LogInit: Display: RandInit(1914031115) SRandInit(1914031116).
LogInit: Read version file with build ID '3944462'
LogInit: Overriding engine version to CL 4033788, compatible CL 3944462
LogInit: Registered custom module enumerator with build ID '3944462'
LogTaskGraph: Started task graph with 5 named threads and 14 total threads with 3 sets of task threads.
LogStats: Stats thread started at 0.204988
LogD3D11RHI: Aftermath initialized
LogICUInternationalization: Display: ICU TimeZone Detection - Raw Offset: +8:00, Platform Override: ''
LogPluginManager: Mounting plugin Paper2D
LogPluginManager: Mounting plugin LiveLink
LogPluginManager: Mounting plugin LightPropagationVolume
LogPluginManager: Mounting plugin CLionSourceCodeAccess
LogPluginManager: Mounting plugin CodeLiteSourceCodeAccess
LogPluginManager: Mounting plugin GitSourceControl
LogPluginManager: Mounting plugin KDevelopSourceCodeAccess
LogPluginManager: Mounting plugin NullSourceCodeAccess
LogPluginManager: Mounting plugin PerforceSourceControl
LogPluginManager: Mounting plugin SubversionSourceControl
LogPluginManager: Mounting plugin UObjectPlugin
LogPluginManager: Mounting plugin VisualStudioCodeSourceCodeAccess
LogPluginManager: Mounting plugin VisualStudioSourceCodeAccess
LogPluginManager: Mounting plugin XCodeSourceCodeAccess
LogPluginManager: Mounting plugin AssetManagerEditor
LogPluginManager: Mounting plugin CryptoKeys
LogPluginManager: Mounting plugin DataValidation
LogPluginManager: Mounting plugin FacialAnimation
LogPluginManager: Mounting plugin GameplayTagsEditor
LogPluginManager: Mounting plugin MobileLauncherProfileWizard
LogPluginManager: Mounting plugin PluginBrowser
LogPluginManager: Mounting plugin SpeedTreeImporter
LogPluginManager: Mounting plugin DatasmithContent
LogPluginManager: Mounting plugin AlembicImporter
LogPluginManager: Mounting plugin CharacterAI
LogPluginManager: Mounting plugin HTML5Networking
LogPluginManager: Mounting plugin AndroidMedia
LogPluginManager: Mounting plugin AvfMedia
LogPluginManager: Mounting plugin ImgMedia
LogPluginManager: Mounting plugin LinearTimecode
LogPluginManager: Mounting plugin MediaCompositing
LogPluginManager: Mounting plugin MediaPlayerEditor
LogPluginManager: Mounting plugin WmfMedia
LogPluginManager: Mounting plugin TcpMessaging
LogPluginManager: Mounting plugin UdpMessaging
LogPluginManager: Mounting plugin ActorSequence
LogPluginManager: Mounting plugin LevelSequenceEditor
LogPluginManager: Mounting plugin MatineeToLevelSequence
LogPluginManager: Mounting plugin NetcodeUnitTest
LogPluginManager: Mounting plugin NUTUnrealEngine4
LogPluginManager: Mounting plugin OnlineSubsystemGooglePlay
LogPluginManager: Mounting plugin OnlineSubsystemIOS
LogPluginManager: Mounting plugin OnlineSubsystem
LogPluginManager: Mounting plugin OnlineSubsystemNull
LogPluginManager: Mounting plugin OnlineSubsystemUtils
LogPluginManager: Mounting plugin AndroidDeviceProfileSelector
LogPluginManager: Mounting plugin AndroidMoviePlayer
LogPluginManager: Mounting plugin AndroidPermission
LogPluginManager: Mounting plugin AppleARKit
LogPluginManager: Mounting plugin AppleMoviePlayer
LogPluginManager: Mounting plugin ArchVisCharacter
LogPluginManager: Mounting plugin AudioCapture
LogPluginManager: Mounting plugin CableComponent
LogPluginManager: Mounting plugin CustomMeshComponent
LogPluginManager: Mounting plugin ExampleDeviceProfileSelector
LogPluginManager: Mounting plugin GoogleCloudMessaging
LogPluginManager: Mounting plugin ImmediatePhysics
LogPluginManager: Mounting plugin IOSDeviceProfileSelector
LogPluginManager: Mounting plugin LinuxDeviceProfileSelector
LogPluginManager: Mounting plugin LocationServicesBPLibrary
LogPluginManager: Mounting plugin MobilePatchingUtils
LogPluginManager: Mounting plugin OculusVR
LogPluginManager: Plugin shader directory ../../../Engine/Plugins/Runtime/Oculus/OculusVR/Shaders found
LogPluginManager: Mapping shader source directory ../../../Engine/Plugins/Runtime/Oculus/OculusVR/Shaders to virtual directory /Plugin/OculusVR
LogPluginManager: Mounting plugin PhysXVehicles
LogPluginManager: Mounting plugin ProceduralMeshComponent
LogPluginManager: Mounting plugin RuntimePhysXCooking
LogPluginManager: Mounting plugin SteamVR
LogPluginManager: Mounting plugin WindowsMoviePlayer
LogStreaming: Display: Took  0.255s to configure plugins.
LogModuleManager: Display: Found up-to-date module file ../../../../../../Users/User/Documents/GitHub Files/UE4 Crash Course/FPSProject/Binaries/Win64/UE4Editor-FPSProject-9516.dll (API version 3944462).
LogModuleManager: Display: Found up-to-date module file ../../../Engine/Plugins/2D/Paper2D/Binaries/Win64/UE4Editor-Paper2D.dll (API version 3944462).
LogModuleManager: Display: Found up-to-date module file ../../../Engine/Plugins/2D/Paper2D/Binaries/Win64/UE4Editor-Paper2DEditor.dll (API version 3944462).
LogModuleManager: Display: Found up-to-date module file ../../../Engine/Plugins/2D/Paper2D/Binaries/Win64/UE4Editor-PaperSpriteSheetImporter.dll (API version 3944462).
LogModuleManager: Display: Found up-to-date module file ../../../Engine/Plugins/2D/Paper2D/Binaries/Win64/UE4Editor-PaperTiledImporter.dll (API version 3944462).
LogModuleManager: Display: Found up-to-date module file ../../../Engine/Plugins/2D/Paper2D/Binaries/Win64/UE4Editor-SmartSnapping.dll (API version 3944462).
LogModuleManager: Display: Found up-to-date module file ../../../Engine/Plugins/Animation/LiveLink/Binaries/Win64/UE4Editor-LiveLink.dll (API version 3944462).
LogModuleManager: Display: Found up-to-date module file ../../../Engine/Plugins/Animation/LiveLink/Binaries/Win64/UE4Editor-LiveLinkEditor.dll (API version 3944462).
LogModuleManager: Display: Found up-to-date module file ../../../Engine/Plugins/Blendables/LightPropagationVolume/Binaries/Win64/UE4Editor-LightPropagationVolumeRuntime.dll (API version 3944462).
LogModuleManager: Display: Found up-to-date module file ../../../Engine/Plugins/Blendables/LightPropagationVolume/Binaries/Win64/UE4Editor-LightPropagationVolumeEditor.dll (API version 3944462).
LogModuleManager: Display: Found up-to-date module file ../../../Engine/Plugins/Developer/CLionSourceCodeAccess/Binaries/Win64/UE4Editor-CLionSourceCodeAccess.dll (API version 3944462).
LogModuleManager: Display: Found up-to-date module file ../../../Engine/Plugins/Developer/GitSourceControl/Binaries/Win64/UE4Editor-GitSourceControl.dll (API version 3944462).
LogModuleManager: Display: Found up-to-date module file ../../../Engine/Plugins/Developer/PerforceSourceControl/Binaries/Win64/UE4Editor-PerforceSourceControl.dll (API version 3944462).
LogModuleManager: Display: Found up-to-date module file ../../../Engine/Plugins/Developer/SubversionSourceControl/Binaries/Win64/UE4Editor-SubversionSourceControl.dll (API version 3944462).
LogModuleManager: Display: Found up-to-date module file ../../../Engine/Plugins/Developer/UObjectPlugin/Binaries/Win64/UE4Editor-UObjectPlugin.dll (API version 3944462).
LogModuleManager: Display: Found up-to-date module file ../../../Engine/Plugins/Developer/VisualStudioCodeSourceCodeAccess/Binaries/Win64/UE4Editor-VisualStudioCodeSourceCodeAccess.dll (API version 3944462).
LogModuleManager: Display: Found up-to-date module file ../../../Engine/Plugins/Developer/VisualStudioSourceCodeAccess/Binaries/Win64/UE4Editor-VisualStudioSourceCodeAccess.dll (API version 3944462).
LogModuleManager: Display: Found up-to-date module file ../../../Engine/Plugins/Editor/AssetManagerEditor/Binaries/Win64/UE4Editor-AssetManagerEditor.dll (API version 3944462).
LogModuleManager: Display: Found up-to-date module file ../../../Engine/Plugins/Editor/CryptoKeys/Binaries/Win64/UE4Editor-CryptoKeys.dll (API version 3944462).
LogModuleManager: Display: Found up-to-date module file ../../../Engine/Plugins/Editor/CryptoKeys/Binaries/Win64/UE4Editor-CryptoKeysOpenSSL.dll (API version 3944462).
LogModuleManager: Display: Found up-to-date module file ../../../Engine/Plugins/Editor/DataValidation/Binaries/Win64/UE4Editor-DataValidation.dll (API version 3944462).
LogModuleManager: Display: Found up-to-date module file ../../../Engine/Plugins/Editor/FacialAnimation/Binaries/Win64/UE4Editor-FacialAnimation.dll (API version 3944462).
LogModuleManager: Display: Found up-to-date module file ../../../Engine/Plugins/Editor/FacialAnimation/Binaries/Win64/UE4Editor-FacialAnimationEditor.dll (API version 3944462).
LogModuleManager: Display: Found up-to-date module file ../../../Engine/Plugins/Editor/GameplayTagsEditor/Binaries/Win64/UE4Editor-GameplayTagsEditor.dll (API version 3944462).
LogModuleManager: Display: Found up-to-date module file ../../../Engine/Plugins/Editor/MobileLauncherProfileWizard/Binaries/Win64/UE4Editor-MobileLauncherProfileWizard.dll (API version 3944462).
LogModuleManager: Display: Found up-to-date module file ../../../Engine/Plugins/Editor/PluginBrowser/Binaries/Win64/UE4Editor-PluginBrowser.dll (API version 3944462).
LogModuleManager: Display: Found up-to-date module file ../../../Engine/Plugins/Editor/SpeedTreeImporter/Binaries/Win64/UE4Editor-SpeedTreeImporter.dll (API version 3944462).
LogModuleManager: Display: Found up-to-date module file ../../../Engine/Plugins/Enterprise/DatasmithContent/Binaries/Win64/UE4Editor-DatasmithContent.dll (API version 3944462).
LogModuleManager: Display: Found up-to-date module file ../../../Engine/Plugins/Experimental/AlembicImporter/Binaries/Win64/UE4Editor-AlembicImporter.dll (API version 3944462).
LogModuleManager: Display: Found up-to-date module file ../../../Engine/Plugins/Experimental/AlembicImporter/Binaries/Win64/UE4Editor-AlembicLibrary.dll (API version 3944462).
LogModuleManager: Display: Found up-to-date module file ../../../Engine/Plugins/Experimental/CharacterAI/Binaries/Win64/UE4Editor-CharacterAI.dll (API version 3944462).
LogModuleManager: Display: Found up-to-date module file ../../../Engine/Plugins/Experimental/HTML5Networking/Binaries/Win64/UE4Editor-HTML5Networking.dll (API version 3944462).
LogModuleManager: Display: Found up-to-date module file ../../../Engine/Plugins/Media/AndroidMedia/Binaries/Win64/UE4Editor-AndroidMediaEditor.dll (API version 3944462).
LogModuleManager: Display: Found up-to-date module file ../../../Engine/Plugins/Media/AndroidMedia/Binaries/Win64/UE4Editor-AndroidMediaFactory.dll (API version 3944462).
LogModuleManager: Display: Found up-to-date module file ../../../Engine/Plugins/Media/AvfMedia/Binaries/Win64/UE4Editor-AvfMediaEditor.dll (API version 3944462).
LogModuleManager: Display: Found up-to-date module file ../../../Engine/Plugins/Media/AvfMedia/Binaries/Win64/UE4Editor-AvfMediaFactory.dll (API version 3944462).
LogModuleManager: Display: Found up-to-date module file ../../../Engine/Plugins/Media/AvfMedia/Binaries/Win64/UE4Editor-AvfMediaFactory.dll (API version 3944462).
LogModuleManager: Display: Found up-to-date module file ../../../Engine/Plugins/Media/ImgMedia/Binaries/Win64/UE4Editor-ImgMedia.dll (API version 3944462).
LogModuleManager: Display: Found up-to-date module file ../../../Engine/Plugins/Media/ImgMedia/Binaries/Win64/UE4Editor-ImgMediaEditor.dll (API version 3944462).
LogModuleManager: Display: Found up-to-date module file ../../../Engine/Plugins/Media/ImgMedia/Binaries/Win64/UE4Editor-ImgMediaFactory.dll (API version 3944462).
LogModuleManager: Display: Found up-to-date module file ../../../Engine/Plugins/Media/ImgMedia/Binaries/Win64/UE4Editor-ImgMediaFactory.dll (API version 3944462).
LogModuleManager: Display: Found up-to-date module file ../../../Engine/Plugins/Media/ImgMedia/Binaries/Win64/UE4Editor-OpenExrWrapper.dll (API version 3944462).
LogModuleManager: Display: Found up-to-date module file ../../../Engine/Plugins/Media/LinearTimecode/Binaries/Win64/UE4Editor-LinearTimecode.dll (API version 3944462).
LogModuleManager: Display: Found up-to-date module file ../../../Engine/Plugins/Media/MediaCompositing/Binaries/Win64/UE4Editor-MediaCompositing.dll (API version 3944462).
LogModuleManager: Display: Found up-to-date module file ../../../Engine/Plugins/Media/MediaCompositing/Binaries/Win64/UE4Editor-MediaCompositingEditor.dll (API version 3944462).
LogModuleManager: Display: Found up-to-date module file ../../../Engine/Plugins/Media/MediaPlayerEditor/Binaries/Win64/UE4Editor-MediaPlayerEditor.dll (API version 3944462).
LogModuleManager: Display: Found up-to-date module file ../../../Engine/Plugins/Media/WmfMedia/Binaries/Win64/UE4Editor-WmfMedia.dll (API version 3944462).
LogModuleManager: Display: Found up-to-date module file ../../../Engine/Plugins/Media/WmfMedia/Binaries/Win64/UE4Editor-WmfMediaEditor.dll (API version 3944462).
LogModuleManager: Display: Found up-to-date module file ../../../Engine/Plugins/Media/WmfMedia/Binaries/Win64/UE4Editor-WmfMediaFactory.dll (API version 3944462).
LogModuleManager: Display: Found up-to-date module file ../../../Engine/Plugins/Media/WmfMedia/Binaries/Win64/UE4Editor-WmfMediaFactory.dll (API version 3944462).
LogModuleManager: Display: Found up-to-date module file ../../../Engine/Plugins/Messaging/TcpMessaging/Binaries/Win64/UE4Editor-TcpMessaging.dll (API version 3944462).
LogModuleManager: Display: Found up-to-date module file ../../../Engine/Plugins/Messaging/UdpMessaging/Binaries/Win64/UE4Editor-UdpMessaging.dll (API version 3944462).
LogModuleManager: Display: Found up-to-date module file ../../../Engine/Plugins/MovieScene/ActorSequence/Binaries/Win64/UE4Editor-ActorSequence.dll (API version 3944462).
LogModuleManager: Display: Found up-to-date module file ../../../Engine/Plugins/MovieScene/LevelSequenceEditor/Binaries/Win64/UE4Editor-LevelSequenceEditor.dll (API version 3944462).
LogModuleManager: Display: Found up-to-date module file ../../../Engine/Plugins/MovieScene/MatineeToLevelSequence/Binaries/Win64/UE4Editor-MatineeToLevelSequence.dll (API version 3944462).
LogModuleManager: Display: Found up-to-date module file ../../../Engine/Plugins/NetcodeUnitTest/NetcodeUnitTest/Binaries/Win64/UE4Editor-NetcodeUnitTest.dll (API version 3944462).
LogModuleManager: Display: Found up-to-date module file ../../../Engine/Plugins/NetcodeUnitTest/NUTUnrealEngine4/Binaries/Win64/UE4Editor-NUTUnrealEngine4.dll (API version 3944462).
LogModuleManager: Display: Found up-to-date module file ../../../Engine/Plugins/Online/OnlineSubsystem/Binaries/Win64/UE4Editor-OnlineSubsystem.dll (API version 3944462).
LogModuleManager: Display: Found up-to-date module file ../../../Engine/Plugins/Online/OnlineSubsystemNull/Binaries/Win64/UE4Editor-OnlineSubsystemNull.dll (API version 3944462).
LogModuleManager: Display: Found up-to-date module file ../../../Engine/Plugins/Online/OnlineSubsystemUtils/Binaries/Win64/UE4Editor-OnlineSubsystemUtils.dll (API version 3944462).
LogModuleManager: Display: Found up-to-date module file ../../../Engine/Plugins/Online/OnlineSubsystemUtils/Binaries/Win64/UE4Editor-OnlineBlueprintSupport.dll (API version 3944462).
LogModuleManager: Display: Found up-to-date module file ../../../Engine/Plugins/Runtime/AndroidDeviceProfileSelector/Binaries/Win64/UE4Editor-AndroidDeviceProfileSelector.dll (API version 3944462).
LogModuleManager: Display: Found up-to-date module file ../../../Engine/Plugins/Runtime/AndroidPermission/Binaries/Win64/UE4Editor-AndroidPermission.dll (API version 3944462).
LogModuleManager: Display: Found up-to-date module file ../../../Engine/Plugins/Runtime/AppleARKit/Binaries/Win64/UE4Editor-AppleARKit.dll (API version 3944462).
LogModuleManager: Display: Found up-to-date module file ../../../Engine/Plugins/Runtime/ArchVisCharacter/Binaries/Win64/UE4Editor-ArchVisCharacter.dll (API version 3944462).
LogModuleManager: Display: Found up-to-date module file ../../../Engine/Plugins/Runtime/AudioCapture/Binaries/Win64/UE4Editor-AudioCapture.dll (API version 3944462).
LogModuleManager: Display: Found up-to-date module file ../../../Engine/Plugins/Runtime/AudioCapture/Binaries/Win64/UE4Editor-AudioCaptureEditor.dll (API version 3944462).
LogModuleManager: Display: Found up-to-date module file ../../../Engine/Plugins/Runtime/CableComponent/Binaries/Win64/UE4Editor-CableComponent.dll (API version 3944462).
LogModuleManager: Display: Found up-to-date module file ../../../Engine/Plugins/Runtime/CustomMeshComponent/Binaries/Win64/UE4Editor-CustomMeshComponent.dll (API version 3944462).
LogModuleManager: Display: Found up-to-date module file ../../../Engine/Plugins/Runtime/ExampleDeviceProfileSelector/Binaries/Win64/UE4Editor-ExampleDeviceProfileSelector.dll (API version 3944462).
LogModuleManager: Display: Found up-to-date module file ../../../Engine/Plugins/Runtime/ImmediatePhysics/Binaries/Win64/UE4Editor-ImmediatePhysics.dll (API version 3944462).
LogModuleManager: Display: Found up-to-date module file ../../../Engine/Plugins/Runtime/ImmediatePhysics/Binaries/Win64/UE4Editor-ImmediatePhysicsEditor.dll (API version 3944462).
LogModuleManager: Display: Found up-to-date module file ../../../Engine/Plugins/Runtime/LocationServicesBPLibrary/Binaries/Win64/UE4Editor-LocationServicesBPLibrary.dll (API version 3944462).
LogModuleManager: Display: Found up-to-date module file ../../../Engine/Plugins/Runtime/MobilePatchingUtils/Binaries/Win64/UE4Editor-MobilePatchingUtils.dll (API version 3944462).
LogModuleManager: Display: Found up-to-date module file ../../../Engine/Plugins/Runtime/Oculus/OculusVR/Binaries/Win64/UE4Editor-OculusHMD.dll (API version 3944462).
LogModuleManager: Display: Found up-to-date module file ../../../Engine/Plugins/Runtime/Oculus/OculusVR/Binaries/Win64/UE4Editor-OculusInput.dll (API version 3944462).
LogModuleManager: Display: Found up-to-date module file ../../../Engine/Plugins/Runtime/Oculus/OculusVR/Binaries/Win64/UE4Editor-OculusEditor.dll (API version 3944462).
LogModuleManager: Display: Found up-to-date module file ../../../Engine/Plugins/Runtime/PhysXVehicles/Binaries/Win64/UE4Editor-PhysXVehicles.dll (API version 3944462).
LogModuleManager: Display: Found up-to-date module file ../../../Engine/Plugins/Runtime/PhysXVehicles/Binaries/Win64/UE4Editor-PhysXVehiclesEditor.dll (API version 3944462).
LogModuleManager: Display: Found up-to-date module file ../../../Engine/Plugins/Runtime/ProceduralMeshComponent/Binaries/Win64/UE4Editor-ProceduralMeshComponent.dll (API version 3944462).
LogModuleManager: Display: Found up-to-date module file ../../../Engine/Plugins/Runtime/ProceduralMeshComponent/Binaries/Win64/UE4Editor-ProceduralMeshComponentEditor.dll (API version 3944462).
LogModuleManager: Display: Found up-to-date module file ../../../Engine/Plugins/Runtime/RuntimePhysXCooking/Binaries/Win64/UE4Editor-RuntimePhysXCooking.dll (API version 3944462).
LogModuleManager: Display: Found up-to-date module file ../../../Engine/Plugins/Runtime/Steam/SteamVR/Binaries/Win64/UE4Editor-SteamVR.dll (API version 3944462).
LogModuleManager: Display: Found up-to-date module file ../../../Engine/Plugins/Runtime/Steam/SteamVR/Binaries/Win64/UE4Editor-SteamVRController.dll (API version 3944462).
LogModuleManager: Display: Found up-to-date module file ../../../Engine/Plugins/Runtime/WindowsMoviePlayer/Binaries/Win64/UE4Editor-WindowsMoviePlayer.dll (API version 3944462).
LogInit: Using libcurl 7.47.1
LogInit:  - built for x86_64-pc-win32
LogInit:  - supports SSL with OpenSSL/1.0.2g
LogInit:  - supports HTTP deflate (compression) using libz 1.2.8
LogInit:  - other features:
LogInit:      CURL_VERSION_SSL
LogInit:      CURL_VERSION_LIBZ
LogInit:      CURL_VERSION_IPV6
LogInit:      CURL_VERSION_ASYNCHDNS
LogInit:      CURL_VERSION_LARGEFILE
LogInit:      CURL_VERSION_IDN
LogInit:  CurlRequestOptions (configurable via config and command line):
LogInit:  - bVerifyPeer = false  - Libcurl will NOT verify peer certificate
LogInit:  - bUseHttpProxy = false  - Libcurl will NOT use HTTP proxy
LogInit:  - bDontReuseConnections = false  - Libcurl will reuse connections
LogInit:  - CertBundlePath = nullptr  - Libcurl will use whatever was configured at build time.
LogInit:  - MaxHostConnections = 16  - Libcurl will limit the number of connections to a host
LogInit:  - LocalHostAddr = Default
LogInit: WinSock: version 1.1 (2.2), MaxSocks=32767, MaxUdp=65467
LogInit: WinSock: I am Asus (192.168.0.10:0)
LogInit: Build: ++UE4+Release-4.19-CL-4033788
LogInit: Engine Version: 4.19.2-4033788+++UE4+Release-4.19
LogInit: Compatible Engine Version: 4.19.0-3944462+++UE4+Release-4.19
LogInit: Net CL: 3944462
LogDevObjectVersion: Number of dev versions registered: 18
LogDevObjectVersion:   Dev-Blueprints (B0D832E4-1F89-4F0D-ACCF-7EB736FD4AA2): 10
LogDevObjectVersion:   Dev-Build (E1C64328-A22C-4D53-A36C-8E866417BD8C): 0
LogDevObjectVersion:   Dev-Core (375EC13C-06E4-48FB-B500-84F0262A717E): 2
LogDevObjectVersion:   Dev-Editor (E4B068ED-F494-42E9-A231-DA0B2E46BB41): 23
LogDevObjectVersion:   Dev-Framework (CFFC743F-43B0-4480-9391-14DF171D2073): 33
LogDevObjectVersion:   Dev-Mobile (B02B49B5-BB20-44E9-A304-32B752E40360): 2
LogDevObjectVersion:   Dev-Networking (A4E4105C-59A1-49B5-A7C5-40C4547EDFEE): 0
LogDevObjectVersion:   Dev-Online (39C831C9-5AE6-47DC-9A44-9C173E1C8E7C): 0
LogDevObjectVersion:   Dev-Physics (78F01B33-EBEA-4F98-B9B4-84EACCB95AA2): 0
LogDevObjectVersion:   Dev-Platform (6631380F-2D4D-43E0-8009-CF276956A95A): 0
LogDevObjectVersion:   Dev-Rendering (12F88B9F-8875-4AFC-A67C-D90C383ABD29): 25
LogDevObjectVersion:   Dev-Sequencer (7B5AE74C-D270-4C10-A958-57980B212A5A): 6
LogDevObjectVersion:   Dev-VR (D7296918-1DD6-4BDD-9DE2-64A83CC13884): 1
LogDevObjectVersion:   Dev-LoadTimes (C2A15278-BFE7-4AFE-6C17-90FF531DF755): 1
LogDevObjectVersion:   Private-Geometry (6EACA3D4-40EC-4CC1-B786-8BED09428FC5): 2
LogDevObjectVersion:   Dev-AnimPhys (29E575DD-E0A3-4627-9D10-D276232CDCEA): 16
LogDevObjectVersion:   Dev-ReflectionCapture (6B266CEC-1EC7-4B8F-A30B-E4D90942FC07): 1
LogDevObjectVersion:   Dev-Automation (0DF73D61-A23F-47EA-B727-89E90C41499A): 1
LogInit: Compiled (64-bit): Apr 27 2018 02:06:57
LogInit: Compiled with Visual C++: 19.00.24215.01
LogInit: Build Configuration: Development
LogInit: Branch Name: ++UE4+Release-4.19
LogInit: Command Line:  
LogInit: Base Directory: C:/Program Files/Epic Games/UE_4.19/Engine/Binaries/Win64/
LogInit: Installed Engine Build: 1
LogStreaming: Display: Took  0.002s to delete old logs.
LogInit: Presizing for max 8388607 objects, including 0 objects not considered by GC, pre-allocating 0 bytes for permanent pool.
LogInit: Object subsystem initialized
[2018.05.20-14.45.11:780][  0]LogInit: Selected Device Profile: [Windows]
[2018.05.20-14.45.11:780][  0]LogInit: Applying CVar settings loaded from the selected device profile: [Windows]
[2018.05.20-14.45.11:795][  0]LogInit: Computer: ASUS
[2018.05.20-14.45.11:795][  0]LogInit: User: User
[2018.05.20-14.45.11:795][  0]LogInit: CPU Page size=4096, Cores=4
[2018.05.20-14.45.11:795][  0]LogInit: High frequency timer resolution =2.437498 MHz
[2018.05.20-14.45.11:796][  0]LogMemory: Memory total: Physical=7.9GB (8GB approx)
[2018.05.20-14.45.11:796][  0]LogMemory: Platform Memory Stats for Windows
[2018.05.20-14.45.11:796][  0]LogMemory: Process Physical Memory: 273.64 MB used, 273.64 MB peak
[2018.05.20-14.45.11:796][  0]LogMemory: Process Virtual Memory: 271.33 MB used, 271.33 MB peak
[2018.05.20-14.45.11:796][  0]LogMemory: Physical Memory: 6637.29 MB used,  1439.73 MB free, 8077.02 MB total
[2018.05.20-14.45.11:796][  0]LogMemory: Virtual Memory: 4775.86 MB used,  1439.73 MB free, 134217728.00 MB total
[2018.05.20-14.45.11:826][  0]LogInit: Using OS detected language (en-US).
[2018.05.20-14.45.11:826][  0]LogInit: Using OS detected locale (en-US).
[2018.05.20-14.45.11:831][  0]LogTextLocalizationManager: No specific localization for 'en-US' exists, so the 'en' localization will be used.
[2018.05.20-14.45.12:442][  0]LogStreaming: Display: Took  0.616s to EndInitTextLocalization.
[2018.05.20-14.45.12:442][  0]LogInit: Setting process to per monitor DPI aware
[2018.05.20-14.45.12:467][  0]LogSlate: New Slate User Created.  User Index 0, Is Virtual User: 0
[2018.05.20-14.45.12:467][  0]LogSlate: Slate User Registered.  User Index 0, Is Virtual User: 0
[2018.05.20-14.45.12:790][  0]LogD3D11RHI: D3D11 adapters:
[2018.05.20-14.45.12:867][  0]LogD3D11RHI:    0. 'NVIDIA GeForce GTX 1050' (Feature Level 11_0)
[2018.05.20-14.45.12:867][  0]LogD3D11RHI:       4021/0/4038 MB DedicatedVideo/DedicatedSystem/SharedSystem, Outputs:1, VendorId:0x10de
[2018.05.20-14.45.12:877][  0]LogD3D11RHI:    1. 'Intel(R) HD Graphics 630' (Feature Level 11_0)
[2018.05.20-14.45.12:877][  0]LogD3D11RHI:       128/0/4038 MB DedicatedVideo/DedicatedSystem/SharedSystem, Outputs:0, VendorId:0x8086
[2018.05.20-14.45.12:880][  0]LogD3D11RHI:    2. 'Microsoft Basic Render Driver' (Feature Level 11_0)
[2018.05.20-14.45.12:880][  0]LogD3D11RHI:       0/0/4038 MB DedicatedVideo/DedicatedSystem/SharedSystem, Outputs:0, VendorId:0x1414
[2018.05.20-14.45.12:880][  0]LogD3D11RHI: Chosen D3D11 Adapter: 0
[2018.05.20-14.45.12:899][  0]LogD3D11RHI: Creating new Direct3DDevice
[2018.05.20-14.45.12:900][  0]LogD3D11RHI:     GPU DeviceId: 0x1c8d (for the marketing name, search the web for "GPU Device Id")
[2018.05.20-14.45.12:900][  0]LogWindows: EnumDisplayDevices:
[2018.05.20-14.45.12:900][  0]LogWindows:    0. 'Intel(R) HD Graphics 630' (P:1 D:1)
[2018.05.20-14.45.12:901][  0]LogWindows:    1. 'Intel(R) HD Graphics 630' (P:0 D:0)
[2018.05.20-14.45.12:901][  0]LogWindows:    2. 'Intel(R) HD Graphics 630' (P:0 D:0)
[2018.05.20-14.45.12:901][  0]LogWindows: DebugString: GetVideoDriverDetailsInvalid PrimaryIsNotTheChoosenAdapter GetVideoDriverDetailsInvalid PrimaryIsNotTheChoosenAdapter GetVideoDriverDetailsInvalid PrimaryIsNotTheChoosenAdapter FoundDriverCount:0 
[2018.05.20-14.45.12:901][  0]LogD3D11RHI:     Adapter Name: NVIDIA GeForce GTX 1050
[2018.05.20-14.45.12:901][  0]LogD3D11RHI:   Driver Version: Unknown (internal:Unknown, unified:Unknown)
[2018.05.20-14.45.12:901][  0]LogD3D11RHI:      Driver Date: Unknown
[2018.05.20-14.45.12:901][  0]LogRHI: Texture pool is 2814 MB (70% of 4021 MB)
[2018.05.20-14.45.12:957][  0]LogD3D11RHI: [Aftermath] Aftermath enabled and primed
[2018.05.20-14.45.12:957][  0]LogD3D11RHI: [Aftermath] Aftermath enabled and primed
[2018.05.20-14.45.12:957][  0]LogD3D11RHI: Async texture creation enabled
[2018.05.20-14.45.12:979][  0]LogD3D11RHI: GPU Timing Frequency: 1000.000000 (Debug: 2 2)
[2018.05.20-14.45.12:980][  0]LogShaderCompilers: Guid format shader working directory is -34 characters bigger than the processId version (../../../../../../Users/User/Documents/GitHub Files/UE4 Crash Course/FPSProject/Intermediate/Shaders/WorkingDirectory/2484/).
[2018.05.20-14.45.12:980][  0]LogShaderCompilers: Cleaned the shader compiler working directory 'C:/Users/User/AppData/Local/Temp/UnrealShaderWorkingDir/509A25AB4103CB2B49AF5494D1E450FB/'.
[2018.05.20-14.45.13:509][  0]LogTemp: Display: Loaded TP AllDesktopTargetPlatform
[2018.05.20-14.45.13:530][  0]LogTemp: Display: Loaded TP MacClientTargetPlatform
[2018.05.20-14.45.13:550][  0]LogTemp: Display: Loaded TP MacNoEditorTargetPlatform
[2018.05.20-14.45.13:570][  0]LogTemp: Display: Loaded TP MacServerTargetPlatform
[2018.05.20-14.45.13:591][  0]LogTemp: Display: Loaded TP MacTargetPlatform
[2018.05.20-14.45.13:611][  0]LogTemp: Display: Loaded TP WindowsClientTargetPlatform
[2018.05.20-14.45.13:632][  0]LogTemp: Display: Loaded TP WindowsNoEditorTargetPlatform
[2018.05.20-14.45.13:652][  0]LogTemp: Display: Loaded TP WindowsServerTargetPlatform
[2018.05.20-14.45.13:662][  0]LogTemp: Display: Loaded TP WindowsTargetPlatform
[2018.05.20-14.45.13:679][  0]LogTemp: Display: Loaded TP Android_ASTCTargetPlatform
[2018.05.20-14.45.13:697][  0]LogTemp: Display: Loaded TP Android_ATCTargetPlatform
[2018.05.20-14.45.13:715][  0]LogTemp: Display: Loaded TP Android_DXTTargetPlatform
[2018.05.20-14.45.13:733][  0]LogTemp: Display: Loaded TP Android_ETC1aTargetPlatform
[2018.05.20-14.45.13:751][  0]LogTemp: Display: Loaded TP Android_ETC1TargetPlatform
[2018.05.20-14.45.13:769][  0]LogTemp: Display: Loaded TP Android_ETC2TargetPlatform
[2018.05.20-14.45.13:806][  0]LogTemp: Display: Loaded TP Android_MultiTargetPlatform
[2018.05.20-14.45.13:806][  0]LogTemp: Display: Loaded TP Android_PVRTCTargetPlatform
[2018.05.20-14.45.13:825][  0]LogTemp: Display: Loaded TP AndroidTargetPlatform
[2018.05.20-14.45.13:827][  0]LogTemp: Display: Loaded TP HTML5TargetPlatform
[2018.05.20-14.45.13:873][  0]LogTemp: Display: Loaded TP IOSTargetPlatform
[2018.05.20-14.45.13:890][  0]LogTemp: Display: Loaded TP TVOSTargetPlatform
[2018.05.20-14.45.13:906][  0]LogTemp: Display: Loaded TP LinuxClientTargetPlatform
[2018.05.20-14.45.13:924][  0]LogTemp: Display: Loaded TP LinuxNoEditorTargetPlatform
[2018.05.20-14.45.13:943][  0]LogTemp: Display: Loaded TP LinuxServerTargetPlatform
[2018.05.20-14.45.13:962][  0]LogTemp: Display: Loaded TP LinuxTargetPlatform
[2018.05.20-14.45.13:962][  0]LogTargetPlatformManager: Display: Building Assets For Windows
[2018.05.20-14.45.14:152][  0]LogXGEController: Cannot use XGE Controller as Incredibuild is not installed on this machine.
[2018.05.20-14.45.14:153][  0]LogShaderCompilers: Cannot use XGE Shader Compiler as Incredibuild is not installed on this machine.
[2018.05.20-14.45.14:153][  0]LogShaderCompilers: Display: Using Local Shader Compiler.
[2018.05.20-14.45.15:250][  0]LogDerivedDataCache: Display: Max Cache Size: 512 MB
[2018.05.20-14.45.15:366][  0]LogDerivedDataCache: Loaded boot cache 0.12s 74MB C:/Users/User/AppData/Local/UnrealEngine/4.19/DerivedDataCache/Boot.ddc.
[2018.05.20-14.45.15:366][  0]LogDerivedDataCache: Display: Loaded Boot cache: C:/Users/User/AppData/Local/UnrealEngine/4.19/DerivedDataCache/Boot.ddc
[2018.05.20-14.45.15:367][  0]LogDerivedDataCache: FDerivedDataBackendGraph:  Pak pak cache file ../../../../../../Users/User/Documents/GitHub Files/UE4 Crash Course/FPSProject/DerivedDataCache/DDC.ddp not found, will not use a pak cache.
[2018.05.20-14.45.15:367][  0]LogDerivedDataCache: Unable to find inner node Pak for hierarchical cache Hierarchy.
[2018.05.20-14.45.15:367][  0]LogDerivedDataCache: FDerivedDataBackendGraph:  CompressedPak pak cache file ../../../../../../Users/User/Documents/GitHub Files/UE4 Crash Course/FPSProject/DerivedDataCache/Compressed.ddp not found, will not use a pak cache.
[2018.05.20-14.45.15:367][  0]LogDerivedDataCache: Unable to find inner node CompressedPak for hierarchical cache Hierarchy.
[2018.05.20-14.45.15:396][  0]LogDerivedDataCache: Display: Pak cache opened for reading ../../../Engine/DerivedDataCache/Compressed.ddp.
[2018.05.20-14.45.15:409][  0]LogDerivedDataCache: Using Local data cache path C:/Users/User/AppData/Local/UnrealEngine/Common/DerivedDataCache: Writable
[2018.05.20-14.45.15:409][  0]LogDerivedDataCache: Shared data cache path not found in *engine.ini, will not use an Shared cache.
[2018.05.20-14.45.15:409][  0]LogDerivedDataCache: Unable to find inner node Shared for hierarchical cache Hierarchy.
[2018.05.20-14.45.15:425][  0]LogMaterial: Verifying Global Shaders for PCD3D_SM5
[2018.05.20-14.45.15:425][  0]LogSlate: Using Freetype 2.6.0
[2018.05.20-14.45.15:426][  0]LogSlate: SlateFontCache - WITH_FREETYPE: 1, WITH_HARFBUZZ: 1
[2018.05.20-14.45.15:426][  0]LogSlate: SlateFontCache - WITH_FREETYPE: 1, WITH_HARFBUZZ: 1
[2018.05.20-14.45.15:628][  0]LogAssetRegistry: FAssetRegistry took 0.0281 seconds to start up
[2018.05.20-14.45.16:078][  0]LogInit: Selected Device Profile: [Windows]
[2018.05.20-14.45.16:298][  0]LogSimplygon: Simplygon DLL not present - disabling.
[2018.05.20-14.45.16:302][  0]LogMeshReduction: Using SimplygonSwarm for distributed automatic mesh merging
[2018.05.20-14.45.16:302][  0]LogMeshReduction: Using QuadricMeshReduction for automatic static mesh reduction
[2018.05.20-14.45.16:302][  0]LogMeshReduction: No automatic skeletal mesh reduction module available
[2018.05.20-14.45.16:303][  0]LogMeshReduction: No automatic mesh merging module available
[2018.05.20-14.45.16:303][  0]LogMeshMerging: No automatic mesh merging module available
[2018.05.20-14.45.16:353][  0]LogNetVersion: FPSProject , NetCL: 3944462, EngineNetVer: 2, GameNetVer: 0 (Checksum: 1223245918)
[2018.05.20-14.45.17:100][  0]LogPackageLocalizationCache: Processed 9 localized package path(s) for 2 prioritized culture(s) in 0.164092 seconds
[2018.05.20-14.45.17:107][  0]LogUObjectArray: 36728 objects as part of root set at end of initial load.
[2018.05.20-14.45.17:107][  0]LogUObjectAllocator: 7314304 out of 0 bytes used by permanent object pool.
[2018.05.20-14.45.17:107][  0]LogUObjectArray: CloseDisregardForGC: 0/0 objects in disregard for GC pool
[2018.05.20-14.45.19:737][  0]LogTcpMessaging: Initializing TcpMessaging bridge
[2018.05.20-14.45.19:781][  0]LogUdpMessaging: Initializing bridge on interface 0.0.0.0:0 to multicast group 230.0.0.1:6666.
[2018.05.20-14.45.20:376][  0]SourceControl: Source control is disabled
[2018.05.20-14.45.20:377][  0]SourceControl: Source control is disabled
[2018.05.20-14.45.20:412][  0]SourceControl: Source control is disabled
[2018.05.20-14.45.20:444][  0]SourceControl: Source control is disabled
[2018.05.20-14.45.21:212][  0]LogAndroidPermission: UAndroidPermissionCallbackProxy::GetInstance
[2018.05.20-14.45.21:471][  0]LogOcInput: OculusInput pre-init called
[2018.05.20-14.45.21:637][  0]LogEngine: Initializing Engine...
[2018.05.20-14.45.21:639][  0]LogHMD: Failed to initialize OpenVR with code 110
[2018.05.20-14.45.21:641][  0]LogStats: UGameplayTagsManager::ConstructGameplayTagTree: Construct from data asset -  0.000 s
[2018.05.20-14.45.21:641][  0]LogStats: UGameplayTagsManager::ConstructGameplayTagTree: GameplayTagTreeChangedEvent.Broadcast -  0.000 s
[2018.05.20-14.45.21:942][  0]LogAIModule: Creating AISystem for world Untitled
[2018.05.20-14.45.22:035][  0]LogInit: XAudio2 using 'Speakers (Realtek High Definition Audio)' : 2 channels at 48 kHz using 32 bits per sample (channel mask 0x3)
[2018.05.20-14.45.22:072][  0]LogInit: FAudioDevice initialized.
[2018.05.20-14.45.22:980][  0]LogDerivedDataCache: Saved boot cache 0.91s 74MB C:/Users/User/AppData/Local/UnrealEngine/4.19/DerivedDataCache/Boot.ddc.
[2018.05.20-14.45.23:000][  0]LogInit: Texture streaming: Enabled
[2018.05.20-14.45.23:034][  0]LogInit: Transaction tracking system initialized
[2018.05.20-14.45.23:070][  0]BlueprintLog: New page: Editor Load
[2018.05.20-14.45.23:177][  0]LocalizationService: Localization service is disabled
[2018.05.20-14.45.23:345][  0]LogUObjectGlobals: Created PersistentFrame Addr=0x0000015c9f3997e0, Size=88, Default__Landscape_Sculpt_Mode_C Function /Engine/Tutorial/Landscape/Landscape_Sculpt_Mode.Landscape_Sculpt_Mode_C:ExecuteUbergraph_Landscape_Sculpt_Mode
[2018.05.20-14.45.23:350][  0]LogUObjectGlobals: Destroyed PersistentFrame Addr=0x0000015c9f3997e0, Size=88
[2018.05.20-14.45.23:350][  0]LogUObjectGlobals: Created PersistentFrame Addr=0x0000015c9f3997e0, Size=88, Default__Landscape_Sculpt_Mode_C Function /Engine/Transient.REINST_Landscape_Sculpt_Mode_C_3:ExecuteUbergraph_Landscape_Sculpt_Mode
[2018.05.20-14.45.23:354][  0]LogUObjectGlobals: Created PersistentFrame Addr=0x0000015cbd1d38d0, Size=80, Default__Landscape_Sculpt_Mode_C Function /Engine/Tutorial/Landscape/Landscape_Sculpt_Mode.Landscape_Sculpt_Mode_C:ExecuteUbergraph_Landscape_Sculpt_Mode
[2018.05.20-14.45.23:835][  0]LogConsoleResponse: Display: 
[2018.05.20-14.45.24:042][  0]LogCook: Display: Max memory allowance for cook 16384mb min free memory 0mb
[2018.05.20-14.45.24:042][  0]LogCook: Display: Mobile HDR setting 1
[2018.05.20-14.45.24:042][  0]LogGameplayTags: Display: UGameplayTagsManager::DoneAddingNativeTags. DelegateIsBound: 0
[2018.05.20-14.45.24:042][  0]LogStats: UGameplayTagsManager::ConstructGameplayTagTree: Construct from data asset -  0.000 s
[2018.05.20-14.45.24:042][  0]LogStats: UGameplayTagsManager::ConstructGameplayTagTree: GameplayTagTreeChangedEvent.Broadcast -  0.000 s
[2018.05.20-14.45.24:051][  0]LogFileCache: Scanning file cache for directory 'C:/Users/User/Documents/GitHub Files/UE4 Crash Course/FPSProject/Content/' took 0.01s
[2018.05.20-14.45.24:656][  0]SourceControl: Source control is disabled
[2018.05.20-14.45.24:656][  0]Cmd: MAP LOAD FILE="../../../../../../Users/User/Documents/GitHub Files/UE4 Crash Course/FPSProject/Content/Maps/FPSMaps.umap" TEMPLATE=0 SHOWPROGRESS=1 FEATURELEVEL=3
[2018.05.20-14.45.24:656][  0]LightingResults: New page: Lighting Build
[2018.05.20-14.45.24:660][  0]MapCheck: New page: Map Check
[2018.05.20-14.45.24:660][  0]LightingResults: New page: Lighting Build
[2018.05.20-14.45.24:675][  0]LogUObjectGlobals: Destroyed PersistentFrame Addr=0x0000015c9f3997e0, Size=88
[2018.05.20-14.45.24:846][  0]LogAIModule: Creating AISystem for world FPSMaps
[2018.05.20-14.45.24:857][  0]LogEditorServer: Finished looking for orphan Actors (0.000 secs)
[2018.05.20-14.45.24:874][  0]Cmd: MAP CHECKDEP NOCLEARLOG
[2018.05.20-14.45.24:973][  0]MapCheck: Map check complete: 0 Error(s), 0 Warning(s), took 97.8ms to complete.
[2018.05.20-14.45.24:973][  0]LogFileHelpers: Loading map 'FPSMaps' took 0.317
[2018.05.20-14.45.25:116][  0]LogCollectionManager: Loaded 0 collections in 0.002449 seconds
[2018.05.20-14.45.25:160][  0]LogFileCache: Scanning file cache for directory 'C:/Users/User/Documents/GitHub Files/UE4 Crash Course/FPSProject/Saved/Collections/' took 0.01s
[2018.05.20-14.45.25:161][  0]LogFileCache: Scanning file cache for directory 'C:/Users/User/Documents/GitHub Files/UE4 Crash Course/FPSProject/Content/Developers/User/Collections/' took 0.01s
[2018.05.20-14.45.25:161][  0]LogFileCache: Scanning file cache for directory 'C:/Users/User/Documents/GitHub Files/UE4 Crash Course/FPSProject/Content/Collections/' took 0.01s
[2018.05.20-14.45.25:161][  0]LogCollectionManager: Rebuilt the GUID cache for 0 collections in 0.000000 seconds
[2018.05.20-14.45.25:174][  0]LogContentBrowser: Native class hierarchy populated in 0.0134 seconds. Added 2454 classes and 560 folders.
[2018.05.20-14.45.25:184][  0]LogContentBrowser: Native class hierarchy updated for 'WidgetCarousel' in 0.0010 seconds. Added 0 classes and 0 folders.
[2018.05.20-14.45.28:221][  0]LogContentBrowser: Native class hierarchy updated for 'AddContentDialog' in 0.0012 seconds. Added 0 classes and 0 folders.
[2018.05.20-14.45.29:754][  0]LogContentBrowser: Native class hierarchy updated for 'SceneOutliner' in 0.0011 seconds. Added 1 classes and 2 folders.
[2018.05.20-14.45.30:885][  0]LogSlate: Took 0.000788 seconds to synchronously load lazily loaded font '../../../Engine/Content/Slate/Fonts/Roboto-Regular.ttf' (155K)
[2018.05.20-14.45.30:898][  0]LogSlate: Took 0.000334 seconds to synchronously load lazily loaded font '../../../Engine/Content/Slate/Fonts/Roboto-Bold.ttf' (160K)
[2018.05.20-14.45.30:941][  0]LogSlate: Took 0.039386 seconds to synchronously load lazily loaded font '../../../Engine/Content/Editor/Slate/Fonts/FontAwesome.ttf' (139K)
[2018.05.20-14.45.31:211][  0]LogRenderer: Reallocating scene render targets to support 1120x576 Format 9 NumSamples 1 (Frame:1).
[2018.05.20-14.45.31:672][  0]LogContentBrowser: Native class hierarchy updated for 'HierarchicalLODOutliner' in 0.0015 seconds. Added 0 classes and 0 folders.
[2018.05.20-14.45.31:672][  0]LogLoad: (Engine Initialization) Total time: 24.54 seconds
[2018.05.20-14.45.31:672][  0]LogLoad: (Engine Initialization) Total Blueprint compile time: 0.00 seconds
[2018.05.20-14.45.32:096][  0]LogContentStreaming: Texture pool size now 400 MB
[2018.05.20-14.45.32:755][  2]LogAssetRegistry: Asset discovery search completed in 17.1490 seconds
[2018.05.20-14.45.32:765][  2]LogCollectionManager: Rebuilt the object cache for 0 collections in 0.000000 seconds (found 0 objects)
[2018.05.20-14.45.32:765][  2]LogCollectionManager: Fixed up redirectors for 0 collections in 0.000092 seconds (updated 0 objects)
[2018.05.20-14.45.36:536][ 93]LogSlate: Took 0.018294 seconds to synchronously load lazily loaded font '../../../Engine/Content/Slate/Fonts/Roboto-Light.ttf' (167K)
[2018.05.20-14.47.36:645][615]LogSlate: FSceneViewport::OnFocusLost() reason 0
[2018.05.20-14.47.36:745][621]LogTemp: Repeating last play command: Selected Viewport
[2018.05.20-14.47.36:764][621]LogPlayLevel: PlayLevel: No blueprints needed recompiling
[2018.05.20-14.47.36:921][621]PIE: New page: PIE session: FPSMaps (May 21, 2018, 6:47:36 AM)
[2018.05.20-14.47.36:921][621]LogPlayLevel: Creating play world package: /Game/Maps/UEDPIE_0_FPSMaps
[2018.05.20-14.47.36:924][621]LogPlayLevel: PIE: StaticDuplicateObject took: (0.004082s)
[2018.05.20-14.47.36:925][621]LogAIModule: Creating AISystem for world FPSMaps
[2018.05.20-14.47.36:926][621]LogPlayLevel: PIE: World Init took: (0.001207s)
[2018.05.20-14.47.36:926][621]LogPlayLevel: PIE: Created PIE world by copying editor world from /Game/Maps/FPSMaps.FPSMaps to /Game/Maps/UEDPIE_0_FPSMaps.FPSMaps (0.005499s)
[2018.05.20-14.47.36:946][621]LogInit: XAudio2 using 'Speakers (Realtek High Definition Audio)' : 2 channels at 48 kHz using 32 bits per sample (channel mask 0x3)
[2018.05.20-14.47.36:975][621]LogInit: FAudioDevice initialized.
[2018.05.20-14.47.37:037][621]LogLoad: Game class is 'BP_FPSProjectGameModeBase_C'
[2018.05.20-14.47.37:040][621]LogWorld: Bringing World /Game/Maps/UEDPIE_0_FPSMaps.FPSMaps up for play (max tick rate 60) at 2018.05.20-22.47.37
[2018.05.20-14.47.37:040][621]LogWorld: Bringing up level for play took: 0.000880
[2018.05.20-14.47.37:218][621]LogContentBrowser: Native class hierarchy updated for 'MovieSceneCapture' in 0.0012 seconds. Added 11 classes and 0 folders.
[2018.05.20-14.47.37:220][621]PIE: Play in editor start time for /Game/Maps/UEDPIE_0_FPSMaps 0.217
[2018.05.20-14.57.03:150][592]LogHotReload: New module detected: UE4Editor-FPSProject-735.dll
[2018.05.20-14.57.05:521][600]LogHotReload: Starting Hot-Reload from IDE
[2018.05.20-14.57.05:778][600]LogSlate: Took 0.017894 seconds to synchronously load lazily loaded font '../../../Engine/Content/Slate/Fonts/Roboto-Light.ttf' (167K)
[2018.05.20-14.57.06:361][600]LogContentBrowser: Native class hierarchy updated for 'FPSProject' in 0.0013 seconds. Added 2 classes and 2 folders.
[2018.05.20-14.57.06:363][600]Display: HotReload successful (4 functions remapped  0 scriptstructs remapped)
[2018.05.20-14.57.06:941][600]LogContentBrowser: Native class hierarchy populated in 0.0164 seconds. Added 2455 classes and 562 folders.
[2018.05.20-14.57.07:567][600]Display: HotReload took  2.0s.
[2018.05.20-14.57.14:409][709]LogSlate: FSceneViewport::OnFocusLost() reason 0
[2018.05.20-14.57.14:508][715]LogTemp: Repeating last play command: Selected Viewport
[2018.05.20-14.57.14:527][715]LogPlayLevel: PlayLevel: No blueprints needed recompiling
[2018.05.20-14.57.14:527][715]PIE: New page: PIE session: FPSMaps (May 21, 2018, 6:57:14 AM)
[2018.05.20-14.57.14:527][715]LogPlayLevel: Creating play world package: /Game/Maps/UEDPIE_0_FPSMaps
[2018.05.20-14.57.14:530][715]LogPlayLevel: PIE: StaticDuplicateObject took: (0.003266s)
[2018.05.20-14.57.14:531][715]LogAIModule: Creating AISystem for world FPSMaps
[2018.05.20-14.57.14:532][715]LogPlayLevel: PIE: World Init took: (0.001123s)
[2018.05.20-14.57.14:532][715]LogPlayLevel: PIE: Created PIE world by copying editor world from /Game/Maps/FPSMaps.FPSMaps to /Game/Maps/UEDPIE_0_FPSMaps.FPSMaps (0.004644s)
[2018.05.20-14.57.14:551][715]LogInit: XAudio2 using 'Speakers (Realtek High Definition Audio)' : 2 channels at 48 kHz using 32 bits per sample (channel mask 0x3)
[2018.05.20-14.57.14:583][715]LogInit: FAudioDevice initialized.
[2018.05.20-14.57.14:641][715]LogLoad: Game class is 'BP_FPSProjectGameModeBase_C'
[2018.05.20-14.57.14:643][715]LogWorld: Bringing World /Game/Maps/UEDPIE_0_FPSMaps.FPSMaps up for play (max tick rate 60) at 2018.05.20-22.57.14
[2018.05.20-14.57.14:643][715]LogWorld: Bringing up level for play took: 0.000794
[2018.05.20-14.57.14:645][715]PIE: Play in editor start time for /Game/Maps/UEDPIE_0_FPSMaps -0.358
[2018.05.20-14.57.41:808][  8]LogHotReload: New module detected: UE4Editor-FPSProject-5399.dll
[2018.05.20-14.57.43:823][ 15]LogHotReload: Starting Hot-Reload from IDE
[2018.05.20-14.57.43:982][ 15]LogContentBrowser: Native class hierarchy updated for 'FPSProject' in 0.0012 seconds. Added 2 classes and 2 folders.
[2018.05.20-14.57.43:983][ 15]Display: HotReload successful (4 functions remapped  0 scriptstructs remapped)
[2018.05.20-14.57.44:063][ 15]LogContentBrowser: Native class hierarchy populated in 0.0145 seconds. Added 2455 classes and 562 folders.
[2018.05.20-14.57.44:066][ 15]Display: HotReload took  0.2s.
[2018.05.20-14.57.56:270][116]LogSlate: FSceneViewport::OnFocusLost() reason 0
[2018.05.20-14.57.56:387][123]LogTemp: Repeating last play command: Selected Viewport
[2018.05.20-14.57.56:406][123]LogPlayLevel: PlayLevel: No blueprints needed recompiling
[2018.05.20-14.57.56:406][123]PIE: New page: PIE session: FPSMaps (May 21, 2018, 6:57:56 AM)
[2018.05.20-14.57.56:406][123]LogPlayLevel: Creating play world package: /Game/Maps/UEDPIE_0_FPSMaps
[2018.05.20-14.57.56:409][123]LogPlayLevel: PIE: StaticDuplicateObject took: (0.002420s)
[2018.05.20-14.57.56:410][123]LogAIModule: Creating AISystem for world FPSMaps
[2018.05.20-14.57.56:410][123]LogPlayLevel: PIE: World Init took: (0.000919s)
[2018.05.20-14.57.56:410][123]LogPlayLevel: PIE: Created PIE world by copying editor world from /Game/Maps/FPSMaps.FPSMaps to /Game/Maps/UEDPIE_0_FPSMaps.FPSMaps (0.003519s)
[2018.05.20-14.57.56:430][123]LogInit: XAudio2 using 'Speakers (Realtek High Definition Audio)' : 2 channels at 48 kHz using 32 bits per sample (channel mask 0x3)
[2018.05.20-14.57.56:476][123]LogInit: FAudioDevice initialized.
[2018.05.20-14.57.56:508][123]LogLoad: Game class is 'BP_FPSProjectGameModeBase_C'
[2018.05.20-14.57.56:509][123]LogWorld: Bringing World /Game/Maps/UEDPIE_0_FPSMaps.FPSMaps up for play (max tick rate 60) at 2018.05.20-22.57.56
[2018.05.20-14.57.56:510][123]LogWorld: Bringing up level for play took: 0.000677
[2018.05.20-14.57.56:511][123]PIE: Play in editor start time for /Game/Maps/UEDPIE_0_FPSMaps -0.492
[2018.05.20-15.10.38:156][703]LogSlate: FSceneViewport::OnFocusLost() reason 0
[2018.05.20-15.10.38:273][710]LogTemp: Repeating last play command: Selected Viewport
[2018.05.20-15.10.38:292][710]LogPlayLevel: PlayLevel: No blueprints needed recompiling
[2018.05.20-15.10.38:292][710]PIE: New page: PIE session: FPSMaps (May 21, 2018, 7:10:38 AM)
[2018.05.20-15.10.38:292][710]LogPlayLevel: Creating play world package: /Game/Maps/UEDPIE_0_FPSMaps
[2018.05.20-15.10.38:295][710]LogPlayLevel: PIE: StaticDuplicateObject took: (0.002650s)
[2018.05.20-15.10.38:296][710]LogAIModule: Creating AISystem for world FPSMaps
[2018.05.20-15.10.38:296][710]LogPlayLevel: PIE: World Init took: (0.001369s)
[2018.05.20-15.10.38:296][710]LogPlayLevel: PIE: Created PIE world by copying editor world from /Game/Maps/FPSMaps.FPSMaps to /Game/Maps/UEDPIE_0_FPSMaps.FPSMaps (0.004201s)
[2018.05.20-15.10.38:318][710]LogInit: XAudio2 using 'Speakers (Realtek High Definition Audio)' : 2 channels at 48 kHz using 32 bits per sample (channel mask 0x3)
[2018.05.20-15.10.38:413][710]LogInit: FAudioDevice initialized.
[2018.05.20-15.10.38:450][710]LogLoad: Game class is 'BP_FPSProjectGameModeBase_C'
[2018.05.20-15.10.38:452][710]LogWorld: Bringing World /Game/Maps/UEDPIE_0_FPSMaps.FPSMaps up for play (max tick rate 60) at 2018.05.20-23.10.38
[2018.05.20-15.10.38:452][710]LogWorld: Bringing up level for play took: 0.000756
[2018.05.20-15.10.38:454][710]PIE: Play in editor start time for /Game/Maps/UEDPIE_0_FPSMaps -0.549
[2018.05.20-15.11.14:740][981]LogHotReload: New module detected: UE4Editor-FPSProject-1822.dll
[2018.05.20-15.11.17:750][991]LogHotReload: Starting Hot-Reload from IDE
[2018.05.20-15.11.17:820][991]LogContentBrowser: Native class hierarchy updated for 'FPSProject' in 0.0012 seconds. Added 2 classes and 2 folders.
[2018.05.20-15.11.17:823][991]Display: HotReload successful (4 functions remapped  0 scriptstructs remapped)
[2018.05.20-15.11.17:884][991]LogContentBrowser: Native class hierarchy populated in 0.0137 seconds. Added 2455 classes and 562 folders.
[2018.05.20-15.11.17:888][991]Display: HotReload took  0.1s.
[2018.05.20-15.11.21:116][ 41]LogSlate: FSceneViewport::OnFocusLost() reason 0
[2018.05.20-15.11.21:233][ 48]LogTemp: Repeating last play command: Selected Viewport
[2018.05.20-15.11.21:251][ 48]LogPlayLevel: PlayLevel: No blueprints needed recompiling
[2018.05.20-15.11.21:251][ 48]PIE: New page: PIE session: FPSMaps (May 21, 2018, 7:11:21 AM)
[2018.05.20-15.11.21:251][ 48]LogPlayLevel: Creating play world package: /Game/Maps/UEDPIE_0_FPSMaps
[2018.05.20-15.11.21:254][ 48]LogPlayLevel: PIE: StaticDuplicateObject took: (0.002789s)
[2018.05.20-15.11.21:255][ 48]LogAIModule: Creating AISystem for world FPSMaps
[2018.05.20-15.11.21:255][ 48]LogPlayLevel: PIE: World Init took: (0.001433s)
[2018.05.20-15.11.21:255][ 48]LogPlayLevel: PIE: Created PIE world by copying editor world from /Game/Maps/FPSMaps.FPSMaps to /Game/Maps/UEDPIE_0_FPSMaps.FPSMaps (0.004466s)
[2018.05.20-15.11.21:276][ 48]LogInit: XAudio2 using 'Speakers (Realtek High Definition Audio)' : 2 channels at 48 kHz using 32 bits per sample (channel mask 0x3)
[2018.05.20-15.11.21:305][ 48]LogInit: FAudioDevice initialized.
[2018.05.20-15.11.21:342][ 48]LogLoad: Game class is 'BP_FPSProjectGameModeBase_C'
[2018.05.20-15.11.21:344][ 48]LogWorld: Bringing World /Game/Maps/UEDPIE_0_FPSMaps.FPSMaps up for play (max tick rate 60) at 2018.05.20-23.11.21
[2018.05.20-15.11.21:344][ 48]LogWorld: Bringing up level for play took: 0.000772
[2018.05.20-15.11.21:346][ 48]PIE: Play in editor start time for /Game/Maps/UEDPIE_0_FPSMaps 0.343
[2018.05.20-15.33.42:888][602]LogSlate: FSceneViewport::OnFocusLost() reason 0
[2018.05.20-15.33.43:005][609]LogTemp: Repeating last play command: Selected Viewport
[2018.05.20-15.33.43:024][609]LogPlayLevel: PlayLevel: No blueprints needed recompiling
[2018.05.20-15.33.43:024][609]PIE: New page: PIE session: FPSMaps (May 21, 2018, 7:33:43 AM)
[2018.05.20-15.33.43:025][609]LogPlayLevel: Creating play world package: /Game/Maps/UEDPIE_0_FPSMaps
[2018.05.20-15.33.43:029][609]LogPlayLevel: PIE: StaticDuplicateObject took: (0.004655s)
[2018.05.20-15.33.43:030][609]LogAIModule: Creating AISystem for world FPSMaps
[2018.05.20-15.33.43:031][609]LogPlayLevel: PIE: World Init took: (0.001201s)
[2018.05.20-15.33.43:031][609]LogPlayLevel: PIE: Created PIE world by copying editor world from /Game/Maps/FPSMaps.FPSMaps to /Game/Maps/UEDPIE_0_FPSMaps.FPSMaps (0.006057s)
[2018.05.20-15.33.43:049][609]LogInit: XAudio2 using 'Speakers (Realtek High Definition Audio)' : 2 channels at 48 kHz using 32 bits per sample (channel mask 0x3)
[2018.05.20-15.33.43:081][609]LogInit: FAudioDevice initialized.
[2018.05.20-15.33.43:113][609]LogLoad: Game class is 'BP_FPSProjectGameModeBase_C'
[2018.05.20-15.33.43:115][609]LogWorld: Bringing World /Game/Maps/UEDPIE_0_FPSMaps.FPSMaps up for play (max tick rate 60) at 2018.05.20-23.33.43
[2018.05.20-15.33.43:115][609]LogWorld: Bringing up level for play took: 0.000811
[2018.05.20-15.33.43:117][609]PIE: Play in editor start time for /Game/Maps/UEDPIE_0_FPSMaps 0.114
[2018.05.20-15.33.59:599][882]LogSlate: FSceneViewport::OnFocusLost() reason 0
[2018.05.20-15.34.05:025][ 96]LogSavePackage: Save=228.35ms
[2018.05.20-15.34.05:025][ 96]LogSavePackage: Moving '../../../../../../Users/User/Documents/GitHub Files/UE4 Crash Course/FPSProject/Saved/FPSMapsA58BC1954A2679988F2EFFAB8A965485.tmp' to '../../../../../../Users/User/Documents/GitHub Files/UE4 Crash Course/FPSProject/Content/Maps/FPSMaps.umap'
[2018.05.20-15.34.05:051][ 96]LogSavePackage: Display: Finished SavePackage ../../../../../../Users/User/Documents/GitHub Files/UE4 Crash Course/FPSProject/Content/Maps/FPSMaps.umap
[2018.05.20-15.34.05:318][ 96]Cmd: OBJ SAVEPACKAGE PACKAGE="/Game/Maps/FPSMaps_BuiltData" FILE="../../../../../../Users/User/Documents/GitHub Files/UE4 Crash Course/FPSProject/Content/Maps/FPSMaps_BuiltData.uasset" SILENT=true
[2018.05.20-15.34.05:566][ 96]LogSavePackage: Save=177.01ms
[2018.05.20-15.34.05:566][ 96]LogSavePackage: Moving '../../../../../../Users/User/Documents/GitHub Files/UE4 Crash Course/FPSProject/Saved/FPSMaps_BuiltData2AB9C4AA44F1C5F2E9D32192E92598CA.tmp' to '../../../../../../Users/User/Documents/GitHub Files/UE4 Crash Course/FPSProject/Content/Maps/FPSMaps_BuiltData.uasset'
[2018.05.20-15.34.05:568][ 96]LogSavePackage: Display: Finished SavePackage ../../../../../../Users/User/Documents/GitHub Files/UE4 Crash Course/FPSProject/Content/Maps/FPSMaps_BuiltData.uasset
[2018.05.20-15.34.07:882][208]LogSlate: Window 'FPSProject - Unreal Editor' being destroyed
[2018.05.20-15.34.09:174][209]Cmd: QUIT_EDITOR
[2018.05.20-15.34.10:507][209]LogWindowsTextInputMethodSystem: Display: IME system now deactivated.
[2018.05.20-15.34.10:590][209]LogSlate: Slate User Destroyed.  User Index 0, Is Virtual User: 0
[2018.05.20-15.34.10:646][209]LogExit: Preparing to exit.
[2018.05.20-15.34.12:735][209]LogDirectoryWatcher: A directory notification for 'C:/Users/User/Documents/GitHub Files/UE4 Crash Course/FPSProject/Content/' was aborted.
[2018.05.20-15.34.13:262][209]LogExit: Editor shut down
[2018.05.20-15.34.13:278][209]LogExit: Transaction tracking system shut down
[2018.05.20-15.34.13:278][209]LogUObjectGlobals: Destroyed PersistentFrame Addr=0x0000015cbd1d38d0, Size=80
[2018.05.20-15.34.13:504][209]LogDirectoryWatcher: A directory notification for '../../../Engine/Content/' was aborted.
[2018.05.20-15.34.13:505][209]LogDirectoryWatcher: A directory notification for '../../../../../../Users/User/Documents/GitHub Files/UE4 Crash Course/FPSProject/Content/' was aborted.
[2018.05.20-15.34.13:505][209]LogDirectoryWatcher: A directory notification for '../../Plugins/2D/Paper2D/Content/' was aborted.
[2018.05.20-15.34.13:505][209]LogDirectoryWatcher: A directory notification for '../../Plugins/Enterprise/DatasmithContent/Content/' was aborted.
[2018.05.20-15.34.13:505][209]LogDirectoryWatcher: A directory notification for '../../Plugins/Media/MediaCompositing/Content/' was aborted.
[2018.05.20-15.34.13:505][209]LogDirectoryWatcher: A directory notification for '../../Plugins/Runtime/AppleARKit/Content/' was aborted.
[2018.05.20-15.34.13:505][209]LogDirectoryWatcher: A directory notification for '../../Plugins/Runtime/Oculus/OculusVR/Content/' was aborted.
[2018.05.20-15.34.13:505][209]LogDirectoryWatcher: A directory notification for '../../Plugins/Runtime/Steam/SteamVR/Content/' was aborted.
[2018.05.20-15.34.21:350][209]LogExit: Object subsystem successfully closed.
[2018.05.20-15.34.22:014][209]LogShaderCompilers: Display: Shaders left to compile 0
[2018.05.20-15.34.22:240][209]LogD3D11RHI: Shutdown
[2018.05.20-15.34.22:240][209]LogD3D11RHI: CleanupD3DDevice
[2018.05.20-15.34.22:380][209]LogD3D11RHI: ~FD3D11DynamicRHI
[2018.05.20-15.34.25:289][209]LogModuleManager: Shutting down and abandoning module FPSProject (577)
[2018.05.20-15.34.25:289][209]LogModuleManager: Shutting down and abandoning module MovieSceneCapture (574)
[2018.05.20-15.34.25:289][209]LogModuleManager: Shutting down and abandoning module HierarchicalLODOutliner (572)
[2018.05.20-15.34.25:289][209]LogModuleManager: Shutting down and abandoning module DesktopPlatform (570)
[2018.05.20-15.34.25:332][209]LogModuleManager: Shutting down and abandoning module SceneOutliner (568)
[2018.05.20-15.34.25:367][209]LogModuleManager: Shutting down and abandoning module AddContentDialog (566)
[2018.05.20-15.34.25:389][209]LogDirectoryWatcher: A directory notification for 'C:/Program Files/Epic Games/UE_4.19/FeaturePacks/' was aborted.
[2018.05.20-15.34.25:393][209]LogModuleManager: Shutting down and abandoning module WidgetCarousel (565)
[2018.05.20-15.34.25:393][209]LogModuleManager: Shutting down and abandoning module EditorWidgets (562)
[2018.05.20-15.34.25:393][209]LogModuleManager: Shutting down and abandoning module CollectionManager (560)
[2018.05.20-15.34.25:418][209]LogDirectoryWatcher: A directory notification for 'C:/Users/User/Documents/GitHub Files/UE4 Crash Course/FPSProject/Content/Collections/' was aborted.
[2018.05.20-15.34.25:418][209]LogDirectoryWatcher: A directory notification for 'C:/Users/User/Documents/GitHub Files/UE4 Crash Course/FPSProject/Content/Developers/User/Collections/' was aborted.
[2018.05.20-15.34.25:418][209]LogDirectoryWatcher: A directory notification for 'C:/Users/User/Documents/GitHub Files/UE4 Crash Course/FPSProject/Saved/Collections/' was aborted.
[2018.05.20-15.34.25:418][209]LogModuleManager: Shutting down and abandoning module LauncherPlatform (558)
[2018.05.20-15.34.25:418][209]LogModuleManager: Shutting down and abandoning module StatsViewer (556)
[2018.05.20-15.34.25:441][209]LogModuleManager: Shutting down and abandoning module FoliageEdit (554)
[2018.05.20-15.34.25:441][209]LogModuleManager: Shutting down and abandoning module LandscapeEditor (552)
[2018.05.20-15.34.25:474][209]LogModuleManager: Shutting down and abandoning module MeshPaintMode (550)
[2018.05.20-15.34.25:508][209]LogModuleManager: Shutting down and abandoning module SceneDepthPickerMode (548)
[2018.05.20-15.34.25:508][209]LogModuleManager: Shutting down and abandoning module ActorPickerMode (546)
[2018.05.20-15.34.25:508][209]LogModuleManager: Shutting down and abandoning module GeometryMode (544)
[2018.05.20-15.34.25:601][209]LogModuleManager: Shutting down and abandoning module TextureAlignMode (542)
[2018.05.20-15.34.25:601][209]LogModuleManager: Shutting down and abandoning module BspMode (540)
[2018.05.20-15.34.25:601][209]LogModuleManager: Shutting down and abandoning module PIEPreviewDeviceProfileSelector (538)
[2018.05.20-15.34.25:601][209]LogModuleManager: Shutting down and abandoning module SequenceRecorderSections (536)
[2018.05.20-15.34.25:637][209]LogModuleManager: Shutting down and abandoning module AutomationWorker (534)
[2018.05.20-15.34.25:637][209]LogModuleManager: Shutting down and abandoning module AudioCaptureEditor (532)
[2018.05.20-15.34.25:637][209]LogModuleManager: Shutting down and abandoning module SequenceRecorder (531)
[2018.05.20-15.34.25:673][209]LogModuleManager: Shutting down and abandoning module MatineeToLevelSequence (528)
[2018.05.20-15.34.25:683][209]LogModuleManager: Shutting down and abandoning module LevelSequenceEditor (526)
[2018.05.20-15.34.25:782][209]LogModuleManager: Shutting down and abandoning module PlacementMode (525)
[2018.05.20-15.34.25:782][209]LogModuleManager: Shutting down and abandoning module MaterialEditor (524)
[2018.05.20-15.34.25:940][209]LogModuleManager: Shutting down and abandoning module WmfMediaFactory (520)
[2018.05.20-15.34.25:940][209]LogModuleManager: Shutting down and abandoning module WmfMediaEditor (518)
[2018.05.20-15.34.25:940][209]LogModuleManager: Shutting down and abandoning module MediaPlayerEditor (516)
[2018.05.20-15.34.26:099][209]LogModuleManager: Shutting down and abandoning module OpenExrWrapper (514)
[2018.05.20-15.34.26:099][209]LogModuleManager: Shutting down and abandoning module ImgMediaFactory (512)
[2018.05.20-15.34.26:099][209]LogModuleManager: Shutting down and abandoning module ImgMediaEditor (510)
[2018.05.20-15.34.26:099][209]LogModuleManager: Shutting down and abandoning module AvfMediaFactory (508)
[2018.05.20-15.34.26:099][209]LogModuleManager: Shutting down and abandoning module AvfMediaEditor (506)
[2018.05.20-15.34.26:099][209]LogModuleManager: Shutting down and abandoning module AndroidMediaFactory (504)
[2018.05.20-15.34.26:100][209]LogModuleManager: Shutting down and abandoning module AndroidMediaEditor (502)
[2018.05.20-15.34.26:100][209]LogModuleManager: Shutting down and abandoning module CharacterAI (500)
[2018.05.20-15.34.26:100][209]LogModuleManager: Shutting down and abandoning module SmartSnapping (498)
[2018.05.20-15.34.26:100][209]LogModuleManager: Shutting down and abandoning module SessionServices (496)
[2018.05.20-15.34.26:100][209]LogModuleManager: Shutting down and abandoning module ViewportSnapping (494)
[2018.05.20-15.34.26:100][209]LogModuleManager: Shutting down and abandoning module ViewportInteraction (492)
[2018.05.20-15.34.26:100][209]LogModuleManager: Shutting down and abandoning module ClothPainter (490)
[2018.05.20-15.34.26:198][209]LogModuleManager: Shutting down and abandoning module SkeletalMeshEditor (489)
[2018.05.20-15.34.26:406][209]LogModuleManager: Shutting down and abandoning module LogVisualizer (486)
[2018.05.20-15.34.26:422][209]LogModuleManager: Shutting down and abandoning module IntroTutorials (484)
[2018.05.20-15.34.26:547][209]LogModuleManager: Shutting down and abandoning module GameProjectGeneration (483)
[2018.05.20-15.34.26:573][209]LogModuleManager: Shutting down and abandoning module IOSPlatformEditor (480)
[2018.05.20-15.34.26:597][209]LogModuleManager: Shutting down and abandoning module HTML5PlatformEditor (478)
[2018.05.20-15.34.26:597][209]LogModuleManager: Shutting down and abandoning module AndroidPlatformEditor (476)
[2018.05.20-15.34.26:597][209]LogModuleManager: Shutting down and abandoning module AndroidDeviceDetection (475)
[2018.05.20-15.34.26:815][209]LogModuleManager: Shutting down and abandoning module WindowsPlatformEditor (472)
[2018.05.20-15.34.26:815][209]LogModuleManager: Shutting down and abandoning module IOSRuntimeSettings (470)
[2018.05.20-15.34.26:815][209]LogModuleManager: Shutting down and abandoning module AndroidRuntimeSettings (468)
[2018.05.20-15.34.26:815][209]LogModuleManager: Shutting down and abandoning module InputBindingEditor (466)
[2018.05.20-15.34.26:901][209]LogModuleManager: Shutting down and abandoning module MergeActors (464)
[2018.05.20-15.34.26:946][209]LogModuleManager: Shutting down and abandoning module LocalizationDashboard (462)
[2018.05.20-15.34.26:974][209]LogModuleManager: Shutting down and abandoning module LocalizationService (461)
[2018.05.20-15.34.27:026][209]LogModuleManager: Shutting down and abandoning module HardwareTargeting (458)
[2018.05.20-15.34.27:026][209]LogModuleManager: Shutting down and abandoning module DeviceProfileEditor (456)
[2018.05.20-15.34.27:049][209]LogModuleManager: Shutting down and abandoning module UndoHistory (454)
[2018.05.20-15.34.27:049][209]LogModuleManager: Shutting down and abandoning module XmlParser (452)
[2018.05.20-15.34.27:140][209]LogModuleManager: Shutting down and abandoning module Blutility (450)
[2018.05.20-15.34.27:140][209]LogModuleManager: Shutting down and abandoning module ProjectSettingsViewer (448)
[2018.05.20-15.34.27:140][209]LogModuleManager: Shutting down and abandoning module ProjectTargetPlatformEditor (447)
[2018.05.20-15.34.27:140][209]LogModuleManager: Shutting down and abandoning module EditorSettingsViewer (444)
[2018.05.20-15.34.27:140][209]LogModuleManager: Shutting down and abandoning module SettingsEditor (442)
[2018.05.20-15.34.27:232][209]LogModuleManager: Shutting down and abandoning module ProjectLauncher (440)
[2018.05.20-15.34.27:290][209]LogModuleManager: Shutting down and abandoning module SessionFrontend (438)
[2018.05.20-15.34.27:316][209]LogModuleManager: Shutting down and abandoning module ProfilerClient (436)
[2018.05.20-15.34.27:346][209]LogModuleManager: Shutting down and abandoning module DeviceManager (434)
[2018.05.20-15.34.27:418][209]LogModuleManager: Shutting down and abandoning module TargetDeviceServices (433)
[2018.05.20-15.34.27:510][209]LogModuleManager: Shutting down and abandoning module AutomationController (430)
[2018.05.20-15.34.27:690][209]LogModuleManager: Shutting down and abandoning module AutomationWindow (428)
[2018.05.20-15.34.27:811][209]LogModuleManager: Shutting down and abandoning module Layers (426)
[2018.05.20-15.34.27:893][209]LogModuleManager: Shutting down and abandoning module ComponentVisualizers (424)
[2018.05.20-15.34.27:893][209]LogModuleManager: Shutting down and abandoning module DetailCustomizations (422)
[2018.05.20-15.34.27:916][209]LogModuleManager: Shutting down and abandoning module PackagesDialog (420)
[2018.05.20-15.34.27:916][209]LogModuleManager: Shutting down and abandoning module Persona (418)
[2018.05.20-15.34.28:004][209]LogModuleManager: Shutting down and abandoning module AdvancedPreviewScene (417)
[2018.05.20-15.34.28:004][209]LogModuleManager: Shutting down and abandoning module AnimGraph (415)
[2018.05.20-15.34.28:004][209]LogModuleManager: Shutting down and abandoning module Kismet (412)
[2018.05.20-15.34.28:050][209]LogModuleManager: Shutting down and abandoning module GraphEditor (410)
[2018.05.20-15.34.28:237][209]LogModuleManager: Shutting down and abandoning module ClassViewer (408)
[2018.05.20-15.34.28:237][209]LogModuleManager: Shutting down and abandoning module Toolbox (406)
[2018.05.20-15.34.28:237][209]LogModuleManager: Shutting down and abandoning module ModuleUI (404)
[2018.05.20-15.34.28:286][209]LogModuleManager: Shutting down and abandoning module MovieSceneTools (402)
[2018.05.20-15.34.28:344][209]LogModuleManager: Shutting down and abandoning module OutputLog (400)
[2018.05.20-15.34.28:386][209]LogModuleManager: Shutting down and abandoning module GammaUI (398)
[2018.05.20-15.34.28:407][209]LogModuleManager: Shutting down and abandoning module Documentation (396)
[2018.05.20-15.34.28:407][209]LogModuleManager: Shutting down and abandoning module MovieSceneTracks (394)
[2018.05.20-15.34.28:407][209]LogModuleManager: Shutting down and abandoning module MovieScene (392)
[2018.05.20-15.34.28:407][209]LogModuleManager: Shutting down and abandoning module StreamingPauseRendering (390)
[2018.05.20-15.34.28:407][209]LogModuleManager: Shutting down and abandoning module PortalServices (388)
[2018.05.20-15.34.28:407][209]LogModuleManager: Shutting down and abandoning module PortalRpc (386)
[2018.05.20-15.34.28:407][209]LogModuleManager: Shutting down and abandoning module MessagingRpc (384)
[2018.05.20-15.34.28:407][209]LogModuleManager: Shutting down and abandoning module AIModule (382)
[2018.05.20-15.34.28:407][209]LogModuleManager: Shutting down and abandoning module GameplayDebugger (381)
[2018.05.20-15.34.28:407][209]LogModuleManager: Shutting down and abandoning module AITestSuite (379)
[2018.05.20-15.34.28:416][209]LogModuleManager: Shutting down and abandoning module ProfilerService (376)
[2018.05.20-15.34.28:648][209]LogModuleManager: Shutting down and abandoning module TaskGraph (374)
[2018.05.20-15.34.28:759][209]LogModuleManager: Shutting down and abandoning module SteamVRController (372)
[2018.05.20-15.34.28:759][209]LogModuleManager: Shutting down and abandoning module ProceduralMeshComponentEditor (370)
[2018.05.20-15.34.28:759][209]LogModuleManager: Shutting down and abandoning module ProceduralMeshComponent (368)
[2018.05.20-15.34.28:767][209]LogModuleManager: Shutting down and abandoning module OculusInput (366)
[2018.05.20-15.34.28:775][209]LogModuleManager: Shutting down and abandoning module MobilePatchingUtils (364)
[2018.05.20-15.34.28:775][209]LogModuleManager: Shutting down and abandoning module CustomMeshComponent (362)
[2018.05.20-15.34.28:775][209]LogModuleManager: Shutting down and abandoning module CableComponent (360)
[2018.05.20-15.34.28:778][209]LogModuleManager: Shutting down and abandoning module AudioCapture (358)
[2018.05.20-15.34.28:778][209]LogModuleManager: Shutting down and abandoning module ArchVisCharacter (356)
[2018.05.20-15.34.28:778][209]LogModuleManager: Shutting down and abandoning module AndroidPermission (354)
[2018.05.20-15.34.28:778][209]LogModuleManager: Shutting down and abandoning module NUTUnrealEngine4 (350)
[2018.05.20-15.34.28:778][209]LogModuleManager: Shutting down and abandoning module NetcodeUnitTest (348)
[2018.05.20-15.34.28:839][209]LogModuleManager: Shutting down and abandoning module MediaCompositingEditor (346)
[2018.05.20-15.34.28:839][209]LogModuleManager: Shutting down and abandoning module MediaCompositing (344)
[2018.05.20-15.34.28:839][209]LogModuleManager: Shutting down and abandoning module LinearTimecode (342)
[2018.05.20-15.34.28:839][209]LogModuleManager: Shutting down and abandoning module ImgMedia (340)
[2018.05.20-15.34.28:870][209]LogModuleManager: Shutting down and abandoning module HTML5Networking (338)
[2018.05.20-15.34.28:870][209]LogModuleManager: Shutting down and abandoning module AlembicImporter (336)
[2018.05.20-15.34.28:899][209]LogModuleManager: Shutting down and abandoning module AlembicLibrary (335)
[2018.05.20-15.34.28:899][209]LogModuleManager: Shutting down and abandoning module GeometryCache (334)
[2018.05.20-15.34.28:899][209]LogModuleManager: Shutting down and abandoning module GeometryCacheEd (333)
[2018.05.20-15.34.28:899][209]LogModuleManager: Shutting down and abandoning module DatasmithContent (328)
[2018.05.20-15.34.28:899][209]LogModuleManager: Shutting down and abandoning module SpeedTreeImporter (326)
[2018.05.20-15.34.28:899][209]LogModuleManager: Shutting down and abandoning module PluginBrowser (324)
[2018.05.20-15.34.28:920][209]LogModuleManager: Shutting down and abandoning module MobileLauncherProfileWizard (322)
[2018.05.20-15.34.28:947][209]LogModuleManager: Shutting down and abandoning module CryptoKeysOpenSSL (320)
[2018.05.20-15.34.28:958][209]LogModuleManager: Shutting down and abandoning module CryptoKeys (318)
[2018.05.20-15.34.28:958][209]LogModuleManager: Shutting down and abandoning module VisualStudioSourceCodeAccess (316)
[2018.05.20-15.34.28:958][209]LogModuleManager: Shutting down and abandoning module VisualStudioCodeSourceCodeAccess (314)
[2018.05.20-15.34.28:958][209]LogModuleManager: Shutting down and abandoning module UObjectPlugin (312)
[2018.05.20-15.34.28:958][209]LogModuleManager: Shutting down and abandoning module SubversionSourceControl (310)
[2018.05.20-15.34.28:970][209]LogModuleManager: Shutting down and abandoning module PerforceSourceControl (308)
[2018.05.20-15.34.29:052][209]LogModuleManager: Shutting down and abandoning module GitSourceControl (306)
[2018.05.20-15.34.29:102][209]LogModuleManager: Shutting down and abandoning module SourceControl (305)
[2018.05.20-15.34.29:165][209]LogModuleManager: Shutting down and abandoning module CLionSourceCodeAccess (302)
[2018.05.20-15.34.29:261][209]LogModuleManager: Shutting down and abandoning module LightPropagationVolumeEditor (300)
[2018.05.20-15.34.29:261][209]LogModuleManager: Shutting down and abandoning module PaperTiledImporter (298)
[2018.05.20-15.34.29:261][209]LogModuleManager: Shutting down and abandoning module PaperSpriteSheetImporter (296)
[2018.05.20-15.34.29:261][209]LogModuleManager: Shutting down and abandoning module Paper2DEditor (294)
[2018.05.20-15.34.29:334][209]LogModuleManager: Shutting down and abandoning module MeshPaint (293)
[2018.05.20-15.34.29:356][209]LogModuleManager: Shutting down and abandoning module RuntimePhysXCooking (288)
[2018.05.20-15.34.29:356][209]LogModuleManager: Shutting down and abandoning module PhysXVehiclesEditor (286)
[2018.05.20-15.34.29:356][209]LogModuleManager: Shutting down and abandoning module PhysXVehicles (284)
[2018.05.20-15.34.29:356][209]LogModuleManager: Shutting down and abandoning module OculusEditor (282)
[2018.05.20-15.34.29:356][209]LogModuleManager: Shutting down and abandoning module LocationServicesBPLibrary (280)
[2018.05.20-15.34.29:356][209]LogModuleManager: Shutting down and abandoning module ImmediatePhysicsEditor (278)
[2018.05.20-15.34.29:356][209]LogModuleManager: Shutting down and abandoning module ImmediatePhysics (276)
[2018.05.20-15.34.29:381][209]LogModuleManager: Shutting down and abandoning module ActorSequence (274)
[2018.05.20-15.34.29:381][209]LogModuleManager: Shutting down and abandoning module UdpMessaging (272)
[2018.05.20-15.34.29:500][209]LogModuleManager: Shutting down and abandoning module TcpMessaging (270)
[2018.05.20-15.34.29:627][209]LogModuleManager: Shutting down and abandoning module GameplayTagsEditor (268)
[2018.05.20-15.34.29:728][209]LogModuleManager: Shutting down and abandoning module FacialAnimationEditor (266)
[2018.05.20-15.34.29:728][209]LogModuleManager: Shutting down and abandoning module FacialAnimation (264)
[2018.05.20-15.34.29:728][209]LogModuleManager: Shutting down and abandoning module DataValidation (262)
[2018.05.20-15.34.29:742][209]LogModuleManager: Shutting down and abandoning module AssetManagerEditor (260)
[2018.05.20-15.34.29:974][209]LogModuleManager: Shutting down and abandoning module LevelEditor (259)
[2018.05.20-15.34.30:023][209]LogModuleManager: Shutting down and abandoning module PixelInspectorModule (258)
[2018.05.20-15.34.30:131][209]LogModuleManager: Shutting down and abandoning module CommonMenuExtensions (256)
[2018.05.20-15.34.30:131][209]LogModuleManager: Shutting down and abandoning module MainFrame (254)
[2018.05.20-15.34.30:131][209]LogModuleManager: Shutting down and abandoning module HotReload (253)
[2018.05.20-15.34.30:131][209]LogDirectoryWatcher: A directory notification for 'C:/Users/User/Documents/GitHub Files/UE4 Crash Course/FPSProject/Binaries/Win64' was aborted.
[2018.05.20-15.34.30:132][209]LogModuleManager: Shutting down and abandoning module ContentBrowser (249)
[2018.05.20-15.34.30:133][209]LogModuleManager: Shutting down and abandoning module TreeMap (247)
[2018.05.20-15.34.30:244][209]LogModuleManager: Shutting down and abandoning module LightPropagationVolumeRuntime (244)
[2018.05.20-15.34.30:244][209]LogModuleManager: Shutting down and abandoning module LiveLinkEditor (242)
[2018.05.20-15.34.30:343][209]LogModuleManager: Shutting down and abandoning module LiveLink (240)
[2018.05.20-15.34.30:809][209]LogModuleManager: Shutting down and abandoning module Paper2D (238)
[2018.05.20-15.34.30:849][209]LogModuleManager: Shutting down and abandoning module WindowsMoviePlayer (236)
[2018.05.20-15.34.30:941][209]LogModuleManager: Shutting down and abandoning module WmfMedia (234)
[2018.05.20-15.34.30:986][209]LogModuleManager: Shutting down and abandoning module Media (233)
[2018.05.20-15.34.30:992][209]LogModuleManager: Shutting down and abandoning module PacketHandler (230)
[2018.05.20-15.34.30:993][209]LogModuleManager: Shutting down and abandoning module ClothingSystemEditor (228)
[2018.05.20-15.34.30:993][209]LogModuleManager: Shutting down and abandoning module ClothingSystemRuntime (226)
[2018.05.20-15.34.31:081][209]LogModuleManager: Shutting down and abandoning module MediaAssets (224)
[2018.05.20-15.34.31:081][209]LogModuleManager: Shutting down and abandoning module Overlay (222)
[2018.05.20-15.34.31:081][209]LogModuleManager: Shutting down and abandoning module OverlayEditor (221)
[2018.05.20-15.34.31:081][209]LogModuleManager: Shutting down and abandoning module VREditor (218)
[2018.05.20-15.34.31:119][209]LogModuleManager: Shutting down and abandoning module StringTableEditor (216)
[2018.05.20-15.34.31:119][209]LogModuleManager: Shutting down and abandoning module GameplayTasksEditor (214)
[2018.05.20-15.34.31:119][209]LogModuleManager: Shutting down and abandoning module BehaviorTreeEditor (212)
[2018.05.20-15.34.31:644][209]LogModuleManager: Shutting down and abandoning module FunctionalTesting (210)
[2018.05.20-15.34.31:669][209]LogModuleManager: Shutting down and abandoning module CollisionAnalyzer (208)
[2018.05.20-15.34.31:771][209]LogModuleManager: Shutting down and abandoning module WorkspaceMenuStructure (207)
[2018.05.20-15.34.31:771][209]LogModuleManager: Shutting down and abandoning module UMG (204)
[2018.05.20-15.34.31:858][209]LogModuleManager: Shutting down and abandoning module UMGEditor (203)
[2018.05.20-15.34.32:028][209]LogModuleManager: Shutting down and abandoning module Sequencer (202)
[2018.05.20-15.34.32:049][209]LogModuleManager: Shutting down and abandoning module MessageLog (199)
[2018.05.20-15.34.32:049][209]LogModuleManager: Shutting down and abandoning module SlateReflector (194)
[2018.05.20-15.34.32:122][209]LogModuleManager: Shutting down and abandoning module Slate (192)
[2018.05.20-15.34.32:122][209]LogModuleManager: Shutting down and abandoning module EditorStyle (190)
[2018.05.20-15.34.32:421][209]LogModuleManager: Shutting down and abandoning module MRMesh (188)
[2018.05.20-15.34.32:421][209]LogModuleManager: Shutting down and abandoning module SourceCodeAccess (186)
[2018.05.20-15.34.32:421][209]LogModuleManager: Shutting down and abandoning module HeadMountedDisplay (184)
[2018.05.20-15.34.32:421][209]LogModuleManager: Shutting down and abandoning module XAudio2 (182)
[2018.05.20-15.34.32:421][209]LogModuleManager: Shutting down and abandoning module Networking (180)
[2018.05.20-15.34.32:422][209]LogModuleManager: Shutting down and abandoning module Core (178)
[2018.05.20-15.34.32:422][209]LogModuleManager: Shutting down and abandoning module LevelSequence (176)
[2018.05.20-15.34.32:484][209]LogModuleManager: Shutting down and abandoning module KismetCompiler (174)
[2018.05.20-15.34.32:484][209]LogModuleManager: Shutting down and abandoning module MeshUtilities (172)
[2018.05.20-15.34.32:668][209]LogModuleManager: Shutting down and abandoning module MeshMergeUtilities (171)
[2018.05.20-15.34.32:668][209]LogModuleManager: Shutting down and abandoning module MeshReductionInterface (170)
[2018.05.20-15.34.32:668][209]LogModuleManager: Shutting down and abandoning module SimplygonSwarm (169)
[2018.05.20-15.34.32:793][209]LogModuleManager: Shutting down and abandoning module SimplygonMeshReduction (167)
[2018.05.20-15.34.33:032][209]LogModuleManager: Shutting down and abandoning module QuadricMeshReduction (165)
[2018.05.20-15.34.33:113][209]LogModuleManager: Shutting down and abandoning module MaterialBaking (161)
[2018.05.20-15.34.33:172][209]LogModuleManager: Shutting down and abandoning module DirectoryWatcher (157)
[2018.05.20-15.34.33:175][209]LogModuleManager: Shutting down and abandoning module DerivedDataCache (154)
[2018.05.20-15.34.33:271][209]LogDerivedDataCache: Shutdown
[2018.05.20-15.34.33:271][209]LogModuleManager: Shutting down and abandoning module XGEController (152)
[2018.05.20-15.34.33:271][209]LogModuleManager: Shutting down and abandoning module TargetPlatform (150)
[2018.05.20-15.34.33:271][209]LogModuleManager: Shutting down and abandoning module VulkanShaderFormat (149)
[2018.05.20-15.34.33:283][209]LogModuleManager: Shutting down and abandoning module ShaderFormatVectorVM (147)
[2018.05.20-15.34.33:326][209]LogModuleManager: Shutting down and abandoning module ShaderFormatOpenGL (145)
[2018.05.20-15.34.33:338][209]LogModuleManager: Shutting down and abandoning module ShaderFormatD3D (143)
[2018.05.20-15.34.33:349][209]LogModuleManager: Shutting down and abandoning module MetalShaderFormat (141)
[2018.05.20-15.34.33:370][209]LogModuleManager: Shutting down and abandoning module TextureFormatUncompressed (139)
[2018.05.20-15.34.33:370][209]LogModuleManager: Shutting down and abandoning module TextureFormatPVR (137)
[2018.05.20-15.34.33:370][209]LogModuleManager: Shutting down and abandoning module TextureFormatDXT (135)
[2018.05.20-15.34.33:379][209]LogModuleManager: Shutting down and abandoning module TextureFormatIntelISPCTexComp (133)
[2018.05.20-15.34.33:433][209]LogModuleManager: Shutting down and abandoning module TextureFormatASTC (131)
[2018.05.20-15.34.33:433][209]LogModuleManager: Shutting down and abandoning module ImageWrapper (130)
[2018.05.20-15.34.33:433][209]LogModuleManager: Shutting down and abandoning module TextureFormatAndroid (127)
[2018.05.20-15.34.33:433][209]LogModuleManager: Shutting down and abandoning module AudioFormatOpus (125)
[2018.05.20-15.34.33:433][209]LogModuleManager: Shutting down and abandoning module AudioFormatOgg (123)
[2018.05.20-15.34.33:433][209]LogModuleManager: Shutting down and abandoning module AudioFormatADPCM (121)
[2018.05.20-15.34.33:433][209]LogModuleManager: Shutting down and abandoning module LinuxTargetPlatform (119)
[2018.05.20-15.34.33:433][209]LogModuleManager: Shutting down and abandoning module LinuxServerTargetPlatform (117)
[2018.05.20-15.34.33:433][209]LogModuleManager: Shutting down and abandoning module LinuxNoEditorTargetPlatform (115)
[2018.05.20-15.34.33:433][209]LogModuleManager: Shutting down and abandoning module LinuxClientTargetPlatform (113)
[2018.05.20-15.34.33:433][209]LogModuleManager: Shutting down and abandoning module TVOSTargetPlatform (111)
[2018.05.20-15.34.33:433][209]LogModuleManager: Shutting down and abandoning module Messaging (109)
[2018.05.20-15.34.33:433][209]LogModuleManager: Shutting down and abandoning module IOSTargetPlatform (107)
[2018.05.20-15.34.33:433][209]LogModuleManager: Shutting down and abandoning module HTML5TargetPlatform (105)
[2018.05.20-15.34.33:433][209]LogModuleManager: Shutting down and abandoning module AndroidTargetPlatform (103)
[2018.05.20-15.34.33:433][209]LogModuleManager: Shutting down and abandoning module Android_PVRTCTargetPlatform (101)
[2018.05.20-15.34.33:433][209]LogModuleManager: Shutting down and abandoning module Android_MultiTargetPlatform (99)
[2018.05.20-15.34.33:433][209]LogModuleManager: Shutting down and abandoning module Android_ETC2TargetPlatform (97)
[2018.05.20-15.34.33:433][209]LogModuleManager: Shutting down and abandoning module Android_ETC1TargetPlatform (95)
[2018.05.20-15.34.33:433][209]LogModuleManager: Shutting down and abandoning module Android_ETC1aTargetPlatform (93)
[2018.05.20-15.34.33:433][209]LogModuleManager: Shutting down and abandoning module Android_DXTTargetPlatform (91)
[2018.05.20-15.34.33:433][209]LogModuleManager: Shutting down and abandoning module Android_ATCTargetPlatform (89)
[2018.05.20-15.34.33:433][209]LogModuleManager: Shutting down and abandoning module Android_ASTCTargetPlatform (87)
[2018.05.20-15.34.33:433][209]LogModuleManager: Shutting down and abandoning module WindowsTargetPlatform (85)
[2018.05.20-15.34.33:433][209]LogModuleManager: Shutting down and abandoning module WindowsServerTargetPlatform (83)
[2018.05.20-15.34.33:433][209]LogModuleManager: Shutting down and abandoning module WindowsNoEditorTargetPlatform (81)
[2018.05.20-15.34.33:433][209]LogModuleManager: Shutting down and abandoning module WindowsClientTargetPlatform (79)
[2018.05.20-15.34.33:433][209]LogModuleManager: Shutting down and abandoning module MacTargetPlatform (77)
[2018.05.20-15.34.33:434][209]LogModuleManager: Shutting down and abandoning module MacServerTargetPlatform (75)
[2018.05.20-15.34.33:434][209]LogModuleManager: Shutting down and abandoning module MacNoEditorTargetPlatform (73)
[2018.05.20-15.34.33:434][209]LogModuleManager: Shutting down and abandoning module MacClientTargetPlatform (71)
[2018.05.20-15.34.33:434][209]LogModuleManager: Shutting down and abandoning module AllDesktopTargetPlatform (69)
[2018.05.20-15.34.33:434][209]LogModuleManager: Shutting down and abandoning module InputCore (66)
[2018.05.20-15.34.33:434][209]LogModuleManager: Shutting down and abandoning module Settings (64)
[2018.05.20-15.34.33:434][209]LogModuleManager: Shutting down and abandoning module PhysXCooking (62)
[2018.05.20-15.34.33:434][209]LogModuleManager: Shutting down and abandoning module SteamVR (60)
[2018.05.20-15.34.33:434][209]LogModuleManager: Shutting down and abandoning module OculusHMD (58)
[2018.05.20-15.34.33:486][209]LogModuleManager: Shutting down and abandoning module ExampleDeviceProfileSelector (56)
[2018.05.20-15.34.33:486][209]LogModuleManager: Shutting down and abandoning module AppleARKit (54)
[2018.05.20-15.34.33:486][209]LogModuleManager: Shutting down and abandoning module AugmentedReality (51)
[2018.05.20-15.34.33:486][209]LogModuleManager: Shutting down and abandoning module OnlineBlueprintSupport (48)
[2018.05.20-15.34.33:486][209]LogModuleManager: Shutting down and abandoning module OnlineSubsystem (44)
[2018.05.20-15.34.33:878][209]LogModuleManager: Shutting down and abandoning module XMPP (43)
[2018.05.20-15.34.33:965][209]LogModuleManager: Shutting down and abandoning module HTTP (41)
[2018.05.20-15.34.34:144][209]LogModuleManager: Shutting down and abandoning module SSL (40)
[2018.05.20-15.34.34:273][209]LogModuleManager: Shutting down and abandoning module AnimationModifiers (36)
[2018.05.20-15.34.34:336][209]LogModuleManager: Shutting down and abandoning module PropertyEditor (35)
[2018.05.20-15.34.34:460][209]LogModuleManager: Shutting down and abandoning module AudioEditor (32)
[2018.05.20-15.34.34:482][209]LogModuleManager: Shutting down and abandoning module TextureCompressor (30)
[2018.05.20-15.34.34:592][209]LogModuleManager: Shutting down and abandoning module ShaderCore (28)
[2018.05.20-15.34.34:593][209]LogModuleManager: Shutting down and abandoning module Landscape (26)
[2018.05.20-15.34.34:593][209]LogModuleManager: Shutting down and abandoning module SlateRHIRenderer (24)
[2018.05.20-15.34.34:610][209]LogModuleManager: Shutting down and abandoning module OpenGLDrv (22)
[2018.05.20-15.34.34:646][209]LogModuleManager: Shutting down and abandoning module D3D11RHI (20)
[2018.05.20-15.34.34:646][209]LogModuleManager: Shutting down and abandoning module AnimGraphRuntime (18)
[2018.05.20-15.34.34:656][209]LogModuleManager: Shutting down and abandoning module Renderer (16)
[2018.05.20-15.34.34:656][209]LogModuleManager: Shutting down and abandoning module Engine (14)
[2018.05.20-15.34.34:656][209]LogModuleManager: Shutting down and abandoning module CoreUObject (12)
[2018.05.20-15.34.34:656][209]LogModuleManager: Shutting down and abandoning module NetworkFile (10)
[2018.05.20-15.34.34:661][209]LogModuleManager: Shutting down and abandoning module CookedIterativeFile (8)
[2018.05.20-15.34.34:661][209]LogModuleManager: Shutting down and abandoning module StreamingFile (6)
[2018.05.20-15.34.34:668][209]LogModuleManager: Shutting down and abandoning module SandboxFile (4)
[2018.05.20-15.34.34:704][209]LogModuleManager: Shutting down and abandoning module PakFile (2)
[2018.05.20-15.34.34:732][209]LogExit: Exiting.
[2018.05.20-15.34.34:805][209]Log file closed, 05/20/18 23:34:34
