Log file open, 05/23/18 20:09:35
LogWindows: Failed to load 'aqProf.dll' (GetLastError=126)
LogWindows: File 'aqProf.dll' does not exist
LogWindows: Failed to load 'VtuneApi.dll' (GetLastError=126)
LogWindows: File 'VtuneApi.dll' does not exist
LogWindows: Failed to load 'VtuneApi32e.dll' (GetLastError=126)
LogWindows: File 'VtuneApi32e.dll' does not exist
LogInit: Display: Running engine for game: FPSProject
LogPlatformFile: Not using cached read wrapper
LogInit: Display: RandInit(1171617798) SRandInit(1171617798).
LogInit: Read version file with build ID '3944462'
LogInit: Overriding engine version to CL 4033788, compatible CL 3944462
LogInit: Registered custom module enumerator with build ID '3944462'
LogTaskGraph: Started task graph with 5 named threads and 14 total threads with 3 sets of task threads.
LogStats: Stats thread started at 1.886641
LogD3D11RHI: Aftermath initialized
LogICUInternationalization: Display: ICU TimeZone Detection - Raw Offset: +8:00, Platform Override: ''
LogPluginManager: Mounting plugin Paper2D
LogPluginManager: Mounting plugin LiveLink
LogPluginManager: Mounting plugin LightPropagationVolume
LogPluginManager: Mounting plugin CLionSourceCodeAccess
LogPluginManager: Mounting plugin CodeLiteSourceCodeAccess
LogPluginManager: Mounting plugin GitSourceControl
LogPluginManager: Mounting plugin KDevelopSourceCodeAccess
LogPluginManager: Mounting plugin NullSourceCodeAccess
LogPluginManager: Mounting plugin PerforceSourceControl
LogPluginManager: Mounting plugin SubversionSourceControl
LogPluginManager: Mounting plugin UObjectPlugin
LogPluginManager: Mounting plugin VisualStudioCodeSourceCodeAccess
LogPluginManager: Mounting plugin VisualStudioSourceCodeAccess
LogPluginManager: Mounting plugin XCodeSourceCodeAccess
LogPluginManager: Mounting plugin AssetManagerEditor
LogPluginManager: Mounting plugin CryptoKeys
LogPluginManager: Mounting plugin DataValidation
LogPluginManager: Mounting plugin FacialAnimation
LogPluginManager: Mounting plugin GameplayTagsEditor
LogPluginManager: Mounting plugin MobileLauncherProfileWizard
LogPluginManager: Mounting plugin PluginBrowser
LogPluginManager: Mounting plugin SpeedTreeImporter
LogPluginManager: Mounting plugin DatasmithContent
LogPluginManager: Mounting plugin AlembicImporter
LogPluginManager: Mounting plugin CharacterAI
LogPluginManager: Mounting plugin HTML5Networking
LogPluginManager: Mounting plugin AndroidMedia
LogPluginManager: Mounting plugin AvfMedia
LogPluginManager: Mounting plugin ImgMedia
LogPluginManager: Mounting plugin LinearTimecode
LogPluginManager: Mounting plugin MediaCompositing
LogPluginManager: Mounting plugin MediaPlayerEditor
LogPluginManager: Mounting plugin WmfMedia
LogPluginManager: Mounting plugin TcpMessaging
LogPluginManager: Mounting plugin UdpMessaging
LogPluginManager: Mounting plugin ActorSequence
LogPluginManager: Mounting plugin LevelSequenceEditor
LogPluginManager: Mounting plugin MatineeToLevelSequence
LogPluginManager: Mounting plugin NetcodeUnitTest
LogPluginManager: Mounting plugin NUTUnrealEngine4
LogPluginManager: Mounting plugin OnlineSubsystemGooglePlay
LogPluginManager: Mounting plugin OnlineSubsystemIOS
LogPluginManager: Mounting plugin OnlineSubsystem
LogPluginManager: Mounting plugin OnlineSubsystemNull
LogPluginManager: Mounting plugin OnlineSubsystemUtils
LogPluginManager: Mounting plugin AndroidDeviceProfileSelector
LogPluginManager: Mounting plugin AndroidMoviePlayer
LogPluginManager: Mounting plugin AndroidPermission
LogPluginManager: Mounting plugin AppleARKit
LogPluginManager: Mounting plugin AppleMoviePlayer
LogPluginManager: Mounting plugin ArchVisCharacter
LogPluginManager: Mounting plugin AudioCapture
LogPluginManager: Mounting plugin CableComponent
LogPluginManager: Mounting plugin CustomMeshComponent
LogPluginManager: Mounting plugin ExampleDeviceProfileSelector
LogPluginManager: Mounting plugin GoogleCloudMessaging
LogPluginManager: Mounting plugin ImmediatePhysics
LogPluginManager: Mounting plugin IOSDeviceProfileSelector
LogPluginManager: Mounting plugin LinuxDeviceProfileSelector
LogPluginManager: Mounting plugin LocationServicesBPLibrary
LogPluginManager: Mounting plugin MobilePatchingUtils
LogPluginManager: Mounting plugin OculusVR
LogPluginManager: Plugin shader directory ../../../Engine/Plugins/Runtime/Oculus/OculusVR/Shaders found
LogPluginManager: Mapping shader source directory ../../../Engine/Plugins/Runtime/Oculus/OculusVR/Shaders to virtual directory /Plugin/OculusVR
LogPluginManager: Mounting plugin PhysXVehicles
LogPluginManager: Mounting plugin ProceduralMeshComponent
LogPluginManager: Mounting plugin RuntimePhysXCooking
LogPluginManager: Mounting plugin SteamVR
LogPluginManager: Mounting plugin WindowsMoviePlayer
LogStreaming: Display: Took  0.537s to configure plugins.
LogModuleManager: Warning: Module file ../../../../../../Users/User/Documents/GitHub Files/UE4 Crash Course/FPSProject/Binaries/Win64/UE4Editor-FPSProject-8211.dll is missing. This is likely a stale module that must be recompiled.
LogModuleManager: Display: Found up-to-date module file ../../../Engine/Plugins/2D/Paper2D/Binaries/Win64/UE4Editor-Paper2D.dll (API version 3944462).
LogModuleManager: Display: Found up-to-date module file ../../../Engine/Plugins/2D/Paper2D/Binaries/Win64/UE4Editor-Paper2DEditor.dll (API version 3944462).
LogModuleManager: Display: Found up-to-date module file ../../../Engine/Plugins/2D/Paper2D/Binaries/Win64/UE4Editor-PaperSpriteSheetImporter.dll (API version 3944462).
LogModuleManager: Display: Found up-to-date module file ../../../Engine/Plugins/2D/Paper2D/Binaries/Win64/UE4Editor-PaperTiledImporter.dll (API version 3944462).
LogModuleManager: Display: Found up-to-date module file ../../../Engine/Plugins/2D/Paper2D/Binaries/Win64/UE4Editor-SmartSnapping.dll (API version 3944462).
LogModuleManager: Display: Found up-to-date module file ../../../Engine/Plugins/Animation/LiveLink/Binaries/Win64/UE4Editor-LiveLink.dll (API version 3944462).
LogModuleManager: Display: Found up-to-date module file ../../../Engine/Plugins/Animation/LiveLink/Binaries/Win64/UE4Editor-LiveLinkEditor.dll (API version 3944462).
LogModuleManager: Display: Found up-to-date module file ../../../Engine/Plugins/Blendables/LightPropagationVolume/Binaries/Win64/UE4Editor-LightPropagationVolumeRuntime.dll (API version 3944462).
LogModuleManager: Display: Found up-to-date module file ../../../Engine/Plugins/Blendables/LightPropagationVolume/Binaries/Win64/UE4Editor-LightPropagationVolumeEditor.dll (API version 3944462).
LogModuleManager: Display: Found up-to-date module file ../../../Engine/Plugins/Developer/CLionSourceCodeAccess/Binaries/Win64/UE4Editor-CLionSourceCodeAccess.dll (API version 3944462).
LogModuleManager: Display: Found up-to-date module file ../../../Engine/Plugins/Developer/GitSourceControl/Binaries/Win64/UE4Editor-GitSourceControl.dll (API version 3944462).
LogModuleManager: Display: Found up-to-date module file ../../../Engine/Plugins/Developer/PerforceSourceControl/Binaries/Win64/UE4Editor-PerforceSourceControl.dll (API version 3944462).
LogModuleManager: Display: Found up-to-date module file ../../../Engine/Plugins/Developer/SubversionSourceControl/Binaries/Win64/UE4Editor-SubversionSourceControl.dll (API version 3944462).
LogModuleManager: Display: Found up-to-date module file ../../../Engine/Plugins/Developer/UObjectPlugin/Binaries/Win64/UE4Editor-UObjectPlugin.dll (API version 3944462).
LogModuleManager: Display: Found up-to-date module file ../../../Engine/Plugins/Developer/VisualStudioCodeSourceCodeAccess/Binaries/Win64/UE4Editor-VisualStudioCodeSourceCodeAccess.dll (API version 3944462).
LogModuleManager: Display: Found up-to-date module file ../../../Engine/Plugins/Developer/VisualStudioSourceCodeAccess/Binaries/Win64/UE4Editor-VisualStudioSourceCodeAccess.dll (API version 3944462).
LogModuleManager: Display: Found up-to-date module file ../../../Engine/Plugins/Editor/AssetManagerEditor/Binaries/Win64/UE4Editor-AssetManagerEditor.dll (API version 3944462).
LogModuleManager: Display: Found up-to-date module file ../../../Engine/Plugins/Editor/CryptoKeys/Binaries/Win64/UE4Editor-CryptoKeys.dll (API version 3944462).
LogModuleManager: Display: Found up-to-date module file ../../../Engine/Plugins/Editor/CryptoKeys/Binaries/Win64/UE4Editor-CryptoKeysOpenSSL.dll (API version 3944462).
LogModuleManager: Display: Found up-to-date module file ../../../Engine/Plugins/Editor/DataValidation/Binaries/Win64/UE4Editor-DataValidation.dll (API version 3944462).
LogModuleManager: Display: Found up-to-date module file ../../../Engine/Plugins/Editor/FacialAnimation/Binaries/Win64/UE4Editor-FacialAnimation.dll (API version 3944462).
LogModuleManager: Display: Found up-to-date module file ../../../Engine/Plugins/Editor/FacialAnimation/Binaries/Win64/UE4Editor-FacialAnimationEditor.dll (API version 3944462).
LogModuleManager: Display: Found up-to-date module file ../../../Engine/Plugins/Editor/GameplayTagsEditor/Binaries/Win64/UE4Editor-GameplayTagsEditor.dll (API version 3944462).
LogModuleManager: Display: Found up-to-date module file ../../../Engine/Plugins/Editor/MobileLauncherProfileWizard/Binaries/Win64/UE4Editor-MobileLauncherProfileWizard.dll (API version 3944462).
LogModuleManager: Display: Found up-to-date module file ../../../Engine/Plugins/Editor/PluginBrowser/Binaries/Win64/UE4Editor-PluginBrowser.dll (API version 3944462).
LogModuleManager: Display: Found up-to-date module file ../../../Engine/Plugins/Editor/SpeedTreeImporter/Binaries/Win64/UE4Editor-SpeedTreeImporter.dll (API version 3944462).
LogModuleManager: Display: Found up-to-date module file ../../../Engine/Plugins/Enterprise/DatasmithContent/Binaries/Win64/UE4Editor-DatasmithContent.dll (API version 3944462).
LogModuleManager: Display: Found up-to-date module file ../../../Engine/Plugins/Experimental/AlembicImporter/Binaries/Win64/UE4Editor-AlembicImporter.dll (API version 3944462).
LogModuleManager: Display: Found up-to-date module file ../../../Engine/Plugins/Experimental/AlembicImporter/Binaries/Win64/UE4Editor-AlembicLibrary.dll (API version 3944462).
LogModuleManager: Display: Found up-to-date module file ../../../Engine/Plugins/Experimental/CharacterAI/Binaries/Win64/UE4Editor-CharacterAI.dll (API version 3944462).
LogModuleManager: Display: Found up-to-date module file ../../../Engine/Plugins/Experimental/HTML5Networking/Binaries/Win64/UE4Editor-HTML5Networking.dll (API version 3944462).
LogModuleManager: Display: Found up-to-date module file ../../../Engine/Plugins/Media/AndroidMedia/Binaries/Win64/UE4Editor-AndroidMediaEditor.dll (API version 3944462).
LogModuleManager: Display: Found up-to-date module file ../../../Engine/Plugins/Media/AndroidMedia/Binaries/Win64/UE4Editor-AndroidMediaFactory.dll (API version 3944462).
LogModuleManager: Display: Found up-to-date module file ../../../Engine/Plugins/Media/AvfMedia/Binaries/Win64/UE4Editor-AvfMediaEditor.dll (API version 3944462).
LogModuleManager: Display: Found up-to-date module file ../../../Engine/Plugins/Media/AvfMedia/Binaries/Win64/UE4Editor-AvfMediaFactory.dll (API version 3944462).
LogModuleManager: Display: Found up-to-date module file ../../../Engine/Plugins/Media/AvfMedia/Binaries/Win64/UE4Editor-AvfMediaFactory.dll (API version 3944462).
LogModuleManager: Display: Found up-to-date module file ../../../Engine/Plugins/Media/ImgMedia/Binaries/Win64/UE4Editor-ImgMedia.dll (API version 3944462).
LogModuleManager: Display: Found up-to-date module file ../../../Engine/Plugins/Media/ImgMedia/Binaries/Win64/UE4Editor-ImgMediaEditor.dll (API version 3944462).
LogModuleManager: Display: Found up-to-date module file ../../../Engine/Plugins/Media/ImgMedia/Binaries/Win64/UE4Editor-ImgMediaFactory.dll (API version 3944462).
LogModuleManager: Display: Found up-to-date module file ../../../Engine/Plugins/Media/ImgMedia/Binaries/Win64/UE4Editor-ImgMediaFactory.dll (API version 3944462).
LogModuleManager: Display: Found up-to-date module file ../../../Engine/Plugins/Media/ImgMedia/Binaries/Win64/UE4Editor-OpenExrWrapper.dll (API version 3944462).
LogModuleManager: Display: Found up-to-date module file ../../../Engine/Plugins/Media/LinearTimecode/Binaries/Win64/UE4Editor-LinearTimecode.dll (API version 3944462).
LogModuleManager: Display: Found up-to-date module file ../../../Engine/Plugins/Media/MediaCompositing/Binaries/Win64/UE4Editor-MediaCompositing.dll (API version 3944462).
LogModuleManager: Display: Found up-to-date module file ../../../Engine/Plugins/Media/MediaCompositing/Binaries/Win64/UE4Editor-MediaCompositingEditor.dll (API version 3944462).
LogModuleManager: Display: Found up-to-date module file ../../../Engine/Plugins/Media/MediaPlayerEditor/Binaries/Win64/UE4Editor-MediaPlayerEditor.dll (API version 3944462).
LogModuleManager: Display: Found up-to-date module file ../../../Engine/Plugins/Media/WmfMedia/Binaries/Win64/UE4Editor-WmfMedia.dll (API version 3944462).
LogModuleManager: Display: Found up-to-date module file ../../../Engine/Plugins/Media/WmfMedia/Binaries/Win64/UE4Editor-WmfMediaEditor.dll (API version 3944462).
LogModuleManager: Display: Found up-to-date module file ../../../Engine/Plugins/Media/WmfMedia/Binaries/Win64/UE4Editor-WmfMediaFactory.dll (API version 3944462).
LogModuleManager: Display: Found up-to-date module file ../../../Engine/Plugins/Media/WmfMedia/Binaries/Win64/UE4Editor-WmfMediaFactory.dll (API version 3944462).
LogModuleManager: Display: Found up-to-date module file ../../../Engine/Plugins/Messaging/TcpMessaging/Binaries/Win64/UE4Editor-TcpMessaging.dll (API version 3944462).
LogModuleManager: Display: Found up-to-date module file ../../../Engine/Plugins/Messaging/UdpMessaging/Binaries/Win64/UE4Editor-UdpMessaging.dll (API version 3944462).
LogModuleManager: Display: Found up-to-date module file ../../../Engine/Plugins/MovieScene/ActorSequence/Binaries/Win64/UE4Editor-ActorSequence.dll (API version 3944462).
LogModuleManager: Display: Found up-to-date module file ../../../Engine/Plugins/MovieScene/LevelSequenceEditor/Binaries/Win64/UE4Editor-LevelSequenceEditor.dll (API version 3944462).
LogModuleManager: Display: Found up-to-date module file ../../../Engine/Plugins/MovieScene/MatineeToLevelSequence/Binaries/Win64/UE4Editor-MatineeToLevelSequence.dll (API version 3944462).
LogModuleManager: Display: Found up-to-date module file ../../../Engine/Plugins/NetcodeUnitTest/NetcodeUnitTest/Binaries/Win64/UE4Editor-NetcodeUnitTest.dll (API version 3944462).
LogModuleManager: Display: Found up-to-date module file ../../../Engine/Plugins/NetcodeUnitTest/NUTUnrealEngine4/Binaries/Win64/UE4Editor-NUTUnrealEngine4.dll (API version 3944462).
LogModuleManager: Display: Found up-to-date module file ../../../Engine/Plugins/Online/OnlineSubsystem/Binaries/Win64/UE4Editor-OnlineSubsystem.dll (API version 3944462).
LogModuleManager: Display: Found up-to-date module file ../../../Engine/Plugins/Online/OnlineSubsystemNull/Binaries/Win64/UE4Editor-OnlineSubsystemNull.dll (API version 3944462).
LogModuleManager: Display: Found up-to-date module file ../../../Engine/Plugins/Online/OnlineSubsystemUtils/Binaries/Win64/UE4Editor-OnlineSubsystemUtils.dll (API version 3944462).
LogModuleManager: Display: Found up-to-date module file ../../../Engine/Plugins/Online/OnlineSubsystemUtils/Binaries/Win64/UE4Editor-OnlineBlueprintSupport.dll (API version 3944462).
LogModuleManager: Display: Found up-to-date module file ../../../Engine/Plugins/Runtime/AndroidDeviceProfileSelector/Binaries/Win64/UE4Editor-AndroidDeviceProfileSelector.dll (API version 3944462).
LogModuleManager: Display: Found up-to-date module file ../../../Engine/Plugins/Runtime/AndroidPermission/Binaries/Win64/UE4Editor-AndroidPermission.dll (API version 3944462).
LogModuleManager: Display: Found up-to-date module file ../../../Engine/Plugins/Runtime/AppleARKit/Binaries/Win64/UE4Editor-AppleARKit.dll (API version 3944462).
LogModuleManager: Display: Found up-to-date module file ../../../Engine/Plugins/Runtime/ArchVisCharacter/Binaries/Win64/UE4Editor-ArchVisCharacter.dll (API version 3944462).
LogModuleManager: Display: Found up-to-date module file ../../../Engine/Plugins/Runtime/AudioCapture/Binaries/Win64/UE4Editor-AudioCapture.dll (API version 3944462).
LogModuleManager: Display: Found up-to-date module file ../../../Engine/Plugins/Runtime/AudioCapture/Binaries/Win64/UE4Editor-AudioCaptureEditor.dll (API version 3944462).
LogModuleManager: Display: Found up-to-date module file ../../../Engine/Plugins/Runtime/CableComponent/Binaries/Win64/UE4Editor-CableComponent.dll (API version 3944462).
LogModuleManager: Display: Found up-to-date module file ../../../Engine/Plugins/Runtime/CustomMeshComponent/Binaries/Win64/UE4Editor-CustomMeshComponent.dll (API version 3944462).
LogModuleManager: Display: Found up-to-date module file ../../../Engine/Plugins/Runtime/ExampleDeviceProfileSelector/Binaries/Win64/UE4Editor-ExampleDeviceProfileSelector.dll (API version 3944462).
LogModuleManager: Display: Found up-to-date module file ../../../Engine/Plugins/Runtime/ImmediatePhysics/Binaries/Win64/UE4Editor-ImmediatePhysics.dll (API version 3944462).
LogModuleManager: Display: Found up-to-date module file ../../../Engine/Plugins/Runtime/ImmediatePhysics/Binaries/Win64/UE4Editor-ImmediatePhysicsEditor.dll (API version 3944462).
LogModuleManager: Display: Found up-to-date module file ../../../Engine/Plugins/Runtime/LocationServicesBPLibrary/Binaries/Win64/UE4Editor-LocationServicesBPLibrary.dll (API version 3944462).
LogModuleManager: Display: Found up-to-date module file ../../../Engine/Plugins/Runtime/MobilePatchingUtils/Binaries/Win64/UE4Editor-MobilePatchingUtils.dll (API version 3944462).
LogModuleManager: Display: Found up-to-date module file ../../../Engine/Plugins/Runtime/Oculus/OculusVR/Binaries/Win64/UE4Editor-OculusHMD.dll (API version 3944462).
LogModuleManager: Display: Found up-to-date module file ../../../Engine/Plugins/Runtime/Oculus/OculusVR/Binaries/Win64/UE4Editor-OculusInput.dll (API version 3944462).
LogModuleManager: Display: Found up-to-date module file ../../../Engine/Plugins/Runtime/Oculus/OculusVR/Binaries/Win64/UE4Editor-OculusEditor.dll (API version 3944462).
LogModuleManager: Display: Found up-to-date module file ../../../Engine/Plugins/Runtime/PhysXVehicles/Binaries/Win64/UE4Editor-PhysXVehicles.dll (API version 3944462).
LogModuleManager: Display: Found up-to-date module file ../../../Engine/Plugins/Runtime/PhysXVehicles/Binaries/Win64/UE4Editor-PhysXVehiclesEditor.dll (API version 3944462).
LogModuleManager: Display: Found up-to-date module file ../../../Engine/Plugins/Runtime/ProceduralMeshComponent/Binaries/Win64/UE4Editor-ProceduralMeshComponent.dll (API version 3944462).
LogModuleManager: Display: Found up-to-date module file ../../../Engine/Plugins/Runtime/ProceduralMeshComponent/Binaries/Win64/UE4Editor-ProceduralMeshComponentEditor.dll (API version 3944462).
LogModuleManager: Display: Found up-to-date module file ../../../Engine/Plugins/Runtime/RuntimePhysXCooking/Binaries/Win64/UE4Editor-RuntimePhysXCooking.dll (API version 3944462).
LogModuleManager: Display: Found up-to-date module file ../../../Engine/Plugins/Runtime/Steam/SteamVR/Binaries/Win64/UE4Editor-SteamVR.dll (API version 3944462).
LogModuleManager: Display: Found up-to-date module file ../../../Engine/Plugins/Runtime/Steam/SteamVR/Binaries/Win64/UE4Editor-SteamVRController.dll (API version 3944462).
LogModuleManager: Display: Found up-to-date module file ../../../Engine/Plugins/Runtime/WindowsMoviePlayer/Binaries/Win64/UE4Editor-WindowsMoviePlayer.dll (API version 3944462).
LogInit: Warning: Incompatible or missing module: UE4Editor-FPSProject.dll
Running C:/Program Files/Epic Games/UE_4.19/Engine/Binaries/DotNET/UnrealBuildTool.exe FPSProject Development Win64 -project="C:/Users/User/Documents/GitHub Files/UE4 Crash Course/FPSProject/FPSProject.uproject" -editorrecompile -progress -NoHotReloadFromIDE
Using 'git status' to determine working set for adaptive non-unity build.
Creating makefile for FPSProject (no existing makefile)
@progress push 5%
@progress pop
Deleting old hot reload file: "C:\Users\User\Documents\GitHub Files\UE4 Crash Course\FPSProject\Binaries\Win64\UE4Editor-FPSProject-136.dll".
Deleting old hot reload file: "C:\Users\User\Documents\GitHub Files\UE4 Crash Course\FPSProject\Binaries\Win64\UE4Editor-FPSProject-136.pdb".
Deleting old hot reload file: "C:\Users\User\Documents\GitHub Files\UE4 Crash Course\FPSProject\Binaries\Win64\UE4Editor-FPSProject-1822.dll".
Deleting old hot reload file: "C:\Users\User\Documents\GitHub Files\UE4 Crash Course\FPSProject\Binaries\Win64\UE4Editor-FPSProject-1822.pdb".
Deleting old hot reload file: "C:\Users\User\Documents\GitHub Files\UE4 Crash Course\FPSProject\Binaries\Win64\UE4Editor-FPSProject-2616.dll".
Deleting old hot reload file: "C:\Users\User\Documents\GitHub Files\UE4 Crash Course\FPSProject\Binaries\Win64\UE4Editor-FPSProject-2616.pdb".
Deleting old hot reload file: "C:\Users\User\Documents\GitHub Files\UE4 Crash Course\FPSProject\Binaries\Win64\UE4Editor-FPSProject-5399.dll".
Deleting old hot reload file: "C:\Users\User\Documents\GitHub Files\UE4 Crash Course\FPSProject\Binaries\Win64\UE4Editor-FPSProject-5399.pdb".
Deleting old hot reload file: "C:\Users\User\Documents\GitHub Files\UE4 Crash Course\FPSProject\Binaries\Win64\UE4Editor-FPSProject-6251.dll".
Deleting old hot reload file: "C:\Users\User\Documents\GitHub Files\UE4 Crash Course\FPSProject\Binaries\Win64\UE4Editor-FPSProject-6251.pdb".
Deleting old hot reload file: "C:\Users\User\Documents\GitHub Files\UE4 Crash Course\FPSProject\Binaries\Win64\UE4Editor-FPSProject-735.dll".
Deleting old hot reload file: "C:\Users\User\Documents\GitHub Files\UE4 Crash Course\FPSProject\Binaries\Win64\UE4Editor-FPSProject-735.pdb".
Deleting old hot reload file: "C:\Users\User\Documents\GitHub Files\UE4 Crash Course\FPSProject\Binaries\Win64\UE4Editor-FPSProject-8058.dll".
Deleting old hot reload file: "C:\Users\User\Documents\GitHub Files\UE4 Crash Course\FPSProject\Binaries\Win64\UE4Editor-FPSProject-8058.pdb".
Deleting old hot reload file: "C:\Users\User\Documents\GitHub Files\UE4 Crash Course\FPSProject\Binaries\Win64\UE4Editor-FPSProject-8081.dll".
Deleting old hot reload file: "C:\Users\User\Documents\GitHub Files\UE4 Crash Course\FPSProject\Binaries\Win64\UE4Editor-FPSProject-8081.pdb".
Deleting old hot reload file: "C:\Users\User\Documents\GitHub Files\UE4 Crash Course\FPSProject\Binaries\Win64\UE4Editor-FPSProject-8550.dll".
Deleting old hot reload file: "C:\Users\User\Documents\GitHub Files\UE4 Crash Course\FPSProject\Binaries\Win64\UE4Editor-FPSProject-8550.pdb".
Deleting old hot reload file: "C:\Users\User\Documents\GitHub Files\UE4 Crash Course\FPSProject\Binaries\Win64\UE4Editor-FPSProject-9379.dll".
Deleting old hot reload file: "C:\Users\User\Documents\GitHub Files\UE4 Crash Course\FPSProject\Binaries\Win64\UE4Editor-FPSProject-9379.pdb".
Deleting old hot reload file: "C:\Users\User\Documents\GitHub Files\UE4 Crash Course\FPSProject\Binaries\Win64\UE4Editor-FPSProject-9516.dll".
Deleting old hot reload file: "C:\Users\User\Documents\GitHub Files\UE4 Crash Course\FPSProject\Binaries\Win64\UE4Editor-FPSProject-9516.pdb".
Deleting old hot reload file: "C:\Users\User\Documents\GitHub Files\UE4 Crash Course\FPSProject\Binaries\Win64\UE4Editor-FPSProject-9688.dll".
Deleting old hot reload file: "C:\Users\User\Documents\GitHub Files\UE4 Crash Course\FPSProject\Binaries\Win64\UE4Editor-FPSProject-9688.pdb".
Performing 3 actions (4 in parallel)
FPSCharacter.cpp
[2/3] Link UE4Editor-FPSProject.dll
[3/3] Link UE4Editor-FPSProject.lib
   Creating library C:\Users\User\Documents\GitHub Files\UE4 Crash Course\FPSProject\Intermediate\Build\Win64\UE4Editor\Development\UE4Editor-FPSProject.lib and object C:\Users\User\Documents\GitHub Files\UE4 Crash Course\FPSProject\Intermediate\Build\Win64\UE4Editor\Development\UE4Editor-FPSProject.exp
   Creating library C:\Users\User\Documents\GitHub Files\UE4 Crash Course\FPSProject\Intermediate\Build\Win64\UE4Editor\Development\UE4Editor-FPSProject.suppressed.lib and object C:\Users\User\Documents\GitHub Files\UE4 Crash Course\FPSProject\Intermediate\Build\Win64\UE4Editor\Development\UE4Editor-FPSProject.suppressed.exp
Total build time: 631.13 seconds (Local executor: 556.81 seconds)
LogModuleManager: Display: Found up-to-date module file ../../../../../../Users/User/Documents/GitHub Files/UE4 Crash Course/FPSProject/Binaries/Win64/UE4Editor-FPSProject.dll (API version 3944462).
LogModuleManager: Display: Found up-to-date module file ../../../Engine/Plugins/2D/Paper2D/Binaries/Win64/UE4Editor-Paper2D.dll (API version 3944462).
LogModuleManager: Display: Found up-to-date module file ../../../Engine/Plugins/2D/Paper2D/Binaries/Win64/UE4Editor-Paper2DEditor.dll (API version 3944462).
LogModuleManager: Display: Found up-to-date module file ../../../Engine/Plugins/2D/Paper2D/Binaries/Win64/UE4Editor-PaperSpriteSheetImporter.dll (API version 3944462).
LogModuleManager: Display: Found up-to-date module file ../../../Engine/Plugins/2D/Paper2D/Binaries/Win64/UE4Editor-PaperTiledImporter.dll (API version 3944462).
LogModuleManager: Display: Found up-to-date module file ../../../Engine/Plugins/2D/Paper2D/Binaries/Win64/UE4Editor-SmartSnapping.dll (API version 3944462).
LogModuleManager: Display: Found up-to-date module file ../../../Engine/Plugins/Animation/LiveLink/Binaries/Win64/UE4Editor-LiveLink.dll (API version 3944462).
LogModuleManager: Display: Found up-to-date module file ../../../Engine/Plugins/Animation/LiveLink/Binaries/Win64/UE4Editor-LiveLinkEditor.dll (API version 3944462).
LogModuleManager: Display: Found up-to-date module file ../../../Engine/Plugins/Blendables/LightPropagationVolume/Binaries/Win64/UE4Editor-LightPropagationVolumeRuntime.dll (API version 3944462).
LogModuleManager: Display: Found up-to-date module file ../../../Engine/Plugins/Blendables/LightPropagationVolume/Binaries/Win64/UE4Editor-LightPropagationVolumeEditor.dll (API version 3944462).
LogModuleManager: Display: Found up-to-date module file ../../../Engine/Plugins/Developer/CLionSourceCodeAccess/Binaries/Win64/UE4Editor-CLionSourceCodeAccess.dll (API version 3944462).
LogModuleManager: Display: Found up-to-date module file ../../../Engine/Plugins/Developer/GitSourceControl/Binaries/Win64/UE4Editor-GitSourceControl.dll (API version 3944462).
LogModuleManager: Display: Found up-to-date module file ../../../Engine/Plugins/Developer/PerforceSourceControl/Binaries/Win64/UE4Editor-PerforceSourceControl.dll (API version 3944462).
LogModuleManager: Display: Found up-to-date module file ../../../Engine/Plugins/Developer/SubversionSourceControl/Binaries/Win64/UE4Editor-SubversionSourceControl.dll (API version 3944462).
LogModuleManager: Display: Found up-to-date module file ../../../Engine/Plugins/Developer/UObjectPlugin/Binaries/Win64/UE4Editor-UObjectPlugin.dll (API version 3944462).
LogModuleManager: Display: Found up-to-date module file ../../../Engine/Plugins/Developer/VisualStudioCodeSourceCodeAccess/Binaries/Win64/UE4Editor-VisualStudioCodeSourceCodeAccess.dll (API version 3944462).
LogModuleManager: Display: Found up-to-date module file ../../../Engine/Plugins/Developer/VisualStudioSourceCodeAccess/Binaries/Win64/UE4Editor-VisualStudioSourceCodeAccess.dll (API version 3944462).
LogModuleManager: Display: Found up-to-date module file ../../../Engine/Plugins/Editor/AssetManagerEditor/Binaries/Win64/UE4Editor-AssetManagerEditor.dll (API version 3944462).
LogModuleManager: Display: Found up-to-date module file ../../../Engine/Plugins/Editor/CryptoKeys/Binaries/Win64/UE4Editor-CryptoKeys.dll (API version 3944462).
LogModuleManager: Display: Found up-to-date module file ../../../Engine/Plugins/Editor/CryptoKeys/Binaries/Win64/UE4Editor-CryptoKeysOpenSSL.dll (API version 3944462).
LogModuleManager: Display: Found up-to-date module file ../../../Engine/Plugins/Editor/DataValidation/Binaries/Win64/UE4Editor-DataValidation.dll (API version 3944462).
LogModuleManager: Display: Found up-to-date module file ../../../Engine/Plugins/Editor/FacialAnimation/Binaries/Win64/UE4Editor-FacialAnimation.dll (API version 3944462).
LogModuleManager: Display: Found up-to-date module file ../../../Engine/Plugins/Editor/FacialAnimation/Binaries/Win64/UE4Editor-FacialAnimationEditor.dll (API version 3944462).
LogModuleManager: Display: Found up-to-date module file ../../../Engine/Plugins/Editor/GameplayTagsEditor/Binaries/Win64/UE4Editor-GameplayTagsEditor.dll (API version 3944462).
LogModuleManager: Display: Found up-to-date module file ../../../Engine/Plugins/Editor/MobileLauncherProfileWizard/Binaries/Win64/UE4Editor-MobileLauncherProfileWizard.dll (API version 3944462).
LogModuleManager: Display: Found up-to-date module file ../../../Engine/Plugins/Editor/PluginBrowser/Binaries/Win64/UE4Editor-PluginBrowser.dll (API version 3944462).
LogModuleManager: Display: Found up-to-date module file ../../../Engine/Plugins/Editor/SpeedTreeImporter/Binaries/Win64/UE4Editor-SpeedTreeImporter.dll (API version 3944462).
LogModuleManager: Display: Found up-to-date module file ../../../Engine/Plugins/Enterprise/DatasmithContent/Binaries/Win64/UE4Editor-DatasmithContent.dll (API version 3944462).
LogModuleManager: Display: Found up-to-date module file ../../../Engine/Plugins/Experimental/AlembicImporter/Binaries/Win64/UE4Editor-AlembicImporter.dll (API version 3944462).
LogModuleManager: Display: Found up-to-date module file ../../../Engine/Plugins/Experimental/AlembicImporter/Binaries/Win64/UE4Editor-AlembicLibrary.dll (API version 3944462).
LogModuleManager: Display: Found up-to-date module file ../../../Engine/Plugins/Experimental/CharacterAI/Binaries/Win64/UE4Editor-CharacterAI.dll (API version 3944462).
LogModuleManager: Display: Found up-to-date module file ../../../Engine/Plugins/Experimental/HTML5Networking/Binaries/Win64/UE4Editor-HTML5Networking.dll (API version 3944462).
LogModuleManager: Display: Found up-to-date module file ../../../Engine/Plugins/Media/AndroidMedia/Binaries/Win64/UE4Editor-AndroidMediaEditor.dll (API version 3944462).
LogModuleManager: Display: Found up-to-date module file ../../../Engine/Plugins/Media/AndroidMedia/Binaries/Win64/UE4Editor-AndroidMediaFactory.dll (API version 3944462).
LogModuleManager: Display: Found up-to-date module file ../../../Engine/Plugins/Media/AvfMedia/Binaries/Win64/UE4Editor-AvfMediaEditor.dll (API version 3944462).
LogModuleManager: Display: Found up-to-date module file ../../../Engine/Plugins/Media/AvfMedia/Binaries/Win64/UE4Editor-AvfMediaFactory.dll (API version 3944462).
LogModuleManager: Display: Found up-to-date module file ../../../Engine/Plugins/Media/AvfMedia/Binaries/Win64/UE4Editor-AvfMediaFactory.dll (API version 3944462).
LogModuleManager: Display: Found up-to-date module file ../../../Engine/Plugins/Media/ImgMedia/Binaries/Win64/UE4Editor-ImgMedia.dll (API version 3944462).
LogModuleManager: Display: Found up-to-date module file ../../../Engine/Plugins/Media/ImgMedia/Binaries/Win64/UE4Editor-ImgMediaEditor.dll (API version 3944462).
LogModuleManager: Display: Found up-to-date module file ../../../Engine/Plugins/Media/ImgMedia/Binaries/Win64/UE4Editor-ImgMediaFactory.dll (API version 3944462).
LogModuleManager: Display: Found up-to-date module file ../../../Engine/Plugins/Media/ImgMedia/Binaries/Win64/UE4Editor-ImgMediaFactory.dll (API version 3944462).
LogModuleManager: Display: Found up-to-date module file ../../../Engine/Plugins/Media/ImgMedia/Binaries/Win64/UE4Editor-OpenExrWrapper.dll (API version 3944462).
LogModuleManager: Display: Found up-to-date module file ../../../Engine/Plugins/Media/LinearTimecode/Binaries/Win64/UE4Editor-LinearTimecode.dll (API version 3944462).
LogModuleManager: Display: Found up-to-date module file ../../../Engine/Plugins/Media/MediaCompositing/Binaries/Win64/UE4Editor-MediaCompositing.dll (API version 3944462).
LogModuleManager: Display: Found up-to-date module file ../../../Engine/Plugins/Media/MediaCompositing/Binaries/Win64/UE4Editor-MediaCompositingEditor.dll (API version 3944462).
LogModuleManager: Display: Found up-to-date module file ../../../Engine/Plugins/Media/MediaPlayerEditor/Binaries/Win64/UE4Editor-MediaPlayerEditor.dll (API version 3944462).
LogModuleManager: Display: Found up-to-date module file ../../../Engine/Plugins/Media/WmfMedia/Binaries/Win64/UE4Editor-WmfMedia.dll (API version 3944462).
LogModuleManager: Display: Found up-to-date module file ../../../Engine/Plugins/Media/WmfMedia/Binaries/Win64/UE4Editor-WmfMediaEditor.dll (API version 3944462).
LogModuleManager: Display: Found up-to-date module file ../../../Engine/Plugins/Media/WmfMedia/Binaries/Win64/UE4Editor-WmfMediaFactory.dll (API version 3944462).
LogModuleManager: Display: Found up-to-date module file ../../../Engine/Plugins/Media/WmfMedia/Binaries/Win64/UE4Editor-WmfMediaFactory.dll (API version 3944462).
LogModuleManager: Display: Found up-to-date module file ../../../Engine/Plugins/Messaging/TcpMessaging/Binaries/Win64/UE4Editor-TcpMessaging.dll (API version 3944462).
LogModuleManager: Display: Found up-to-date module file ../../../Engine/Plugins/Messaging/UdpMessaging/Binaries/Win64/UE4Editor-UdpMessaging.dll (API version 3944462).
LogModuleManager: Display: Found up-to-date module file ../../../Engine/Plugins/MovieScene/ActorSequence/Binaries/Win64/UE4Editor-ActorSequence.dll (API version 3944462).
LogModuleManager: Display: Found up-to-date module file ../../../Engine/Plugins/MovieScene/LevelSequenceEditor/Binaries/Win64/UE4Editor-LevelSequenceEditor.dll (API version 3944462).
LogModuleManager: Display: Found up-to-date module file ../../../Engine/Plugins/MovieScene/MatineeToLevelSequence/Binaries/Win64/UE4Editor-MatineeToLevelSequence.dll (API version 3944462).
LogModuleManager: Display: Found up-to-date module file ../../../Engine/Plugins/NetcodeUnitTest/NetcodeUnitTest/Binaries/Win64/UE4Editor-NetcodeUnitTest.dll (API version 3944462).
LogModuleManager: Display: Found up-to-date module file ../../../Engine/Plugins/NetcodeUnitTest/NUTUnrealEngine4/Binaries/Win64/UE4Editor-NUTUnrealEngine4.dll (API version 3944462).
LogModuleManager: Display: Found up-to-date module file ../../../Engine/Plugins/Online/OnlineSubsystem/Binaries/Win64/UE4Editor-OnlineSubsystem.dll (API version 3944462).
LogModuleManager: Display: Found up-to-date module file ../../../Engine/Plugins/Online/OnlineSubsystemNull/Binaries/Win64/UE4Editor-OnlineSubsystemNull.dll (API version 3944462).
LogModuleManager: Display: Found up-to-date module file ../../../Engine/Plugins/Online/OnlineSubsystemUtils/Binaries/Win64/UE4Editor-OnlineSubsystemUtils.dll (API version 3944462).
LogModuleManager: Display: Found up-to-date module file ../../../Engine/Plugins/Online/OnlineSubsystemUtils/Binaries/Win64/UE4Editor-OnlineBlueprintSupport.dll (API version 3944462).
LogModuleManager: Display: Found up-to-date module file ../../../Engine/Plugins/Runtime/AndroidDeviceProfileSelector/Binaries/Win64/UE4Editor-AndroidDeviceProfileSelector.dll (API version 3944462).
LogModuleManager: Display: Found up-to-date module file ../../../Engine/Plugins/Runtime/AndroidPermission/Binaries/Win64/UE4Editor-AndroidPermission.dll (API version 3944462).
LogModuleManager: Display: Found up-to-date module file ../../../Engine/Plugins/Runtime/AppleARKit/Binaries/Win64/UE4Editor-AppleARKit.dll (API version 3944462).
LogModuleManager: Display: Found up-to-date module file ../../../Engine/Plugins/Runtime/ArchVisCharacter/Binaries/Win64/UE4Editor-ArchVisCharacter.dll (API version 3944462).
LogModuleManager: Display: Found up-to-date module file ../../../Engine/Plugins/Runtime/AudioCapture/Binaries/Win64/UE4Editor-AudioCapture.dll (API version 3944462).
LogModuleManager: Display: Found up-to-date module file ../../../Engine/Plugins/Runtime/AudioCapture/Binaries/Win64/UE4Editor-AudioCaptureEditor.dll (API version 3944462).
LogModuleManager: Display: Found up-to-date module file ../../../Engine/Plugins/Runtime/CableComponent/Binaries/Win64/UE4Editor-CableComponent.dll (API version 3944462).
LogModuleManager: Display: Found up-to-date module file ../../../Engine/Plugins/Runtime/CustomMeshComponent/Binaries/Win64/UE4Editor-CustomMeshComponent.dll (API version 3944462).
LogModuleManager: Display: Found up-to-date module file ../../../Engine/Plugins/Runtime/ExampleDeviceProfileSelector/Binaries/Win64/UE4Editor-ExampleDeviceProfileSelector.dll (API version 3944462).
LogModuleManager: Display: Found up-to-date module file ../../../Engine/Plugins/Runtime/ImmediatePhysics/Binaries/Win64/UE4Editor-ImmediatePhysics.dll (API version 3944462).
LogModuleManager: Display: Found up-to-date module file ../../../Engine/Plugins/Runtime/ImmediatePhysics/Binaries/Win64/UE4Editor-ImmediatePhysicsEditor.dll (API version 3944462).
LogModuleManager: Display: Found up-to-date module file ../../../Engine/Plugins/Runtime/LocationServicesBPLibrary/Binaries/Win64/UE4Editor-LocationServicesBPLibrary.dll (API version 3944462).
LogModuleManager: Display: Found up-to-date module file ../../../Engine/Plugins/Runtime/MobilePatchingUtils/Binaries/Win64/UE4Editor-MobilePatchingUtils.dll (API version 3944462).
LogModuleManager: Display: Found up-to-date module file ../../../Engine/Plugins/Runtime/Oculus/OculusVR/Binaries/Win64/UE4Editor-OculusHMD.dll (API version 3944462).
LogModuleManager: Display: Found up-to-date module file ../../../Engine/Plugins/Runtime/Oculus/OculusVR/Binaries/Win64/UE4Editor-OculusInput.dll (API version 3944462).
LogModuleManager: Display: Found up-to-date module file ../../../Engine/Plugins/Runtime/Oculus/OculusVR/Binaries/Win64/UE4Editor-OculusEditor.dll (API version 3944462).
LogModuleManager: Display: Found up-to-date module file ../../../Engine/Plugins/Runtime/PhysXVehicles/Binaries/Win64/UE4Editor-PhysXVehicles.dll (API version 3944462).
LogModuleManager: Display: Found up-to-date module file ../../../Engine/Plugins/Runtime/PhysXVehicles/Binaries/Win64/UE4Editor-PhysXVehiclesEditor.dll (API version 3944462).
LogModuleManager: Display: Found up-to-date module file ../../../Engine/Plugins/Runtime/ProceduralMeshComponent/Binaries/Win64/UE4Editor-ProceduralMeshComponent.dll (API version 3944462).
LogModuleManager: Display: Found up-to-date module file ../../../Engine/Plugins/Runtime/ProceduralMeshComponent/Binaries/Win64/UE4Editor-ProceduralMeshComponentEditor.dll (API version 3944462).
LogModuleManager: Display: Found up-to-date module file ../../../Engine/Plugins/Runtime/RuntimePhysXCooking/Binaries/Win64/UE4Editor-RuntimePhysXCooking.dll (API version 3944462).
LogModuleManager: Display: Found up-to-date module file ../../../Engine/Plugins/Runtime/Steam/SteamVR/Binaries/Win64/UE4Editor-SteamVR.dll (API version 3944462).
LogModuleManager: Display: Found up-to-date module file ../../../Engine/Plugins/Runtime/Steam/SteamVR/Binaries/Win64/UE4Editor-SteamVRController.dll (API version 3944462).
LogModuleManager: Display: Found up-to-date module file ../../../Engine/Plugins/Runtime/WindowsMoviePlayer/Binaries/Win64/UE4Editor-WindowsMoviePlayer.dll (API version 3944462).
LogInit: Using libcurl 7.47.1
LogInit:  - built for x86_64-pc-win32
LogInit:  - supports SSL with OpenSSL/1.0.2g
LogInit:  - supports HTTP deflate (compression) using libz 1.2.8
LogInit:  - other features:
LogInit:      CURL_VERSION_SSL
LogInit:      CURL_VERSION_LIBZ
LogInit:      CURL_VERSION_IPV6
LogInit:      CURL_VERSION_ASYNCHDNS
LogInit:      CURL_VERSION_LARGEFILE
LogInit:      CURL_VERSION_IDN
LogInit:  CurlRequestOptions (configurable via config and command line):
LogInit:  - bVerifyPeer = false  - Libcurl will NOT verify peer certificate
LogInit:  - bUseHttpProxy = false  - Libcurl will NOT use HTTP proxy
LogInit:  - bDontReuseConnections = false  - Libcurl will reuse connections
LogInit:  - CertBundlePath = nullptr  - Libcurl will use whatever was configured at build time.
LogInit:  - MaxHostConnections = 16  - Libcurl will limit the number of connections to a host
LogInit:  - LocalHostAddr = Default
LogInit: WinSock: version 1.1 (2.2), MaxSocks=32767, MaxUdp=65467
LogInit: WinSock: I am Asus (192.168.0.10:0)
LogInit: Build: ++UE4+Release-4.19-CL-4033788
LogInit: Engine Version: 4.19.2-4033788+++UE4+Release-4.19
LogInit: Compatible Engine Version: 4.19.0-3944462+++UE4+Release-4.19
LogInit: Net CL: 3944462
LogDevObjectVersion: Number of dev versions registered: 18
LogDevObjectVersion:   Dev-Blueprints (B0D832E4-1F89-4F0D-ACCF-7EB736FD4AA2): 10
LogDevObjectVersion:   Dev-Build (E1C64328-A22C-4D53-A36C-8E866417BD8C): 0
LogDevObjectVersion:   Dev-Core (375EC13C-06E4-48FB-B500-84F0262A717E): 2
LogDevObjectVersion:   Dev-Editor (E4B068ED-F494-42E9-A231-DA0B2E46BB41): 23
LogDevObjectVersion:   Dev-Framework (CFFC743F-43B0-4480-9391-14DF171D2073): 33
LogDevObjectVersion:   Dev-Mobile (B02B49B5-BB20-44E9-A304-32B752E40360): 2
LogDevObjectVersion:   Dev-Networking (A4E4105C-59A1-49B5-A7C5-40C4547EDFEE): 0
LogDevObjectVersion:   Dev-Online (39C831C9-5AE6-47DC-9A44-9C173E1C8E7C): 0
LogDevObjectVersion:   Dev-Physics (78F01B33-EBEA-4F98-B9B4-84EACCB95AA2): 0
LogDevObjectVersion:   Dev-Platform (6631380F-2D4D-43E0-8009-CF276956A95A): 0
LogDevObjectVersion:   Dev-Rendering (12F88B9F-8875-4AFC-A67C-D90C383ABD29): 25
LogDevObjectVersion:   Dev-Sequencer (7B5AE74C-D270-4C10-A958-57980B212A5A): 6
LogDevObjectVersion:   Dev-VR (D7296918-1DD6-4BDD-9DE2-64A83CC13884): 1
LogDevObjectVersion:   Dev-LoadTimes (C2A15278-BFE7-4AFE-6C17-90FF531DF755): 1
LogDevObjectVersion:   Private-Geometry (6EACA3D4-40EC-4CC1-B786-8BED09428FC5): 2
LogDevObjectVersion:   Dev-AnimPhys (29E575DD-E0A3-4627-9D10-D276232CDCEA): 16
LogDevObjectVersion:   Dev-ReflectionCapture (6B266CEC-1EC7-4B8F-A30B-E4D90942FC07): 1
LogDevObjectVersion:   Dev-Automation (0DF73D61-A23F-47EA-B727-89E90C41499A): 1
LogInit: Compiled (64-bit): Apr 27 2018 02:06:57
LogInit: Compiled with Visual C++: 19.00.24215.01
LogInit: Build Configuration: Development
LogInit: Branch Name: ++UE4+Release-4.19
LogInit: Command Line:  
LogInit: Base Directory: C:/Program Files/Epic Games/UE_4.19/Engine/Binaries/Win64/
LogInit: Installed Engine Build: 1
LogStreaming: Display: Took  0.052s to delete old logs.
LogInit: Presizing for max 8388607 objects, including 0 objects not considered by GC, pre-allocating 0 bytes for permanent pool.
LogInit: Object subsystem initialized
[2018.05.23-12.20.21:944][  0]LogInit: Selected Device Profile: [Windows]
[2018.05.23-12.20.21:944][  0]LogInit: Applying CVar settings loaded from the selected device profile: [Windows]
[2018.05.23-12.20.22:192][  0]LogInit: Computer: ASUS
[2018.05.23-12.20.22:193][  0]LogInit: User: User
[2018.05.23-12.20.22:193][  0]LogInit: CPU Page size=4096, Cores=4
[2018.05.23-12.20.22:193][  0]LogInit: High frequency timer resolution =2.437502 MHz
[2018.05.23-12.20.22:193][  0]LogMemory: Memory total: Physical=7.9GB (8GB approx)
[2018.05.23-12.20.22:193][  0]LogMemory: Platform Memory Stats for Windows
[2018.05.23-12.20.22:193][  0]LogMemory: Process Physical Memory: 277.50 MB used, 277.50 MB peak
[2018.05.23-12.20.22:193][  0]LogMemory: Process Virtual Memory: 269.89 MB used, 269.89 MB peak
[2018.05.23-12.20.22:193][  0]LogMemory: Physical Memory: 5386.32 MB used,  2690.70 MB free, 8077.02 MB total
[2018.05.23-12.20.22:193][  0]LogMemory: Virtual Memory: 4820.24 MB used,  2690.70 MB free, 134217728.00 MB total
[2018.05.23-12.20.24:143][  0]LogInit: Using OS detected language (en-US).
[2018.05.23-12.20.24:143][  0]LogInit: Using OS detected locale (en-US).
[2018.05.23-12.20.24:380][  0]LogTextLocalizationManager: No specific localization for 'en-US' exists, so the 'en' localization will be used.
[2018.05.23-12.20.25:791][  0]LogStreaming: Display: Took  1.647s to EndInitTextLocalization.
[2018.05.23-12.20.25:791][  0]LogInit: Setting process to per monitor DPI aware
[2018.05.23-12.20.26:746][  0]LogSlate: New Slate User Created.  User Index 0, Is Virtual User: 0
[2018.05.23-12.20.26:746][  0]LogSlate: Slate User Registered.  User Index 0, Is Virtual User: 0
[2018.05.23-12.20.30:256][  0]LogD3D11RHI: D3D11 adapters:
[2018.05.23-12.20.30:423][  0]LogD3D11RHI:    0. 'NVIDIA GeForce GTX 1050' (Feature Level 11_0)
[2018.05.23-12.20.30:423][  0]LogD3D11RHI:       4021/0/4038 MB DedicatedVideo/DedicatedSystem/SharedSystem, Outputs:1, VendorId:0x10de
[2018.05.23-12.20.30:434][  0]LogD3D11RHI:    1. 'Intel(R) HD Graphics 630' (Feature Level 11_0)
[2018.05.23-12.20.30:434][  0]LogD3D11RHI:       128/0/4038 MB DedicatedVideo/DedicatedSystem/SharedSystem, Outputs:0, VendorId:0x8086
[2018.05.23-12.20.30:437][  0]LogD3D11RHI:    2. 'Microsoft Basic Render Driver' (Feature Level 11_0)
[2018.05.23-12.20.30:437][  0]LogD3D11RHI:       0/0/4038 MB DedicatedVideo/DedicatedSystem/SharedSystem, Outputs:0, VendorId:0x1414
[2018.05.23-12.20.30:437][  0]LogD3D11RHI: Chosen D3D11 Adapter: 0
[2018.05.23-12.20.30:459][  0]LogD3D11RHI: Creating new Direct3DDevice
[2018.05.23-12.20.30:459][  0]LogD3D11RHI:     GPU DeviceId: 0x1c8d (for the marketing name, search the web for "GPU Device Id")
[2018.05.23-12.20.30:459][  0]LogWindows: EnumDisplayDevices:
[2018.05.23-12.20.30:459][  0]LogWindows:    0. 'Intel(R) HD Graphics 630' (P:1 D:1)
[2018.05.23-12.20.30:460][  0]LogWindows:    1. 'Intel(R) HD Graphics 630' (P:0 D:0)
[2018.05.23-12.20.30:460][  0]LogWindows:    2. 'Intel(R) HD Graphics 630' (P:0 D:0)
[2018.05.23-12.20.30:460][  0]LogWindows: DebugString: GetVideoDriverDetailsInvalid PrimaryIsNotTheChoosenAdapter GetVideoDriverDetailsInvalid PrimaryIsNotTheChoosenAdapter GetVideoDriverDetailsInvalid PrimaryIsNotTheChoosenAdapter FoundDriverCount:0 
[2018.05.23-12.20.30:460][  0]LogD3D11RHI:     Adapter Name: NVIDIA GeForce GTX 1050
[2018.05.23-12.20.30:460][  0]LogD3D11RHI:   Driver Version: Unknown (internal:Unknown, unified:Unknown)
[2018.05.23-12.20.30:460][  0]LogD3D11RHI:      Driver Date: Unknown
[2018.05.23-12.20.30:460][  0]LogRHI: Texture pool is 2814 MB (70% of 4021 MB)
[2018.05.23-12.20.30:619][  0]LogD3D11RHI: [Aftermath] Aftermath enabled and primed
[2018.05.23-12.20.30:619][  0]LogD3D11RHI: [Aftermath] Aftermath enabled and primed
[2018.05.23-12.20.30:619][  0]LogD3D11RHI: Async texture creation enabled
[2018.05.23-12.20.30:676][  0]LogD3D11RHI: GPU Timing Frequency: 1000.000000 (Debug: 2 7)
[2018.05.23-12.20.30:709][  0]LogShaderCompilers: Guid format shader working directory is -34 characters bigger than the processId version (../../../../../../Users/User/Documents/GitHub Files/UE4 Crash Course/FPSProject/Intermediate/Shaders/WorkingDirectory/7444/).
[2018.05.23-12.20.30:709][  0]LogShaderCompilers: Cleaned the shader compiler working directory 'C:/Users/User/AppData/Local/Temp/UnrealShaderWorkingDir/B426DF43454BE5BFB60A258581108B7D/'.
[2018.05.23-12.20.32:085][  0]LogTemp: Display: Loaded TP AllDesktopTargetPlatform
[2018.05.23-12.20.32:107][  0]LogTemp: Display: Loaded TP MacClientTargetPlatform
[2018.05.23-12.20.32:128][  0]LogTemp: Display: Loaded TP MacNoEditorTargetPlatform
[2018.05.23-12.20.32:148][  0]LogTemp: Display: Loaded TP MacServerTargetPlatform
[2018.05.23-12.20.32:196][  0]LogTemp: Display: Loaded TP MacTargetPlatform
[2018.05.23-12.20.32:217][  0]LogTemp: Display: Loaded TP WindowsClientTargetPlatform
[2018.05.23-12.20.32:237][  0]LogTemp: Display: Loaded TP WindowsNoEditorTargetPlatform
[2018.05.23-12.20.32:258][  0]LogTemp: Display: Loaded TP WindowsServerTargetPlatform
[2018.05.23-12.20.32:270][  0]LogTemp: Display: Loaded TP WindowsTargetPlatform
[2018.05.23-12.20.32:288][  0]LogTemp: Display: Loaded TP Android_ASTCTargetPlatform
[2018.05.23-12.20.32:307][  0]LogTemp: Display: Loaded TP Android_ATCTargetPlatform
[2018.05.23-12.20.32:326][  0]LogTemp: Display: Loaded TP Android_DXTTargetPlatform
[2018.05.23-12.20.32:345][  0]LogTemp: Display: Loaded TP Android_ETC1aTargetPlatform
[2018.05.23-12.20.32:386][  0]LogTemp: Display: Loaded TP Android_ETC1TargetPlatform
[2018.05.23-12.20.32:405][  0]LogTemp: Display: Loaded TP Android_ETC2TargetPlatform
[2018.05.23-12.20.32:441][  0]LogTemp: Display: Loaded TP Android_MultiTargetPlatform
[2018.05.23-12.20.32:441][  0]LogTemp: Display: Loaded TP Android_PVRTCTargetPlatform
[2018.05.23-12.20.32:484][  0]LogTemp: Display: Loaded TP AndroidTargetPlatform
[2018.05.23-12.20.32:505][  0]LogTemp: Display: Loaded TP HTML5TargetPlatform
[2018.05.23-12.20.32:677][  0]LogTemp: Display: Loaded TP IOSTargetPlatform
[2018.05.23-12.20.32:693][  0]LogTemp: Display: Loaded TP TVOSTargetPlatform
[2018.05.23-12.20.32:711][  0]LogTemp: Display: Loaded TP LinuxClientTargetPlatform
[2018.05.23-12.20.32:729][  0]LogTemp: Display: Loaded TP LinuxNoEditorTargetPlatform
[2018.05.23-12.20.32:747][  0]LogTemp: Display: Loaded TP LinuxServerTargetPlatform
[2018.05.23-12.20.32:770][  0]LogTemp: Display: Loaded TP LinuxTargetPlatform
[2018.05.23-12.20.32:770][  0]LogTargetPlatformManager: Display: Building Assets For Windows
[2018.05.23-12.20.34:719][  0]LogXGEController: Cleaning working directory: C:/Users/User/AppData/Local/Temp/UnrealXGEWorkingDir/
[2018.05.23-12.20.34:790][  0]LogXGEController: Cannot use XGE Controller as Incredibuild is not installed on this machine.
[2018.05.23-12.20.34:790][  0]LogShaderCompilers: Cannot use XGE Shader Compiler as Incredibuild is not installed on this machine.
[2018.05.23-12.20.34:790][  0]LogShaderCompilers: Display: Using Local Shader Compiler.
[2018.05.23-12.20.38:428][  0]LogDerivedDataCache: Display: Max Cache Size: 512 MB
[2018.05.23-12.20.39:137][  0]LogDerivedDataCache: Loaded boot cache 0.66s 74MB C:/Users/User/AppData/Local/UnrealEngine/4.19/DerivedDataCache/Boot.ddc.
[2018.05.23-12.20.39:137][  0]LogDerivedDataCache: Display: Loaded Boot cache: C:/Users/User/AppData/Local/UnrealEngine/4.19/DerivedDataCache/Boot.ddc
[2018.05.23-12.20.39:137][  0]LogDerivedDataCache: FDerivedDataBackendGraph:  Pak pak cache file ../../../../../../Users/User/Documents/GitHub Files/UE4 Crash Course/FPSProject/DerivedDataCache/DDC.ddp not found, will not use a pak cache.
[2018.05.23-12.20.39:137][  0]LogDerivedDataCache: Unable to find inner node Pak for hierarchical cache Hierarchy.
[2018.05.23-12.20.39:137][  0]LogDerivedDataCache: FDerivedDataBackendGraph:  CompressedPak pak cache file ../../../../../../Users/User/Documents/GitHub Files/UE4 Crash Course/FPSProject/DerivedDataCache/Compressed.ddp not found, will not use a pak cache.
[2018.05.23-12.20.39:137][  0]LogDerivedDataCache: Unable to find inner node CompressedPak for hierarchical cache Hierarchy.
[2018.05.23-12.20.39:281][  0]LogDerivedDataCache: Display: Pak cache opened for reading ../../../Engine/DerivedDataCache/Compressed.ddp.
[2018.05.23-12.20.39:328][  0]LogDerivedDataCache: Using Local data cache path C:/Users/User/AppData/Local/UnrealEngine/Common/DerivedDataCache: Writable
[2018.05.23-12.20.39:328][  0]LogDerivedDataCache: Shared data cache path not found in *engine.ini, will not use an Shared cache.
[2018.05.23-12.20.39:328][  0]LogDerivedDataCache: Unable to find inner node Shared for hierarchical cache Hierarchy.
[2018.05.23-12.20.39:343][  0]LogMaterial: Verifying Global Shaders for PCD3D_SM5
[2018.05.23-12.20.39:344][  0]LogSlate: Using Freetype 2.6.0
[2018.05.23-12.20.39:448][  0]LogSlate: SlateFontCache - WITH_FREETYPE: 1, WITH_HARFBUZZ: 1
[2018.05.23-12.20.39:448][  0]LogSlate: SlateFontCache - WITH_FREETYPE: 1, WITH_HARFBUZZ: 1
[2018.05.23-12.20.48:296][  0]LogAssetRegistry: FAssetRegistry took 0.0289 seconds to start up
[2018.05.23-12.20.48:962][  0]LogInit: Selected Device Profile: [Windows]
[2018.05.23-12.20.50:991][  0]LogSimplygon: Simplygon DLL not present - disabling.
[2018.05.23-12.20.51:080][  0]LogMeshReduction: Using SimplygonSwarm for distributed automatic mesh merging
[2018.05.23-12.20.51:082][  0]LogMeshReduction: Using QuadricMeshReduction for automatic static mesh reduction
[2018.05.23-12.20.51:082][  0]LogMeshReduction: No automatic skeletal mesh reduction module available
[2018.05.23-12.20.51:082][  0]LogMeshReduction: No automatic mesh merging module available
[2018.05.23-12.20.51:082][  0]LogMeshMerging: No automatic mesh merging module available
[2018.05.23-12.20.51:235][  0]LogNetVersion: FPSProject , NetCL: 3944462, EngineNetVer: 2, GameNetVer: 0 (Checksum: 1223245918)
[2018.05.23-12.20.54:871][  0]LogPackageLocalizationCache: Processed 9 localized package path(s) for 2 prioritized culture(s) in 0.194077 seconds
[2018.05.23-12.20.54:878][  0]LogUObjectArray: 36728 objects as part of root set at end of initial load.
[2018.05.23-12.20.54:878][  0]LogUObjectAllocator: 7314304 out of 0 bytes used by permanent object pool.
[2018.05.23-12.20.54:878][  0]LogUObjectArray: CloseDisregardForGC: 0/0 objects in disregard for GC pool
[2018.05.23-12.21.15:374][  0]LogTcpMessaging: Initializing TcpMessaging bridge
[2018.05.23-12.21.15:418][  0]LogUdpMessaging: Initializing bridge on interface 0.0.0.0:0 to multicast group 230.0.0.1:6666.
[2018.05.23-12.21.16:508][  0]SourceControl: Source control is disabled
[2018.05.23-12.21.16:508][  0]SourceControl: Source control is disabled
[2018.05.23-12.21.16:619][  0]SourceControl: Source control is disabled
[2018.05.23-12.21.16:678][  0]SourceControl: Source control is disabled
[2018.05.23-12.21.18:279][  0]LogAndroidPermission: UAndroidPermissionCallbackProxy::GetInstance
[2018.05.23-12.21.18:739][  0]LogOcInput: OculusInput pre-init called
[2018.05.23-12.21.19:266][  0]LogEngine: Initializing Engine...
[2018.05.23-12.21.19:287][  0]LogHMD: Failed to initialize OpenVR with code 110
[2018.05.23-12.21.19:289][  0]LogStats: UGameplayTagsManager::ConstructGameplayTagTree: Construct from data asset -  0.000 s
[2018.05.23-12.21.19:289][  0]LogStats: UGameplayTagsManager::ConstructGameplayTagTree: GameplayTagTreeChangedEvent.Broadcast -  0.000 s
[2018.05.23-12.21.20:269][  0]LogAIModule: Creating AISystem for world Untitled
[2018.05.23-12.21.20:398][  0]LogInit: XAudio2 using 'Speakers (Realtek High Definition Audio)' : 2 channels at 48 kHz using 32 bits per sample (channel mask 0x3)
[2018.05.23-12.21.20:685][  0]LogInit: FAudioDevice initialized.
[2018.05.23-12.21.20:912][  0]LogDerivedDataCache: Saved boot cache 0.23s 74MB C:/Users/User/AppData/Local/UnrealEngine/4.19/DerivedDataCache/Boot.ddc.
[2018.05.23-12.21.20:926][  0]LogInit: Texture streaming: Enabled
[2018.05.23-12.21.21:129][  0]LogInit: Transaction tracking system initialized
[2018.05.23-12.21.21:407][  0]BlueprintLog: New page: Editor Load
[2018.05.23-12.21.22:857][  0]LocalizationService: Localization service is disabled
[2018.05.23-12.21.23:718][  0]LogUObjectGlobals: Created PersistentFrame Addr=0x0000021f3d40d7e0, Size=88, Default__Landscape_Sculpt_Mode_C Function /Engine/Tutorial/Landscape/Landscape_Sculpt_Mode.Landscape_Sculpt_Mode_C:ExecuteUbergraph_Landscape_Sculpt_Mode
[2018.05.23-12.21.23:722][  0]LogUObjectGlobals: Destroyed PersistentFrame Addr=0x0000021f3d40d7e0, Size=88
[2018.05.23-12.21.23:722][  0]LogUObjectGlobals: Created PersistentFrame Addr=0x0000021f3d40d7e0, Size=88, Default__Landscape_Sculpt_Mode_C Function /Engine/Transient.REINST_Landscape_Sculpt_Mode_C_3:ExecuteUbergraph_Landscape_Sculpt_Mode
[2018.05.23-12.21.23:726][  0]LogUObjectGlobals: Created PersistentFrame Addr=0x0000021f59f97380, Size=80, Default__Landscape_Sculpt_Mode_C Function /Engine/Tutorial/Landscape/Landscape_Sculpt_Mode.Landscape_Sculpt_Mode_C:ExecuteUbergraph_Landscape_Sculpt_Mode
[2018.05.23-12.21.24:413][  0]LogConsoleResponse: Display: 
[2018.05.23-12.21.27:297][  0]LogCook: Display: Max memory allowance for cook 16384mb min free memory 0mb
[2018.05.23-12.21.27:297][  0]LogCook: Display: Mobile HDR setting 1
[2018.05.23-12.21.27:297][  0]LogGameplayTags: Display: UGameplayTagsManager::DoneAddingNativeTags. DelegateIsBound: 0
[2018.05.23-12.21.27:297][  0]LogStats: UGameplayTagsManager::ConstructGameplayTagTree: Construct from data asset -  0.000 s
[2018.05.23-12.21.27:297][  0]LogStats: UGameplayTagsManager::ConstructGameplayTagTree: GameplayTagTreeChangedEvent.Broadcast -  0.000 s
[2018.05.23-12.21.28:219][  0]LogFileCache: Scanning file cache for directory 'C:/Users/User/Documents/GitHub Files/UE4 Crash Course/FPSProject/Content/' took 0.03s
[2018.05.23-12.21.29:317][  0]SourceControl: Source control is disabled
[2018.05.23-12.21.29:317][  0]Cmd: MAP LOAD FILE="../../../../../../Users/User/Documents/GitHub Files/UE4 Crash Course/FPSProject/Content/Maps/FPSMaps.umap" TEMPLATE=0 SHOWPROGRESS=1 FEATURELEVEL=3
[2018.05.23-12.21.29:318][  0]LightingResults: New page: Lighting Build
[2018.05.23-12.21.29:322][  0]MapCheck: New page: Map Check
[2018.05.23-12.21.29:322][  0]LightingResults: New page: Lighting Build
[2018.05.23-12.21.29:342][  0]LogUObjectGlobals: Destroyed PersistentFrame Addr=0x0000021f3d40d7e0, Size=88
[2018.05.23-12.21.29:934][  0]LogAIModule: Creating AISystem for world FPSMaps
[2018.05.23-12.21.29:959][  0]LogEditorServer: Finished looking for orphan Actors (0.000 secs)
[2018.05.23-12.21.29:978][  0]Cmd: MAP CHECKDEP NOCLEARLOG
[2018.05.23-12.21.30:075][  0]MapCheck: Map check complete: 0 Error(s), 0 Warning(s), took 96.882ms to complete.
[2018.05.23-12.21.30:075][  0]LogFileHelpers: Loading map 'FPSMaps' took 0.758
[2018.05.23-12.21.30:520][  0]LogCollectionManager: Loaded 0 collections in 0.002614 seconds
[2018.05.23-12.21.30:566][  0]LogFileCache: Scanning file cache for directory 'C:/Users/User/Documents/GitHub Files/UE4 Crash Course/FPSProject/Saved/Collections/' took 0.01s
[2018.05.23-12.21.30:566][  0]LogFileCache: Scanning file cache for directory 'C:/Users/User/Documents/GitHub Files/UE4 Crash Course/FPSProject/Content/Developers/User/Collections/' took 0.01s
[2018.05.23-12.21.30:566][  0]LogFileCache: Scanning file cache for directory 'C:/Users/User/Documents/GitHub Files/UE4 Crash Course/FPSProject/Content/Collections/' took 0.01s
[2018.05.23-12.21.30:566][  0]LogCollectionManager: Rebuilt the GUID cache for 0 collections in 0.000000 seconds
[2018.05.23-12.21.30:579][  0]LogContentBrowser: Native class hierarchy populated in 0.0131 seconds. Added 2454 classes and 560 folders.
[2018.05.23-12.21.30:591][  0]LogContentBrowser: Native class hierarchy updated for 'WidgetCarousel' in 0.0010 seconds. Added 0 classes and 0 folders.
[2018.05.23-12.21.31:903][  0]LogContentBrowser: Native class hierarchy updated for 'AddContentDialog' in 0.0011 seconds. Added 0 classes and 0 folders.
[2018.05.23-12.21.31:988][  0]LogContentBrowser: Native class hierarchy updated for 'SceneOutliner' in 0.0012 seconds. Added 1 classes and 2 folders.
[2018.05.23-12.21.32:243][  0]LogSlate: Took 0.029736 seconds to synchronously load lazily loaded font '../../../Engine/Content/Slate/Fonts/Roboto-Regular.ttf' (155K)
[2018.05.23-12.21.32:281][  0]LogSlate: Took 0.030877 seconds to synchronously load lazily loaded font '../../../Engine/Content/Slate/Fonts/Roboto-Bold.ttf' (160K)
[2018.05.23-12.21.32:309][  0]LogSlate: Took 0.024759 seconds to synchronously load lazily loaded font '../../../Engine/Content/Editor/Slate/Fonts/FontAwesome.ttf' (139K)
[2018.05.23-12.21.32:613][  0]LogRenderer: Reallocating scene render targets to support 1120x576 Format 9 NumSamples 1 (Frame:1).
[2018.05.23-12.21.33:083][  0]LogContentBrowser: Native class hierarchy updated for 'HierarchicalLODOutliner' in 0.0012 seconds. Added 0 classes and 0 folders.
[2018.05.23-12.21.33:083][  0]LogLoad: (Engine Initialization) Total time: 740.54 seconds
[2018.05.23-12.21.33:083][  0]LogLoad: (Engine Initialization) Total Blueprint compile time: 0.00 seconds
[2018.05.23-12.21.33:307][  0]LogEditorViewport: Clicking on Actor (LMB): StaticMeshActor (Floor)
[2018.05.23-12.21.33:945][  0]LogEditorViewport: Clicking on Actor (LMB): BP_Sky_Sphere_C (Sky Sphere)
[2018.05.23-12.21.35:729][  0]LogContentStreaming: Texture pool size now 400 MB
[2018.05.23-12.21.37:931][  3]LogAssetRegistry: Asset discovery search completed in 49.6583 seconds
[2018.05.23-12.21.38:030][  3]LogCollectionManager: Rebuilt the object cache for 0 collections in 0.000000 seconds (found 0 objects)
[2018.05.23-12.21.38:030][  3]LogCollectionManager: Fixed up redirectors for 0 collections in 0.000102 seconds (updated 0 objects)
[2018.05.23-12.21.40:766][ 11]LogSlate: Took 0.026421 seconds to synchronously load lazily loaded font '../../../Engine/Content/Slate/Fonts/Roboto-Light.ttf' (167K)
[2018.05.23-12.23.15:711][375]LogSlate: FSceneViewport::OnFocusLost() reason 0
[2018.05.23-12.23.16:047][383]LogSlate: Window 'FPSProject - Unreal Editor' being destroyed
[2018.05.23-12.23.16:058][383]LogWindowsTextInputMethodSystem: Display: IME system now deactivated.
[2018.05.23-12.23.16:619][384]Cmd: QUIT_EDITOR
[2018.05.23-12.23.16:793][384]LogSlate: Slate User Destroyed.  User Index 0, Is Virtual User: 0
[2018.05.23-12.23.16:793][384]LogExit: Preparing to exit.
[2018.05.23-12.23.18:073][384]LogDirectoryWatcher: A directory notification for 'C:/Users/User/Documents/GitHub Files/UE4 Crash Course/FPSProject/Content/' was aborted.
[2018.05.23-12.23.18:304][384]LogExit: Editor shut down
[2018.05.23-12.23.18:310][384]LogExit: Transaction tracking system shut down
[2018.05.23-12.23.18:310][384]LogUObjectGlobals: Destroyed PersistentFrame Addr=0x0000021f59f97380, Size=80
[2018.05.23-12.23.18:516][384]LogDirectoryWatcher: A directory notification for '../../../Engine/Content/' was aborted.
[2018.05.23-12.23.18:516][384]LogDirectoryWatcher: A directory notification for '../../../../../../Users/User/Documents/GitHub Files/UE4 Crash Course/FPSProject/Content/' was aborted.
[2018.05.23-12.23.18:516][384]LogDirectoryWatcher: A directory notification for '../../Plugins/2D/Paper2D/Content/' was aborted.
[2018.05.23-12.23.18:516][384]LogDirectoryWatcher: A directory notification for '../../Plugins/Enterprise/DatasmithContent/Content/' was aborted.
[2018.05.23-12.23.18:516][384]LogDirectoryWatcher: A directory notification for '../../Plugins/Media/MediaCompositing/Content/' was aborted.
[2018.05.23-12.23.18:517][384]LogDirectoryWatcher: A directory notification for '../../Plugins/Runtime/AppleARKit/Content/' was aborted.
[2018.05.23-12.23.18:517][384]LogDirectoryWatcher: A directory notification for '../../Plugins/Runtime/Oculus/OculusVR/Content/' was aborted.
[2018.05.23-12.23.18:517][384]LogDirectoryWatcher: A directory notification for '../../Plugins/Runtime/Steam/SteamVR/Content/' was aborted.
[2018.05.23-12.23.19:269][384]LogExit: Object subsystem successfully closed.
[2018.05.23-12.23.19:317][384]LogShaderCompilers: Display: Shaders left to compile 0
[2018.05.23-12.23.19:403][384]LogD3D11RHI: Shutdown
[2018.05.23-12.23.19:403][384]LogD3D11RHI: CleanupD3DDevice
[2018.05.23-12.23.19:443][384]LogD3D11RHI: ~FD3D11DynamicRHI
[2018.05.23-12.23.19:663][384]LogModuleManager: Shutting down and abandoning module HierarchicalLODOutliner (572)
[2018.05.23-12.23.19:663][384]LogModuleManager: Shutting down and abandoning module SceneOutliner (570)
[2018.05.23-12.23.19:663][384]LogModuleManager: Shutting down and abandoning module AddContentDialog (568)
[2018.05.23-12.23.19:690][384]LogDirectoryWatcher: A directory notification for 'C:/Program Files/Epic Games/UE_4.19/FeaturePacks/' was aborted.
[2018.05.23-12.23.19:692][384]LogModuleManager: Shutting down and abandoning module WidgetCarousel (567)
[2018.05.23-12.23.19:692][384]LogModuleManager: Shutting down and abandoning module EditorWidgets (564)
[2018.05.23-12.23.19:692][384]LogModuleManager: Shutting down and abandoning module CollectionManager (562)
[2018.05.23-12.23.19:692][384]LogDirectoryWatcher: A directory notification for 'C:/Users/User/Documents/GitHub Files/UE4 Crash Course/FPSProject/Content/Collections/' was aborted.
[2018.05.23-12.23.19:692][384]LogDirectoryWatcher: A directory notification for 'C:/Users/User/Documents/GitHub Files/UE4 Crash Course/FPSProject/Content/Developers/User/Collections/' was aborted.
[2018.05.23-12.23.19:692][384]LogDirectoryWatcher: A directory notification for 'C:/Users/User/Documents/GitHub Files/UE4 Crash Course/FPSProject/Saved/Collections/' was aborted.
[2018.05.23-12.23.19:692][384]LogModuleManager: Shutting down and abandoning module LauncherPlatform (560)
[2018.05.23-12.23.19:692][384]LogModuleManager: Shutting down and abandoning module StatsViewer (558)
[2018.05.23-12.23.19:705][384]LogModuleManager: Shutting down and abandoning module FoliageEdit (556)
[2018.05.23-12.23.19:705][384]LogModuleManager: Shutting down and abandoning module LandscapeEditor (554)
[2018.05.23-12.23.19:711][384]LogModuleManager: Shutting down and abandoning module MeshPaintMode (552)
[2018.05.23-12.23.19:711][384]LogModuleManager: Shutting down and abandoning module SceneDepthPickerMode (550)
[2018.05.23-12.23.19:711][384]LogModuleManager: Shutting down and abandoning module ActorPickerMode (548)
[2018.05.23-12.23.19:711][384]LogModuleManager: Shutting down and abandoning module GeometryMode (546)
[2018.05.23-12.23.19:711][384]LogModuleManager: Shutting down and abandoning module TextureAlignMode (544)
[2018.05.23-12.23.19:711][384]LogModuleManager: Shutting down and abandoning module BspMode (542)
[2018.05.23-12.23.19:711][384]LogModuleManager: Shutting down and abandoning module PIEPreviewDeviceProfileSelector (540)
[2018.05.23-12.23.19:711][384]LogModuleManager: Shutting down and abandoning module SequenceRecorderSections (538)
[2018.05.23-12.23.19:711][384]LogModuleManager: Shutting down and abandoning module AutomationWorker (536)
[2018.05.23-12.23.19:711][384]LogModuleManager: Shutting down and abandoning module AudioCaptureEditor (534)
[2018.05.23-12.23.19:711][384]LogModuleManager: Shutting down and abandoning module SequenceRecorder (533)
[2018.05.23-12.23.19:712][384]LogModuleManager: Shutting down and abandoning module MatineeToLevelSequence (530)
[2018.05.23-12.23.19:712][384]LogModuleManager: Shutting down and abandoning module LevelSequenceEditor (528)
[2018.05.23-12.23.19:712][384]LogModuleManager: Shutting down and abandoning module PlacementMode (527)
[2018.05.23-12.23.19:712][384]LogModuleManager: Shutting down and abandoning module MaterialEditor (526)
[2018.05.23-12.23.19:746][384]LogModuleManager: Shutting down and abandoning module WmfMediaFactory (522)
[2018.05.23-12.23.19:747][384]LogModuleManager: Shutting down and abandoning module WmfMediaEditor (520)
[2018.05.23-12.23.19:747][384]LogModuleManager: Shutting down and abandoning module MediaPlayerEditor (518)
[2018.05.23-12.23.19:747][384]LogModuleManager: Shutting down and abandoning module OpenExrWrapper (516)
[2018.05.23-12.23.19:747][384]LogModuleManager: Shutting down and abandoning module ImgMediaFactory (514)
[2018.05.23-12.23.19:747][384]LogModuleManager: Shutting down and abandoning module ImgMediaEditor (512)
[2018.05.23-12.23.19:747][384]LogModuleManager: Shutting down and abandoning module AvfMediaFactory (510)
[2018.05.23-12.23.19:747][384]LogModuleManager: Shutting down and abandoning module AvfMediaEditor (508)
[2018.05.23-12.23.19:747][384]LogModuleManager: Shutting down and abandoning module AndroidMediaFactory (506)
[2018.05.23-12.23.19:747][384]LogModuleManager: Shutting down and abandoning module AndroidMediaEditor (504)
[2018.05.23-12.23.19:747][384]LogModuleManager: Shutting down and abandoning module CharacterAI (502)
[2018.05.23-12.23.19:747][384]LogModuleManager: Shutting down and abandoning module SmartSnapping (500)
[2018.05.23-12.23.19:747][384]LogModuleManager: Shutting down and abandoning module SessionServices (498)
[2018.05.23-12.23.19:747][384]LogModuleManager: Shutting down and abandoning module ViewportSnapping (496)
[2018.05.23-12.23.19:747][384]LogModuleManager: Shutting down and abandoning module ViewportInteraction (494)
[2018.05.23-12.23.19:747][384]LogModuleManager: Shutting down and abandoning module ClothPainter (492)
[2018.05.23-12.23.19:748][384]LogModuleManager: Shutting down and abandoning module SkeletalMeshEditor (491)
[2018.05.23-12.23.19:748][384]LogModuleManager: Shutting down and abandoning module LogVisualizer (488)
[2018.05.23-12.23.19:748][384]LogModuleManager: Shutting down and abandoning module IntroTutorials (486)
[2018.05.23-12.23.19:750][384]LogModuleManager: Shutting down and abandoning module GameProjectGeneration (485)
[2018.05.23-12.23.19:752][384]LogModuleManager: Shutting down and abandoning module IOSPlatformEditor (482)
[2018.05.23-12.23.19:752][384]LogModuleManager: Shutting down and abandoning module HTML5PlatformEditor (480)
[2018.05.23-12.23.19:752][384]LogModuleManager: Shutting down and abandoning module AndroidPlatformEditor (478)
[2018.05.23-12.23.19:753][384]LogModuleManager: Shutting down and abandoning module AndroidDeviceDetection (477)
[2018.05.23-12.23.20:118][384]LogModuleManager: Shutting down and abandoning module WindowsPlatformEditor (474)
[2018.05.23-12.23.20:118][384]LogModuleManager: Shutting down and abandoning module IOSRuntimeSettings (472)
[2018.05.23-12.23.20:119][384]LogModuleManager: Shutting down and abandoning module AndroidRuntimeSettings (470)
[2018.05.23-12.23.20:119][384]LogModuleManager: Shutting down and abandoning module InputBindingEditor (468)
[2018.05.23-12.23.20:119][384]LogModuleManager: Shutting down and abandoning module MergeActors (466)
[2018.05.23-12.23.20:119][384]LogModuleManager: Shutting down and abandoning module LocalizationDashboard (464)
[2018.05.23-12.23.20:119][384]LogModuleManager: Shutting down and abandoning module LocalizationService (463)
[2018.05.23-12.23.20:119][384]LogModuleManager: Shutting down and abandoning module HardwareTargeting (460)
[2018.05.23-12.23.20:119][384]LogModuleManager: Shutting down and abandoning module DeviceProfileEditor (458)
[2018.05.23-12.23.20:119][384]LogModuleManager: Shutting down and abandoning module UndoHistory (456)
[2018.05.23-12.23.20:119][384]LogModuleManager: Shutting down and abandoning module XmlParser (454)
[2018.05.23-12.23.20:119][384]LogModuleManager: Shutting down and abandoning module Blutility (452)
[2018.05.23-12.23.20:119][384]LogModuleManager: Shutting down and abandoning module ProjectSettingsViewer (450)
[2018.05.23-12.23.20:119][384]LogModuleManager: Shutting down and abandoning module ProjectTargetPlatformEditor (449)
[2018.05.23-12.23.20:119][384]LogModuleManager: Shutting down and abandoning module EditorSettingsViewer (446)
[2018.05.23-12.23.20:119][384]LogModuleManager: Shutting down and abandoning module SettingsEditor (444)
[2018.05.23-12.23.20:119][384]LogModuleManager: Shutting down and abandoning module ProjectLauncher (442)
[2018.05.23-12.23.20:119][384]LogModuleManager: Shutting down and abandoning module SessionFrontend (440)
[2018.05.23-12.23.20:119][384]LogModuleManager: Shutting down and abandoning module ProfilerClient (438)
[2018.05.23-12.23.20:119][384]LogModuleManager: Shutting down and abandoning module DeviceManager (436)
[2018.05.23-12.23.20:119][384]LogModuleManager: Shutting down and abandoning module TargetDeviceServices (435)
[2018.05.23-12.23.20:184][384]LogModuleManager: Shutting down and abandoning module AutomationController (432)
[2018.05.23-12.23.20:184][384]LogModuleManager: Shutting down and abandoning module AutomationWindow (430)
[2018.05.23-12.23.20:184][384]LogModuleManager: Shutting down and abandoning module Layers (428)
[2018.05.23-12.23.20:184][384]LogModuleManager: Shutting down and abandoning module ComponentVisualizers (426)
[2018.05.23-12.23.20:184][384]LogModuleManager: Shutting down and abandoning module DetailCustomizations (424)
[2018.05.23-12.23.20:184][384]LogModuleManager: Shutting down and abandoning module PackagesDialog (422)
[2018.05.23-12.23.20:184][384]LogModuleManager: Shutting down and abandoning module Persona (420)
[2018.05.23-12.23.20:356][384]LogModuleManager: Shutting down and abandoning module AdvancedPreviewScene (419)
[2018.05.23-12.23.20:357][384]LogModuleManager: Shutting down and abandoning module AnimGraph (417)
[2018.05.23-12.23.20:357][384]LogModuleManager: Shutting down and abandoning module Kismet (414)
[2018.05.23-12.23.20:372][384]LogModuleManager: Shutting down and abandoning module GraphEditor (412)
[2018.05.23-12.23.20:927][384]LogModuleManager: Shutting down and abandoning module ClassViewer (410)
[2018.05.23-12.23.20:927][384]LogModuleManager: Shutting down and abandoning module Toolbox (408)
[2018.05.23-12.23.20:927][384]LogModuleManager: Shutting down and abandoning module ModuleUI (406)
[2018.05.23-12.23.20:927][384]LogModuleManager: Shutting down and abandoning module MovieSceneTools (404)
[2018.05.23-12.23.20:929][384]LogModuleManager: Shutting down and abandoning module OutputLog (402)
[2018.05.23-12.23.20:929][384]LogModuleManager: Shutting down and abandoning module GammaUI (400)
[2018.05.23-12.23.20:929][384]LogModuleManager: Shutting down and abandoning module Documentation (398)
[2018.05.23-12.23.20:929][384]LogModuleManager: Shutting down and abandoning module MovieSceneTracks (396)
[2018.05.23-12.23.20:929][384]LogModuleManager: Shutting down and abandoning module MovieScene (394)
[2018.05.23-12.23.20:929][384]LogModuleManager: Shutting down and abandoning module StreamingPauseRendering (392)
[2018.05.23-12.23.20:929][384]LogModuleManager: Shutting down and abandoning module PortalServices (390)
[2018.05.23-12.23.20:929][384]LogModuleManager: Shutting down and abandoning module PortalRpc (388)
[2018.05.23-12.23.20:929][384]LogModuleManager: Shutting down and abandoning module MessagingRpc (386)
[2018.05.23-12.23.20:929][384]LogModuleManager: Shutting down and abandoning module AIModule (384)
[2018.05.23-12.23.20:929][384]LogModuleManager: Shutting down and abandoning module GameplayDebugger (383)
[2018.05.23-12.23.20:940][384]LogModuleManager: Shutting down and abandoning module AITestSuite (381)
[2018.05.23-12.23.20:940][384]LogModuleManager: Shutting down and abandoning module ProfilerService (378)
[2018.05.23-12.23.21:177][384]LogModuleManager: Shutting down and abandoning module TaskGraph (376)
[2018.05.23-12.23.21:177][384]LogModuleManager: Shutting down and abandoning module SteamVRController (374)
[2018.05.23-12.23.21:177][384]LogModuleManager: Shutting down and abandoning module ProceduralMeshComponentEditor (372)
[2018.05.23-12.23.21:178][384]LogModuleManager: Shutting down and abandoning module ProceduralMeshComponent (370)
[2018.05.23-12.23.21:178][384]LogModuleManager: Shutting down and abandoning module OculusInput (368)
[2018.05.23-12.23.21:178][384]LogModuleManager: Shutting down and abandoning module MobilePatchingUtils (366)
[2018.05.23-12.23.21:178][384]LogModuleManager: Shutting down and abandoning module CustomMeshComponent (364)
[2018.05.23-12.23.21:178][384]LogModuleManager: Shutting down and abandoning module CableComponent (362)
[2018.05.23-12.23.21:178][384]LogModuleManager: Shutting down and abandoning module AudioCapture (360)
[2018.05.23-12.23.21:178][384]LogModuleManager: Shutting down and abandoning module ArchVisCharacter (358)
[2018.05.23-12.23.21:178][384]LogModuleManager: Shutting down and abandoning module AndroidPermission (356)
[2018.05.23-12.23.21:178][384]LogModuleManager: Shutting down and abandoning module NUTUnrealEngine4 (352)
[2018.05.23-12.23.21:178][384]LogModuleManager: Shutting down and abandoning module NetcodeUnitTest (350)
[2018.05.23-12.23.21:178][384]LogModuleManager: Shutting down and abandoning module MediaCompositingEditor (348)
[2018.05.23-12.23.21:178][384]LogModuleManager: Shutting down and abandoning module MediaCompositing (346)
[2018.05.23-12.23.21:178][384]LogModuleManager: Shutting down and abandoning module LinearTimecode (344)
[2018.05.23-12.23.21:178][384]LogModuleManager: Shutting down and abandoning module ImgMedia (342)
[2018.05.23-12.23.21:182][384]LogModuleManager: Shutting down and abandoning module HTML5Networking (340)
[2018.05.23-12.23.21:182][384]LogModuleManager: Shutting down and abandoning module AlembicImporter (338)
[2018.05.23-12.23.21:182][384]LogModuleManager: Shutting down and abandoning module AlembicLibrary (337)
[2018.05.23-12.23.21:182][384]LogModuleManager: Shutting down and abandoning module GeometryCache (336)
[2018.05.23-12.23.21:182][384]LogModuleManager: Shutting down and abandoning module GeometryCacheEd (335)
[2018.05.23-12.23.21:182][384]LogModuleManager: Shutting down and abandoning module DatasmithContent (330)
[2018.05.23-12.23.21:182][384]LogModuleManager: Shutting down and abandoning module SpeedTreeImporter (328)
[2018.05.23-12.23.21:182][384]LogModuleManager: Shutting down and abandoning module PluginBrowser (326)
[2018.05.23-12.23.21:182][384]LogModuleManager: Shutting down and abandoning module MobileLauncherProfileWizard (324)
[2018.05.23-12.23.21:182][384]LogModuleManager: Shutting down and abandoning module CryptoKeysOpenSSL (322)
[2018.05.23-12.23.21:182][384]LogModuleManager: Shutting down and abandoning module CryptoKeys (320)
[2018.05.23-12.23.21:182][384]LogModuleManager: Shutting down and abandoning module VisualStudioSourceCodeAccess (318)
[2018.05.23-12.23.21:182][384]LogModuleManager: Shutting down and abandoning module VisualStudioCodeSourceCodeAccess (316)
[2018.05.23-12.23.21:182][384]LogModuleManager: Shutting down and abandoning module UObjectPlugin (314)
[2018.05.23-12.23.21:183][384]LogModuleManager: Shutting down and abandoning module SubversionSourceControl (312)
[2018.05.23-12.23.21:183][384]LogModuleManager: Shutting down and abandoning module PerforceSourceControl (310)
[2018.05.23-12.23.21:183][384]LogModuleManager: Shutting down and abandoning module GitSourceControl (308)
[2018.05.23-12.23.21:183][384]LogModuleManager: Shutting down and abandoning module SourceControl (307)
[2018.05.23-12.23.21:206][384]LogModuleManager: Shutting down and abandoning module CLionSourceCodeAccess (304)
[2018.05.23-12.23.21:206][384]LogModuleManager: Shutting down and abandoning module LightPropagationVolumeEditor (302)
[2018.05.23-12.23.21:206][384]LogModuleManager: Shutting down and abandoning module PaperTiledImporter (300)
[2018.05.23-12.23.21:206][384]LogModuleManager: Shutting down and abandoning module PaperSpriteSheetImporter (298)
[2018.05.23-12.23.21:206][384]LogModuleManager: Shutting down and abandoning module Paper2DEditor (296)
[2018.05.23-12.23.21:206][384]LogModuleManager: Shutting down and abandoning module MeshPaint (295)
[2018.05.23-12.23.21:207][384]LogModuleManager: Shutting down and abandoning module FPSProject (292)
[2018.05.23-12.23.21:207][384]LogModuleManager: Shutting down and abandoning module RuntimePhysXCooking (290)
[2018.05.23-12.23.21:207][384]LogModuleManager: Shutting down and abandoning module PhysXVehiclesEditor (288)
[2018.05.23-12.23.21:207][384]LogModuleManager: Shutting down and abandoning module PhysXVehicles (286)
[2018.05.23-12.23.21:207][384]LogModuleManager: Shutting down and abandoning module OculusEditor (284)
[2018.05.23-12.23.21:207][384]LogModuleManager: Shutting down and abandoning module LocationServicesBPLibrary (282)
[2018.05.23-12.23.21:207][384]LogModuleManager: Shutting down and abandoning module ImmediatePhysicsEditor (280)
[2018.05.23-12.23.21:207][384]LogModuleManager: Shutting down and abandoning module ImmediatePhysics (278)
[2018.05.23-12.23.21:207][384]LogModuleManager: Shutting down and abandoning module ActorSequence (276)
[2018.05.23-12.23.21:207][384]LogModuleManager: Shutting down and abandoning module UdpMessaging (274)
[2018.05.23-12.23.21:309][384]LogModuleManager: Shutting down and abandoning module TcpMessaging (272)
[2018.05.23-12.23.21:409][384]LogModuleManager: Shutting down and abandoning module GameplayTagsEditor (270)
[2018.05.23-12.23.21:410][384]LogModuleManager: Shutting down and abandoning module FacialAnimationEditor (268)
[2018.05.23-12.23.21:410][384]LogModuleManager: Shutting down and abandoning module FacialAnimation (266)
[2018.05.23-12.23.21:410][384]LogModuleManager: Shutting down and abandoning module DataValidation (264)
[2018.05.23-12.23.21:410][384]LogModuleManager: Shutting down and abandoning module AssetManagerEditor (262)
[2018.05.23-12.23.21:411][384]LogModuleManager: Shutting down and abandoning module LevelEditor (261)
[2018.05.23-12.23.21:413][384]LogModuleManager: Shutting down and abandoning module PixelInspectorModule (260)
[2018.05.23-12.23.21:413][384]LogModuleManager: Shutting down and abandoning module CommonMenuExtensions (258)
[2018.05.23-12.23.21:413][384]LogModuleManager: Shutting down and abandoning module MainFrame (256)
[2018.05.23-12.23.21:413][384]LogModuleManager: Shutting down and abandoning module HotReload (255)
[2018.05.23-12.23.21:413][384]LogDirectoryWatcher: A directory notification for 'C:/Users/User/Documents/GitHub Files/UE4 Crash Course/FPSProject/Binaries/Win64' was aborted.
[2018.05.23-12.23.21:414][384]LogModuleManager: Shutting down and abandoning module ContentBrowser (251)
[2018.05.23-12.23.21:416][384]LogModuleManager: Shutting down and abandoning module TreeMap (249)
[2018.05.23-12.23.21:416][384]LogModuleManager: Shutting down and abandoning module LightPropagationVolumeRuntime (246)
[2018.05.23-12.23.21:416][384]LogModuleManager: Shutting down and abandoning module LiveLinkEditor (244)
[2018.05.23-12.23.21:416][384]LogModuleManager: Shutting down and abandoning module LiveLink (242)
[2018.05.23-12.23.21:482][384]LogModuleManager: Shutting down and abandoning module Paper2D (240)
[2018.05.23-12.23.21:482][384]LogModuleManager: Shutting down and abandoning module WindowsMoviePlayer (238)
[2018.05.23-12.23.21:482][384]LogModuleManager: Shutting down and abandoning module WmfMedia (236)
[2018.05.23-12.23.21:484][384]LogModuleManager: Shutting down and abandoning module Media (235)
[2018.05.23-12.23.21:490][384]LogModuleManager: Shutting down and abandoning module PacketHandler (232)
[2018.05.23-12.23.21:490][384]LogModuleManager: Shutting down and abandoning module ClothingSystemEditor (230)
[2018.05.23-12.23.21:490][384]LogModuleManager: Shutting down and abandoning module ClothingSystemRuntime (228)
[2018.05.23-12.23.21:491][384]LogModuleManager: Shutting down and abandoning module MediaAssets (226)
[2018.05.23-12.23.21:491][384]LogModuleManager: Shutting down and abandoning module Overlay (224)
[2018.05.23-12.23.21:491][384]LogModuleManager: Shutting down and abandoning module OverlayEditor (223)
[2018.05.23-12.23.21:491][384]LogModuleManager: Shutting down and abandoning module VREditor (220)
[2018.05.23-12.23.21:491][384]LogModuleManager: Shutting down and abandoning module StringTableEditor (218)
[2018.05.23-12.23.21:491][384]LogModuleManager: Shutting down and abandoning module GameplayTasksEditor (216)
[2018.05.23-12.23.21:491][384]LogModuleManager: Shutting down and abandoning module BehaviorTreeEditor (214)
[2018.05.23-12.23.21:491][384]LogModuleManager: Shutting down and abandoning module FunctionalTesting (212)
[2018.05.23-12.23.21:491][384]LogModuleManager: Shutting down and abandoning module CollisionAnalyzer (210)
[2018.05.23-12.23.21:491][384]LogModuleManager: Shutting down and abandoning module WorkspaceMenuStructure (209)
[2018.05.23-12.23.21:491][384]LogModuleManager: Shutting down and abandoning module UMG (206)
[2018.05.23-12.23.21:492][384]LogModuleManager: Shutting down and abandoning module UMGEditor (205)
[2018.05.23-12.23.21:603][384]LogModuleManager: Shutting down and abandoning module Sequencer (204)
[2018.05.23-12.23.21:797][384]LogModuleManager: Shutting down and abandoning module MessageLog (201)
[2018.05.23-12.23.21:797][384]LogModuleManager: Shutting down and abandoning module SlateReflector (196)
[2018.05.23-12.23.21:797][384]LogModuleManager: Shutting down and abandoning module Slate (194)
[2018.05.23-12.23.21:797][384]LogModuleManager: Shutting down and abandoning module EditorStyle (192)
[2018.05.23-12.23.21:799][384]LogModuleManager: Shutting down and abandoning module MRMesh (190)
[2018.05.23-12.23.21:800][384]LogModuleManager: Shutting down and abandoning module SourceCodeAccess (188)
[2018.05.23-12.23.21:800][384]LogModuleManager: Shutting down and abandoning module HeadMountedDisplay (186)
[2018.05.23-12.23.21:800][384]LogModuleManager: Shutting down and abandoning module XAudio2 (184)
[2018.05.23-12.23.21:800][384]LogModuleManager: Shutting down and abandoning module Networking (182)
[2018.05.23-12.23.21:800][384]LogModuleManager: Shutting down and abandoning module Core (180)
[2018.05.23-12.23.21:800][384]LogModuleManager: Shutting down and abandoning module LevelSequence (178)
[2018.05.23-12.23.21:800][384]LogModuleManager: Shutting down and abandoning module KismetCompiler (176)
[2018.05.23-12.23.21:800][384]LogModuleManager: Shutting down and abandoning module MeshUtilities (174)
[2018.05.23-12.23.21:800][384]LogModuleManager: Shutting down and abandoning module MeshMergeUtilities (173)
[2018.05.23-12.23.21:800][384]LogModuleManager: Shutting down and abandoning module MeshReductionInterface (172)
[2018.05.23-12.23.21:800][384]LogModuleManager: Shutting down and abandoning module SimplygonSwarm (171)
[2018.05.23-12.23.21:800][384]LogModuleManager: Shutting down and abandoning module SimplygonMeshReduction (169)
[2018.05.23-12.23.21:800][384]LogModuleManager: Shutting down and abandoning module QuadricMeshReduction (167)
[2018.05.23-12.23.21:800][384]LogModuleManager: Shutting down and abandoning module MaterialBaking (163)
[2018.05.23-12.23.21:800][384]LogModuleManager: Shutting down and abandoning module DirectoryWatcher (159)
[2018.05.23-12.23.21:801][384]LogModuleManager: Shutting down and abandoning module DerivedDataCache (156)
[2018.05.23-12.23.21:819][384]LogDerivedDataCache: Shutdown
[2018.05.23-12.23.21:819][384]LogModuleManager: Shutting down and abandoning module XGEController (154)
[2018.05.23-12.23.21:819][384]LogXGEController: Cleaning working directory: C:/Users/User/AppData/Local/Temp/UnrealXGEWorkingDir/
[2018.05.23-12.23.21:820][384]LogModuleManager: Shutting down and abandoning module TargetPlatform (152)
[2018.05.23-12.23.21:820][384]LogModuleManager: Shutting down and abandoning module VulkanShaderFormat (151)
[2018.05.23-12.23.21:820][384]LogModuleManager: Shutting down and abandoning module ShaderFormatVectorVM (149)
[2018.05.23-12.23.21:820][384]LogModuleManager: Shutting down and abandoning module ShaderFormatOpenGL (147)
[2018.05.23-12.23.21:820][384]LogModuleManager: Shutting down and abandoning module ShaderFormatD3D (145)
[2018.05.23-12.23.21:820][384]LogModuleManager: Shutting down and abandoning module MetalShaderFormat (143)
[2018.05.23-12.23.21:820][384]LogModuleManager: Shutting down and abandoning module TextureFormatUncompressed (141)
[2018.05.23-12.23.21:820][384]LogModuleManager: Shutting down and abandoning module TextureFormatPVR (139)
[2018.05.23-12.23.21:820][384]LogModuleManager: Shutting down and abandoning module TextureFormatDXT (137)
[2018.05.23-12.23.21:820][384]LogModuleManager: Shutting down and abandoning module TextureFormatIntelISPCTexComp (135)
[2018.05.23-12.23.21:820][384]LogModuleManager: Shutting down and abandoning module TextureFormatASTC (133)
[2018.05.23-12.23.21:820][384]LogModuleManager: Shutting down and abandoning module ImageWrapper (132)
[2018.05.23-12.23.21:820][384]LogModuleManager: Shutting down and abandoning module TextureFormatAndroid (129)
[2018.05.23-12.23.21:820][384]LogModuleManager: Shutting down and abandoning module AudioFormatOpus (127)
[2018.05.23-12.23.21:820][384]LogModuleManager: Shutting down and abandoning module AudioFormatOgg (125)
[2018.05.23-12.23.21:820][384]LogModuleManager: Shutting down and abandoning module AudioFormatADPCM (123)
[2018.05.23-12.23.21:820][384]LogModuleManager: Shutting down and abandoning module LinuxTargetPlatform (121)
[2018.05.23-12.23.21:820][384]LogModuleManager: Shutting down and abandoning module LinuxServerTargetPlatform (119)
[2018.05.23-12.23.21:820][384]LogModuleManager: Shutting down and abandoning module LinuxNoEditorTargetPlatform (117)
[2018.05.23-12.23.21:820][384]LogModuleManager: Shutting down and abandoning module LinuxClientTargetPlatform (115)
[2018.05.23-12.23.21:820][384]LogModuleManager: Shutting down and abandoning module TVOSTargetPlatform (113)
[2018.05.23-12.23.21:820][384]LogModuleManager: Shutting down and abandoning module Messaging (111)
[2018.05.23-12.23.21:820][384]LogModuleManager: Shutting down and abandoning module IOSTargetPlatform (109)
[2018.05.23-12.23.21:820][384]LogModuleManager: Shutting down and abandoning module HTML5TargetPlatform (107)
[2018.05.23-12.23.21:820][384]LogModuleManager: Shutting down and abandoning module AndroidTargetPlatform (105)
[2018.05.23-12.23.21:820][384]LogModuleManager: Shutting down and abandoning module Android_PVRTCTargetPlatform (103)
[2018.05.23-12.23.21:821][384]LogModuleManager: Shutting down and abandoning module Android_MultiTargetPlatform (101)
[2018.05.23-12.23.21:821][384]LogModuleManager: Shutting down and abandoning module Android_ETC2TargetPlatform (99)
[2018.05.23-12.23.21:821][384]LogModuleManager: Shutting down and abandoning module Android_ETC1TargetPlatform (97)
[2018.05.23-12.23.21:821][384]LogModuleManager: Shutting down and abandoning module Android_ETC1aTargetPlatform (95)
[2018.05.23-12.23.21:821][384]LogModuleManager: Shutting down and abandoning module Android_DXTTargetPlatform (93)
[2018.05.23-12.23.21:821][384]LogModuleManager: Shutting down and abandoning module Android_ATCTargetPlatform (91)
[2018.05.23-12.23.21:821][384]LogModuleManager: Shutting down and abandoning module Android_ASTCTargetPlatform (89)
[2018.05.23-12.23.21:821][384]LogModuleManager: Shutting down and abandoning module WindowsTargetPlatform (87)
[2018.05.23-12.23.21:821][384]LogModuleManager: Shutting down and abandoning module WindowsServerTargetPlatform (85)
[2018.05.23-12.23.21:821][384]LogModuleManager: Shutting down and abandoning module WindowsNoEditorTargetPlatform (83)
[2018.05.23-12.23.21:821][384]LogModuleManager: Shutting down and abandoning module WindowsClientTargetPlatform (81)
[2018.05.23-12.23.21:821][384]LogModuleManager: Shutting down and abandoning module MacTargetPlatform (79)
[2018.05.23-12.23.21:821][384]LogModuleManager: Shutting down and abandoning module MacServerTargetPlatform (77)
[2018.05.23-12.23.21:821][384]LogModuleManager: Shutting down and abandoning module MacNoEditorTargetPlatform (75)
[2018.05.23-12.23.21:821][384]LogModuleManager: Shutting down and abandoning module MacClientTargetPlatform (73)
[2018.05.23-12.23.21:821][384]LogModuleManager: Shutting down and abandoning module AllDesktopTargetPlatform (71)
[2018.05.23-12.23.21:821][384]LogModuleManager: Shutting down and abandoning module InputCore (68)
[2018.05.23-12.23.21:821][384]LogModuleManager: Shutting down and abandoning module Settings (66)
[2018.05.23-12.23.21:821][384]LogModuleManager: Shutting down and abandoning module PhysXCooking (64)
[2018.05.23-12.23.21:821][384]LogModuleManager: Shutting down and abandoning module SteamVR (62)
[2018.05.23-12.23.21:821][384]LogModuleManager: Shutting down and abandoning module OculusHMD (60)
[2018.05.23-12.23.21:821][384]LogModuleManager: Shutting down and abandoning module ExampleDeviceProfileSelector (58)
[2018.05.23-12.23.21:821][384]LogModuleManager: Shutting down and abandoning module AppleARKit (56)
[2018.05.23-12.23.21:821][384]LogModuleManager: Shutting down and abandoning module AugmentedReality (53)
[2018.05.23-12.23.21:821][384]LogModuleManager: Shutting down and abandoning module OnlineBlueprintSupport (50)
[2018.05.23-12.23.21:821][384]LogModuleManager: Shutting down and abandoning module OnlineSubsystem (46)
[2018.05.23-12.23.21:821][384]LogModuleManager: Shutting down and abandoning module XMPP (45)
[2018.05.23-12.23.21:822][384]LogModuleManager: Shutting down and abandoning module HTTP (43)
[2018.05.23-12.23.21:868][384]LogModuleManager: Shutting down and abandoning module SSL (42)
[2018.05.23-12.23.21:871][384]LogModuleManager: Shutting down and abandoning module DesktopPlatform (38)
[2018.05.23-12.23.21:878][384]LogModuleManager: Shutting down and abandoning module AnimationModifiers (36)
[2018.05.23-12.23.21:880][384]LogModuleManager: Shutting down and abandoning module PropertyEditor (35)
[2018.05.23-12.23.21:885][384]LogModuleManager: Shutting down and abandoning module AudioEditor (32)
[2018.05.23-12.23.21:886][384]LogModuleManager: Shutting down and abandoning module TextureCompressor (30)
[2018.05.23-12.23.21:913][384]LogModuleManager: Shutting down and abandoning module ShaderCore (28)
[2018.05.23-12.23.21:913][384]LogModuleManager: Shutting down and abandoning module Landscape (26)
[2018.05.23-12.23.21:913][384]LogModuleManager: Shutting down and abandoning module SlateRHIRenderer (24)
[2018.05.23-12.23.21:932][384]LogModuleManager: Shutting down and abandoning module OpenGLDrv (22)
[2018.05.23-12.23.21:995][384]LogModuleManager: Shutting down and abandoning module D3D11RHI (20)
[2018.05.23-12.23.21:995][384]LogModuleManager: Shutting down and abandoning module AnimGraphRuntime (18)
[2018.05.23-12.23.21:995][384]LogModuleManager: Shutting down and abandoning module Renderer (16)
[2018.05.23-12.23.21:995][384]LogModuleManager: Shutting down and abandoning module Engine (14)
[2018.05.23-12.23.21:995][384]LogModuleManager: Shutting down and abandoning module CoreUObject (12)
[2018.05.23-12.23.21:995][384]LogModuleManager: Shutting down and abandoning module NetworkFile (10)
[2018.05.23-12.23.22:003][384]LogModuleManager: Shutting down and abandoning module CookedIterativeFile (8)
[2018.05.23-12.23.22:003][384]LogModuleManager: Shutting down and abandoning module StreamingFile (6)
[2018.05.23-12.23.22:027][384]LogModuleManager: Shutting down and abandoning module SandboxFile (4)
[2018.05.23-12.23.22:036][384]LogModuleManager: Shutting down and abandoning module PakFile (2)
[2018.05.23-12.23.22:065][384]LogExit: Exiting.
[2018.05.23-12.23.22:095][384]Log file closed, 05/23/18 20:23:22
