Log file open, 05/25/18 18:34:54
LogWindows: Failed to load 'aqProf.dll' (GetLastError=126)
LogWindows: File 'aqProf.dll' does not exist
LogWindows: Failed to load 'VtuneApi.dll' (GetLastError=126)
LogWindows: File 'VtuneApi.dll' does not exist
LogWindows: Failed to load 'VtuneApi32e.dll' (GetLastError=126)
LogWindows: File 'VtuneApi32e.dll' does not exist
LogInit: Display: Running engine for game: FPSProject
LogPlatformFile: Not using cached read wrapper
LogInit: Display: RandInit(1814393518) SRandInit(1814393518).
LogInit: Read version file with build ID '3944462'
LogInit: Overriding engine version to CL 4033788, compatible CL 3944462
LogInit: Registered custom module enumerator with build ID '3944462'
LogTaskGraph: Started task graph with 5 named threads and 14 total threads with 3 sets of task threads.
LogStats: Stats thread started at 0.203546
LogD3D11RHI: Aftermath initialized
LogICUInternationalization: Display: ICU TimeZone Detection - Raw Offset: +8:00, Platform Override: ''
LogPluginManager: Mounting plugin Paper2D
LogPluginManager: Mounting plugin LiveLink
LogPluginManager: Mounting plugin LightPropagationVolume
LogPluginManager: Mounting plugin CLionSourceCodeAccess
LogPluginManager: Mounting plugin CodeLiteSourceCodeAccess
LogPluginManager: Mounting plugin GitSourceControl
LogPluginManager: Mounting plugin KDevelopSourceCodeAccess
LogPluginManager: Mounting plugin NullSourceCodeAccess
LogPluginManager: Mounting plugin PerforceSourceControl
LogPluginManager: Mounting plugin SubversionSourceControl
LogPluginManager: Mounting plugin UObjectPlugin
LogPluginManager: Mounting plugin VisualStudioCodeSourceCodeAccess
LogPluginManager: Mounting plugin VisualStudioSourceCodeAccess
LogPluginManager: Mounting plugin XCodeSourceCodeAccess
LogPluginManager: Mounting plugin AssetManagerEditor
LogPluginManager: Mounting plugin CryptoKeys
LogPluginManager: Mounting plugin DataValidation
LogPluginManager: Mounting plugin FacialAnimation
LogPluginManager: Mounting plugin GameplayTagsEditor
LogPluginManager: Mounting plugin MobileLauncherProfileWizard
LogPluginManager: Mounting plugin PluginBrowser
LogPluginManager: Mounting plugin SpeedTreeImporter
LogPluginManager: Mounting plugin DatasmithContent
LogPluginManager: Mounting plugin AlembicImporter
LogPluginManager: Mounting plugin CharacterAI
LogPluginManager: Mounting plugin HTML5Networking
LogPluginManager: Mounting plugin AndroidMedia
LogPluginManager: Mounting plugin AvfMedia
LogPluginManager: Mounting plugin ImgMedia
LogPluginManager: Mounting plugin LinearTimecode
LogPluginManager: Mounting plugin MediaCompositing
LogPluginManager: Mounting plugin MediaPlayerEditor
LogPluginManager: Mounting plugin WmfMedia
LogPluginManager: Mounting plugin TcpMessaging
LogPluginManager: Mounting plugin UdpMessaging
LogPluginManager: Mounting plugin ActorSequence
LogPluginManager: Mounting plugin LevelSequenceEditor
LogPluginManager: Mounting plugin MatineeToLevelSequence
LogPluginManager: Mounting plugin NetcodeUnitTest
LogPluginManager: Mounting plugin NUTUnrealEngine4
LogPluginManager: Mounting plugin OnlineSubsystemGooglePlay
LogPluginManager: Mounting plugin OnlineSubsystemIOS
LogPluginManager: Mounting plugin OnlineSubsystem
LogPluginManager: Mounting plugin OnlineSubsystemNull
LogPluginManager: Mounting plugin OnlineSubsystemUtils
LogPluginManager: Mounting plugin AndroidDeviceProfileSelector
LogPluginManager: Mounting plugin AndroidMoviePlayer
LogPluginManager: Mounting plugin AndroidPermission
LogPluginManager: Mounting plugin AppleARKit
LogPluginManager: Mounting plugin AppleMoviePlayer
LogPluginManager: Mounting plugin ArchVisCharacter
LogPluginManager: Mounting plugin AudioCapture
LogPluginManager: Mounting plugin CableComponent
LogPluginManager: Mounting plugin CustomMeshComponent
LogPluginManager: Mounting plugin ExampleDeviceProfileSelector
LogPluginManager: Mounting plugin GoogleCloudMessaging
LogPluginManager: Mounting plugin ImmediatePhysics
LogPluginManager: Mounting plugin IOSDeviceProfileSelector
LogPluginManager: Mounting plugin LinuxDeviceProfileSelector
LogPluginManager: Mounting plugin LocationServicesBPLibrary
LogPluginManager: Mounting plugin MobilePatchingUtils
LogPluginManager: Mounting plugin OculusVR
LogPluginManager: Plugin shader directory ../../../Engine/Plugins/Runtime/Oculus/OculusVR/Shaders found
LogPluginManager: Mapping shader source directory ../../../Engine/Plugins/Runtime/Oculus/OculusVR/Shaders to virtual directory /Plugin/OculusVR
LogPluginManager: Mounting plugin PhysXVehicles
LogPluginManager: Mounting plugin ProceduralMeshComponent
LogPluginManager: Mounting plugin RuntimePhysXCooking
LogPluginManager: Mounting plugin SteamVR
LogPluginManager: Mounting plugin WindowsMoviePlayer
LogStreaming: Display: Took  1.132s to configure plugins.
LogModuleManager: Display: Found up-to-date module file ../../../../../../Users/User/Documents/GitHub Files/UE4 Crash Course/FPSProject/Binaries/Win64/UE4Editor-FPSProject-1217.dll (API version 3944462).
LogModuleManager: Display: Found up-to-date module file ../../../Engine/Plugins/2D/Paper2D/Binaries/Win64/UE4Editor-Paper2D.dll (API version 3944462).
LogModuleManager: Display: Found up-to-date module file ../../../Engine/Plugins/2D/Paper2D/Binaries/Win64/UE4Editor-Paper2DEditor.dll (API version 3944462).
LogModuleManager: Display: Found up-to-date module file ../../../Engine/Plugins/2D/Paper2D/Binaries/Win64/UE4Editor-PaperSpriteSheetImporter.dll (API version 3944462).
LogModuleManager: Display: Found up-to-date module file ../../../Engine/Plugins/2D/Paper2D/Binaries/Win64/UE4Editor-PaperTiledImporter.dll (API version 3944462).
LogModuleManager: Display: Found up-to-date module file ../../../Engine/Plugins/2D/Paper2D/Binaries/Win64/UE4Editor-SmartSnapping.dll (API version 3944462).
LogModuleManager: Display: Found up-to-date module file ../../../Engine/Plugins/Animation/LiveLink/Binaries/Win64/UE4Editor-LiveLink.dll (API version 3944462).
LogModuleManager: Display: Found up-to-date module file ../../../Engine/Plugins/Animation/LiveLink/Binaries/Win64/UE4Editor-LiveLinkEditor.dll (API version 3944462).
LogModuleManager: Display: Found up-to-date module file ../../../Engine/Plugins/Blendables/LightPropagationVolume/Binaries/Win64/UE4Editor-LightPropagationVolumeRuntime.dll (API version 3944462).
LogModuleManager: Display: Found up-to-date module file ../../../Engine/Plugins/Blendables/LightPropagationVolume/Binaries/Win64/UE4Editor-LightPropagationVolumeEditor.dll (API version 3944462).
LogModuleManager: Display: Found up-to-date module file ../../../Engine/Plugins/Developer/CLionSourceCodeAccess/Binaries/Win64/UE4Editor-CLionSourceCodeAccess.dll (API version 3944462).
LogModuleManager: Display: Found up-to-date module file ../../../Engine/Plugins/Developer/GitSourceControl/Binaries/Win64/UE4Editor-GitSourceControl.dll (API version 3944462).
LogModuleManager: Display: Found up-to-date module file ../../../Engine/Plugins/Developer/PerforceSourceControl/Binaries/Win64/UE4Editor-PerforceSourceControl.dll (API version 3944462).
LogModuleManager: Display: Found up-to-date module file ../../../Engine/Plugins/Developer/SubversionSourceControl/Binaries/Win64/UE4Editor-SubversionSourceControl.dll (API version 3944462).
LogModuleManager: Display: Found up-to-date module file ../../../Engine/Plugins/Developer/UObjectPlugin/Binaries/Win64/UE4Editor-UObjectPlugin.dll (API version 3944462).
LogModuleManager: Display: Found up-to-date module file ../../../Engine/Plugins/Developer/VisualStudioCodeSourceCodeAccess/Binaries/Win64/UE4Editor-VisualStudioCodeSourceCodeAccess.dll (API version 3944462).
LogModuleManager: Display: Found up-to-date module file ../../../Engine/Plugins/Developer/VisualStudioSourceCodeAccess/Binaries/Win64/UE4Editor-VisualStudioSourceCodeAccess.dll (API version 3944462).
LogModuleManager: Display: Found up-to-date module file ../../../Engine/Plugins/Editor/AssetManagerEditor/Binaries/Win64/UE4Editor-AssetManagerEditor.dll (API version 3944462).
LogModuleManager: Display: Found up-to-date module file ../../../Engine/Plugins/Editor/CryptoKeys/Binaries/Win64/UE4Editor-CryptoKeys.dll (API version 3944462).
LogModuleManager: Display: Found up-to-date module file ../../../Engine/Plugins/Editor/CryptoKeys/Binaries/Win64/UE4Editor-CryptoKeysOpenSSL.dll (API version 3944462).
LogModuleManager: Display: Found up-to-date module file ../../../Engine/Plugins/Editor/DataValidation/Binaries/Win64/UE4Editor-DataValidation.dll (API version 3944462).
LogModuleManager: Display: Found up-to-date module file ../../../Engine/Plugins/Editor/FacialAnimation/Binaries/Win64/UE4Editor-FacialAnimation.dll (API version 3944462).
LogModuleManager: Display: Found up-to-date module file ../../../Engine/Plugins/Editor/FacialAnimation/Binaries/Win64/UE4Editor-FacialAnimationEditor.dll (API version 3944462).
LogModuleManager: Display: Found up-to-date module file ../../../Engine/Plugins/Editor/GameplayTagsEditor/Binaries/Win64/UE4Editor-GameplayTagsEditor.dll (API version 3944462).
LogModuleManager: Display: Found up-to-date module file ../../../Engine/Plugins/Editor/MobileLauncherProfileWizard/Binaries/Win64/UE4Editor-MobileLauncherProfileWizard.dll (API version 3944462).
LogModuleManager: Display: Found up-to-date module file ../../../Engine/Plugins/Editor/PluginBrowser/Binaries/Win64/UE4Editor-PluginBrowser.dll (API version 3944462).
LogModuleManager: Display: Found up-to-date module file ../../../Engine/Plugins/Editor/SpeedTreeImporter/Binaries/Win64/UE4Editor-SpeedTreeImporter.dll (API version 3944462).
LogModuleManager: Display: Found up-to-date module file ../../../Engine/Plugins/Enterprise/DatasmithContent/Binaries/Win64/UE4Editor-DatasmithContent.dll (API version 3944462).
LogModuleManager: Display: Found up-to-date module file ../../../Engine/Plugins/Experimental/AlembicImporter/Binaries/Win64/UE4Editor-AlembicImporter.dll (API version 3944462).
LogModuleManager: Display: Found up-to-date module file ../../../Engine/Plugins/Experimental/AlembicImporter/Binaries/Win64/UE4Editor-AlembicLibrary.dll (API version 3944462).
LogModuleManager: Display: Found up-to-date module file ../../../Engine/Plugins/Experimental/CharacterAI/Binaries/Win64/UE4Editor-CharacterAI.dll (API version 3944462).
LogModuleManager: Display: Found up-to-date module file ../../../Engine/Plugins/Experimental/HTML5Networking/Binaries/Win64/UE4Editor-HTML5Networking.dll (API version 3944462).
LogModuleManager: Display: Found up-to-date module file ../../../Engine/Plugins/Media/AndroidMedia/Binaries/Win64/UE4Editor-AndroidMediaEditor.dll (API version 3944462).
LogModuleManager: Display: Found up-to-date module file ../../../Engine/Plugins/Media/AndroidMedia/Binaries/Win64/UE4Editor-AndroidMediaFactory.dll (API version 3944462).
LogModuleManager: Display: Found up-to-date module file ../../../Engine/Plugins/Media/AvfMedia/Binaries/Win64/UE4Editor-AvfMediaEditor.dll (API version 3944462).
LogModuleManager: Display: Found up-to-date module file ../../../Engine/Plugins/Media/AvfMedia/Binaries/Win64/UE4Editor-AvfMediaFactory.dll (API version 3944462).
LogModuleManager: Display: Found up-to-date module file ../../../Engine/Plugins/Media/AvfMedia/Binaries/Win64/UE4Editor-AvfMediaFactory.dll (API version 3944462).
LogModuleManager: Display: Found up-to-date module file ../../../Engine/Plugins/Media/ImgMedia/Binaries/Win64/UE4Editor-ImgMedia.dll (API version 3944462).
LogModuleManager: Display: Found up-to-date module file ../../../Engine/Plugins/Media/ImgMedia/Binaries/Win64/UE4Editor-ImgMediaEditor.dll (API version 3944462).
LogModuleManager: Display: Found up-to-date module file ../../../Engine/Plugins/Media/ImgMedia/Binaries/Win64/UE4Editor-ImgMediaFactory.dll (API version 3944462).
LogModuleManager: Display: Found up-to-date module file ../../../Engine/Plugins/Media/ImgMedia/Binaries/Win64/UE4Editor-ImgMediaFactory.dll (API version 3944462).
LogModuleManager: Display: Found up-to-date module file ../../../Engine/Plugins/Media/ImgMedia/Binaries/Win64/UE4Editor-OpenExrWrapper.dll (API version 3944462).
LogModuleManager: Display: Found up-to-date module file ../../../Engine/Plugins/Media/LinearTimecode/Binaries/Win64/UE4Editor-LinearTimecode.dll (API version 3944462).
LogModuleManager: Display: Found up-to-date module file ../../../Engine/Plugins/Media/MediaCompositing/Binaries/Win64/UE4Editor-MediaCompositing.dll (API version 3944462).
LogModuleManager: Display: Found up-to-date module file ../../../Engine/Plugins/Media/MediaCompositing/Binaries/Win64/UE4Editor-MediaCompositingEditor.dll (API version 3944462).
LogModuleManager: Display: Found up-to-date module file ../../../Engine/Plugins/Media/MediaPlayerEditor/Binaries/Win64/UE4Editor-MediaPlayerEditor.dll (API version 3944462).
LogModuleManager: Display: Found up-to-date module file ../../../Engine/Plugins/Media/WmfMedia/Binaries/Win64/UE4Editor-WmfMedia.dll (API version 3944462).
LogModuleManager: Display: Found up-to-date module file ../../../Engine/Plugins/Media/WmfMedia/Binaries/Win64/UE4Editor-WmfMediaEditor.dll (API version 3944462).
LogModuleManager: Display: Found up-to-date module file ../../../Engine/Plugins/Media/WmfMedia/Binaries/Win64/UE4Editor-WmfMediaFactory.dll (API version 3944462).
LogModuleManager: Display: Found up-to-date module file ../../../Engine/Plugins/Media/WmfMedia/Binaries/Win64/UE4Editor-WmfMediaFactory.dll (API version 3944462).
LogModuleManager: Display: Found up-to-date module file ../../../Engine/Plugins/Messaging/TcpMessaging/Binaries/Win64/UE4Editor-TcpMessaging.dll (API version 3944462).
LogModuleManager: Display: Found up-to-date module file ../../../Engine/Plugins/Messaging/UdpMessaging/Binaries/Win64/UE4Editor-UdpMessaging.dll (API version 3944462).
LogModuleManager: Display: Found up-to-date module file ../../../Engine/Plugins/MovieScene/ActorSequence/Binaries/Win64/UE4Editor-ActorSequence.dll (API version 3944462).
LogModuleManager: Display: Found up-to-date module file ../../../Engine/Plugins/MovieScene/LevelSequenceEditor/Binaries/Win64/UE4Editor-LevelSequenceEditor.dll (API version 3944462).
LogModuleManager: Display: Found up-to-date module file ../../../Engine/Plugins/MovieScene/MatineeToLevelSequence/Binaries/Win64/UE4Editor-MatineeToLevelSequence.dll (API version 3944462).
LogModuleManager: Display: Found up-to-date module file ../../../Engine/Plugins/NetcodeUnitTest/NetcodeUnitTest/Binaries/Win64/UE4Editor-NetcodeUnitTest.dll (API version 3944462).
LogModuleManager: Display: Found up-to-date module file ../../../Engine/Plugins/NetcodeUnitTest/NUTUnrealEngine4/Binaries/Win64/UE4Editor-NUTUnrealEngine4.dll (API version 3944462).
LogModuleManager: Display: Found up-to-date module file ../../../Engine/Plugins/Online/OnlineSubsystem/Binaries/Win64/UE4Editor-OnlineSubsystem.dll (API version 3944462).
LogModuleManager: Display: Found up-to-date module file ../../../Engine/Plugins/Online/OnlineSubsystemNull/Binaries/Win64/UE4Editor-OnlineSubsystemNull.dll (API version 3944462).
LogModuleManager: Display: Found up-to-date module file ../../../Engine/Plugins/Online/OnlineSubsystemUtils/Binaries/Win64/UE4Editor-OnlineSubsystemUtils.dll (API version 3944462).
LogModuleManager: Display: Found up-to-date module file ../../../Engine/Plugins/Online/OnlineSubsystemUtils/Binaries/Win64/UE4Editor-OnlineBlueprintSupport.dll (API version 3944462).
LogModuleManager: Display: Found up-to-date module file ../../../Engine/Plugins/Runtime/AndroidDeviceProfileSelector/Binaries/Win64/UE4Editor-AndroidDeviceProfileSelector.dll (API version 3944462).
LogModuleManager: Display: Found up-to-date module file ../../../Engine/Plugins/Runtime/AndroidPermission/Binaries/Win64/UE4Editor-AndroidPermission.dll (API version 3944462).
LogModuleManager: Display: Found up-to-date module file ../../../Engine/Plugins/Runtime/AppleARKit/Binaries/Win64/UE4Editor-AppleARKit.dll (API version 3944462).
LogModuleManager: Display: Found up-to-date module file ../../../Engine/Plugins/Runtime/ArchVisCharacter/Binaries/Win64/UE4Editor-ArchVisCharacter.dll (API version 3944462).
LogModuleManager: Display: Found up-to-date module file ../../../Engine/Plugins/Runtime/AudioCapture/Binaries/Win64/UE4Editor-AudioCapture.dll (API version 3944462).
LogModuleManager: Display: Found up-to-date module file ../../../Engine/Plugins/Runtime/AudioCapture/Binaries/Win64/UE4Editor-AudioCaptureEditor.dll (API version 3944462).
LogModuleManager: Display: Found up-to-date module file ../../../Engine/Plugins/Runtime/CableComponent/Binaries/Win64/UE4Editor-CableComponent.dll (API version 3944462).
LogModuleManager: Display: Found up-to-date module file ../../../Engine/Plugins/Runtime/CustomMeshComponent/Binaries/Win64/UE4Editor-CustomMeshComponent.dll (API version 3944462).
LogModuleManager: Display: Found up-to-date module file ../../../Engine/Plugins/Runtime/ExampleDeviceProfileSelector/Binaries/Win64/UE4Editor-ExampleDeviceProfileSelector.dll (API version 3944462).
LogModuleManager: Display: Found up-to-date module file ../../../Engine/Plugins/Runtime/ImmediatePhysics/Binaries/Win64/UE4Editor-ImmediatePhysics.dll (API version 3944462).
LogModuleManager: Display: Found up-to-date module file ../../../Engine/Plugins/Runtime/ImmediatePhysics/Binaries/Win64/UE4Editor-ImmediatePhysicsEditor.dll (API version 3944462).
LogModuleManager: Display: Found up-to-date module file ../../../Engine/Plugins/Runtime/LocationServicesBPLibrary/Binaries/Win64/UE4Editor-LocationServicesBPLibrary.dll (API version 3944462).
LogModuleManager: Display: Found up-to-date module file ../../../Engine/Plugins/Runtime/MobilePatchingUtils/Binaries/Win64/UE4Editor-MobilePatchingUtils.dll (API version 3944462).
LogModuleManager: Display: Found up-to-date module file ../../../Engine/Plugins/Runtime/Oculus/OculusVR/Binaries/Win64/UE4Editor-OculusHMD.dll (API version 3944462).
LogModuleManager: Display: Found up-to-date module file ../../../Engine/Plugins/Runtime/Oculus/OculusVR/Binaries/Win64/UE4Editor-OculusInput.dll (API version 3944462).
LogModuleManager: Display: Found up-to-date module file ../../../Engine/Plugins/Runtime/Oculus/OculusVR/Binaries/Win64/UE4Editor-OculusEditor.dll (API version 3944462).
LogModuleManager: Display: Found up-to-date module file ../../../Engine/Plugins/Runtime/PhysXVehicles/Binaries/Win64/UE4Editor-PhysXVehicles.dll (API version 3944462).
LogModuleManager: Display: Found up-to-date module file ../../../Engine/Plugins/Runtime/PhysXVehicles/Binaries/Win64/UE4Editor-PhysXVehiclesEditor.dll (API version 3944462).
LogModuleManager: Display: Found up-to-date module file ../../../Engine/Plugins/Runtime/ProceduralMeshComponent/Binaries/Win64/UE4Editor-ProceduralMeshComponent.dll (API version 3944462).
LogModuleManager: Display: Found up-to-date module file ../../../Engine/Plugins/Runtime/ProceduralMeshComponent/Binaries/Win64/UE4Editor-ProceduralMeshComponentEditor.dll (API version 3944462).
LogModuleManager: Display: Found up-to-date module file ../../../Engine/Plugins/Runtime/RuntimePhysXCooking/Binaries/Win64/UE4Editor-RuntimePhysXCooking.dll (API version 3944462).
LogModuleManager: Display: Found up-to-date module file ../../../Engine/Plugins/Runtime/Steam/SteamVR/Binaries/Win64/UE4Editor-SteamVR.dll (API version 3944462).
LogModuleManager: Display: Found up-to-date module file ../../../Engine/Plugins/Runtime/Steam/SteamVR/Binaries/Win64/UE4Editor-SteamVRController.dll (API version 3944462).
LogModuleManager: Display: Found up-to-date module file ../../../Engine/Plugins/Runtime/WindowsMoviePlayer/Binaries/Win64/UE4Editor-WindowsMoviePlayer.dll (API version 3944462).
LogInit: Using libcurl 7.47.1
LogInit:  - built for x86_64-pc-win32
LogInit:  - supports SSL with OpenSSL/1.0.2g
LogInit:  - supports HTTP deflate (compression) using libz 1.2.8
LogInit:  - other features:
LogInit:      CURL_VERSION_SSL
LogInit:      CURL_VERSION_LIBZ
LogInit:      CURL_VERSION_IPV6
LogInit:      CURL_VERSION_ASYNCHDNS
LogInit:      CURL_VERSION_LARGEFILE
LogInit:      CURL_VERSION_IDN
LogInit:  CurlRequestOptions (configurable via config and command line):
LogInit:  - bVerifyPeer = false  - Libcurl will NOT verify peer certificate
LogInit:  - bUseHttpProxy = false  - Libcurl will NOT use HTTP proxy
LogInit:  - bDontReuseConnections = false  - Libcurl will reuse connections
LogInit:  - CertBundlePath = nullptr  - Libcurl will use whatever was configured at build time.
LogInit:  - MaxHostConnections = 16  - Libcurl will limit the number of connections to a host
LogInit:  - LocalHostAddr = Default
LogInit: WinSock: version 1.1 (2.2), MaxSocks=32767, MaxUdp=65467
LogInit: WinSock: I am Asus (192.168.0.10:0)
LogInit: Build: ++UE4+Release-4.19-CL-4033788
LogInit: Engine Version: 4.19.2-4033788+++UE4+Release-4.19
LogInit: Compatible Engine Version: 4.19.0-3944462+++UE4+Release-4.19
LogInit: Net CL: 3944462
LogDevObjectVersion: Number of dev versions registered: 18
LogDevObjectVersion:   Dev-Blueprints (B0D832E4-1F89-4F0D-ACCF-7EB736FD4AA2): 10
LogDevObjectVersion:   Dev-Build (E1C64328-A22C-4D53-A36C-8E866417BD8C): 0
LogDevObjectVersion:   Dev-Core (375EC13C-06E4-48FB-B500-84F0262A717E): 2
LogDevObjectVersion:   Dev-Editor (E4B068ED-F494-42E9-A231-DA0B2E46BB41): 23
LogDevObjectVersion:   Dev-Framework (CFFC743F-43B0-4480-9391-14DF171D2073): 33
LogDevObjectVersion:   Dev-Mobile (B02B49B5-BB20-44E9-A304-32B752E40360): 2
LogDevObjectVersion:   Dev-Networking (A4E4105C-59A1-49B5-A7C5-40C4547EDFEE): 0
LogDevObjectVersion:   Dev-Online (39C831C9-5AE6-47DC-9A44-9C173E1C8E7C): 0
LogDevObjectVersion:   Dev-Physics (78F01B33-EBEA-4F98-B9B4-84EACCB95AA2): 0
LogDevObjectVersion:   Dev-Platform (6631380F-2D4D-43E0-8009-CF276956A95A): 0
LogDevObjectVersion:   Dev-Rendering (12F88B9F-8875-4AFC-A67C-D90C383ABD29): 25
LogDevObjectVersion:   Dev-Sequencer (7B5AE74C-D270-4C10-A958-57980B212A5A): 6
LogDevObjectVersion:   Dev-VR (D7296918-1DD6-4BDD-9DE2-64A83CC13884): 1
LogDevObjectVersion:   Dev-LoadTimes (C2A15278-BFE7-4AFE-6C17-90FF531DF755): 1
LogDevObjectVersion:   Private-Geometry (6EACA3D4-40EC-4CC1-B786-8BED09428FC5): 2
LogDevObjectVersion:   Dev-AnimPhys (29E575DD-E0A3-4627-9D10-D276232CDCEA): 16
LogDevObjectVersion:   Dev-ReflectionCapture (6B266CEC-1EC7-4B8F-A30B-E4D90942FC07): 1
LogDevObjectVersion:   Dev-Automation (0DF73D61-A23F-47EA-B727-89E90C41499A): 1
LogInit: Compiled (64-bit): Apr 27 2018 02:06:57
LogInit: Compiled with Visual C++: 19.00.24215.01
LogInit: Build Configuration: Development
LogInit: Branch Name: ++UE4+Release-4.19
LogInit: Command Line: 
LogInit: Base Directory: C:/Program Files/Epic Games/UE_4.19/Engine/Binaries/Win64/
LogInit: Installed Engine Build: 1
LogStreaming: Display: Took  0.509s to delete old logs.
LogInit: Presizing for max 8388607 objects, including 0 objects not considered by GC, pre-allocating 0 bytes for permanent pool.
LogInit: Object subsystem initialized
[2018.05.25-10.34.59:523][  0]LogInit: Selected Device Profile: [Windows]
[2018.05.25-10.34.59:523][  0]LogInit: Applying CVar settings loaded from the selected device profile: [Windows]
[2018.05.25-10.34.59:587][  0]LogInit: Computer: ASUS
[2018.05.25-10.34.59:587][  0]LogInit: User: User
[2018.05.25-10.34.59:588][  0]LogInit: CPU Page size=4096, Cores=4
[2018.05.25-10.34.59:588][  0]LogInit: High frequency timer resolution =2.437498 MHz
[2018.05.25-10.34.59:588][  0]LogMemory: Memory total: Physical=7.9GB (8GB approx)
[2018.05.25-10.34.59:588][  0]LogMemory: Platform Memory Stats for Windows
[2018.05.25-10.34.59:588][  0]LogMemory: Process Physical Memory: 276.20 MB used, 276.20 MB peak
[2018.05.25-10.34.59:588][  0]LogMemory: Process Virtual Memory: 268.13 MB used, 268.13 MB peak
[2018.05.25-10.34.59:588][  0]LogMemory: Physical Memory: 6447.88 MB used,  1629.14 MB free, 8077.02 MB total
[2018.05.25-10.34.59:588][  0]LogMemory: Virtual Memory: 4768.58 MB used,  1629.14 MB free, 134217728.00 MB total
[2018.05.25-10.34.59:621][  0]LogInit: Using OS detected language (en-US).
[2018.05.25-10.34.59:621][  0]LogInit: Using OS detected locale (en-US).
[2018.05.25-10.34.59:626][  0]LogTextLocalizationManager: No specific localization for 'en-US' exists, so the 'en' localization will be used.
[2018.05.25-10.35.00:225][  0]LogStreaming: Display: Took  0.603s to EndInitTextLocalization.
[2018.05.25-10.35.00:225][  0]LogInit: Setting process to per monitor DPI aware
[2018.05.25-10.35.00:258][  0]LogSlate: New Slate User Created.  User Index 0, Is Virtual User: 0
[2018.05.25-10.35.00:259][  0]LogSlate: Slate User Registered.  User Index 0, Is Virtual User: 0
[2018.05.25-10.35.00:584][  0]LogD3D11RHI: D3D11 adapters:
[2018.05.25-10.35.00:661][  0]LogD3D11RHI:    0. 'NVIDIA GeForce GTX 1050' (Feature Level 11_0)
[2018.05.25-10.35.00:661][  0]LogD3D11RHI:       4021/0/4038 MB DedicatedVideo/DedicatedSystem/SharedSystem, Outputs:1, VendorId:0x10de
[2018.05.25-10.35.00:672][  0]LogD3D11RHI:    1. 'Intel(R) HD Graphics 630' (Feature Level 11_0)
[2018.05.25-10.35.00:672][  0]LogD3D11RHI:       128/0/4038 MB DedicatedVideo/DedicatedSystem/SharedSystem, Outputs:0, VendorId:0x8086
[2018.05.25-10.35.00:674][  0]LogD3D11RHI:    2. 'Microsoft Basic Render Driver' (Feature Level 11_0)
[2018.05.25-10.35.00:674][  0]LogD3D11RHI:       0/0/4038 MB DedicatedVideo/DedicatedSystem/SharedSystem, Outputs:0, VendorId:0x1414
[2018.05.25-10.35.00:674][  0]LogD3D11RHI: Chosen D3D11 Adapter: 0
[2018.05.25-10.35.00:690][  0]LogD3D11RHI: Creating new Direct3DDevice
[2018.05.25-10.35.00:691][  0]LogD3D11RHI:     GPU DeviceId: 0x1c8d (for the marketing name, search the web for "GPU Device Id")
[2018.05.25-10.35.00:691][  0]LogWindows: EnumDisplayDevices:
[2018.05.25-10.35.00:691][  0]LogWindows:    0. 'Intel(R) HD Graphics 630' (P:1 D:1)
[2018.05.25-10.35.00:691][  0]LogWindows:    1. 'Intel(R) HD Graphics 630' (P:0 D:0)
[2018.05.25-10.35.00:691][  0]LogWindows:    2. 'Intel(R) HD Graphics 630' (P:0 D:0)
[2018.05.25-10.35.00:691][  0]LogWindows: DebugString: GetVideoDriverDetailsInvalid PrimaryIsNotTheChoosenAdapter GetVideoDriverDetailsInvalid PrimaryIsNotTheChoosenAdapter GetVideoDriverDetailsInvalid PrimaryIsNotTheChoosenAdapter FoundDriverCount:0 
[2018.05.25-10.35.00:692][  0]LogD3D11RHI:     Adapter Name: NVIDIA GeForce GTX 1050
[2018.05.25-10.35.00:692][  0]LogD3D11RHI:   Driver Version: Unknown (internal:Unknown, unified:Unknown)
[2018.05.25-10.35.00:692][  0]LogD3D11RHI:      Driver Date: Unknown
[2018.05.25-10.35.00:692][  0]LogRHI: Texture pool is 2814 MB (70% of 4021 MB)
[2018.05.25-10.35.00:751][  0]LogD3D11RHI: [Aftermath] Aftermath enabled and primed
[2018.05.25-10.35.00:751][  0]LogD3D11RHI: [Aftermath] Aftermath enabled and primed
[2018.05.25-10.35.00:751][  0]LogD3D11RHI: Async texture creation enabled
[2018.05.25-10.35.00:771][  0]LogD3D11RHI: GPU Timing Frequency: 1000.000000 (Debug: 2 2)
[2018.05.25-10.35.00:772][  0]LogShaderCompilers: Guid format shader working directory is -34 characters bigger than the processId version (../../../../../../Users/User/Documents/GitHub Files/UE4 Crash Course/FPSProject/Intermediate/Shaders/WorkingDirectory/5724/).
[2018.05.25-10.35.00:772][  0]LogShaderCompilers: Cleaned the shader compiler working directory 'C:/Users/User/AppData/Local/Temp/UnrealShaderWorkingDir/09E8440D4F0FEE383B31A08334C70FB9/'.
[2018.05.25-10.35.01:092][  0]LogTemp: Display: Loaded TP AllDesktopTargetPlatform
[2018.05.25-10.35.01:112][  0]LogTemp: Display: Loaded TP MacClientTargetPlatform
[2018.05.25-10.35.01:131][  0]LogTemp: Display: Loaded TP MacNoEditorTargetPlatform
[2018.05.25-10.35.01:150][  0]LogTemp: Display: Loaded TP MacServerTargetPlatform
[2018.05.25-10.35.01:170][  0]LogTemp: Display: Loaded TP MacTargetPlatform
[2018.05.25-10.35.01:190][  0]LogTemp: Display: Loaded TP WindowsClientTargetPlatform
[2018.05.25-10.35.01:209][  0]LogTemp: Display: Loaded TP WindowsNoEditorTargetPlatform
[2018.05.25-10.35.01:230][  0]LogTemp: Display: Loaded TP WindowsServerTargetPlatform
[2018.05.25-10.35.01:240][  0]LogTemp: Display: Loaded TP WindowsTargetPlatform
[2018.05.25-10.35.01:257][  0]LogTemp: Display: Loaded TP Android_ASTCTargetPlatform
[2018.05.25-10.35.01:274][  0]LogTemp: Display: Loaded TP Android_ATCTargetPlatform
[2018.05.25-10.35.01:291][  0]LogTemp: Display: Loaded TP Android_DXTTargetPlatform
[2018.05.25-10.35.01:307][  0]LogTemp: Display: Loaded TP Android_ETC1aTargetPlatform
[2018.05.25-10.35.01:325][  0]LogTemp: Display: Loaded TP Android_ETC1TargetPlatform
[2018.05.25-10.35.01:342][  0]LogTemp: Display: Loaded TP Android_ETC2TargetPlatform
[2018.05.25-10.35.01:376][  0]LogTemp: Display: Loaded TP Android_MultiTargetPlatform
[2018.05.25-10.35.01:376][  0]LogTemp: Display: Loaded TP Android_PVRTCTargetPlatform
[2018.05.25-10.35.01:394][  0]LogTemp: Display: Loaded TP AndroidTargetPlatform
[2018.05.25-10.35.01:396][  0]LogTemp: Display: Loaded TP HTML5TargetPlatform
[2018.05.25-10.35.01:440][  0]LogTemp: Display: Loaded TP IOSTargetPlatform
[2018.05.25-10.35.01:456][  0]LogTemp: Display: Loaded TP TVOSTargetPlatform
[2018.05.25-10.35.01:473][  0]LogTemp: Display: Loaded TP LinuxClientTargetPlatform
[2018.05.25-10.35.01:490][  0]LogTemp: Display: Loaded TP LinuxNoEditorTargetPlatform
[2018.05.25-10.35.01:506][  0]LogTemp: Display: Loaded TP LinuxServerTargetPlatform
[2018.05.25-10.35.01:524][  0]LogTemp: Display: Loaded TP LinuxTargetPlatform
[2018.05.25-10.35.01:524][  0]LogTargetPlatformManager: Display: Building Assets For Windows
[2018.05.25-10.35.01:717][  0]LogXGEController: Cannot use XGE Controller as Incredibuild is not installed on this machine.
[2018.05.25-10.35.01:717][  0]LogShaderCompilers: Cannot use XGE Shader Compiler as Incredibuild is not installed on this machine.
[2018.05.25-10.35.01:717][  0]LogShaderCompilers: Display: Using Local Shader Compiler.
[2018.05.25-10.35.02:661][  0]LogDerivedDataCache: Display: Max Cache Size: 512 MB
[2018.05.25-10.35.02:747][  0]LogDerivedDataCache: Loaded boot cache 0.08s 74MB C:/Users/User/AppData/Local/UnrealEngine/4.19/DerivedDataCache/Boot.ddc.
[2018.05.25-10.35.02:747][  0]LogDerivedDataCache: Display: Loaded Boot cache: C:/Users/User/AppData/Local/UnrealEngine/4.19/DerivedDataCache/Boot.ddc
[2018.05.25-10.35.02:747][  0]LogDerivedDataCache: FDerivedDataBackendGraph:  Pak pak cache file ../../../../../../Users/User/Documents/GitHub Files/UE4 Crash Course/FPSProject/DerivedDataCache/DDC.ddp not found, will not use a pak cache.
[2018.05.25-10.35.02:747][  0]LogDerivedDataCache: Unable to find inner node Pak for hierarchical cache Hierarchy.
[2018.05.25-10.35.02:747][  0]LogDerivedDataCache: FDerivedDataBackendGraph:  CompressedPak pak cache file ../../../../../../Users/User/Documents/GitHub Files/UE4 Crash Course/FPSProject/DerivedDataCache/Compressed.ddp not found, will not use a pak cache.
[2018.05.25-10.35.02:747][  0]LogDerivedDataCache: Unable to find inner node CompressedPak for hierarchical cache Hierarchy.
[2018.05.25-10.35.02:769][  0]LogDerivedDataCache: Display: Pak cache opened for reading ../../../Engine/DerivedDataCache/Compressed.ddp.
[2018.05.25-10.35.02:782][  0]LogDerivedDataCache: Using Local data cache path C:/Users/User/AppData/Local/UnrealEngine/Common/DerivedDataCache: Writable
[2018.05.25-10.35.02:782][  0]LogDerivedDataCache: Shared data cache path not found in *engine.ini, will not use an Shared cache.
[2018.05.25-10.35.02:782][  0]LogDerivedDataCache: Unable to find inner node Shared for hierarchical cache Hierarchy.
[2018.05.25-10.35.02:797][  0]LogMaterial: Verifying Global Shaders for PCD3D_SM5
[2018.05.25-10.35.02:797][  0]LogSlate: Using Freetype 2.6.0
[2018.05.25-10.35.02:798][  0]LogSlate: SlateFontCache - WITH_FREETYPE: 1, WITH_HARFBUZZ: 1
[2018.05.25-10.35.02:798][  0]LogSlate: SlateFontCache - WITH_FREETYPE: 1, WITH_HARFBUZZ: 1
[2018.05.25-10.35.03:031][  0]LogAssetRegistry: FAssetRegistry took 0.0281 seconds to start up
[2018.05.25-10.35.03:437][  0]LogInit: Selected Device Profile: [Windows]
[2018.05.25-10.35.03:658][  0]LogSimplygon: Simplygon DLL not present - disabling.
[2018.05.25-10.35.03:663][  0]LogMeshReduction: Using SimplygonSwarm for distributed automatic mesh merging
[2018.05.25-10.35.03:663][  0]LogMeshReduction: Using QuadricMeshReduction for automatic static mesh reduction
[2018.05.25-10.35.03:663][  0]LogMeshReduction: No automatic skeletal mesh reduction module available
[2018.05.25-10.35.03:663][  0]LogMeshReduction: No automatic mesh merging module available
[2018.05.25-10.35.03:663][  0]LogMeshMerging: No automatic mesh merging module available
[2018.05.25-10.35.03:718][  0]LogNetVersion: FPSProject , NetCL: 3944462, EngineNetVer: 2, GameNetVer: 0 (Checksum: 1223245918)
[2018.05.25-10.35.04:857][  0]LogPackageLocalizationCache: Processed 9 localized package path(s) for 2 prioritized culture(s) in 0.505319 seconds
[2018.05.25-10.35.04:864][  0]LogUObjectArray: 36728 objects as part of root set at end of initial load.
[2018.05.25-10.35.04:864][  0]LogUObjectAllocator: 7314304 out of 0 bytes used by permanent object pool.
[2018.05.25-10.35.04:864][  0]LogUObjectArray: CloseDisregardForGC: 0/0 objects in disregard for GC pool
[2018.05.25-10.35.07:499][  0]LogTcpMessaging: Initializing TcpMessaging bridge
[2018.05.25-10.35.07:544][  0]LogUdpMessaging: Initializing bridge on interface 0.0.0.0:0 to multicast group 230.0.0.1:6666.
[2018.05.25-10.35.08:284][  0]SourceControl: Source control is disabled
[2018.05.25-10.35.11:008][  0]LogAndroidPermission: UAndroidPermissionCallbackProxy::GetInstance
[2018.05.25-10.35.11:269][  0]LogOcInput: OculusInput pre-init called
[2018.05.25-10.35.11:437][  0]LogEngine: Initializing Engine...
[2018.05.25-10.35.11:440][  0]LogHMD: Failed to initialize OpenVR with code 110
[2018.05.25-10.35.11:441][  0]LogStats: UGameplayTagsManager::ConstructGameplayTagTree: Construct from data asset -  0.000 s
[2018.05.25-10.35.11:441][  0]LogStats: UGameplayTagsManager::ConstructGameplayTagTree: GameplayTagTreeChangedEvent.Broadcast -  0.000 s
[2018.05.25-10.35.11:736][  0]LogAIModule: Creating AISystem for world Untitled
[2018.05.25-10.35.11:811][  0]LogInit: XAudio2 using 'Speakers (Realtek High Definition Audio)' : 2 channels at 48 kHz using 32 bits per sample (channel mask 0x3)
[2018.05.25-10.35.11:845][  0]LogInit: FAudioDevice initialized.
[2018.05.25-10.35.13:400][  0]LogDerivedDataCache: Saved boot cache 1.56s 74MB C:/Users/User/AppData/Local/UnrealEngine/4.19/DerivedDataCache/Boot.ddc.
[2018.05.25-10.35.13:413][  0]LogInit: Texture streaming: Enabled
[2018.05.25-10.35.13:449][  0]LogInit: Transaction tracking system initialized
[2018.05.25-10.35.13:490][  0]BlueprintLog: New page: Editor Load
[2018.05.25-10.35.13:650][  0]LocalizationService: Localization service is disabled
[2018.05.25-10.35.13:828][  0]LogUObjectGlobals: Created PersistentFrame Addr=0x000001dc00ec97e0, Size=88, Default__Landscape_Sculpt_Mode_C Function /Engine/Tutorial/Landscape/Landscape_Sculpt_Mode.Landscape_Sculpt_Mode_C:ExecuteUbergraph_Landscape_Sculpt_Mode
[2018.05.25-10.35.13:831][  0]LogUObjectGlobals: Destroyed PersistentFrame Addr=0x000001dc00ec97e0, Size=88
[2018.05.25-10.35.13:832][  0]LogUObjectGlobals: Created PersistentFrame Addr=0x000001dc00ec97e0, Size=88, Default__Landscape_Sculpt_Mode_C Function /Engine/Transient.REINST_Landscape_Sculpt_Mode_C_3:ExecuteUbergraph_Landscape_Sculpt_Mode
[2018.05.25-10.35.13:835][  0]LogUObjectGlobals: Created PersistentFrame Addr=0x000001dc00db2660, Size=80, Default__Landscape_Sculpt_Mode_C Function /Engine/Tutorial/Landscape/Landscape_Sculpt_Mode.Landscape_Sculpt_Mode_C:ExecuteUbergraph_Landscape_Sculpt_Mode
[2018.05.25-10.35.13:922][  0]LogConsoleResponse: Display: 
[2018.05.25-10.35.14:211][  0]LogCook: Display: Max memory allowance for cook 16384mb min free memory 0mb
[2018.05.25-10.35.14:211][  0]LogCook: Display: Mobile HDR setting 1
[2018.05.25-10.35.14:211][  0]LogGameplayTags: Display: UGameplayTagsManager::DoneAddingNativeTags. DelegateIsBound: 0
[2018.05.25-10.35.14:211][  0]LogStats: UGameplayTagsManager::ConstructGameplayTagTree: Construct from data asset -  0.000 s
[2018.05.25-10.35.14:211][  0]LogStats: UGameplayTagsManager::ConstructGameplayTagTree: GameplayTagTreeChangedEvent.Broadcast -  0.000 s
[2018.05.25-10.35.14:507][  0]LogFileCache: Scanning file cache for directory 'C:/Users/User/Documents/GitHub Files/UE4 Crash Course/FPSProject/Content/' took 0.04s
[2018.05.25-10.35.14:859][  0]Cmd: MAP LOAD FILE="../../../../../../Users/User/Documents/GitHub Files/UE4 Crash Course/FPSProject/Content/Maps/FPSMaps.umap" TEMPLATE=0 SHOWPROGRESS=1 FEATURELEVEL=3
[2018.05.25-10.35.14:912][  0]LightingResults: New page: Lighting Build
[2018.05.25-10.35.14:917][  0]MapCheck: New page: Map Check
[2018.05.25-10.35.14:917][  0]LightingResults: New page: Lighting Build
[2018.05.25-10.35.14:934][  0]LogUObjectGlobals: Destroyed PersistentFrame Addr=0x000001dc00ec97e0, Size=88
[2018.05.25-10.35.16:508][  0]LogAIModule: Creating AISystem for world FPSMaps
[2018.05.25-10.35.16:514][  0]LogEditorServer: Finished looking for orphan Actors (0.000 secs)
[2018.05.25-10.35.16:531][  0]Cmd: MAP CHECKDEP NOCLEARLOG
[2018.05.25-10.35.16:629][  0]MapCheck: Map check complete: 0 Error(s), 0 Warning(s), took 97.573ms to complete.
[2018.05.25-10.35.16:629][  0]LogFileHelpers: Loading map 'FPSMaps' took 1.770
[2018.05.25-10.35.17:246][  0]LogCollectionManager: Loaded 0 collections in 0.003099 seconds
[2018.05.25-10.35.17:361][  0]LogFileCache: Scanning file cache for directory 'C:/Users/User/Documents/GitHub Files/UE4 Crash Course/FPSProject/Saved/Collections/' took 0.01s
[2018.05.25-10.35.17:361][  0]LogFileCache: Scanning file cache for directory 'C:/Users/User/Documents/GitHub Files/UE4 Crash Course/FPSProject/Content/Developers/User/Collections/' took 0.01s
[2018.05.25-10.35.17:361][  0]LogFileCache: Scanning file cache for directory 'C:/Users/User/Documents/GitHub Files/UE4 Crash Course/FPSProject/Content/Collections/' took 0.01s
[2018.05.25-10.35.17:361][  0]LogCollectionManager: Rebuilt the GUID cache for 0 collections in 0.000000 seconds
[2018.05.25-10.35.17:375][  0]LogContentBrowser: Native class hierarchy populated in 0.0129 seconds. Added 2454 classes and 560 folders.
[2018.05.25-10.35.17:507][  0]LogContentBrowser: Native class hierarchy updated for 'WidgetCarousel' in 0.0012 seconds. Added 0 classes and 0 folders.
[2018.05.25-10.35.21:355][  0]LogContentBrowser: Native class hierarchy updated for 'AddContentDialog' in 0.0013 seconds. Added 0 classes and 0 folders.
[2018.05.25-10.35.21:599][  0]LogContentBrowser: Native class hierarchy updated for 'SceneOutliner' in 0.0012 seconds. Added 1 classes and 2 folders.
[2018.05.25-10.35.22:817][  0]LogSlate: Took 0.000404 seconds to synchronously load lazily loaded font '../../../Engine/Content/Slate/Fonts/Roboto-Regular.ttf' (155K)
[2018.05.25-10.35.22:824][  0]LogSlate: Took 0.000672 seconds to synchronously load lazily loaded font '../../../Engine/Content/Slate/Fonts/Roboto-Bold.ttf' (160K)
[2018.05.25-10.35.22:843][  0]LogSlate: Took 0.013721 seconds to synchronously load lazily loaded font '../../../Engine/Content/Editor/Slate/Fonts/FontAwesome.ttf' (139K)
[2018.05.25-10.35.23:038][  0]LogRenderer: Reallocating scene render targets to support 1120x576 Format 9 NumSamples 1 (Frame:1).
[2018.05.25-10.35.23:397][  0]LogContentBrowser: Native class hierarchy updated for 'HierarchicalLODOutliner' in 0.0012 seconds. Added 0 classes and 0 folders.
[2018.05.25-10.35.23:397][  0]LogLoad: (Engine Initialization) Total time: 31.00 seconds
[2018.05.25-10.35.23:397][  0]LogLoad: (Engine Initialization) Total Blueprint compile time: 0.00 seconds
[2018.05.25-10.35.23:802][  0]LogContentStreaming: Texture pool size now 800 MB
[2018.05.25-10.35.24:079][  1]LogAssetRegistry: Asset discovery search completed in 21.0703 seconds
[2018.05.25-10.35.24:081][  1]LogCollectionManager: Rebuilt the object cache for 0 collections in 0.000000 seconds (found 0 objects)
[2018.05.25-10.35.24:081][  1]LogCollectionManager: Fixed up redirectors for 0 collections in 0.000074 seconds (updated 0 objects)
[2018.05.25-10.35.28:296][ 13]LogSlate: Took 0.027561 seconds to synchronously load lazily loaded font '../../../Engine/Content/Slate/Fonts/Roboto-Light.ttf' (167K)
[2018.05.25-10.36.47:419][383]LogSlate: FSceneViewport::OnFocusLost() reason 0
[2018.05.25-10.36.48:291][389]Candidate modules for hot reload:
[2018.05.25-10.36.48:291][389]  FPSProject
[2018.05.25-10.36.48:291][389]Launching UnrealBuildTool... [C:/Program Files/Epic Games/UE_4.19/Engine/Binaries/DotNET/UnrealBuildTool.exe FPSProject -ModuleWithSuffix=FPSProject,2274 Win64 Development -editorrecompile -canskiplink "C:/Users/User/Documents/GitHub Files/UE4 Crash Course/FPSProject/FPSProject.uproject" ]
[2018.05.25-10.36.48:299][389]Warning: Starting HotReload took  0.8s.
[2018.05.25-10.41.04:951][269]CompilerResultsLog: New page: Compilation - May 26, 2018, 2:41:04 AM
[2018.05.25-10.41.04:951][269]CompilerResultsLog: Performing full C++ include scan (hot reloading a new target)
[2018.05.25-10.41.04:951][269]CompilerResultsLog: Using 'git status' to determine working set for adaptive non-unity build.
[2018.05.25-10.41.04:951][269]CompilerResultsLog: Compiling game modules for hot reload
[2018.05.25-10.41.04:951][269]CompilerResultsLog: Performing 6 actions (4 in parallel)
[2018.05.25-10.41.04:951][269]CompilerResultsLog: [4/6] Resource PCLaunch.rc
[2018.05.25-10.41.04:951][269]CompilerResultsLog: FPSCharacter.gen.cpp
[2018.05.25-10.41.04:951][269]CompilerResultsLog: FPSProject.init.gen.cpp
[2018.05.25-10.41.04:951][269]CompilerResultsLog: FPSCharacter.cpp
[2018.05.25-10.41.04:951][269]CompilerResultsLog: [5/6] Link UE4Editor-FPSProject-2274.dll
[2018.05.25-10.41.04:951][269]CompilerResultsLog: [6/6] Link UE4Editor-FPSProject-2274.lib
[2018.05.25-10.41.04:951][269]CompilerResultsLog:    Creating library C:\Users\User\Documents\GitHub Files\UE4 Crash Course\FPSProject\Intermediate\Build\Win64\UE4Editor\Development\UE4Editor-FPSProject-2274.lib and object C:\Users\User\Documents\GitHub Files\UE4 Crash Course\FPSProject\Intermediate\Build\Win64\UE4Editor\Development\UE4Editor-FPSProject-2274.exp
[2018.05.25-10.41.04:951][269]CompilerResultsLog:    Creating library C:\Users\User\Documents\GitHub Files\UE4 Crash Course\FPSProject\Intermediate\Build\Win64\UE4Editor\Development\UE4Editor-FPSProject-2274.suppressed.lib and object C:\Users\User\Documents\GitHub Files\UE4 Crash Course\FPSProject\Intermediate\Build\Win64\UE4Editor\Development\UE4Editor-FPSProject-2274.suppressed.exp
[2018.05.25-10.41.04:951][269]CompilerResultsLog: Total build time: 256.24 seconds (Local executor: 249.29 seconds)
[2018.05.25-10.41.04:951][269]LogMainFrame: MainFrame: Module compiling took 256.665 seconds
[2018.05.25-10.41.04:978][269]LogClass: Could not find existing class FPSCharacter in package /Script/FPSProject for HotReload, assuming new class
[2018.05.25-10.41.04:979][269]LogClass: Function MoveForward is new.
[2018.05.25-10.41.04:979][269]LogClass: Function MoveRight is new.
[2018.05.25-10.41.04:979][269]LogClass: Function SetPitchSensitivity is new.
[2018.05.25-10.41.04:979][269]LogClass: Function SetYawSensitivity is new.
[2018.05.25-10.41.04:979][269]LogClass: Function StartJump is new.
[2018.05.25-10.41.04:979][269]LogClass: Function StopJump is new.
[2018.05.25-10.41.04:984][269]LogHotReload: Re-instancing FPSCharacter after hot-reload.
[2018.05.25-10.41.05:064][269]LogContentBrowser: Native class hierarchy updated for 'FPSProject' in 0.0014 seconds. Added 2 classes and 2 folders.
[2018.05.25-10.41.05:066][269]Display: HotReload successful (0 functions remapped  0 scriptstructs remapped)
[2018.05.25-10.41.05:169][269]LogContentBrowser: Native class hierarchy populated in 0.0161 seconds. Added 2455 classes and 562 folders.
[2018.05.25-10.41.05:169][269]Display: HotReload took 257.6s.
[2018.05.25-10.41.09:988][402]LogTemp: Repeating last play command: Selected Viewport
[2018.05.25-10.41.10:007][402]LogPlayLevel: PlayLevel: No blueprints needed recompiling
[2018.05.25-10.41.10:007][402]PIE: New page: PIE session: FPSMaps (May 26, 2018, 2:41:10 AM)
[2018.05.25-10.41.10:007][402]LogPlayLevel: Creating play world package: /Game/Maps/UEDPIE_0_FPSMaps
[2018.05.25-10.41.10:011][402]LogPlayLevel: PIE: StaticDuplicateObject took: (0.003676s)
[2018.05.25-10.41.10:012][402]LogAIModule: Creating AISystem for world FPSMaps
[2018.05.25-10.41.10:012][402]LogPlayLevel: PIE: World Init took: (0.001239s)
[2018.05.25-10.41.10:012][402]LogPlayLevel: PIE: Created PIE world by copying editor world from /Game/Maps/FPSMaps.FPSMaps to /Game/Maps/UEDPIE_0_FPSMaps.FPSMaps (0.005110s)
[2018.05.25-10.41.10:031][402]LogInit: XAudio2 using 'Speakers (Realtek High Definition Audio)' : 2 channels at 48 kHz using 32 bits per sample (channel mask 0x3)
[2018.05.25-10.41.10:066][402]LogInit: FAudioDevice initialized.
[2018.05.25-10.41.10:839][402]LogSkeletalMesh: Skeletal Mesh found in DDC [163.582901ms] /Game/GenericMale/GenericMale.GenericMale
[2018.05.25-10.41.10:923][402]LogLoad: Game class is 'BP_FPSProjectGameModeBase_C'
[2018.05.25-10.41.10:926][402]LogWorld: Bringing World /Game/Maps/UEDPIE_0_FPSMaps.FPSMaps up for play (max tick rate 60) at 2018.05.25-18.41.10
[2018.05.25-10.41.10:926][402]LogWorld: Bringing up level for play took: 0.000781
[2018.05.25-10.41.10:980][402]LogContentBrowser: Native class hierarchy updated for 'MovieSceneCapture' in 0.0012 seconds. Added 11 classes and 0 folders.
[2018.05.25-10.41.10:983][402]PIE: Play in editor start time for /Game/Maps/UEDPIE_0_FPSMaps 0.977
[2018.05.25-10.52.27:504][ 18]LogSlate: FSceneViewport::OnFocusLost() reason 0
[2018.05.25-11.08.36:689][261]Candidate modules for hot reload:
[2018.05.25-11.08.36:689][261]  FPSProject
[2018.05.25-11.08.36:689][261]Launching UnrealBuildTool... [C:/Program Files/Epic Games/UE_4.19/Engine/Binaries/DotNET/UnrealBuildTool.exe FPSProject -ModuleWithSuffix=FPSProject,4865 Win64 Development -editorrecompile -canskiplink "C:/Users/User/Documents/GitHub Files/UE4 Crash Course/FPSProject/FPSProject.uproject" ]
[2018.05.25-11.08.36:767][261]Warning: Starting HotReload took  0.3s.
[2018.05.25-11.11.39:462][968]CompilerResultsLog: New page: Compilation - May 26, 2018, 3:11:39 AM
[2018.05.25-11.11.39:463][968]CompilerResultsLog: Performing full C++ include scan (hot reloading a new target)
[2018.05.25-11.11.39:463][968]CompilerResultsLog: Using 'git status' to determine working set for adaptive non-unity build.
[2018.05.25-11.11.39:463][968]CompilerResultsLog: Compiling game modules for hot reload
[2018.05.25-11.11.39:463][968]CompilerResultsLog: Performing 4 actions (4 in parallel)
[2018.05.25-11.11.39:463][968]CompilerResultsLog: [2/4] Resource PCLaunch.rc
[2018.05.25-11.11.39:463][968]CompilerResultsLog: FPSCharacter.cpp
[2018.05.25-11.11.39:463][968]CompilerResultsLog: [3/4] Link UE4Editor-FPSProject-4865.dll
[2018.05.25-11.11.39:463][968]CompilerResultsLog: [4/4] Link UE4Editor-FPSProject-4865.lib
[2018.05.25-11.11.39:463][968]CompilerResultsLog:    Creating library C:\Users\User\Documents\GitHub Files\UE4 Crash Course\FPSProject\Intermediate\Build\Win64\UE4Editor\Development\UE4Editor-FPSProject-4865.lib and object C:\Users\User\Documents\GitHub Files\UE4 Crash Course\FPSProject\Intermediate\Build\Win64\UE4Editor\Development\UE4Editor-FPSProject-4865.exp
[2018.05.25-11.11.39:463][968]CompilerResultsLog:    Creating library C:\Users\User\Documents\GitHub Files\UE4 Crash Course\FPSProject\Intermediate\Build\Win64\UE4Editor\Development\UE4Editor-FPSProject-4865.suppressed.lib and object C:\Users\User\Documents\GitHub Files\UE4 Crash Course\FPSProject\Intermediate\Build\Win64\UE4Editor\Development\UE4Editor-FPSProject-4865.suppressed.exp
[2018.05.25-11.11.39:463][968]CompilerResultsLog: Total build time: 181.82 seconds (Local executor: 178.22 seconds)
[2018.05.25-11.11.39:463][968]LogMainFrame: MainFrame: Module compiling took 182.780 seconds
[2018.05.25-11.11.39:491][968]LogHotReload: Re-instancing FPSCharacter after hot-reload.
[2018.05.25-11.11.39:891][968]LogContentBrowser: Native class hierarchy updated for 'FPSProject' in 0.0013 seconds. Added 2 classes and 2 folders.
[2018.05.25-11.11.39:894][968]Display: HotReload successful (6 functions remapped  0 scriptstructs remapped)
[2018.05.25-11.11.39:971][968]LogContentBrowser: Native class hierarchy populated in 0.0148 seconds. Added 2455 classes and 562 folders.
[2018.05.25-11.11.39:972][968]Display: HotReload took 183.5s.
[2018.05.25-11.11.45:488][ 33]LogSlate: FSceneViewport::OnFocusLost() reason 0
[2018.05.25-11.11.45:605][ 40]LogTemp: Repeating last play command: Selected Viewport
[2018.05.25-11.11.45:624][ 40]LogPlayLevel: PlayLevel: No blueprints needed recompiling
[2018.05.25-11.11.45:624][ 40]PIE: New page: PIE session: FPSMaps (May 26, 2018, 3:11:45 AM)
[2018.05.25-11.11.45:624][ 40]LogPlayLevel: Creating play world package: /Game/Maps/UEDPIE_0_FPSMaps
[2018.05.25-11.11.45:627][ 40]LogPlayLevel: PIE: StaticDuplicateObject took: (0.002749s)
[2018.05.25-11.11.45:628][ 40]LogAIModule: Creating AISystem for world FPSMaps
[2018.05.25-11.11.45:628][ 40]LogPlayLevel: PIE: World Init took: (0.001093s)
[2018.05.25-11.11.45:629][ 40]LogPlayLevel: PIE: Created PIE world by copying editor world from /Game/Maps/FPSMaps.FPSMaps to /Game/Maps/UEDPIE_0_FPSMaps.FPSMaps (0.004151s)
[2018.05.25-11.11.45:651][ 40]LogInit: XAudio2 using 'Speakers (Realtek High Definition Audio)' : 2 channels at 48 kHz using 32 bits per sample (channel mask 0x3)
[2018.05.25-11.11.45:680][ 40]LogInit: FAudioDevice initialized.
[2018.05.25-11.11.45:732][ 40]LogLoad: Game class is 'BP_FPSProjectGameModeBase_C'
[2018.05.25-11.11.45:734][ 40]LogWorld: Bringing World /Game/Maps/UEDPIE_0_FPSMaps.FPSMaps up for play (max tick rate 60) at 2018.05.25-19.11.45
[2018.05.25-11.11.45:734][ 40]LogWorld: Bringing up level for play took: 0.000816
[2018.05.25-11.11.45:736][ 40]PIE: Play in editor start time for /Game/Maps/UEDPIE_0_FPSMaps -0.27
[2018.05.25-11.14.06:935][ 17]LogHotReload: New module detected: UE4Editor-FPSProject-3234-Win64-DebugGame.dll
[2018.05.25-11.14.11:296][ 31]LogHotReload: Starting Hot-Reload from IDE
[2018.05.25-11.14.11:643][ 31]LogSlate: Took 0.212980 seconds to synchronously load lazily loaded font '../../../Engine/Content/Slate/Fonts/Roboto-Light.ttf' (167K)
[2018.05.25-11.14.11:873][ 31]LogContentBrowser: Native class hierarchy updated for 'FPSProject' in 0.0013 seconds. Added 2 classes and 2 folders.
[2018.05.25-11.14.11:875][ 31]Display: HotReload successful (6 functions remapped  0 scriptstructs remapped)
[2018.05.25-11.14.11:942][ 31]LogContentBrowser: Native class hierarchy populated in 0.0136 seconds. Added 2455 classes and 562 folders.
[2018.05.25-11.14.11:945][ 31]Display: HotReload took  0.6s.
[2018.05.25-11.14.37:958][336]LogSlate: FSceneViewport::OnFocusLost() reason 0
[2018.05.25-11.14.39:355][344]LogSlate: Window 'FPSProject - Unreal Editor' being destroyed
[2018.05.25-11.14.40:344][345]Cmd: QUIT_EDITOR
[2018.05.25-11.14.41:167][345]LogWindowsTextInputMethodSystem: Display: IME system now deactivated.
[2018.05.25-11.14.41:213][345]LogSlate: Slate User Destroyed.  User Index 0, Is Virtual User: 0
[2018.05.25-11.14.41:225][345]LogExit: Preparing to exit.
[2018.05.25-11.14.43:461][345]LogDirectoryWatcher: A directory notification for 'C:/Users/User/Documents/GitHub Files/UE4 Crash Course/FPSProject/Content/' was aborted.
[2018.05.25-11.14.43:729][345]LogExit: Editor shut down
[2018.05.25-11.14.43:767][345]LogExit: Transaction tracking system shut down
[2018.05.25-11.14.43:767][345]LogUObjectGlobals: Destroyed PersistentFrame Addr=0x000001dc00db2660, Size=80
[2018.05.25-11.14.43:947][345]LogDirectoryWatcher: A directory notification for '../../../Engine/Content/' was aborted.
[2018.05.25-11.14.43:947][345]LogDirectoryWatcher: A directory notification for '../../../../../../Users/User/Documents/GitHub Files/UE4 Crash Course/FPSProject/Content/' was aborted.
[2018.05.25-11.14.43:947][345]LogDirectoryWatcher: A directory notification for '../../Plugins/2D/Paper2D/Content/' was aborted.
[2018.05.25-11.14.43:947][345]LogDirectoryWatcher: A directory notification for '../../Plugins/Enterprise/DatasmithContent/Content/' was aborted.
[2018.05.25-11.14.43:947][345]LogDirectoryWatcher: A directory notification for '../../Plugins/Media/MediaCompositing/Content/' was aborted.
[2018.05.25-11.14.43:947][345]LogDirectoryWatcher: A directory notification for '../../Plugins/Runtime/AppleARKit/Content/' was aborted.
[2018.05.25-11.14.43:947][345]LogDirectoryWatcher: A directory notification for '../../Plugins/Runtime/Oculus/OculusVR/Content/' was aborted.
[2018.05.25-11.14.43:947][345]LogDirectoryWatcher: A directory notification for '../../Plugins/Runtime/Steam/SteamVR/Content/' was aborted.
[2018.05.25-11.14.45:456][345]LogExit: Object subsystem successfully closed.
[2018.05.25-11.14.45:725][345]LogShaderCompilers: Display: Shaders left to compile 0
[2018.05.25-11.14.45:762][345]LogD3D11RHI: Shutdown
[2018.05.25-11.14.45:762][345]LogD3D11RHI: CleanupD3DDevice
[2018.05.25-11.14.45:786][345]LogD3D11RHI: ~FD3D11DynamicRHI
[2018.05.25-11.14.46:665][345]LogModuleManager: Shutting down and abandoning module FPSProject (577)
[2018.05.25-11.14.46:665][345]LogModuleManager: Shutting down and abandoning module MovieSceneCapture (575)
[2018.05.25-11.14.46:665][345]LogModuleManager: Shutting down and abandoning module HierarchicalLODOutliner (572)
[2018.05.25-11.14.46:665][345]LogModuleManager: Shutting down and abandoning module DesktopPlatform (570)
[2018.05.25-11.14.46:666][345]LogModuleManager: Shutting down and abandoning module SceneOutliner (568)
[2018.05.25-11.14.46:670][345]LogModuleManager: Shutting down and abandoning module AddContentDialog (566)
[2018.05.25-11.14.46:693][345]LogDirectoryWatcher: A directory notification for 'C:/Program Files/Epic Games/UE_4.19/FeaturePacks/' was aborted.
[2018.05.25-11.14.46:704][345]LogModuleManager: Shutting down and abandoning module WidgetCarousel (565)
[2018.05.25-11.14.46:704][345]LogModuleManager: Shutting down and abandoning module EditorWidgets (562)
[2018.05.25-11.14.46:704][345]LogModuleManager: Shutting down and abandoning module CollectionManager (560)
[2018.05.25-11.14.46:707][345]LogDirectoryWatcher: A directory notification for 'C:/Users/User/Documents/GitHub Files/UE4 Crash Course/FPSProject/Content/Collections/' was aborted.
[2018.05.25-11.14.46:707][345]LogDirectoryWatcher: A directory notification for 'C:/Users/User/Documents/GitHub Files/UE4 Crash Course/FPSProject/Content/Developers/User/Collections/' was aborted.
[2018.05.25-11.14.46:707][345]LogDirectoryWatcher: A directory notification for 'C:/Users/User/Documents/GitHub Files/UE4 Crash Course/FPSProject/Saved/Collections/' was aborted.
[2018.05.25-11.14.46:707][345]LogModuleManager: Shutting down and abandoning module LauncherPlatform (558)
[2018.05.25-11.14.46:707][345]LogModuleManager: Shutting down and abandoning module StatsViewer (556)
[2018.05.25-11.14.46:730][345]LogModuleManager: Shutting down and abandoning module FoliageEdit (554)
[2018.05.25-11.14.46:730][345]LogModuleManager: Shutting down and abandoning module LandscapeEditor (552)
[2018.05.25-11.14.46:737][345]LogModuleManager: Shutting down and abandoning module MeshPaintMode (550)
[2018.05.25-11.14.46:738][345]LogModuleManager: Shutting down and abandoning module SceneDepthPickerMode (548)
[2018.05.25-11.14.46:738][345]LogModuleManager: Shutting down and abandoning module ActorPickerMode (546)
[2018.05.25-11.14.46:738][345]LogModuleManager: Shutting down and abandoning module GeometryMode (544)
[2018.05.25-11.14.46:749][345]LogModuleManager: Shutting down and abandoning module TextureAlignMode (542)
[2018.05.25-11.14.46:749][345]LogModuleManager: Shutting down and abandoning module BspMode (540)
[2018.05.25-11.14.46:749][345]LogModuleManager: Shutting down and abandoning module PIEPreviewDeviceProfileSelector (538)
[2018.05.25-11.14.46:749][345]LogModuleManager: Shutting down and abandoning module SequenceRecorderSections (536)
[2018.05.25-11.14.46:754][345]LogModuleManager: Shutting down and abandoning module AutomationWorker (534)
[2018.05.25-11.14.46:754][345]LogModuleManager: Shutting down and abandoning module AudioCaptureEditor (532)
[2018.05.25-11.14.46:754][345]LogModuleManager: Shutting down and abandoning module SequenceRecorder (531)
[2018.05.25-11.14.46:767][345]LogModuleManager: Shutting down and abandoning module MatineeToLevelSequence (528)
[2018.05.25-11.14.46:772][345]LogModuleManager: Shutting down and abandoning module LevelSequenceEditor (526)
[2018.05.25-11.14.46:797][345]LogModuleManager: Shutting down and abandoning module PlacementMode (525)
[2018.05.25-11.14.46:797][345]LogModuleManager: Shutting down and abandoning module MaterialEditor (524)
[2018.05.25-11.14.46:827][345]LogModuleManager: Shutting down and abandoning module WmfMediaFactory (520)
[2018.05.25-11.14.46:827][345]LogModuleManager: Shutting down and abandoning module WmfMediaEditor (518)
[2018.05.25-11.14.46:827][345]LogModuleManager: Shutting down and abandoning module MediaPlayerEditor (516)
[2018.05.25-11.14.46:842][345]LogModuleManager: Shutting down and abandoning module OpenExrWrapper (514)
[2018.05.25-11.14.46:842][345]LogModuleManager: Shutting down and abandoning module ImgMediaFactory (512)
[2018.05.25-11.14.46:842][345]LogModuleManager: Shutting down and abandoning module ImgMediaEditor (510)
[2018.05.25-11.14.46:842][345]LogModuleManager: Shutting down and abandoning module AvfMediaFactory (508)
[2018.05.25-11.14.46:842][345]LogModuleManager: Shutting down and abandoning module AvfMediaEditor (506)
[2018.05.25-11.14.46:842][345]LogModuleManager: Shutting down and abandoning module AndroidMediaFactory (504)
[2018.05.25-11.14.46:842][345]LogModuleManager: Shutting down and abandoning module AndroidMediaEditor (502)
[2018.05.25-11.14.46:842][345]LogModuleManager: Shutting down and abandoning module CharacterAI (500)
[2018.05.25-11.14.46:842][345]LogModuleManager: Shutting down and abandoning module SmartSnapping (498)
[2018.05.25-11.14.46:842][345]LogModuleManager: Shutting down and abandoning module SessionServices (496)
[2018.05.25-11.14.46:843][345]LogModuleManager: Shutting down and abandoning module ViewportSnapping (494)
[2018.05.25-11.14.46:843][345]LogModuleManager: Shutting down and abandoning module ViewportInteraction (492)
[2018.05.25-11.14.46:843][345]LogModuleManager: Shutting down and abandoning module ClothPainter (490)
[2018.05.25-11.14.46:856][345]LogModuleManager: Shutting down and abandoning module SkeletalMeshEditor (489)
[2018.05.25-11.14.46:872][345]LogModuleManager: Shutting down and abandoning module LogVisualizer (486)
[2018.05.25-11.14.46:873][345]LogModuleManager: Shutting down and abandoning module IntroTutorials (484)
[2018.05.25-11.14.46:884][345]LogModuleManager: Shutting down and abandoning module GameProjectGeneration (483)
[2018.05.25-11.14.46:894][345]LogModuleManager: Shutting down and abandoning module IOSPlatformEditor (480)
[2018.05.25-11.14.46:894][345]LogModuleManager: Shutting down and abandoning module HTML5PlatformEditor (478)
[2018.05.25-11.14.46:894][345]LogModuleManager: Shutting down and abandoning module AndroidPlatformEditor (476)
[2018.05.25-11.14.46:894][345]LogModuleManager: Shutting down and abandoning module AndroidDeviceDetection (475)
[2018.05.25-11.14.47:040][345]LogModuleManager: Shutting down and abandoning module WindowsPlatformEditor (472)
[2018.05.25-11.14.47:040][345]LogModuleManager: Shutting down and abandoning module IOSRuntimeSettings (470)
[2018.05.25-11.14.47:040][345]LogModuleManager: Shutting down and abandoning module AndroidRuntimeSettings (468)
[2018.05.25-11.14.47:040][345]LogModuleManager: Shutting down and abandoning module InputBindingEditor (466)
[2018.05.25-11.14.47:043][345]LogModuleManager: Shutting down and abandoning module MergeActors (464)
[2018.05.25-11.14.47:149][345]LogModuleManager: Shutting down and abandoning module LocalizationDashboard (462)
[2018.05.25-11.14.47:171][345]LogModuleManager: Shutting down and abandoning module LocalizationService (461)
[2018.05.25-11.14.47:181][345]LogModuleManager: Shutting down and abandoning module HardwareTargeting (458)
[2018.05.25-11.14.47:181][345]LogModuleManager: Shutting down and abandoning module DeviceProfileEditor (456)
[2018.05.25-11.14.47:252][345]LogModuleManager: Shutting down and abandoning module UndoHistory (454)
[2018.05.25-11.14.47:252][345]LogModuleManager: Shutting down and abandoning module XmlParser (452)
[2018.05.25-11.14.47:252][345]LogModuleManager: Shutting down and abandoning module Blutility (450)
[2018.05.25-11.14.47:252][345]LogModuleManager: Shutting down and abandoning module ProjectSettingsViewer (448)
[2018.05.25-11.14.47:252][345]LogModuleManager: Shutting down and abandoning module ProjectTargetPlatformEditor (447)
[2018.05.25-11.14.47:253][345]LogModuleManager: Shutting down and abandoning module EditorSettingsViewer (444)
[2018.05.25-11.14.47:253][345]LogModuleManager: Shutting down and abandoning module SettingsEditor (442)
[2018.05.25-11.14.47:255][345]LogModuleManager: Shutting down and abandoning module ProjectLauncher (440)
[2018.05.25-11.14.47:262][345]LogModuleManager: Shutting down and abandoning module SessionFrontend (438)
[2018.05.25-11.14.47:270][345]LogModuleManager: Shutting down and abandoning module ProfilerClient (436)
[2018.05.25-11.14.47:272][345]LogModuleManager: Shutting down and abandoning module DeviceManager (434)
[2018.05.25-11.14.47:296][345]LogModuleManager: Shutting down and abandoning module TargetDeviceServices (433)
[2018.05.25-11.14.47:362][345]LogModuleManager: Shutting down and abandoning module AutomationController (430)
[2018.05.25-11.14.47:412][345]LogModuleManager: Shutting down and abandoning module AutomationWindow (428)
[2018.05.25-11.14.47:426][345]LogModuleManager: Shutting down and abandoning module Layers (426)
[2018.05.25-11.14.47:443][345]LogModuleManager: Shutting down and abandoning module ComponentVisualizers (424)
[2018.05.25-11.14.47:443][345]LogModuleManager: Shutting down and abandoning module DetailCustomizations (422)
[2018.05.25-11.14.47:452][345]LogModuleManager: Shutting down and abandoning module PackagesDialog (420)
[2018.05.25-11.14.47:453][345]LogModuleManager: Shutting down and abandoning module Persona (418)
[2018.05.25-11.14.47:467][345]LogModuleManager: Shutting down and abandoning module AdvancedPreviewScene (417)
[2018.05.25-11.14.47:467][345]LogModuleManager: Shutting down and abandoning module AnimGraph (415)
[2018.05.25-11.14.47:467][345]LogModuleManager: Shutting down and abandoning module Kismet (412)
[2018.05.25-11.14.47:477][345]LogModuleManager: Shutting down and abandoning module GraphEditor (410)
[2018.05.25-11.14.47:513][345]LogModuleManager: Shutting down and abandoning module ClassViewer (408)
[2018.05.25-11.14.47:513][345]LogModuleManager: Shutting down and abandoning module Toolbox (406)
[2018.05.25-11.14.47:513][345]LogModuleManager: Shutting down and abandoning module ModuleUI (404)
[2018.05.25-11.14.47:517][345]LogModuleManager: Shutting down and abandoning module MovieSceneTools (402)
[2018.05.25-11.14.47:523][345]LogModuleManager: Shutting down and abandoning module OutputLog (400)
[2018.05.25-11.14.47:529][345]LogModuleManager: Shutting down and abandoning module GammaUI (398)
[2018.05.25-11.14.47:538][345]LogModuleManager: Shutting down and abandoning module Documentation (396)
[2018.05.25-11.14.47:538][345]LogModuleManager: Shutting down and abandoning module MovieSceneTracks (394)
[2018.05.25-11.14.47:538][345]LogModuleManager: Shutting down and abandoning module MovieScene (392)
[2018.05.25-11.14.47:538][345]LogModuleManager: Shutting down and abandoning module StreamingPauseRendering (390)
[2018.05.25-11.14.47:538][345]LogModuleManager: Shutting down and abandoning module PortalServices (388)
[2018.05.25-11.14.47:538][345]LogModuleManager: Shutting down and abandoning module PortalRpc (386)
[2018.05.25-11.14.47:538][345]LogModuleManager: Shutting down and abandoning module MessagingRpc (384)
[2018.05.25-11.14.47:538][345]LogModuleManager: Shutting down and abandoning module AIModule (382)
[2018.05.25-11.14.47:549][345]LogModuleManager: Shutting down and abandoning module GameplayDebugger (381)
[2018.05.25-11.14.47:550][345]LogModuleManager: Shutting down and abandoning module AITestSuite (379)
[2018.05.25-11.14.47:558][345]LogModuleManager: Shutting down and abandoning module ProfilerService (376)
[2018.05.25-11.14.47:714][345]LogModuleManager: Shutting down and abandoning module TaskGraph (374)
[2018.05.25-11.14.47:742][345]LogModuleManager: Shutting down and abandoning module SteamVRController (372)
[2018.05.25-11.14.47:743][345]LogModuleManager: Shutting down and abandoning module ProceduralMeshComponentEditor (370)
[2018.05.25-11.14.47:743][345]LogModuleManager: Shutting down and abandoning module ProceduralMeshComponent (368)
[2018.05.25-11.14.47:754][345]LogModuleManager: Shutting down and abandoning module OculusInput (366)
[2018.05.25-11.14.47:760][345]LogModuleManager: Shutting down and abandoning module MobilePatchingUtils (364)
[2018.05.25-11.14.47:761][345]LogModuleManager: Shutting down and abandoning module CustomMeshComponent (362)
[2018.05.25-11.14.47:761][345]LogModuleManager: Shutting down and abandoning module CableComponent (360)
[2018.05.25-11.14.47:770][345]LogModuleManager: Shutting down and abandoning module AudioCapture (358)
[2018.05.25-11.14.47:771][345]LogModuleManager: Shutting down and abandoning module ArchVisCharacter (356)
[2018.05.25-11.14.47:771][345]LogModuleManager: Shutting down and abandoning module AndroidPermission (354)
[2018.05.25-11.14.47:771][345]LogModuleManager: Shutting down and abandoning module NUTUnrealEngine4 (350)
[2018.05.25-11.14.47:771][345]LogModuleManager: Shutting down and abandoning module NetcodeUnitTest (348)
[2018.05.25-11.14.47:796][345]LogModuleManager: Shutting down and abandoning module MediaCompositingEditor (346)
[2018.05.25-11.14.47:796][345]LogModuleManager: Shutting down and abandoning module MediaCompositing (344)
[2018.05.25-11.14.47:796][345]LogModuleManager: Shutting down and abandoning module LinearTimecode (342)
[2018.05.25-11.14.47:796][345]LogModuleManager: Shutting down and abandoning module ImgMedia (340)
[2018.05.25-11.14.47:804][345]LogModuleManager: Shutting down and abandoning module HTML5Networking (338)
[2018.05.25-11.14.47:804][345]LogModuleManager: Shutting down and abandoning module AlembicImporter (336)
[2018.05.25-11.14.47:805][345]LogModuleManager: Shutting down and abandoning module AlembicLibrary (335)
[2018.05.25-11.14.47:805][345]LogModuleManager: Shutting down and abandoning module GeometryCache (334)
[2018.05.25-11.14.47:805][345]LogModuleManager: Shutting down and abandoning module GeometryCacheEd (333)
[2018.05.25-11.14.47:805][345]LogModuleManager: Shutting down and abandoning module DatasmithContent (328)
[2018.05.25-11.14.47:805][345]LogModuleManager: Shutting down and abandoning module SpeedTreeImporter (326)
[2018.05.25-11.14.47:805][345]LogModuleManager: Shutting down and abandoning module PluginBrowser (324)
[2018.05.25-11.14.47:828][345]LogModuleManager: Shutting down and abandoning module MobileLauncherProfileWizard (322)
[2018.05.25-11.14.47:841][345]LogModuleManager: Shutting down and abandoning module CryptoKeysOpenSSL (320)
[2018.05.25-11.14.47:849][345]LogModuleManager: Shutting down and abandoning module CryptoKeys (318)
[2018.05.25-11.14.47:849][345]LogModuleManager: Shutting down and abandoning module VisualStudioSourceCodeAccess (316)
[2018.05.25-11.14.47:849][345]LogModuleManager: Shutting down and abandoning module VisualStudioCodeSourceCodeAccess (314)
[2018.05.25-11.14.47:849][345]LogModuleManager: Shutting down and abandoning module UObjectPlugin (312)
[2018.05.25-11.14.47:849][345]LogModuleManager: Shutting down and abandoning module SubversionSourceControl (310)
[2018.05.25-11.14.47:861][345]LogModuleManager: Shutting down and abandoning module PerforceSourceControl (308)
[2018.05.25-11.14.47:874][345]LogModuleManager: Shutting down and abandoning module GitSourceControl (306)
[2018.05.25-11.14.47:880][345]LogModuleManager: Shutting down and abandoning module SourceControl (305)
[2018.05.25-11.14.47:881][345]LogModuleManager: Shutting down and abandoning module CLionSourceCodeAccess (302)
[2018.05.25-11.14.47:893][345]LogModuleManager: Shutting down and abandoning module LightPropagationVolumeEditor (300)
[2018.05.25-11.14.47:893][345]LogModuleManager: Shutting down and abandoning module PaperTiledImporter (298)
[2018.05.25-11.14.47:893][345]LogModuleManager: Shutting down and abandoning module PaperSpriteSheetImporter (296)
[2018.05.25-11.14.47:893][345]LogModuleManager: Shutting down and abandoning module Paper2DEditor (294)
[2018.05.25-11.14.47:915][345]LogModuleManager: Shutting down and abandoning module MeshPaint (293)
[2018.05.25-11.14.47:922][345]LogModuleManager: Shutting down and abandoning module RuntimePhysXCooking (288)
[2018.05.25-11.14.47:922][345]LogModuleManager: Shutting down and abandoning module PhysXVehiclesEditor (286)
[2018.05.25-11.14.47:923][345]LogModuleManager: Shutting down and abandoning module PhysXVehicles (284)
[2018.05.25-11.14.47:923][345]LogModuleManager: Shutting down and abandoning module OculusEditor (282)
[2018.05.25-11.14.47:923][345]LogModuleManager: Shutting down and abandoning module LocationServicesBPLibrary (280)
[2018.05.25-11.14.47:923][345]LogModuleManager: Shutting down and abandoning module ImmediatePhysicsEditor (278)
[2018.05.25-11.14.47:923][345]LogModuleManager: Shutting down and abandoning module ImmediatePhysics (276)
[2018.05.25-11.14.47:923][345]LogModuleManager: Shutting down and abandoning module ActorSequence (274)
[2018.05.25-11.14.47:923][345]LogModuleManager: Shutting down and abandoning module UdpMessaging (272)
[2018.05.25-11.14.48:040][345]LogModuleManager: Shutting down and abandoning module TcpMessaging (270)
[2018.05.25-11.14.48:156][345]LogModuleManager: Shutting down and abandoning module GameplayTagsEditor (268)
[2018.05.25-11.14.48:183][345]LogModuleManager: Shutting down and abandoning module FacialAnimationEditor (266)
[2018.05.25-11.14.48:184][345]LogModuleManager: Shutting down and abandoning module FacialAnimation (264)
[2018.05.25-11.14.48:184][345]LogModuleManager: Shutting down and abandoning module DataValidation (262)
[2018.05.25-11.14.48:201][345]LogModuleManager: Shutting down and abandoning module AssetManagerEditor (260)
[2018.05.25-11.14.48:231][345]LogModuleManager: Shutting down and abandoning module LevelEditor (259)
[2018.05.25-11.14.48:244][345]LogModuleManager: Shutting down and abandoning module PixelInspectorModule (258)
[2018.05.25-11.14.48:266][345]LogModuleManager: Shutting down and abandoning module CommonMenuExtensions (256)
[2018.05.25-11.14.48:267][345]LogModuleManager: Shutting down and abandoning module MainFrame (254)
[2018.05.25-11.14.48:267][345]LogModuleManager: Shutting down and abandoning module HotReload (253)
[2018.05.25-11.14.48:267][345]LogDirectoryWatcher: A directory notification failed for 'C:/Users/User/Documents/GitHub Files/UE4 Crash Course/FPSProject/Binaries/Win64', and we were unable to create a new request.
[2018.05.25-11.14.48:267][345]LogModuleManager: Shutting down and abandoning module ContentBrowser (249)
[2018.05.25-11.14.48:269][345]LogModuleManager: Shutting down and abandoning module TreeMap (247)
[2018.05.25-11.14.48:273][345]LogModuleManager: Shutting down and abandoning module LightPropagationVolumeRuntime (244)
[2018.05.25-11.14.48:273][345]LogModuleManager: Shutting down and abandoning module LiveLinkEditor (242)
[2018.05.25-11.14.48:275][345]LogModuleManager: Shutting down and abandoning module LiveLink (240)
[2018.05.25-11.14.49:219][345]LogModuleManager: Shutting down and abandoning module Paper2D (238)
[2018.05.25-11.14.49:225][345]LogModuleManager: Shutting down and abandoning module WindowsMoviePlayer (236)
[2018.05.25-11.14.49:246][345]LogModuleManager: Shutting down and abandoning module WmfMedia (234)
[2018.05.25-11.14.49:258][345]LogModuleManager: Shutting down and abandoning module Media (233)
[2018.05.25-11.14.49:263][345]LogModuleManager: Shutting down and abandoning module PacketHandler (230)
[2018.05.25-11.14.49:264][345]LogModuleManager: Shutting down and abandoning module ClothingSystemEditor (228)
[2018.05.25-11.14.49:264][345]LogModuleManager: Shutting down and abandoning module ClothingSystemRuntime (226)
[2018.05.25-11.14.49:276][345]LogModuleManager: Shutting down and abandoning module MediaAssets (224)
[2018.05.25-11.14.49:276][345]LogModuleManager: Shutting down and abandoning module Overlay (222)
[2018.05.25-11.14.49:276][345]LogModuleManager: Shutting down and abandoning module OverlayEditor (221)
[2018.05.25-11.14.49:276][345]LogModuleManager: Shutting down and abandoning module VREditor (218)
[2018.05.25-11.14.49:288][345]LogModuleManager: Shutting down and abandoning module StringTableEditor (216)
[2018.05.25-11.14.49:288][345]LogModuleManager: Shutting down and abandoning module GameplayTasksEditor (214)
[2018.05.25-11.14.49:288][345]LogModuleManager: Shutting down and abandoning module BehaviorTreeEditor (212)
[2018.05.25-11.14.49:324][345]LogModuleManager: Shutting down and abandoning module FunctionalTesting (210)
[2018.05.25-11.14.49:331][345]LogModuleManager: Shutting down and abandoning module CollisionAnalyzer (208)
[2018.05.25-11.14.49:351][345]LogModuleManager: Shutting down and abandoning module WorkspaceMenuStructure (207)
[2018.05.25-11.14.49:351][345]LogModuleManager: Shutting down and abandoning module UMG (204)
[2018.05.25-11.14.49:368][345]LogModuleManager: Shutting down and abandoning module UMGEditor (203)
[2018.05.25-11.14.49:401][345]LogModuleManager: Shutting down and abandoning module Sequencer (202)
[2018.05.25-11.14.49:417][345]LogModuleManager: Shutting down and abandoning module MessageLog (199)
[2018.05.25-11.14.49:417][345]LogModuleManager: Shutting down and abandoning module SlateReflector (194)
[2018.05.25-11.14.49:446][345]LogModuleManager: Shutting down and abandoning module Slate (192)
[2018.05.25-11.14.49:447][345]LogModuleManager: Shutting down and abandoning module EditorStyle (190)
[2018.05.25-11.14.49:458][345]LogModuleManager: Shutting down and abandoning module MRMesh (188)
[2018.05.25-11.14.49:458][345]LogModuleManager: Shutting down and abandoning module SourceCodeAccess (186)
[2018.05.25-11.14.49:458][345]LogModuleManager: Shutting down and abandoning module HeadMountedDisplay (184)
[2018.05.25-11.14.49:458][345]LogModuleManager: Shutting down and abandoning module XAudio2 (182)
[2018.05.25-11.14.49:458][345]LogModuleManager: Shutting down and abandoning module Networking (180)
[2018.05.25-11.14.49:458][345]LogModuleManager: Shutting down and abandoning module Core (178)
[2018.05.25-11.14.49:458][345]LogModuleManager: Shutting down and abandoning module LevelSequence (176)
[2018.05.25-11.14.49:458][345]LogModuleManager: Shutting down and abandoning module KismetCompiler (174)
[2018.05.25-11.14.49:458][345]LogModuleManager: Shutting down and abandoning module MeshUtilities (172)
[2018.05.25-11.14.49:476][345]LogModuleManager: Shutting down and abandoning module MeshMergeUtilities (171)
[2018.05.25-11.14.49:476][345]LogModuleManager: Shutting down and abandoning module MeshReductionInterface (170)
[2018.05.25-11.14.49:476][345]LogModuleManager: Shutting down and abandoning module SimplygonSwarm (169)
[2018.05.25-11.14.49:488][345]LogModuleManager: Shutting down and abandoning module SimplygonMeshReduction (167)
[2018.05.25-11.14.49:495][345]LogModuleManager: Shutting down and abandoning module QuadricMeshReduction (165)
[2018.05.25-11.14.49:501][345]LogModuleManager: Shutting down and abandoning module MaterialBaking (161)
[2018.05.25-11.14.49:510][345]LogModuleManager: Shutting down and abandoning module DirectoryWatcher (157)
[2018.05.25-11.14.49:520][345]LogModuleManager: Shutting down and abandoning module DerivedDataCache (154)
[2018.05.25-11.14.49:602][345]LogDerivedDataCache: Shutdown
[2018.05.25-11.14.49:602][345]LogModuleManager: Shutting down and abandoning module XGEController (152)
[2018.05.25-11.14.49:613][345]LogModuleManager: Shutting down and abandoning module TargetPlatform (150)
[2018.05.25-11.14.49:614][345]LogModuleManager: Shutting down and abandoning module VulkanShaderFormat (149)
[2018.05.25-11.14.49:620][345]LogModuleManager: Shutting down and abandoning module ShaderFormatVectorVM (147)
[2018.05.25-11.14.49:632][345]LogModuleManager: Shutting down and abandoning module ShaderFormatOpenGL (145)
[2018.05.25-11.14.49:645][345]LogModuleManager: Shutting down and abandoning module ShaderFormatD3D (143)
[2018.05.25-11.14.49:660][345]LogModuleManager: Shutting down and abandoning module MetalShaderFormat (141)
[2018.05.25-11.14.49:680][345]LogModuleManager: Shutting down and abandoning module TextureFormatUncompressed (139)
[2018.05.25-11.14.49:680][345]LogModuleManager: Shutting down and abandoning module TextureFormatPVR (137)
[2018.05.25-11.14.49:680][345]LogModuleManager: Shutting down and abandoning module TextureFormatDXT (135)
[2018.05.25-11.14.49:686][345]LogModuleManager: Shutting down and abandoning module TextureFormatIntelISPCTexComp (133)
[2018.05.25-11.14.49:690][345]LogModuleManager: Shutting down and abandoning module TextureFormatASTC (131)
[2018.05.25-11.14.49:690][345]LogModuleManager: Shutting down and abandoning module ImageWrapper (130)
[2018.05.25-11.14.49:690][345]LogModuleManager: Shutting down and abandoning module TextureFormatAndroid (127)
[2018.05.25-11.14.49:690][345]LogModuleManager: Shutting down and abandoning module AudioFormatOpus (125)
[2018.05.25-11.14.49:690][345]LogModuleManager: Shutting down and abandoning module AudioFormatOgg (123)
[2018.05.25-11.14.49:690][345]LogModuleManager: Shutting down and abandoning module AudioFormatADPCM (121)
[2018.05.25-11.14.49:690][345]LogModuleManager: Shutting down and abandoning module LinuxTargetPlatform (119)
[2018.05.25-11.14.49:690][345]LogModuleManager: Shutting down and abandoning module LinuxServerTargetPlatform (117)
[2018.05.25-11.14.49:690][345]LogModuleManager: Shutting down and abandoning module LinuxNoEditorTargetPlatform (115)
[2018.05.25-11.14.49:690][345]LogModuleManager: Shutting down and abandoning module LinuxClientTargetPlatform (113)
[2018.05.25-11.14.49:690][345]LogModuleManager: Shutting down and abandoning module TVOSTargetPlatform (111)
[2018.05.25-11.14.49:690][345]LogModuleManager: Shutting down and abandoning module Messaging (109)
[2018.05.25-11.14.49:690][345]LogModuleManager: Shutting down and abandoning module IOSTargetPlatform (107)
[2018.05.25-11.14.49:691][345]LogModuleManager: Shutting down and abandoning module HTML5TargetPlatform (105)
[2018.05.25-11.14.49:691][345]LogModuleManager: Shutting down and abandoning module AndroidTargetPlatform (103)
[2018.05.25-11.14.49:691][345]LogModuleManager: Shutting down and abandoning module Android_PVRTCTargetPlatform (101)
[2018.05.25-11.14.49:691][345]LogModuleManager: Shutting down and abandoning module Android_MultiTargetPlatform (99)
[2018.05.25-11.14.49:691][345]LogModuleManager: Shutting down and abandoning module Android_ETC2TargetPlatform (97)
[2018.05.25-11.14.49:691][345]LogModuleManager: Shutting down and abandoning module Android_ETC1TargetPlatform (95)
[2018.05.25-11.14.49:691][345]LogModuleManager: Shutting down and abandoning module Android_ETC1aTargetPlatform (93)
[2018.05.25-11.14.49:691][345]LogModuleManager: Shutting down and abandoning module Android_DXTTargetPlatform (91)
[2018.05.25-11.14.49:691][345]LogModuleManager: Shutting down and abandoning module Android_ATCTargetPlatform (89)
[2018.05.25-11.14.49:691][345]LogModuleManager: Shutting down and abandoning module Android_ASTCTargetPlatform (87)
[2018.05.25-11.14.49:691][345]LogModuleManager: Shutting down and abandoning module WindowsTargetPlatform (85)
[2018.05.25-11.14.49:691][345]LogModuleManager: Shutting down and abandoning module WindowsServerTargetPlatform (83)
[2018.05.25-11.14.49:691][345]LogModuleManager: Shutting down and abandoning module WindowsNoEditorTargetPlatform (81)
[2018.05.25-11.14.49:691][345]LogModuleManager: Shutting down and abandoning module WindowsClientTargetPlatform (79)
[2018.05.25-11.14.49:691][345]LogModuleManager: Shutting down and abandoning module MacTargetPlatform (77)
[2018.05.25-11.14.49:691][345]LogModuleManager: Shutting down and abandoning module MacServerTargetPlatform (75)
[2018.05.25-11.14.49:691][345]LogModuleManager: Shutting down and abandoning module MacNoEditorTargetPlatform (73)
[2018.05.25-11.14.49:691][345]LogModuleManager: Shutting down and abandoning module MacClientTargetPlatform (71)
[2018.05.25-11.14.49:691][345]LogModuleManager: Shutting down and abandoning module AllDesktopTargetPlatform (69)
[2018.05.25-11.14.49:691][345]LogModuleManager: Shutting down and abandoning module InputCore (66)
[2018.05.25-11.14.49:691][345]LogModuleManager: Shutting down and abandoning module Settings (64)
[2018.05.25-11.14.49:691][345]LogModuleManager: Shutting down and abandoning module PhysXCooking (62)
[2018.05.25-11.14.49:691][345]LogModuleManager: Shutting down and abandoning module SteamVR (60)
[2018.05.25-11.14.49:691][345]LogModuleManager: Shutting down and abandoning module OculusHMD (58)
[2018.05.25-11.14.49:705][345]LogModuleManager: Shutting down and abandoning module ExampleDeviceProfileSelector (56)
[2018.05.25-11.14.49:705][345]LogModuleManager: Shutting down and abandoning module AppleARKit (54)
[2018.05.25-11.14.49:705][345]LogModuleManager: Shutting down and abandoning module AugmentedReality (51)
[2018.05.25-11.14.49:705][345]LogModuleManager: Shutting down and abandoning module OnlineBlueprintSupport (48)
[2018.05.25-11.14.49:705][345]LogModuleManager: Shutting down and abandoning module OnlineSubsystem (44)
[2018.05.25-11.14.49:726][345]LogModuleManager: Shutting down and abandoning module XMPP (43)
[2018.05.25-11.14.49:746][345]LogModuleManager: Shutting down and abandoning module HTTP (41)
[2018.05.25-11.14.49:804][345]LogModuleManager: Shutting down and abandoning module SSL (40)
[2018.05.25-11.14.49:820][345]LogModuleManager: Shutting down and abandoning module AnimationModifiers (36)
[2018.05.25-11.14.49:824][345]LogModuleManager: Shutting down and abandoning module PropertyEditor (35)
[2018.05.25-11.14.49:870][345]LogModuleManager: Shutting down and abandoning module AudioEditor (32)
[2018.05.25-11.14.49:888][345]LogModuleManager: Shutting down and abandoning module TextureCompressor (30)
[2018.05.25-11.14.49:916][345]LogModuleManager: Shutting down and abandoning module ShaderCore (28)
[2018.05.25-11.14.49:916][345]LogModuleManager: Shutting down and abandoning module Landscape (26)
[2018.05.25-11.14.49:916][345]LogModuleManager: Shutting down and abandoning module SlateRHIRenderer (24)
[2018.05.25-11.14.49:929][345]LogModuleManager: Shutting down and abandoning module OpenGLDrv (22)
[2018.05.25-11.14.49:949][345]LogModuleManager: Shutting down and abandoning module D3D11RHI (20)
[2018.05.25-11.14.49:949][345]LogModuleManager: Shutting down and abandoning module AnimGraphRuntime (18)
[2018.05.25-11.14.49:950][345]LogModuleManager: Shutting down and abandoning module Renderer (16)
[2018.05.25-11.14.49:950][345]LogModuleManager: Shutting down and abandoning module Engine (14)
[2018.05.25-11.14.49:950][345]LogModuleManager: Shutting down and abandoning module CoreUObject (12)
[2018.05.25-11.14.49:950][345]LogModuleManager: Shutting down and abandoning module NetworkFile (10)
[2018.05.25-11.14.49:962][345]LogModuleManager: Shutting down and abandoning module CookedIterativeFile (8)
[2018.05.25-11.14.49:962][345]LogModuleManager: Shutting down and abandoning module StreamingFile (6)
[2018.05.25-11.14.49:975][345]LogModuleManager: Shutting down and abandoning module SandboxFile (4)
[2018.05.25-11.14.49:984][345]LogModuleManager: Shutting down and abandoning module PakFile (2)
[2018.05.25-11.14.50:016][345]LogExit: Exiting.
[2018.05.25-11.14.50:043][345]Log file closed, 05/25/18 19:14:50
