Log file open, 05/17/18 18:07:54
LogWindows: Failed to load 'aqProf.dll' (GetLastError=126)
LogWindows: File 'aqProf.dll' does not exist
LogWindows: Failed to load 'VtuneApi.dll' (GetLastError=126)
LogWindows: File 'VtuneApi.dll' does not exist
LogWindows: Failed to load 'VtuneApi32e.dll' (GetLastError=126)
LogWindows: File 'VtuneApi32e.dll' does not exist
LogInit: Display: Running engine for game: FPSProject
LogPlatformFile: Not using cached read wrapper
LogInit: Display: RandInit(1123906152) SRandInit(1123906152).
LogInit: Read version file with build ID '3944462'
LogInit: Overriding engine version to CL 4033788, compatible CL 3944462
LogInit: Registered custom module enumerator with build ID '3944462'
LogTaskGraph: Started task graph with 5 named threads and 14 total threads with 3 sets of task threads.
LogStats: Stats thread started at 2.102283
LogD3D11RHI: Aftermath initialized
LogICUInternationalization: Display: ICU TimeZone Detection - Raw Offset: +8:00, Platform Override: ''
LogPluginManager: Mounting plugin Paper2D
LogPluginManager: Mounting plugin LiveLink
LogPluginManager: Mounting plugin LightPropagationVolume
LogPluginManager: Mounting plugin CLionSourceCodeAccess
LogPluginManager: Mounting plugin CodeLiteSourceCodeAccess
LogPluginManager: Mounting plugin GitSourceControl
LogPluginManager: Mounting plugin KDevelopSourceCodeAccess
LogPluginManager: Mounting plugin NullSourceCodeAccess
LogPluginManager: Mounting plugin PerforceSourceControl
LogPluginManager: Mounting plugin SubversionSourceControl
LogPluginManager: Mounting plugin UObjectPlugin
LogPluginManager: Mounting plugin VisualStudioCodeSourceCodeAccess
LogPluginManager: Mounting plugin VisualStudioSourceCodeAccess
LogPluginManager: Mounting plugin XCodeSourceCodeAccess
LogPluginManager: Mounting plugin AssetManagerEditor
LogPluginManager: Mounting plugin CryptoKeys
LogPluginManager: Mounting plugin DataValidation
LogPluginManager: Mounting plugin FacialAnimation
LogPluginManager: Mounting plugin GameplayTagsEditor
LogPluginManager: Mounting plugin MobileLauncherProfileWizard
LogPluginManager: Mounting plugin PluginBrowser
LogPluginManager: Mounting plugin SpeedTreeImporter
LogPluginManager: Mounting plugin DatasmithContent
LogPluginManager: Mounting plugin AlembicImporter
LogPluginManager: Mounting plugin CharacterAI
LogPluginManager: Mounting plugin HTML5Networking
LogPluginManager: Mounting plugin AndroidMedia
LogPluginManager: Mounting plugin AvfMedia
LogPluginManager: Mounting plugin ImgMedia
LogPluginManager: Mounting plugin LinearTimecode
LogPluginManager: Mounting plugin MediaCompositing
LogPluginManager: Mounting plugin MediaPlayerEditor
LogPluginManager: Mounting plugin WmfMedia
LogPluginManager: Mounting plugin TcpMessaging
LogPluginManager: Mounting plugin UdpMessaging
LogPluginManager: Mounting plugin ActorSequence
LogPluginManager: Mounting plugin LevelSequenceEditor
LogPluginManager: Mounting plugin MatineeToLevelSequence
LogPluginManager: Mounting plugin NetcodeUnitTest
LogPluginManager: Mounting plugin NUTUnrealEngine4
LogPluginManager: Mounting plugin OnlineSubsystemGooglePlay
LogPluginManager: Mounting plugin OnlineSubsystemIOS
LogPluginManager: Mounting plugin OnlineSubsystem
LogPluginManager: Mounting plugin OnlineSubsystemNull
LogPluginManager: Mounting plugin OnlineSubsystemUtils
LogPluginManager: Mounting plugin AndroidDeviceProfileSelector
LogPluginManager: Mounting plugin AndroidMoviePlayer
LogPluginManager: Mounting plugin AndroidPermission
LogPluginManager: Mounting plugin AppleARKit
LogPluginManager: Mounting plugin AppleMoviePlayer
LogPluginManager: Mounting plugin ArchVisCharacter
LogPluginManager: Mounting plugin AudioCapture
LogPluginManager: Mounting plugin CableComponent
LogPluginManager: Mounting plugin CustomMeshComponent
LogPluginManager: Mounting plugin ExampleDeviceProfileSelector
LogPluginManager: Mounting plugin GoogleCloudMessaging
LogPluginManager: Mounting plugin ImmediatePhysics
LogPluginManager: Mounting plugin IOSDeviceProfileSelector
LogPluginManager: Mounting plugin LinuxDeviceProfileSelector
LogPluginManager: Mounting plugin LocationServicesBPLibrary
LogPluginManager: Mounting plugin MobilePatchingUtils
LogPluginManager: Mounting plugin OculusVR
LogPluginManager: Plugin shader directory ../../../Engine/Plugins/Runtime/Oculus/OculusVR/Shaders found
LogPluginManager: Mapping shader source directory ../../../Engine/Plugins/Runtime/Oculus/OculusVR/Shaders to virtual directory /Plugin/OculusVR
LogPluginManager: Mounting plugin PhysXVehicles
LogPluginManager: Mounting plugin ProceduralMeshComponent
LogPluginManager: Mounting plugin RuntimePhysXCooking
LogPluginManager: Mounting plugin SteamVR
LogPluginManager: Mounting plugin WindowsMoviePlayer
LogStreaming: Display: Took  0.347s to configure plugins.
LogModuleManager: Display: Found up-to-date module file ../../../../../../Users/User/Documents/GitHub Files/UE4 Crash Course/FPSProject/Binaries/Win64/UE4Editor-FPSProject.dll (API version 3944462).
LogModuleManager: Display: Found up-to-date module file ../../../Engine/Plugins/2D/Paper2D/Binaries/Win64/UE4Editor-Paper2D.dll (API version 3944462).
LogModuleManager: Display: Found up-to-date module file ../../../Engine/Plugins/2D/Paper2D/Binaries/Win64/UE4Editor-Paper2DEditor.dll (API version 3944462).
LogModuleManager: Display: Found up-to-date module file ../../../Engine/Plugins/2D/Paper2D/Binaries/Win64/UE4Editor-PaperSpriteSheetImporter.dll (API version 3944462).
LogModuleManager: Display: Found up-to-date module file ../../../Engine/Plugins/2D/Paper2D/Binaries/Win64/UE4Editor-PaperTiledImporter.dll (API version 3944462).
LogModuleManager: Display: Found up-to-date module file ../../../Engine/Plugins/2D/Paper2D/Binaries/Win64/UE4Editor-SmartSnapping.dll (API version 3944462).
LogModuleManager: Display: Found up-to-date module file ../../../Engine/Plugins/Animation/LiveLink/Binaries/Win64/UE4Editor-LiveLink.dll (API version 3944462).
LogModuleManager: Display: Found up-to-date module file ../../../Engine/Plugins/Animation/LiveLink/Binaries/Win64/UE4Editor-LiveLinkEditor.dll (API version 3944462).
LogModuleManager: Display: Found up-to-date module file ../../../Engine/Plugins/Blendables/LightPropagationVolume/Binaries/Win64/UE4Editor-LightPropagationVolumeRuntime.dll (API version 3944462).
LogModuleManager: Display: Found up-to-date module file ../../../Engine/Plugins/Blendables/LightPropagationVolume/Binaries/Win64/UE4Editor-LightPropagationVolumeEditor.dll (API version 3944462).
LogModuleManager: Display: Found up-to-date module file ../../../Engine/Plugins/Developer/CLionSourceCodeAccess/Binaries/Win64/UE4Editor-CLionSourceCodeAccess.dll (API version 3944462).
LogModuleManager: Display: Found up-to-date module file ../../../Engine/Plugins/Developer/GitSourceControl/Binaries/Win64/UE4Editor-GitSourceControl.dll (API version 3944462).
LogModuleManager: Display: Found up-to-date module file ../../../Engine/Plugins/Developer/PerforceSourceControl/Binaries/Win64/UE4Editor-PerforceSourceControl.dll (API version 3944462).
LogModuleManager: Display: Found up-to-date module file ../../../Engine/Plugins/Developer/SubversionSourceControl/Binaries/Win64/UE4Editor-SubversionSourceControl.dll (API version 3944462).
LogModuleManager: Display: Found up-to-date module file ../../../Engine/Plugins/Developer/UObjectPlugin/Binaries/Win64/UE4Editor-UObjectPlugin.dll (API version 3944462).
LogModuleManager: Display: Found up-to-date module file ../../../Engine/Plugins/Developer/VisualStudioCodeSourceCodeAccess/Binaries/Win64/UE4Editor-VisualStudioCodeSourceCodeAccess.dll (API version 3944462).
LogModuleManager: Display: Found up-to-date module file ../../../Engine/Plugins/Developer/VisualStudioSourceCodeAccess/Binaries/Win64/UE4Editor-VisualStudioSourceCodeAccess.dll (API version 3944462).
LogModuleManager: Display: Found up-to-date module file ../../../Engine/Plugins/Editor/AssetManagerEditor/Binaries/Win64/UE4Editor-AssetManagerEditor.dll (API version 3944462).
LogModuleManager: Display: Found up-to-date module file ../../../Engine/Plugins/Editor/CryptoKeys/Binaries/Win64/UE4Editor-CryptoKeys.dll (API version 3944462).
LogModuleManager: Display: Found up-to-date module file ../../../Engine/Plugins/Editor/CryptoKeys/Binaries/Win64/UE4Editor-CryptoKeysOpenSSL.dll (API version 3944462).
LogModuleManager: Display: Found up-to-date module file ../../../Engine/Plugins/Editor/DataValidation/Binaries/Win64/UE4Editor-DataValidation.dll (API version 3944462).
LogModuleManager: Display: Found up-to-date module file ../../../Engine/Plugins/Editor/FacialAnimation/Binaries/Win64/UE4Editor-FacialAnimation.dll (API version 3944462).
LogModuleManager: Display: Found up-to-date module file ../../../Engine/Plugins/Editor/FacialAnimation/Binaries/Win64/UE4Editor-FacialAnimationEditor.dll (API version 3944462).
LogModuleManager: Display: Found up-to-date module file ../../../Engine/Plugins/Editor/GameplayTagsEditor/Binaries/Win64/UE4Editor-GameplayTagsEditor.dll (API version 3944462).
LogModuleManager: Display: Found up-to-date module file ../../../Engine/Plugins/Editor/MobileLauncherProfileWizard/Binaries/Win64/UE4Editor-MobileLauncherProfileWizard.dll (API version 3944462).
LogModuleManager: Display: Found up-to-date module file ../../../Engine/Plugins/Editor/PluginBrowser/Binaries/Win64/UE4Editor-PluginBrowser.dll (API version 3944462).
LogModuleManager: Display: Found up-to-date module file ../../../Engine/Plugins/Editor/SpeedTreeImporter/Binaries/Win64/UE4Editor-SpeedTreeImporter.dll (API version 3944462).
LogModuleManager: Display: Found up-to-date module file ../../../Engine/Plugins/Enterprise/DatasmithContent/Binaries/Win64/UE4Editor-DatasmithContent.dll (API version 3944462).
LogModuleManager: Display: Found up-to-date module file ../../../Engine/Plugins/Experimental/AlembicImporter/Binaries/Win64/UE4Editor-AlembicImporter.dll (API version 3944462).
LogModuleManager: Display: Found up-to-date module file ../../../Engine/Plugins/Experimental/AlembicImporter/Binaries/Win64/UE4Editor-AlembicLibrary.dll (API version 3944462).
LogModuleManager: Display: Found up-to-date module file ../../../Engine/Plugins/Experimental/CharacterAI/Binaries/Win64/UE4Editor-CharacterAI.dll (API version 3944462).
LogModuleManager: Display: Found up-to-date module file ../../../Engine/Plugins/Experimental/HTML5Networking/Binaries/Win64/UE4Editor-HTML5Networking.dll (API version 3944462).
LogModuleManager: Display: Found up-to-date module file ../../../Engine/Plugins/Media/AndroidMedia/Binaries/Win64/UE4Editor-AndroidMediaEditor.dll (API version 3944462).
LogModuleManager: Display: Found up-to-date module file ../../../Engine/Plugins/Media/AndroidMedia/Binaries/Win64/UE4Editor-AndroidMediaFactory.dll (API version 3944462).
LogModuleManager: Display: Found up-to-date module file ../../../Engine/Plugins/Media/AvfMedia/Binaries/Win64/UE4Editor-AvfMediaEditor.dll (API version 3944462).
LogModuleManager: Display: Found up-to-date module file ../../../Engine/Plugins/Media/AvfMedia/Binaries/Win64/UE4Editor-AvfMediaFactory.dll (API version 3944462).
LogModuleManager: Display: Found up-to-date module file ../../../Engine/Plugins/Media/AvfMedia/Binaries/Win64/UE4Editor-AvfMediaFactory.dll (API version 3944462).
LogModuleManager: Display: Found up-to-date module file ../../../Engine/Plugins/Media/ImgMedia/Binaries/Win64/UE4Editor-ImgMedia.dll (API version 3944462).
LogModuleManager: Display: Found up-to-date module file ../../../Engine/Plugins/Media/ImgMedia/Binaries/Win64/UE4Editor-ImgMediaEditor.dll (API version 3944462).
LogModuleManager: Display: Found up-to-date module file ../../../Engine/Plugins/Media/ImgMedia/Binaries/Win64/UE4Editor-ImgMediaFactory.dll (API version 3944462).
LogModuleManager: Display: Found up-to-date module file ../../../Engine/Plugins/Media/ImgMedia/Binaries/Win64/UE4Editor-ImgMediaFactory.dll (API version 3944462).
LogModuleManager: Display: Found up-to-date module file ../../../Engine/Plugins/Media/ImgMedia/Binaries/Win64/UE4Editor-OpenExrWrapper.dll (API version 3944462).
LogModuleManager: Display: Found up-to-date module file ../../../Engine/Plugins/Media/LinearTimecode/Binaries/Win64/UE4Editor-LinearTimecode.dll (API version 3944462).
LogModuleManager: Display: Found up-to-date module file ../../../Engine/Plugins/Media/MediaCompositing/Binaries/Win64/UE4Editor-MediaCompositing.dll (API version 3944462).
LogModuleManager: Display: Found up-to-date module file ../../../Engine/Plugins/Media/MediaCompositing/Binaries/Win64/UE4Editor-MediaCompositingEditor.dll (API version 3944462).
LogModuleManager: Display: Found up-to-date module file ../../../Engine/Plugins/Media/MediaPlayerEditor/Binaries/Win64/UE4Editor-MediaPlayerEditor.dll (API version 3944462).
LogModuleManager: Display: Found up-to-date module file ../../../Engine/Plugins/Media/WmfMedia/Binaries/Win64/UE4Editor-WmfMedia.dll (API version 3944462).
LogModuleManager: Display: Found up-to-date module file ../../../Engine/Plugins/Media/WmfMedia/Binaries/Win64/UE4Editor-WmfMediaEditor.dll (API version 3944462).
LogModuleManager: Display: Found up-to-date module file ../../../Engine/Plugins/Media/WmfMedia/Binaries/Win64/UE4Editor-WmfMediaFactory.dll (API version 3944462).
LogModuleManager: Display: Found up-to-date module file ../../../Engine/Plugins/Media/WmfMedia/Binaries/Win64/UE4Editor-WmfMediaFactory.dll (API version 3944462).
LogModuleManager: Display: Found up-to-date module file ../../../Engine/Plugins/Messaging/TcpMessaging/Binaries/Win64/UE4Editor-TcpMessaging.dll (API version 3944462).
LogModuleManager: Display: Found up-to-date module file ../../../Engine/Plugins/Messaging/UdpMessaging/Binaries/Win64/UE4Editor-UdpMessaging.dll (API version 3944462).
LogModuleManager: Display: Found up-to-date module file ../../../Engine/Plugins/MovieScene/ActorSequence/Binaries/Win64/UE4Editor-ActorSequence.dll (API version 3944462).
LogModuleManager: Display: Found up-to-date module file ../../../Engine/Plugins/MovieScene/LevelSequenceEditor/Binaries/Win64/UE4Editor-LevelSequenceEditor.dll (API version 3944462).
LogModuleManager: Display: Found up-to-date module file ../../../Engine/Plugins/MovieScene/MatineeToLevelSequence/Binaries/Win64/UE4Editor-MatineeToLevelSequence.dll (API version 3944462).
LogModuleManager: Display: Found up-to-date module file ../../../Engine/Plugins/NetcodeUnitTest/NetcodeUnitTest/Binaries/Win64/UE4Editor-NetcodeUnitTest.dll (API version 3944462).
LogModuleManager: Display: Found up-to-date module file ../../../Engine/Plugins/NetcodeUnitTest/NUTUnrealEngine4/Binaries/Win64/UE4Editor-NUTUnrealEngine4.dll (API version 3944462).
LogModuleManager: Display: Found up-to-date module file ../../../Engine/Plugins/Online/OnlineSubsystem/Binaries/Win64/UE4Editor-OnlineSubsystem.dll (API version 3944462).
LogModuleManager: Display: Found up-to-date module file ../../../Engine/Plugins/Online/OnlineSubsystemNull/Binaries/Win64/UE4Editor-OnlineSubsystemNull.dll (API version 3944462).
LogModuleManager: Display: Found up-to-date module file ../../../Engine/Plugins/Online/OnlineSubsystemUtils/Binaries/Win64/UE4Editor-OnlineSubsystemUtils.dll (API version 3944462).
LogModuleManager: Display: Found up-to-date module file ../../../Engine/Plugins/Online/OnlineSubsystemUtils/Binaries/Win64/UE4Editor-OnlineBlueprintSupport.dll (API version 3944462).
LogModuleManager: Display: Found up-to-date module file ../../../Engine/Plugins/Runtime/AndroidDeviceProfileSelector/Binaries/Win64/UE4Editor-AndroidDeviceProfileSelector.dll (API version 3944462).
LogModuleManager: Display: Found up-to-date module file ../../../Engine/Plugins/Runtime/AndroidPermission/Binaries/Win64/UE4Editor-AndroidPermission.dll (API version 3944462).
LogModuleManager: Display: Found up-to-date module file ../../../Engine/Plugins/Runtime/AppleARKit/Binaries/Win64/UE4Editor-AppleARKit.dll (API version 3944462).
LogModuleManager: Display: Found up-to-date module file ../../../Engine/Plugins/Runtime/ArchVisCharacter/Binaries/Win64/UE4Editor-ArchVisCharacter.dll (API version 3944462).
LogModuleManager: Display: Found up-to-date module file ../../../Engine/Plugins/Runtime/AudioCapture/Binaries/Win64/UE4Editor-AudioCapture.dll (API version 3944462).
LogModuleManager: Display: Found up-to-date module file ../../../Engine/Plugins/Runtime/AudioCapture/Binaries/Win64/UE4Editor-AudioCaptureEditor.dll (API version 3944462).
LogModuleManager: Display: Found up-to-date module file ../../../Engine/Plugins/Runtime/CableComponent/Binaries/Win64/UE4Editor-CableComponent.dll (API version 3944462).
LogModuleManager: Display: Found up-to-date module file ../../../Engine/Plugins/Runtime/CustomMeshComponent/Binaries/Win64/UE4Editor-CustomMeshComponent.dll (API version 3944462).
LogModuleManager: Display: Found up-to-date module file ../../../Engine/Plugins/Runtime/ExampleDeviceProfileSelector/Binaries/Win64/UE4Editor-ExampleDeviceProfileSelector.dll (API version 3944462).
LogModuleManager: Display: Found up-to-date module file ../../../Engine/Plugins/Runtime/ImmediatePhysics/Binaries/Win64/UE4Editor-ImmediatePhysics.dll (API version 3944462).
LogModuleManager: Display: Found up-to-date module file ../../../Engine/Plugins/Runtime/ImmediatePhysics/Binaries/Win64/UE4Editor-ImmediatePhysicsEditor.dll (API version 3944462).
LogModuleManager: Display: Found up-to-date module file ../../../Engine/Plugins/Runtime/LocationServicesBPLibrary/Binaries/Win64/UE4Editor-LocationServicesBPLibrary.dll (API version 3944462).
LogModuleManager: Display: Found up-to-date module file ../../../Engine/Plugins/Runtime/MobilePatchingUtils/Binaries/Win64/UE4Editor-MobilePatchingUtils.dll (API version 3944462).
LogModuleManager: Display: Found up-to-date module file ../../../Engine/Plugins/Runtime/Oculus/OculusVR/Binaries/Win64/UE4Editor-OculusHMD.dll (API version 3944462).
LogModuleManager: Display: Found up-to-date module file ../../../Engine/Plugins/Runtime/Oculus/OculusVR/Binaries/Win64/UE4Editor-OculusInput.dll (API version 3944462).
LogModuleManager: Display: Found up-to-date module file ../../../Engine/Plugins/Runtime/Oculus/OculusVR/Binaries/Win64/UE4Editor-OculusEditor.dll (API version 3944462).
LogModuleManager: Display: Found up-to-date module file ../../../Engine/Plugins/Runtime/PhysXVehicles/Binaries/Win64/UE4Editor-PhysXVehicles.dll (API version 3944462).
LogModuleManager: Display: Found up-to-date module file ../../../Engine/Plugins/Runtime/PhysXVehicles/Binaries/Win64/UE4Editor-PhysXVehiclesEditor.dll (API version 3944462).
LogModuleManager: Display: Found up-to-date module file ../../../Engine/Plugins/Runtime/ProceduralMeshComponent/Binaries/Win64/UE4Editor-ProceduralMeshComponent.dll (API version 3944462).
LogModuleManager: Display: Found up-to-date module file ../../../Engine/Plugins/Runtime/ProceduralMeshComponent/Binaries/Win64/UE4Editor-ProceduralMeshComponentEditor.dll (API version 3944462).
LogModuleManager: Display: Found up-to-date module file ../../../Engine/Plugins/Runtime/RuntimePhysXCooking/Binaries/Win64/UE4Editor-RuntimePhysXCooking.dll (API version 3944462).
LogModuleManager: Display: Found up-to-date module file ../../../Engine/Plugins/Runtime/Steam/SteamVR/Binaries/Win64/UE4Editor-SteamVR.dll (API version 3944462).
LogModuleManager: Display: Found up-to-date module file ../../../Engine/Plugins/Runtime/Steam/SteamVR/Binaries/Win64/UE4Editor-SteamVRController.dll (API version 3944462).
LogModuleManager: Display: Found up-to-date module file ../../../Engine/Plugins/Runtime/WindowsMoviePlayer/Binaries/Win64/UE4Editor-WindowsMoviePlayer.dll (API version 3944462).
LogInit: Using libcurl 7.47.1
LogInit:  - built for x86_64-pc-win32
LogInit:  - supports SSL with OpenSSL/1.0.2g
LogInit:  - supports HTTP deflate (compression) using libz 1.2.8
LogInit:  - other features:
LogInit:      CURL_VERSION_SSL
LogInit:      CURL_VERSION_LIBZ
LogInit:      CURL_VERSION_IPV6
LogInit:      CURL_VERSION_ASYNCHDNS
LogInit:      CURL_VERSION_LARGEFILE
LogInit:      CURL_VERSION_IDN
LogInit:  CurlRequestOptions (configurable via config and command line):
LogInit:  - bVerifyPeer = false  - Libcurl will NOT verify peer certificate
LogInit:  - bUseHttpProxy = false  - Libcurl will NOT use HTTP proxy
LogInit:  - bDontReuseConnections = false  - Libcurl will reuse connections
LogInit:  - CertBundlePath = nullptr  - Libcurl will use whatever was configured at build time.
LogInit:  - MaxHostConnections = 16  - Libcurl will limit the number of connections to a host
LogInit:  - LocalHostAddr = Default
LogInit: WinSock: version 1.1 (2.2), MaxSocks=32767, MaxUdp=65467
LogInit: WinSock: I am Asus (192.168.0.10:0)
LogInit: Build: ++UE4+Release-4.19-CL-4033788
LogInit: Engine Version: 4.19.2-4033788+++UE4+Release-4.19
LogInit: Compatible Engine Version: 4.19.0-3944462+++UE4+Release-4.19
LogInit: Net CL: 3944462
LogDevObjectVersion: Number of dev versions registered: 18
LogDevObjectVersion:   Dev-Blueprints (B0D832E4-1F89-4F0D-ACCF-7EB736FD4AA2): 10
LogDevObjectVersion:   Dev-Build (E1C64328-A22C-4D53-A36C-8E866417BD8C): 0
LogDevObjectVersion:   Dev-Core (375EC13C-06E4-48FB-B500-84F0262A717E): 2
LogDevObjectVersion:   Dev-Editor (E4B068ED-F494-42E9-A231-DA0B2E46BB41): 23
LogDevObjectVersion:   Dev-Framework (CFFC743F-43B0-4480-9391-14DF171D2073): 33
LogDevObjectVersion:   Dev-Mobile (B02B49B5-BB20-44E9-A304-32B752E40360): 2
LogDevObjectVersion:   Dev-Networking (A4E4105C-59A1-49B5-A7C5-40C4547EDFEE): 0
LogDevObjectVersion:   Dev-Online (39C831C9-5AE6-47DC-9A44-9C173E1C8E7C): 0
LogDevObjectVersion:   Dev-Physics (78F01B33-EBEA-4F98-B9B4-84EACCB95AA2): 0
LogDevObjectVersion:   Dev-Platform (6631380F-2D4D-43E0-8009-CF276956A95A): 0
LogDevObjectVersion:   Dev-Rendering (12F88B9F-8875-4AFC-A67C-D90C383ABD29): 25
LogDevObjectVersion:   Dev-Sequencer (7B5AE74C-D270-4C10-A958-57980B212A5A): 6
LogDevObjectVersion:   Dev-VR (D7296918-1DD6-4BDD-9DE2-64A83CC13884): 1
LogDevObjectVersion:   Dev-LoadTimes (C2A15278-BFE7-4AFE-6C17-90FF531DF755): 1
LogDevObjectVersion:   Private-Geometry (6EACA3D4-40EC-4CC1-B786-8BED09428FC5): 2
LogDevObjectVersion:   Dev-AnimPhys (29E575DD-E0A3-4627-9D10-D276232CDCEA): 16
LogDevObjectVersion:   Dev-ReflectionCapture (6B266CEC-1EC7-4B8F-A30B-E4D90942FC07): 1
LogDevObjectVersion:   Dev-Automation (0DF73D61-A23F-47EA-B727-89E90C41499A): 1
LogInit: Compiled (64-bit): Apr 27 2018 02:06:57
LogInit: Compiled with Visual C++: 19.00.24215.01
LogInit: Build Configuration: Development
LogInit: Branch Name: ++UE4+Release-4.19
LogInit: Command Line:  
LogInit: Base Directory: C:/Program Files/Epic Games/UE_4.19/Engine/Binaries/Win64/
LogInit: Installed Engine Build: 1
LogStreaming: Display: Took  0.007s to delete old logs.
LogInit: Presizing for max 8388607 objects, including 0 objects not considered by GC, pre-allocating 0 bytes for permanent pool.
LogInit: Object subsystem initialized
[2018.05.17-10.08.02:049][  0]LogInit: Selected Device Profile: [Windows]
[2018.05.17-10.08.02:049][  0]LogInit: Applying CVar settings loaded from the selected device profile: [Windows]
[2018.05.17-10.08.02:204][  0]LogInit: Computer: ASUS
[2018.05.17-10.08.02:204][  0]LogInit: User: User
[2018.05.17-10.08.02:204][  0]LogInit: CPU Page size=4096, Cores=4
[2018.05.17-10.08.02:204][  0]LogInit: High frequency timer resolution =2.437501 MHz
[2018.05.17-10.08.02:218][  0]LogMemory: Memory total: Physical=7.9GB (8GB approx)
[2018.05.17-10.08.02:218][  0]LogMemory: Platform Memory Stats for Windows
[2018.05.17-10.08.02:218][  0]LogMemory: Process Physical Memory: 273.13 MB used, 273.13 MB peak
[2018.05.17-10.08.02:218][  0]LogMemory: Process Virtual Memory: 267.25 MB used, 267.25 MB peak
[2018.05.17-10.08.02:218][  0]LogMemory: Physical Memory: 4724.00 MB used,  3353.02 MB free, 8077.02 MB total
[2018.05.17-10.08.02:218][  0]LogMemory: Virtual Memory: 4771.73 MB used,  3353.02 MB free, 134217728.00 MB total
[2018.05.17-10.08.03:034][  0]LogInit: Using OS detected language (en-US).
[2018.05.17-10.08.03:034][  0]LogInit: Using OS detected locale (en-US).
[2018.05.17-10.08.03:221][  0]LogTextLocalizationManager: No specific localization for 'en-US' exists, so the 'en' localization will be used.
[2018.05.17-10.08.04:215][  0]LogStreaming: Display: Took  1.172s to EndInitTextLocalization.
[2018.05.17-10.08.04:237][  0]LogInit: Setting process to per monitor DPI aware
[2018.05.17-10.08.04:829][  0]LogSlate: New Slate User Created.  User Index 0, Is Virtual User: 0
[2018.05.17-10.08.04:830][  0]LogSlate: Slate User Registered.  User Index 0, Is Virtual User: 0
[2018.05.17-10.08.06:350][  0]LogD3D11RHI: D3D11 adapters:
[2018.05.17-10.08.06:518][  0]LogD3D11RHI:    0. 'NVIDIA GeForce GTX 1050' (Feature Level 11_0)
[2018.05.17-10.08.06:518][  0]LogD3D11RHI:       4021/0/4038 MB DedicatedVideo/DedicatedSystem/SharedSystem, Outputs:1, VendorId:0x10de
[2018.05.17-10.08.06:572][  0]LogD3D11RHI:    1. 'Intel(R) HD Graphics 630' (Feature Level 11_0)
[2018.05.17-10.08.06:572][  0]LogD3D11RHI:       128/0/4038 MB DedicatedVideo/DedicatedSystem/SharedSystem, Outputs:0, VendorId:0x8086
[2018.05.17-10.08.06:574][  0]LogD3D11RHI:    2. 'Microsoft Basic Render Driver' (Feature Level 11_0)
[2018.05.17-10.08.06:574][  0]LogD3D11RHI:       0/0/4038 MB DedicatedVideo/DedicatedSystem/SharedSystem, Outputs:0, VendorId:0x1414
[2018.05.17-10.08.06:574][  0]LogD3D11RHI: Chosen D3D11 Adapter: 0
[2018.05.17-10.08.06:611][  0]LogD3D11RHI: Creating new Direct3DDevice
[2018.05.17-10.08.06:611][  0]LogD3D11RHI:     GPU DeviceId: 0x1c8d (for the marketing name, search the web for "GPU Device Id")
[2018.05.17-10.08.06:611][  0]LogWindows: EnumDisplayDevices:
[2018.05.17-10.08.06:611][  0]LogWindows:    0. 'Intel(R) HD Graphics 630' (P:1 D:1)
[2018.05.17-10.08.06:612][  0]LogWindows:    1. 'Intel(R) HD Graphics 630' (P:0 D:0)
[2018.05.17-10.08.06:612][  0]LogWindows:    2. 'Intel(R) HD Graphics 630' (P:0 D:0)
[2018.05.17-10.08.06:612][  0]LogWindows: DebugString: GetVideoDriverDetailsInvalid PrimaryIsNotTheChoosenAdapter GetVideoDriverDetailsInvalid PrimaryIsNotTheChoosenAdapter GetVideoDriverDetailsInvalid PrimaryIsNotTheChoosenAdapter FoundDriverCount:0 
[2018.05.17-10.08.06:612][  0]LogD3D11RHI:     Adapter Name: NVIDIA GeForce GTX 1050
[2018.05.17-10.08.06:612][  0]LogD3D11RHI:   Driver Version: Unknown (internal:Unknown, unified:Unknown)
[2018.05.17-10.08.06:612][  0]LogD3D11RHI:      Driver Date: Unknown
[2018.05.17-10.08.06:612][  0]LogRHI: Texture pool is 2814 MB (70% of 4021 MB)
[2018.05.17-10.08.06:903][  0]LogD3D11RHI: [Aftermath] Aftermath enabled and primed
[2018.05.17-10.08.06:903][  0]LogD3D11RHI: [Aftermath] Aftermath enabled and primed
[2018.05.17-10.08.06:903][  0]LogD3D11RHI: Async texture creation enabled
[2018.05.17-10.08.07:162][  0]LogD3D11RHI: GPU Timing Frequency: 1000.000000 (Debug: 2 2)
[2018.05.17-10.08.07:279][  0]LogShaderCompilers: Guid format shader working directory is -34 characters bigger than the processId version (../../../../../../Users/User/Documents/GitHub Files/UE4 Crash Course/FPSProject/Intermediate/Shaders/WorkingDirectory/1940/).
[2018.05.17-10.08.07:280][  0]LogShaderCompilers: Cleaned the shader compiler working directory 'C:/Users/User/AppData/Local/Temp/UnrealShaderWorkingDir/B3A5DDCC4B07F18D72E91E92DE635BD0/'.
[2018.05.17-10.08.09:526][  0]LogTemp: Display: Loaded TP AllDesktopTargetPlatform
[2018.05.17-10.08.09:546][  0]LogTemp: Display: Loaded TP MacClientTargetPlatform
[2018.05.17-10.08.09:566][  0]LogTemp: Display: Loaded TP MacNoEditorTargetPlatform
[2018.05.17-10.08.09:586][  0]LogTemp: Display: Loaded TP MacServerTargetPlatform
[2018.05.17-10.08.09:616][  0]LogTemp: Display: Loaded TP MacTargetPlatform
[2018.05.17-10.08.09:639][  0]LogTemp: Display: Loaded TP WindowsClientTargetPlatform
[2018.05.17-10.08.09:659][  0]LogTemp: Display: Loaded TP WindowsNoEditorTargetPlatform
[2018.05.17-10.08.09:680][  0]LogTemp: Display: Loaded TP WindowsServerTargetPlatform
[2018.05.17-10.08.09:701][  0]LogTemp: Display: Loaded TP WindowsTargetPlatform
[2018.05.17-10.08.09:721][  0]LogTemp: Display: Loaded TP Android_ASTCTargetPlatform
[2018.05.17-10.08.09:740][  0]LogTemp: Display: Loaded TP Android_ATCTargetPlatform
[2018.05.17-10.08.09:758][  0]LogTemp: Display: Loaded TP Android_DXTTargetPlatform
[2018.05.17-10.08.09:775][  0]LogTemp: Display: Loaded TP Android_ETC1aTargetPlatform
[2018.05.17-10.08.09:794][  0]LogTemp: Display: Loaded TP Android_ETC1TargetPlatform
[2018.05.17-10.08.09:813][  0]LogTemp: Display: Loaded TP Android_ETC2TargetPlatform
[2018.05.17-10.08.09:852][  0]LogTemp: Display: Loaded TP Android_MultiTargetPlatform
[2018.05.17-10.08.09:852][  0]LogTemp: Display: Loaded TP Android_PVRTCTargetPlatform
[2018.05.17-10.08.09:884][  0]LogTemp: Display: Loaded TP AndroidTargetPlatform
[2018.05.17-10.08.09:931][  0]LogTemp: Display: Loaded TP HTML5TargetPlatform
[2018.05.17-10.08.10:053][  0]LogTemp: Display: Loaded TP IOSTargetPlatform
[2018.05.17-10.08.10:073][  0]LogTemp: Display: Loaded TP TVOSTargetPlatform
[2018.05.17-10.08.10:092][  0]LogTemp: Display: Loaded TP LinuxClientTargetPlatform
[2018.05.17-10.08.10:112][  0]LogTemp: Display: Loaded TP LinuxNoEditorTargetPlatform
[2018.05.17-10.08.10:131][  0]LogTemp: Display: Loaded TP LinuxServerTargetPlatform
[2018.05.17-10.08.10:155][  0]LogTemp: Display: Loaded TP LinuxTargetPlatform
[2018.05.17-10.08.10:155][  0]LogTargetPlatformManager: Display: Building Assets For Windows
[2018.05.17-10.08.11:240][  0]LogXGEController: Cleaning working directory: C:/Users/User/AppData/Local/Temp/UnrealXGEWorkingDir/
[2018.05.17-10.08.11:241][  0]LogXGEController: Cannot use XGE Controller as Incredibuild is not installed on this machine.
[2018.05.17-10.08.11:241][  0]LogShaderCompilers: Cannot use XGE Shader Compiler as Incredibuild is not installed on this machine.
[2018.05.17-10.08.11:241][  0]LogShaderCompilers: Display: Using Local Shader Compiler.
[2018.05.17-10.08.15:574][  0]LogDerivedDataCache: Display: Max Cache Size: 512 MB
[2018.05.17-10.08.16:757][  0]LogDerivedDataCache: Loaded boot cache 1.16s 74MB C:/Users/User/AppData/Local/UnrealEngine/4.19/DerivedDataCache/Boot.ddc.
[2018.05.17-10.08.16:757][  0]LogDerivedDataCache: Display: Loaded Boot cache: C:/Users/User/AppData/Local/UnrealEngine/4.19/DerivedDataCache/Boot.ddc
[2018.05.17-10.08.16:757][  0]LogDerivedDataCache: FDerivedDataBackendGraph:  Pak pak cache file ../../../../../../Users/User/Documents/GitHub Files/UE4 Crash Course/FPSProject/DerivedDataCache/DDC.ddp not found, will not use a pak cache.
[2018.05.17-10.08.16:757][  0]LogDerivedDataCache: Unable to find inner node Pak for hierarchical cache Hierarchy.
[2018.05.17-10.08.16:757][  0]LogDerivedDataCache: FDerivedDataBackendGraph:  CompressedPak pak cache file ../../../../../../Users/User/Documents/GitHub Files/UE4 Crash Course/FPSProject/DerivedDataCache/Compressed.ddp not found, will not use a pak cache.
[2018.05.17-10.08.16:757][  0]LogDerivedDataCache: Unable to find inner node CompressedPak for hierarchical cache Hierarchy.
[2018.05.17-10.08.16:925][  0]LogDerivedDataCache: Display: Pak cache opened for reading ../../../Engine/DerivedDataCache/Compressed.ddp.
[2018.05.17-10.08.16:938][  0]LogDerivedDataCache: Using Local data cache path C:/Users/User/AppData/Local/UnrealEngine/Common/DerivedDataCache: Writable
[2018.05.17-10.08.16:938][  0]LogDerivedDataCache: Shared data cache path not found in *engine.ini, will not use an Shared cache.
[2018.05.17-10.08.16:938][  0]LogDerivedDataCache: Unable to find inner node Shared for hierarchical cache Hierarchy.
[2018.05.17-10.08.17:523][  0]LogMaterial: Verifying Global Shaders for PCD3D_SM5
[2018.05.17-10.08.17:866][  0]LogSlate: Using Freetype 2.6.0
[2018.05.17-10.08.18:057][  0]LogSlate: SlateFontCache - WITH_FREETYPE: 1, WITH_HARFBUZZ: 1
[2018.05.17-10.08.18:058][  0]LogSlate: SlateFontCache - WITH_FREETYPE: 1, WITH_HARFBUZZ: 1
[2018.05.17-10.08.26:602][  0]LogAssetRegistry: FAssetRegistry took 0.0470 seconds to start up
[2018.05.17-10.08.32:608][  0]LogInit: Selected Device Profile: [Windows]
[2018.05.17-10.08.35:078][  0]LogSimplygon: Simplygon DLL not present - disabling.
[2018.05.17-10.08.35:114][  0]LogMeshReduction: Using SimplygonSwarm for distributed automatic mesh merging
[2018.05.17-10.08.35:116][  0]LogMeshReduction: Using QuadricMeshReduction for automatic static mesh reduction
[2018.05.17-10.08.35:116][  0]LogMeshReduction: No automatic skeletal mesh reduction module available
[2018.05.17-10.08.35:116][  0]LogMeshReduction: No automatic mesh merging module available
[2018.05.17-10.08.35:116][  0]LogMeshMerging: No automatic mesh merging module available
[2018.05.17-10.08.35:631][  0]LogNetVersion: FPSProject , NetCL: 3944462, EngineNetVer: 2, GameNetVer: 0 (Checksum: 1223245918)
[2018.05.17-10.08.41:681][  0]LogPackageLocalizationCache: Processed 9 localized package path(s) for 2 prioritized culture(s) in 0.241929 seconds
[2018.05.17-10.08.41:807][  0]LogUObjectArray: 36728 objects as part of root set at end of initial load.
[2018.05.17-10.08.41:807][  0]LogUObjectAllocator: 7314312 out of 0 bytes used by permanent object pool.
[2018.05.17-10.08.41:807][  0]LogUObjectArray: CloseDisregardForGC: 0/0 objects in disregard for GC pool
[2018.05.17-10.09.03:909][  0]LogTcpMessaging: Initializing TcpMessaging bridge
[2018.05.17-10.09.04:000][  0]LogUdpMessaging: Initializing bridge on interface 0.0.0.0:0 to multicast group 230.0.0.1:6666.
[2018.05.17-10.09.06:526][  0]SourceControl: Source control is disabled
[2018.05.17-10.09.06:527][  0]SourceControl: Source control is disabled
[2018.05.17-10.09.06:645][  0]SourceControl: Source control is disabled
[2018.05.17-10.09.06:705][  0]SourceControl: Source control is disabled
[2018.05.17-10.09.09:247][  0]LogAndroidPermission: UAndroidPermissionCallbackProxy::GetInstance
[2018.05.17-10.09.10:117][  0]LogOcInput: OculusInput pre-init called
[2018.05.17-10.09.11:366][  0]LogEngine: Initializing Engine...
[2018.05.17-10.09.11:520][  0]LogHMD: Failed to initialize OpenVR with code 110
[2018.05.17-10.09.11:567][  0]LogStats: UGameplayTagsManager::ConstructGameplayTagTree: Construct from data asset -  0.000 s
[2018.05.17-10.09.11:570][  0]LogStats: UGameplayTagsManager::ConstructGameplayTagTree: GameplayTagTreeChangedEvent.Broadcast -  0.001 s
[2018.05.17-10.09.13:545][  0]LogAIModule: Creating AISystem for world Untitled
[2018.05.17-10.09.13:862][  0]LogInit: XAudio2 using 'Speakers (Realtek High Definition Audio)' : 2 channels at 48 kHz using 32 bits per sample (channel mask 0x3)
[2018.05.17-10.09.13:985][  0]LogInit: FAudioDevice initialized.
[2018.05.17-10.09.14:612][  0]LogDerivedDataCache: Saved boot cache 0.53s 74MB C:/Users/User/AppData/Local/UnrealEngine/4.19/DerivedDataCache/Boot.ddc.
[2018.05.17-10.09.14:641][  0]LogInit: Texture streaming: Enabled
[2018.05.17-10.09.15:082][  0]LogInit: Transaction tracking system initialized
[2018.05.17-10.09.17:029][  0]BlueprintLog: New page: Editor Load
[2018.05.17-10.09.19:406][  0]LocalizationService: Localization service is disabled
[2018.05.17-10.09.20:873][  0]LogUObjectGlobals: Created PersistentFrame Addr=0x00000231cfa897e0, Size=88, Default__Landscape_Sculpt_Mode_C Function /Engine/Tutorial/Landscape/Landscape_Sculpt_Mode.Landscape_Sculpt_Mode_C:ExecuteUbergraph_Landscape_Sculpt_Mode
[2018.05.17-10.09.21:057][  0]LogUObjectGlobals: Destroyed PersistentFrame Addr=0x00000231cfa897e0, Size=88
[2018.05.17-10.09.21:057][  0]LogUObjectGlobals: Created PersistentFrame Addr=0x00000231cfa897e0, Size=88, Default__Landscape_Sculpt_Mode_C Function /Engine/Transient.REINST_Landscape_Sculpt_Mode_C_3:ExecuteUbergraph_Landscape_Sculpt_Mode
[2018.05.17-10.09.21:105][  0]LogUObjectGlobals: Created PersistentFrame Addr=0x00000231da2ffab0, Size=80, Default__Landscape_Sculpt_Mode_C Function /Engine/Tutorial/Landscape/Landscape_Sculpt_Mode.Landscape_Sculpt_Mode_C:ExecuteUbergraph_Landscape_Sculpt_Mode
[2018.05.17-10.09.22:388][  0]LogConsoleResponse: Display: 
[2018.05.17-10.09.27:341][  0]LogFileCache: Scanning file cache for directory 'C:/Users/User/Documents/GitHub Files/UE4 Crash Course/FPSProject/Content/' took 0.04s
[2018.05.17-10.09.27:341][  0]LogCook: Display: Max memory allowance for cook 16384mb min free memory 0mb
[2018.05.17-10.09.27:341][  0]LogCook: Display: Mobile HDR setting 1
[2018.05.17-10.09.27:341][  0]LogGameplayTags: Display: UGameplayTagsManager::DoneAddingNativeTags. DelegateIsBound: 0
[2018.05.17-10.09.27:341][  0]LogStats: UGameplayTagsManager::ConstructGameplayTagTree: Construct from data asset -  0.000 s
[2018.05.17-10.09.27:341][  0]LogStats: UGameplayTagsManager::ConstructGameplayTagTree: GameplayTagTreeChangedEvent.Broadcast -  0.000 s
[2018.05.17-10.09.30:754][  0]SourceControl: Source control is disabled
[2018.05.17-10.09.30:791][  0]Cmd: MAP LOAD FILE="../../../Engine/Content/Maps/Templates/Template_Default.umap" TEMPLATE=1 SHOWPROGRESS=1 FEATURELEVEL=3
[2018.05.17-10.09.30:833][  0]LightingResults: New page: Lighting Build
[2018.05.17-10.09.31:104][  0]MapCheck: New page: Map Check
[2018.05.17-10.09.31:104][  0]LightingResults: New page: Lighting Build
[2018.05.17-10.09.31:735][  0]LogUObjectGlobals: Destroyed PersistentFrame Addr=0x00000231cfa897e0, Size=88
[2018.05.17-10.09.33:190][  0]LogAIModule: Creating AISystem for world Untitled_1
[2018.05.17-10.09.34:106][  0]LogEditorServer: Finished looking for orphan Actors (0.000 secs)
[2018.05.17-10.09.34:331][  0]Cmd: MAP CHECKDEP NOCLEARLOG
[2018.05.17-10.09.34:433][  0]MapCheck: Map check complete: 0 Error(s), 0 Warning(s), took 101.02ms to complete.
[2018.05.17-10.09.34:433][  0]LogFileHelpers: Loading map 'Template_Default' took 3.656
[2018.05.17-10.09.35:826][  0]LogCollectionManager: Loaded 0 collections in 0.017277 seconds
[2018.05.17-10.09.36:052][  0]LogFileCache: Scanning file cache for directory 'C:/Users/User/Documents/GitHub Files/UE4 Crash Course/FPSProject/Saved/Collections/' took 0.01s
[2018.05.17-10.09.36:052][  0]LogFileCache: Scanning file cache for directory 'C:/Users/User/Documents/GitHub Files/UE4 Crash Course/FPSProject/Content/Developers/User/Collections/' took 0.01s
[2018.05.17-10.09.36:052][  0]LogFileCache: Scanning file cache for directory 'C:/Users/User/Documents/GitHub Files/UE4 Crash Course/FPSProject/Content/Collections/' took 0.01s
[2018.05.17-10.09.36:052][  0]LogCollectionManager: Rebuilt the GUID cache for 0 collections in 0.000000 seconds
[2018.05.17-10.09.36:141][  0]LogContentBrowser: Native class hierarchy populated in 0.0833 seconds. Added 2453 classes and 560 folders.
[2018.05.17-10.09.36:340][  0]LogContentBrowser: Native class hierarchy updated for 'WidgetCarousel' in 0.0012 seconds. Added 0 classes and 0 folders.
[2018.05.17-10.09.38:757][  0]LogContentBrowser: Native class hierarchy updated for 'AddContentDialog' in 0.0011 seconds. Added 0 classes and 0 folders.
[2018.05.17-10.09.38:875][  0]LogContentBrowser: Native class hierarchy updated for 'SceneOutliner' in 0.0013 seconds. Added 1 classes and 2 folders.
[2018.05.17-10.09.40:669][  0]LogSlate: Took 0.018611 seconds to synchronously load lazily loaded font '../../../Engine/Content/Slate/Fonts/Roboto-Regular.ttf' (155K)
[2018.05.17-10.09.42:447][  0]LogSlate: Took 0.022291 seconds to synchronously load lazily loaded font '../../../Engine/Content/Slate/Fonts/Roboto-Bold.ttf' (160K)
[2018.05.17-10.09.42:519][  0]LogSlate: Took 0.013939 seconds to synchronously load lazily loaded font '../../../Engine/Content/Editor/Slate/Fonts/FontAwesome.ttf' (139K)
[2018.05.17-10.09.43:572][  0]LogRenderer: Reallocating scene render targets to support 1120x576 Format 9 NumSamples 1 (Frame:1).
[2018.05.17-10.09.45:367][  0]LogContentBrowser: Native class hierarchy updated for 'HierarchicalLODOutliner' in 0.0012 seconds. Added 0 classes and 0 folders.
[2018.05.17-10.09.45:367][  0]LogLoad: (Engine Initialization) Total time: 133.38 seconds
[2018.05.17-10.09.45:367][  0]LogLoad: (Engine Initialization) Total Blueprint compile time: 0.00 seconds
[2018.05.17-10.09.46:266][  0]LogContentStreaming: Texture pool size now 400 MB
[2018.05.17-10.09.47:383][  3]LogAssetRegistry: Asset discovery search completed in 80.8165 seconds
[2018.05.17-10.09.47:418][  3]LogCollectionManager: Rebuilt the object cache for 0 collections in 0.000000 seconds (found 0 objects)
[2018.05.17-10.09.47:418][  3]LogCollectionManager: Fixed up redirectors for 0 collections in 0.008187 seconds (updated 0 objects)
[2018.05.17-10.11.52:103][426]LogSlate: FSceneViewport::OnFocusLost() reason 2
[2018.05.17-10.19.15:999][965]LogEditorViewport: Clicking on Actor (context menu): BP_Sky_Sphere_C (Sky Sphere)
[2018.05.17-10.19.16:874][965]LogSlate: FSceneViewport::OnFocusLost() reason 2
[2018.05.17-10.19.19:661][ 58]LogEditorViewport: Clicking on Actor (context menu): BP_Sky_Sphere_C (Sky Sphere)
[2018.05.17-10.19.19:685][ 58]LogSlate: FSceneViewport::OnFocusLost() reason 2
[2018.05.17-10.19.20:350][ 98]LogEditorViewport: Clicking on Actor (context menu): StaticMeshActor (Floor)
[2018.05.17-10.19.20:803][ 98]LogSlate: FSceneViewport::OnFocusLost() reason 2
[2018.05.17-10.19.24:921][323]Cmd: SELECT NONE
[2018.05.17-10.19.27:440][456]LogEditorViewport: Clicking on Actor (LMB): StaticMeshActor (Floor)
[2018.05.17-10.19.28:165][495]Cmd: SELECT NONE
[2018.05.17-10.19.31:193][674]LogSlate: FSceneViewport::OnFocusLost() reason 2
[2018.05.17-10.19.32:096][727]LogTemp: Repeating last play command: Selected Viewport
[2018.05.17-10.19.32:305][727]LogPlayLevel: PlayLevel: No blueprints needed recompiling
[2018.05.17-10.19.32:507][727]PIE: New page: PIE session: Untitled_1 (May 18, 2018, 2:19:32 AM)
[2018.05.17-10.19.32:538][727]LogPlayLevel: Creating play world package: /Temp/UEDPIE_0_Untitled_1
[2018.05.17-10.19.32:587][727]LogPlayLevel: PIE: StaticDuplicateObject took: (0.048164s)
[2018.05.17-10.19.32:588][727]LogAIModule: Creating AISystem for world Untitled_1
[2018.05.17-10.19.32:588][727]LogPlayLevel: PIE: World Init took: (0.001347s)
[2018.05.17-10.19.32:588][727]LogPlayLevel: PIE: Created PIE world by copying editor world from /Temp/Untitled_1.Untitled_1 to /Temp/UEDPIE_0_Untitled_1.Untitled_1 (0.049784s)
[2018.05.17-10.19.32:673][727]LogInit: XAudio2 using 'Speakers (Realtek High Definition Audio)' : 2 channels at 48 kHz using 32 bits per sample (channel mask 0x3)
[2018.05.17-10.19.32:704][727]LogInit: FAudioDevice initialized.
[2018.05.17-10.19.32:812][727]LogLoad: Game class is 'GameModeBase'
[2018.05.17-10.19.33:003][727]LogWorld: Bringing World /Temp/UEDPIE_0_Untitled_1.Untitled_1 up for play (max tick rate 60) at 2018.05.17-18.19.33
[2018.05.17-10.19.33:037][727]LogWorld: Bringing up level for play took: 0.034726
[2018.05.17-10.19.33:288][727]LogContentBrowser: Native class hierarchy updated for 'MovieSceneCapture' in 0.0013 seconds. Added 11 classes and 0 folders.
[2018.05.17-10.19.33:389][727]PIE: Play in editor start time for /Temp/UEDPIE_0_Untitled_1 0.625
[2018.05.17-10.19.57:514][410]LogSlate: FSceneViewport::OnFocusLost() reason 0
[2018.05.17-10.20.42:730][480]LogSlate: Only BGRA pngs, bmps or icos are supported in by External Image Picker
[2018.05.17-10.20.43:651][483]LogTemp: Executing iPhonePackager certificates Engine -bundlename com.YourCompany.FPSProject
[2018.05.17-10.20.43:651][483]LogTemp: CWD: C:\Program Files\Epic Games\UE_4.19\Engine\Binaries\DotNET\IOS
[2018.05.17-10.20.43:651][483]LogTemp: Initial Dir: C:\Program Files\Epic Games\UE_4.19
[2018.05.17-10.20.43:652][483]LogTemp: Env CWD: C:\Program Files\Epic Games\UE_4.19\Engine\Binaries\DotNET\IOS
[2018.05.17-10.20.43:652][483]LogTemp: BranchPath = ASUS/C/Program Files/Epic Games/UE_4.19/Engine/Binaries --- GameBranchPath = ASUS/C/Program Files/Epic Games/UE_4.19/Engine/Binaries
[2018.05.17-10.20.43:652][483]LogTemp: IPP ERROR: Could not find provision directory 'C:\Users\User\AppData\Local/Apple Computer/MobileDevice/Provisioning Profiles/'.
[2018.05.17-10.21.01:890][ 16]LogSlate: Window 'Project Settings' being destroyed
[2018.05.17-10.21.01:894][ 16]LogSlate: Window 'Project Settings' being destroyed
[2018.05.17-10.21.03:182][ 70]LogSlate: Took 0.014814 seconds to synchronously load lazily loaded font '../../../Engine/Content/Slate/Fonts/Roboto-Light.ttf' (167K)
[2018.05.17-10.21.05:466][ 70]LogSlate: Window 'Save Level As' being destroyed
[2018.05.17-10.21.16:444][353]LogSlate: Window 'Save Level As' being destroyed
[2018.05.17-10.21.16:622][353]LogSlate: Took 0.000283 seconds to synchronously load lazily loaded font '../../../Engine/Content/Slate/Fonts/Roboto-Light.ttf' (167K)
[2018.05.17-10.21.16:859][353]LogSavePackage: Save=74.30ms
[2018.05.17-10.21.16:859][353]LogSavePackage: Moving '../../../../../../Users/User/Documents/GitHub Files/UE4 Crash Course/FPSProject/Saved/FPSMaps032B6FE0490FEAD94252909B80BBAB3E.tmp' to '../../../../../../Users/User/Documents/GitHub Files/UE4 Crash Course/FPSProject/Content/Maps/FPSMaps.umap'
[2018.05.17-10.21.16:878][353]LogSavePackage: Display: Finished SavePackage ../../../../../../Users/User/Documents/GitHub Files/UE4 Crash Course/FPSProject/Content/Maps/FPSMaps.umap
[2018.05.17-10.21.16:941][353]Cmd: OBJ SAVEPACKAGE PACKAGE="/Game/Maps/FPSMaps_BuiltData" FILE="../../../../../../Users/User/Documents/GitHub Files/UE4 Crash Course/FPSProject/Content/Maps/FPSMaps_BuiltData.uasset" SILENT=true
[2018.05.17-10.21.17:018][353]LogSavePackage: Save=73.68ms
[2018.05.17-10.21.17:018][353]LogSavePackage: Moving '../../../../../../Users/User/Documents/GitHub Files/UE4 Crash Course/FPSProject/Saved/FPSMaps_BuiltData36CCAE9645F5015B01C3B0A7CF7FDF1D.tmp' to '../../../../../../Users/User/Documents/GitHub Files/UE4 Crash Course/FPSProject/Content/Maps/FPSMaps_BuiltData.uasset'
[2018.05.17-10.21.17:020][353]LogSavePackage: Display: Finished SavePackage ../../../../../../Users/User/Documents/GitHub Files/UE4 Crash Course/FPSProject/Content/Maps/FPSMaps_BuiltData.uasset
[2018.05.17-10.21.17:025][353]LogFileHelpers: Saving map 'FPSMaps' took 0.550
[2018.05.17-10.21.22:300][597]LogSlate: Only BGRA pngs, bmps or icos are supported in by External Image Picker
[2018.05.17-10.21.22:463][598]LogTemp: Executing iPhonePackager certificates Engine -bundlename com.YourCompany.FPSProject
[2018.05.17-10.21.22:464][598]LogTemp: CWD: C:\Program Files\Epic Games\UE_4.19\Engine\Binaries\DotNET\IOS
[2018.05.17-10.21.22:464][598]LogTemp: Initial Dir: C:\Program Files\Epic Games\UE_4.19
[2018.05.17-10.21.22:464][598]LogTemp: Env CWD: C:\Program Files\Epic Games\UE_4.19\Engine\Binaries\DotNET\IOS
[2018.05.17-10.21.22:464][598]LogTemp: BranchPath = ASUS/C/Program Files/Epic Games/UE_4.19/Engine/Binaries --- GameBranchPath = ASUS/C/Program Files/Epic Games/UE_4.19/Engine/Binaries
[2018.05.17-10.21.22:464][598]LogTemp: IPP ERROR: Could not find provision directory 'C:\Users\User\AppData\Local/Apple Computer/MobileDevice/Provisioning Profiles/'.
[2018.05.17-10.21.53:725][447]LogSlate: Window 'Project Settings' being destroyed
[2018.05.17-10.21.53:731][447]LogSlate: Window 'Project Settings' being destroyed
[2018.05.17-10.21.54:416][482]LogSavePackage: Save=33.67ms
[2018.05.17-10.21.54:416][482]LogSavePackage: Moving '../../../../../../Users/User/Documents/GitHub Files/UE4 Crash Course/FPSProject/Saved/FPSMaps4D3D937147F404084F299F9562062D07.tmp' to '../../../../../../Users/User/Documents/GitHub Files/UE4 Crash Course/FPSProject/Content/Maps/FPSMaps.umap'
[2018.05.17-10.21.54:418][482]LogSavePackage: Display: Finished SavePackage ../../../../../../Users/User/Documents/GitHub Files/UE4 Crash Course/FPSProject/Content/Maps/FPSMaps.umap
[2018.05.17-10.21.54:448][482]Cmd: OBJ SAVEPACKAGE PACKAGE="/Game/Maps/FPSMaps_BuiltData" FILE="../../../../../../Users/User/Documents/GitHub Files/UE4 Crash Course/FPSProject/Content/Maps/FPSMaps_BuiltData.uasset" SILENT=true
[2018.05.17-10.21.54:468][482]LogSavePackage: Save=13.22ms
[2018.05.17-10.21.54:468][482]LogSavePackage: Moving '../../../../../../Users/User/Documents/GitHub Files/UE4 Crash Course/FPSProject/Saved/FPSMaps_BuiltData848ED28F455F3D319B6CA2ABEEBC6D59.tmp' to '../../../../../../Users/User/Documents/GitHub Files/UE4 Crash Course/FPSProject/Content/Maps/FPSMaps_BuiltData.uasset'
[2018.05.17-10.21.54:470][482]LogSavePackage: Display: Finished SavePackage ../../../../../../Users/User/Documents/GitHub Files/UE4 Crash Course/FPSProject/Content/Maps/FPSMaps_BuiltData.uasset
[2018.05.17-10.22.00:731][774]LogUProjectInfo: Found projects:
[2018.05.17-10.22.02:802][895]Cmd: CLOSE_SLATE_MAINFRAME
[2018.05.17-10.22.02:893][895]LogSlate: Window 'Open Project' being destroyed
[2018.05.17-10.22.02:895][895]LogSlate: Window 'FPSProject - Unreal Editor' being destroyed
[2018.05.17-10.22.03:101][896]Cmd: QUIT_EDITOR
[2018.05.17-10.22.03:362][896]LogWindowsTextInputMethodSystem: Display: IME system now deactivated.
[2018.05.17-10.22.03:367][896]LogSlate: Slate User Destroyed.  User Index 0, Is Virtual User: 0
[2018.05.17-10.22.03:367][896]LogExit: Preparing to exit.
[2018.05.17-10.22.04:441][896]LogDirectoryWatcher: A directory notification for 'C:/Users/User/Documents/GitHub Files/UE4 Crash Course/FPSProject/Content/' was aborted.
[2018.05.17-10.22.04:457][896]LogExit: Editor shut down
[2018.05.17-10.22.04:462][896]LogExit: Transaction tracking system shut down
[2018.05.17-10.22.04:462][896]LogUObjectGlobals: Destroyed PersistentFrame Addr=0x00000231da2ffab0, Size=80
[2018.05.17-10.22.04:622][896]LogDirectoryWatcher: A directory notification for '../../../Engine/Content/' was aborted.
[2018.05.17-10.22.04:622][896]LogDirectoryWatcher: A directory notification for '../../../../../../Users/User/Documents/GitHub Files/UE4 Crash Course/FPSProject/Content/' was aborted.
[2018.05.17-10.22.04:623][896]LogDirectoryWatcher: A directory notification for '../../Plugins/2D/Paper2D/Content/' was aborted.
[2018.05.17-10.22.04:623][896]LogDirectoryWatcher: A directory notification for '../../Plugins/Enterprise/DatasmithContent/Content/' was aborted.
[2018.05.17-10.22.04:623][896]LogDirectoryWatcher: A directory notification for '../../Plugins/Media/MediaCompositing/Content/' was aborted.
[2018.05.17-10.22.04:623][896]LogDirectoryWatcher: A directory notification for '../../Plugins/Runtime/AppleARKit/Content/' was aborted.
[2018.05.17-10.22.04:623][896]LogDirectoryWatcher: A directory notification for '../../Plugins/Runtime/Oculus/OculusVR/Content/' was aborted.
[2018.05.17-10.22.04:623][896]LogDirectoryWatcher: A directory notification for '../../Plugins/Runtime/Steam/SteamVR/Content/' was aborted.
[2018.05.17-10.22.04:784][896]LogExit: Object subsystem successfully closed.
[2018.05.17-10.22.04:807][896]LogShaderCompilers: Display: Shaders left to compile 0
[2018.05.17-10.22.04:811][896]LogD3D11RHI: Shutdown
[2018.05.17-10.22.04:811][896]LogD3D11RHI: CleanupD3DDevice
[2018.05.17-10.22.04:814][896]LogD3D11RHI: ~FD3D11DynamicRHI
[2018.05.17-10.22.04:853][896]LogModuleManager: Shutting down and abandoning module ExternalImagePicker (578)
[2018.05.17-10.22.04:854][896]LogModuleManager: Shutting down and abandoning module MovieSceneCapture (576)
[2018.05.17-10.22.04:875][896]LogModuleManager: Shutting down and abandoning module HierarchicalLODOutliner (574)
[2018.05.17-10.22.04:875][896]LogModuleManager: Shutting down and abandoning module DesktopPlatform (572)
[2018.05.17-10.22.04:875][896]LogModuleManager: Shutting down and abandoning module SceneOutliner (570)
[2018.05.17-10.22.04:875][896]LogModuleManager: Shutting down and abandoning module AddContentDialog (568)
[2018.05.17-10.22.04:875][896]LogDirectoryWatcher: A directory notification for 'C:/Program Files/Epic Games/UE_4.19/FeaturePacks/' was aborted.
[2018.05.17-10.22.04:876][896]LogModuleManager: Shutting down and abandoning module WidgetCarousel (567)
[2018.05.17-10.22.04:876][896]LogModuleManager: Shutting down and abandoning module EditorWidgets (564)
[2018.05.17-10.22.04:876][896]LogModuleManager: Shutting down and abandoning module CollectionManager (562)
[2018.05.17-10.22.04:876][896]LogDirectoryWatcher: A directory notification for 'C:/Users/User/Documents/GitHub Files/UE4 Crash Course/FPSProject/Content/Collections/' was aborted.
[2018.05.17-10.22.04:876][896]LogDirectoryWatcher: A directory notification for 'C:/Users/User/Documents/GitHub Files/UE4 Crash Course/FPSProject/Content/Developers/User/Collections/' was aborted.
[2018.05.17-10.22.04:876][896]LogDirectoryWatcher: A directory notification for 'C:/Users/User/Documents/GitHub Files/UE4 Crash Course/FPSProject/Saved/Collections/' was aborted.
[2018.05.17-10.22.04:877][896]LogModuleManager: Shutting down and abandoning module LauncherPlatform (560)
[2018.05.17-10.22.04:877][896]LogModuleManager: Shutting down and abandoning module HierarchicalLODUtilities (558)
[2018.05.17-10.22.04:877][896]LogModuleManager: Shutting down and abandoning module StatsViewer (556)
[2018.05.17-10.22.04:877][896]LogModuleManager: Shutting down and abandoning module FoliageEdit (554)
[2018.05.17-10.22.04:877][896]LogModuleManager: Shutting down and abandoning module LandscapeEditor (552)
[2018.05.17-10.22.04:877][896]LogModuleManager: Shutting down and abandoning module MeshPaintMode (550)
[2018.05.17-10.22.04:877][896]LogModuleManager: Shutting down and abandoning module SceneDepthPickerMode (548)
[2018.05.17-10.22.04:877][896]LogModuleManager: Shutting down and abandoning module ActorPickerMode (546)
[2018.05.17-10.22.04:877][896]LogModuleManager: Shutting down and abandoning module GeometryMode (544)
[2018.05.17-10.22.04:877][896]LogModuleManager: Shutting down and abandoning module TextureAlignMode (542)
[2018.05.17-10.22.04:877][896]LogModuleManager: Shutting down and abandoning module BspMode (540)
[2018.05.17-10.22.04:877][896]LogModuleManager: Shutting down and abandoning module PIEPreviewDeviceProfileSelector (538)
[2018.05.17-10.22.04:877][896]LogModuleManager: Shutting down and abandoning module SequenceRecorderSections (536)
[2018.05.17-10.22.04:877][896]LogModuleManager: Shutting down and abandoning module AutomationWorker (534)
[2018.05.17-10.22.04:877][896]LogModuleManager: Shutting down and abandoning module AudioCaptureEditor (532)
[2018.05.17-10.22.04:877][896]LogModuleManager: Shutting down and abandoning module SequenceRecorder (531)
[2018.05.17-10.22.04:877][896]LogModuleManager: Shutting down and abandoning module MatineeToLevelSequence (528)
[2018.05.17-10.22.04:877][896]LogModuleManager: Shutting down and abandoning module LevelSequenceEditor (526)
[2018.05.17-10.22.04:877][896]LogModuleManager: Shutting down and abandoning module PlacementMode (525)
[2018.05.17-10.22.04:877][896]LogModuleManager: Shutting down and abandoning module MaterialEditor (524)
[2018.05.17-10.22.04:877][896]LogModuleManager: Shutting down and abandoning module WmfMediaFactory (520)
[2018.05.17-10.22.04:877][896]LogModuleManager: Shutting down and abandoning module WmfMediaEditor (518)
[2018.05.17-10.22.04:877][896]LogModuleManager: Shutting down and abandoning module MediaPlayerEditor (516)
[2018.05.17-10.22.04:878][896]LogModuleManager: Shutting down and abandoning module OpenExrWrapper (514)
[2018.05.17-10.22.04:878][896]LogModuleManager: Shutting down and abandoning module ImgMediaFactory (512)
[2018.05.17-10.22.04:878][896]LogModuleManager: Shutting down and abandoning module ImgMediaEditor (510)
[2018.05.17-10.22.04:878][896]LogModuleManager: Shutting down and abandoning module AvfMediaFactory (508)
[2018.05.17-10.22.04:878][896]LogModuleManager: Shutting down and abandoning module AvfMediaEditor (506)
[2018.05.17-10.22.04:878][896]LogModuleManager: Shutting down and abandoning module AndroidMediaFactory (504)
[2018.05.17-10.22.04:878][896]LogModuleManager: Shutting down and abandoning module AndroidMediaEditor (502)
[2018.05.17-10.22.04:878][896]LogModuleManager: Shutting down and abandoning module CharacterAI (500)
[2018.05.17-10.22.04:878][896]LogModuleManager: Shutting down and abandoning module SmartSnapping (498)
[2018.05.17-10.22.04:878][896]LogModuleManager: Shutting down and abandoning module SessionServices (496)
[2018.05.17-10.22.04:878][896]LogModuleManager: Shutting down and abandoning module ViewportSnapping (494)
[2018.05.17-10.22.04:878][896]LogModuleManager: Shutting down and abandoning module ViewportInteraction (492)
[2018.05.17-10.22.04:878][896]LogModuleManager: Shutting down and abandoning module ClothPainter (490)
[2018.05.17-10.22.04:878][896]LogModuleManager: Shutting down and abandoning module SkeletalMeshEditor (489)
[2018.05.17-10.22.04:878][896]LogModuleManager: Shutting down and abandoning module LogVisualizer (486)
[2018.05.17-10.22.04:878][896]LogModuleManager: Shutting down and abandoning module IntroTutorials (484)
[2018.05.17-10.22.04:878][896]LogModuleManager: Shutting down and abandoning module GameProjectGeneration (483)
[2018.05.17-10.22.04:878][896]LogModuleManager: Shutting down and abandoning module IOSPlatformEditor (480)
[2018.05.17-10.22.04:878][896]LogModuleManager: Shutting down and abandoning module HTML5PlatformEditor (478)
[2018.05.17-10.22.04:878][896]LogModuleManager: Shutting down and abandoning module AndroidPlatformEditor (476)
[2018.05.17-10.22.04:878][896]LogModuleManager: Shutting down and abandoning module AndroidDeviceDetection (475)
[2018.05.17-10.22.05:160][896]LogModuleManager: Shutting down and abandoning module WindowsPlatformEditor (472)
[2018.05.17-10.22.05:160][896]LogModuleManager: Shutting down and abandoning module IOSRuntimeSettings (470)
[2018.05.17-10.22.05:160][896]LogModuleManager: Shutting down and abandoning module AndroidRuntimeSettings (468)
[2018.05.17-10.22.05:160][896]LogModuleManager: Shutting down and abandoning module InputBindingEditor (466)
[2018.05.17-10.22.05:160][896]LogModuleManager: Shutting down and abandoning module MergeActors (464)
[2018.05.17-10.22.05:160][896]LogModuleManager: Shutting down and abandoning module LocalizationDashboard (462)
[2018.05.17-10.22.05:160][896]LogModuleManager: Shutting down and abandoning module LocalizationService (461)
[2018.05.17-10.22.05:160][896]LogModuleManager: Shutting down and abandoning module HardwareTargeting (458)
[2018.05.17-10.22.05:160][896]LogModuleManager: Shutting down and abandoning module DeviceProfileEditor (456)
[2018.05.17-10.22.05:160][896]LogModuleManager: Shutting down and abandoning module UndoHistory (454)
[2018.05.17-10.22.05:160][896]LogModuleManager: Shutting down and abandoning module XmlParser (452)
[2018.05.17-10.22.05:160][896]LogModuleManager: Shutting down and abandoning module Blutility (450)
[2018.05.17-10.22.05:160][896]LogModuleManager: Shutting down and abandoning module ProjectSettingsViewer (448)
[2018.05.17-10.22.05:160][896]LogModuleManager: Shutting down and abandoning module ProjectTargetPlatformEditor (447)
[2018.05.17-10.22.05:160][896]LogModuleManager: Shutting down and abandoning module EditorSettingsViewer (444)
[2018.05.17-10.22.05:160][896]LogModuleManager: Shutting down and abandoning module SettingsEditor (442)
[2018.05.17-10.22.05:160][896]LogModuleManager: Shutting down and abandoning module ProjectLauncher (440)
[2018.05.17-10.22.05:160][896]LogModuleManager: Shutting down and abandoning module SessionFrontend (438)
[2018.05.17-10.22.05:160][896]LogModuleManager: Shutting down and abandoning module ProfilerClient (436)
[2018.05.17-10.22.05:160][896]LogModuleManager: Shutting down and abandoning module DeviceManager (434)
[2018.05.17-10.22.05:160][896]LogModuleManager: Shutting down and abandoning module TargetDeviceServices (433)
[2018.05.17-10.22.05:227][896]LogModuleManager: Shutting down and abandoning module AutomationController (430)
[2018.05.17-10.22.05:227][896]LogModuleManager: Shutting down and abandoning module AutomationWindow (428)
[2018.05.17-10.22.05:227][896]LogModuleManager: Shutting down and abandoning module Layers (426)
[2018.05.17-10.22.05:227][896]LogModuleManager: Shutting down and abandoning module ComponentVisualizers (424)
[2018.05.17-10.22.05:227][896]LogModuleManager: Shutting down and abandoning module DetailCustomizations (422)
[2018.05.17-10.22.05:227][896]LogModuleManager: Shutting down and abandoning module PackagesDialog (420)
[2018.05.17-10.22.05:227][896]LogModuleManager: Shutting down and abandoning module Persona (418)
[2018.05.17-10.22.05:227][896]LogModuleManager: Shutting down and abandoning module AdvancedPreviewScene (417)
[2018.05.17-10.22.05:227][896]LogModuleManager: Shutting down and abandoning module AnimGraph (415)
[2018.05.17-10.22.05:227][896]LogModuleManager: Shutting down and abandoning module Kismet (412)
[2018.05.17-10.22.05:228][896]LogModuleManager: Shutting down and abandoning module GraphEditor (410)
[2018.05.17-10.22.05:228][896]LogModuleManager: Shutting down and abandoning module ClassViewer (408)
[2018.05.17-10.22.05:228][896]LogModuleManager: Shutting down and abandoning module Toolbox (406)
[2018.05.17-10.22.05:228][896]LogModuleManager: Shutting down and abandoning module ModuleUI (404)
[2018.05.17-10.22.05:228][896]LogModuleManager: Shutting down and abandoning module MovieSceneTools (402)
[2018.05.17-10.22.05:228][896]LogModuleManager: Shutting down and abandoning module OutputLog (400)
[2018.05.17-10.22.05:228][896]LogModuleManager: Shutting down and abandoning module GammaUI (398)
[2018.05.17-10.22.05:228][896]LogModuleManager: Shutting down and abandoning module Documentation (396)
[2018.05.17-10.22.05:228][896]LogModuleManager: Shutting down and abandoning module MovieSceneTracks (394)
[2018.05.17-10.22.05:228][896]LogModuleManager: Shutting down and abandoning module MovieScene (392)
[2018.05.17-10.22.05:228][896]LogModuleManager: Shutting down and abandoning module StreamingPauseRendering (390)
[2018.05.17-10.22.05:228][896]LogModuleManager: Shutting down and abandoning module PortalServices (388)
[2018.05.17-10.22.05:228][896]LogModuleManager: Shutting down and abandoning module PortalRpc (386)
[2018.05.17-10.22.05:228][896]LogModuleManager: Shutting down and abandoning module MessagingRpc (384)
[2018.05.17-10.22.05:228][896]LogModuleManager: Shutting down and abandoning module AIModule (382)
[2018.05.17-10.22.05:228][896]LogModuleManager: Shutting down and abandoning module GameplayDebugger (381)
[2018.05.17-10.22.05:228][896]LogModuleManager: Shutting down and abandoning module AITestSuite (379)
[2018.05.17-10.22.05:228][896]LogModuleManager: Shutting down and abandoning module ProfilerService (376)
[2018.05.17-10.22.05:245][896]LogModuleManager: Shutting down and abandoning module TaskGraph (374)
[2018.05.17-10.22.05:245][896]LogModuleManager: Shutting down and abandoning module SteamVRController (372)
[2018.05.17-10.22.05:245][896]LogModuleManager: Shutting down and abandoning module ProceduralMeshComponentEditor (370)
[2018.05.17-10.22.05:245][896]LogModuleManager: Shutting down and abandoning module ProceduralMeshComponent (368)
[2018.05.17-10.22.05:245][896]LogModuleManager: Shutting down and abandoning module OculusInput (366)
[2018.05.17-10.22.05:245][896]LogModuleManager: Shutting down and abandoning module MobilePatchingUtils (364)
[2018.05.17-10.22.05:245][896]LogModuleManager: Shutting down and abandoning module CustomMeshComponent (362)
[2018.05.17-10.22.05:245][896]LogModuleManager: Shutting down and abandoning module CableComponent (360)
[2018.05.17-10.22.05:245][896]LogModuleManager: Shutting down and abandoning module AudioCapture (358)
[2018.05.17-10.22.05:245][896]LogModuleManager: Shutting down and abandoning module ArchVisCharacter (356)
[2018.05.17-10.22.05:245][896]LogModuleManager: Shutting down and abandoning module AndroidPermission (354)
[2018.05.17-10.22.05:246][896]LogModuleManager: Shutting down and abandoning module NUTUnrealEngine4 (350)
[2018.05.17-10.22.05:246][896]LogModuleManager: Shutting down and abandoning module NetcodeUnitTest (348)
[2018.05.17-10.22.05:246][896]LogModuleManager: Shutting down and abandoning module MediaCompositingEditor (346)
[2018.05.17-10.22.05:246][896]LogModuleManager: Shutting down and abandoning module MediaCompositing (344)
[2018.05.17-10.22.05:246][896]LogModuleManager: Shutting down and abandoning module LinearTimecode (342)
[2018.05.17-10.22.05:246][896]LogModuleManager: Shutting down and abandoning module ImgMedia (340)
[2018.05.17-10.22.05:249][896]LogModuleManager: Shutting down and abandoning module HTML5Networking (338)
[2018.05.17-10.22.05:249][896]LogModuleManager: Shutting down and abandoning module AlembicImporter (336)
[2018.05.17-10.22.05:249][896]LogModuleManager: Shutting down and abandoning module AlembicLibrary (335)
[2018.05.17-10.22.05:249][896]LogModuleManager: Shutting down and abandoning module GeometryCache (334)
[2018.05.17-10.22.05:249][896]LogModuleManager: Shutting down and abandoning module GeometryCacheEd (333)
[2018.05.17-10.22.05:249][896]LogModuleManager: Shutting down and abandoning module DatasmithContent (328)
[2018.05.17-10.22.05:249][896]LogModuleManager: Shutting down and abandoning module SpeedTreeImporter (326)
[2018.05.17-10.22.05:249][896]LogModuleManager: Shutting down and abandoning module PluginBrowser (324)
[2018.05.17-10.22.05:249][896]LogModuleManager: Shutting down and abandoning module MobileLauncherProfileWizard (322)
[2018.05.17-10.22.05:249][896]LogModuleManager: Shutting down and abandoning module CryptoKeysOpenSSL (320)
[2018.05.17-10.22.05:249][896]LogModuleManager: Shutting down and abandoning module CryptoKeys (318)
[2018.05.17-10.22.05:250][896]LogModuleManager: Shutting down and abandoning module VisualStudioSourceCodeAccess (316)
[2018.05.17-10.22.05:250][896]LogModuleManager: Shutting down and abandoning module VisualStudioCodeSourceCodeAccess (314)
[2018.05.17-10.22.05:250][896]LogModuleManager: Shutting down and abandoning module UObjectPlugin (312)
[2018.05.17-10.22.05:250][896]LogModuleManager: Shutting down and abandoning module SubversionSourceControl (310)
[2018.05.17-10.22.05:250][896]LogModuleManager: Shutting down and abandoning module PerforceSourceControl (308)
[2018.05.17-10.22.05:250][896]LogModuleManager: Shutting down and abandoning module GitSourceControl (306)
[2018.05.17-10.22.05:250][896]LogModuleManager: Shutting down and abandoning module SourceControl (305)
[2018.05.17-10.22.05:250][896]LogModuleManager: Shutting down and abandoning module CLionSourceCodeAccess (302)
[2018.05.17-10.22.05:250][896]LogModuleManager: Shutting down and abandoning module LightPropagationVolumeEditor (300)
[2018.05.17-10.22.05:250][896]LogModuleManager: Shutting down and abandoning module PaperTiledImporter (298)
[2018.05.17-10.22.05:250][896]LogModuleManager: Shutting down and abandoning module PaperSpriteSheetImporter (296)
[2018.05.17-10.22.05:250][896]LogModuleManager: Shutting down and abandoning module Paper2DEditor (294)
[2018.05.17-10.22.05:250][896]LogModuleManager: Shutting down and abandoning module MeshPaint (293)
[2018.05.17-10.22.05:250][896]LogModuleManager: Shutting down and abandoning module FPSProject (290)
[2018.05.17-10.22.05:250][896]LogModuleManager: Shutting down and abandoning module RuntimePhysXCooking (288)
[2018.05.17-10.22.05:250][896]LogModuleManager: Shutting down and abandoning module PhysXVehiclesEditor (286)
[2018.05.17-10.22.05:250][896]LogModuleManager: Shutting down and abandoning module PhysXVehicles (284)
[2018.05.17-10.22.05:250][896]LogModuleManager: Shutting down and abandoning module OculusEditor (282)
[2018.05.17-10.22.05:250][896]LogModuleManager: Shutting down and abandoning module LocationServicesBPLibrary (280)
[2018.05.17-10.22.05:250][896]LogModuleManager: Shutting down and abandoning module ImmediatePhysicsEditor (278)
[2018.05.17-10.22.05:250][896]LogModuleManager: Shutting down and abandoning module ImmediatePhysics (276)
[2018.05.17-10.22.05:250][896]LogModuleManager: Shutting down and abandoning module ActorSequence (274)
[2018.05.17-10.22.05:250][896]LogModuleManager: Shutting down and abandoning module UdpMessaging (272)
[2018.05.17-10.22.05:353][896]LogModuleManager: Shutting down and abandoning module TcpMessaging (270)
[2018.05.17-10.22.05:453][896]LogModuleManager: Shutting down and abandoning module GameplayTagsEditor (268)
[2018.05.17-10.22.05:453][896]LogModuleManager: Shutting down and abandoning module FacialAnimationEditor (266)
[2018.05.17-10.22.05:453][896]LogModuleManager: Shutting down and abandoning module FacialAnimation (264)
[2018.05.17-10.22.05:453][896]LogModuleManager: Shutting down and abandoning module DataValidation (262)
[2018.05.17-10.22.05:453][896]LogModuleManager: Shutting down and abandoning module AssetManagerEditor (260)
[2018.05.17-10.22.05:453][896]LogModuleManager: Shutting down and abandoning module LevelEditor (259)
[2018.05.17-10.22.05:454][896]LogModuleManager: Shutting down and abandoning module PixelInspectorModule (258)
[2018.05.17-10.22.05:454][896]LogModuleManager: Shutting down and abandoning module CommonMenuExtensions (256)
[2018.05.17-10.22.05:454][896]LogModuleManager: Shutting down and abandoning module MainFrame (254)
[2018.05.17-10.22.05:454][896]LogModuleManager: Shutting down and abandoning module HotReload (253)
[2018.05.17-10.22.05:454][896]LogDirectoryWatcher: A directory notification for 'C:/Users/User/Documents/GitHub Files/UE4 Crash Course/FPSProject/Binaries/Win64' was aborted.
[2018.05.17-10.22.05:455][896]LogModuleManager: Shutting down and abandoning module ContentBrowser (249)
[2018.05.17-10.22.05:456][896]LogModuleManager: Shutting down and abandoning module TreeMap (247)
[2018.05.17-10.22.05:456][896]LogModuleManager: Shutting down and abandoning module LightPropagationVolumeRuntime (244)
[2018.05.17-10.22.05:456][896]LogModuleManager: Shutting down and abandoning module LiveLinkEditor (242)
[2018.05.17-10.22.05:456][896]LogModuleManager: Shutting down and abandoning module LiveLink (240)
[2018.05.17-10.22.06:319][896]LogModuleManager: Shutting down and abandoning module Paper2D (238)
[2018.05.17-10.22.06:319][896]LogModuleManager: Shutting down and abandoning module WindowsMoviePlayer (236)
[2018.05.17-10.22.06:319][896]LogModuleManager: Shutting down and abandoning module WmfMedia (234)
[2018.05.17-10.22.06:321][896]LogModuleManager: Shutting down and abandoning module Media (233)
[2018.05.17-10.22.06:327][896]LogModuleManager: Shutting down and abandoning module PacketHandler (230)
[2018.05.17-10.22.06:327][896]LogModuleManager: Shutting down and abandoning module ClothingSystemEditor (228)
[2018.05.17-10.22.06:327][896]LogModuleManager: Shutting down and abandoning module ClothingSystemRuntime (226)
[2018.05.17-10.22.06:327][896]LogModuleManager: Shutting down and abandoning module MediaAssets (224)
[2018.05.17-10.22.06:327][896]LogModuleManager: Shutting down and abandoning module Overlay (222)
[2018.05.17-10.22.06:327][896]LogModuleManager: Shutting down and abandoning module OverlayEditor (221)
[2018.05.17-10.22.06:327][896]LogModuleManager: Shutting down and abandoning module VREditor (218)
[2018.05.17-10.22.06:327][896]LogModuleManager: Shutting down and abandoning module StringTableEditor (216)
[2018.05.17-10.22.06:327][896]LogModuleManager: Shutting down and abandoning module GameplayTasksEditor (214)
[2018.05.17-10.22.06:327][896]LogModuleManager: Shutting down and abandoning module BehaviorTreeEditor (212)
[2018.05.17-10.22.06:328][896]LogModuleManager: Shutting down and abandoning module FunctionalTesting (210)
[2018.05.17-10.22.06:328][896]LogModuleManager: Shutting down and abandoning module CollisionAnalyzer (208)
[2018.05.17-10.22.06:328][896]LogModuleManager: Shutting down and abandoning module WorkspaceMenuStructure (207)
[2018.05.17-10.22.06:328][896]LogModuleManager: Shutting down and abandoning module UMG (204)
[2018.05.17-10.22.06:328][896]LogModuleManager: Shutting down and abandoning module UMGEditor (203)
[2018.05.17-10.22.06:328][896]LogModuleManager: Shutting down and abandoning module Sequencer (202)
[2018.05.17-10.22.06:328][896]LogModuleManager: Shutting down and abandoning module MessageLog (199)
[2018.05.17-10.22.06:328][896]LogModuleManager: Shutting down and abandoning module SlateReflector (194)
[2018.05.17-10.22.06:328][896]LogModuleManager: Shutting down and abandoning module Slate (192)
[2018.05.17-10.22.06:328][896]LogModuleManager: Shutting down and abandoning module EditorStyle (190)
[2018.05.17-10.22.06:330][896]LogModuleManager: Shutting down and abandoning module MRMesh (188)
[2018.05.17-10.22.06:330][896]LogModuleManager: Shutting down and abandoning module SourceCodeAccess (186)
[2018.05.17-10.22.06:330][896]LogModuleManager: Shutting down and abandoning module HeadMountedDisplay (184)
[2018.05.17-10.22.06:330][896]LogModuleManager: Shutting down and abandoning module XAudio2 (182)
[2018.05.17-10.22.06:330][896]LogModuleManager: Shutting down and abandoning module Networking (180)
[2018.05.17-10.22.06:330][896]LogModuleManager: Shutting down and abandoning module Core (178)
[2018.05.17-10.22.06:330][896]LogModuleManager: Shutting down and abandoning module LevelSequence (176)
[2018.05.17-10.22.06:330][896]LogModuleManager: Shutting down and abandoning module KismetCompiler (174)
[2018.05.17-10.22.06:330][896]LogModuleManager: Shutting down and abandoning module MeshUtilities (172)
[2018.05.17-10.22.06:330][896]LogModuleManager: Shutting down and abandoning module MeshMergeUtilities (171)
[2018.05.17-10.22.06:330][896]LogModuleManager: Shutting down and abandoning module MeshReductionInterface (170)
[2018.05.17-10.22.06:330][896]LogModuleManager: Shutting down and abandoning module SimplygonSwarm (169)
[2018.05.17-10.22.06:330][896]LogModuleManager: Shutting down and abandoning module SimplygonMeshReduction (167)
[2018.05.17-10.22.06:330][896]LogModuleManager: Shutting down and abandoning module QuadricMeshReduction (165)
[2018.05.17-10.22.06:330][896]LogModuleManager: Shutting down and abandoning module MaterialBaking (161)
[2018.05.17-10.22.06:331][896]LogModuleManager: Shutting down and abandoning module DirectoryWatcher (157)
[2018.05.17-10.22.06:332][896]LogModuleManager: Shutting down and abandoning module DerivedDataCache (154)
[2018.05.17-10.22.06:353][896]LogDerivedDataCache: Shutdown
[2018.05.17-10.22.06:353][896]LogModuleManager: Shutting down and abandoning module XGEController (152)
[2018.05.17-10.22.06:353][896]LogXGEController: Cleaning working directory: C:/Users/User/AppData/Local/Temp/UnrealXGEWorkingDir/
[2018.05.17-10.22.06:354][896]LogModuleManager: Shutting down and abandoning module TargetPlatform (150)
[2018.05.17-10.22.06:354][896]LogModuleManager: Shutting down and abandoning module VulkanShaderFormat (149)
[2018.05.17-10.22.06:354][896]LogModuleManager: Shutting down and abandoning module ShaderFormatVectorVM (147)
[2018.05.17-10.22.06:354][896]LogModuleManager: Shutting down and abandoning module ShaderFormatOpenGL (145)
[2018.05.17-10.22.06:354][896]LogModuleManager: Shutting down and abandoning module ShaderFormatD3D (143)
[2018.05.17-10.22.06:354][896]LogModuleManager: Shutting down and abandoning module MetalShaderFormat (141)
[2018.05.17-10.22.06:354][896]LogModuleManager: Shutting down and abandoning module TextureFormatUncompressed (139)
[2018.05.17-10.22.06:354][896]LogModuleManager: Shutting down and abandoning module TextureFormatPVR (137)
[2018.05.17-10.22.06:354][896]LogModuleManager: Shutting down and abandoning module TextureFormatDXT (135)
[2018.05.17-10.22.06:354][896]LogModuleManager: Shutting down and abandoning module TextureFormatIntelISPCTexComp (133)
[2018.05.17-10.22.06:354][896]LogModuleManager: Shutting down and abandoning module TextureFormatASTC (131)
[2018.05.17-10.22.06:354][896]LogModuleManager: Shutting down and abandoning module ImageWrapper (130)
[2018.05.17-10.22.06:354][896]LogModuleManager: Shutting down and abandoning module TextureFormatAndroid (127)
[2018.05.17-10.22.06:354][896]LogModuleManager: Shutting down and abandoning module AudioFormatOpus (125)
[2018.05.17-10.22.06:354][896]LogModuleManager: Shutting down and abandoning module AudioFormatOgg (123)
[2018.05.17-10.22.06:354][896]LogModuleManager: Shutting down and abandoning module AudioFormatADPCM (121)
[2018.05.17-10.22.06:354][896]LogModuleManager: Shutting down and abandoning module LinuxTargetPlatform (119)
[2018.05.17-10.22.06:354][896]LogModuleManager: Shutting down and abandoning module LinuxServerTargetPlatform (117)
[2018.05.17-10.22.06:354][896]LogModuleManager: Shutting down and abandoning module LinuxNoEditorTargetPlatform (115)
[2018.05.17-10.22.06:354][896]LogModuleManager: Shutting down and abandoning module LinuxClientTargetPlatform (113)
[2018.05.17-10.22.06:354][896]LogModuleManager: Shutting down and abandoning module TVOSTargetPlatform (111)
[2018.05.17-10.22.06:354][896]LogModuleManager: Shutting down and abandoning module Messaging (109)
[2018.05.17-10.22.06:355][896]LogModuleManager: Shutting down and abandoning module IOSTargetPlatform (107)
[2018.05.17-10.22.06:355][896]LogModuleManager: Shutting down and abandoning module HTML5TargetPlatform (105)
[2018.05.17-10.22.06:355][896]LogModuleManager: Shutting down and abandoning module AndroidTargetPlatform (103)
[2018.05.17-10.22.06:355][896]LogModuleManager: Shutting down and abandoning module Android_PVRTCTargetPlatform (101)
[2018.05.17-10.22.06:355][896]LogModuleManager: Shutting down and abandoning module Android_MultiTargetPlatform (99)
[2018.05.17-10.22.06:355][896]LogModuleManager: Shutting down and abandoning module Android_ETC2TargetPlatform (97)
[2018.05.17-10.22.06:355][896]LogModuleManager: Shutting down and abandoning module Android_ETC1TargetPlatform (95)
[2018.05.17-10.22.06:355][896]LogModuleManager: Shutting down and abandoning module Android_ETC1aTargetPlatform (93)
[2018.05.17-10.22.06:355][896]LogModuleManager: Shutting down and abandoning module Android_DXTTargetPlatform (91)
[2018.05.17-10.22.06:355][896]LogModuleManager: Shutting down and abandoning module Android_ATCTargetPlatform (89)
[2018.05.17-10.22.06:355][896]LogModuleManager: Shutting down and abandoning module Android_ASTCTargetPlatform (87)
[2018.05.17-10.22.06:355][896]LogModuleManager: Shutting down and abandoning module WindowsTargetPlatform (85)
[2018.05.17-10.22.06:355][896]LogModuleManager: Shutting down and abandoning module WindowsServerTargetPlatform (83)
[2018.05.17-10.22.06:355][896]LogModuleManager: Shutting down and abandoning module WindowsNoEditorTargetPlatform (81)
[2018.05.17-10.22.06:355][896]LogModuleManager: Shutting down and abandoning module WindowsClientTargetPlatform (79)
[2018.05.17-10.22.06:355][896]LogModuleManager: Shutting down and abandoning module MacTargetPlatform (77)
[2018.05.17-10.22.06:355][896]LogModuleManager: Shutting down and abandoning module MacServerTargetPlatform (75)
[2018.05.17-10.22.06:355][896]LogModuleManager: Shutting down and abandoning module MacNoEditorTargetPlatform (73)
[2018.05.17-10.22.06:355][896]LogModuleManager: Shutting down and abandoning module MacClientTargetPlatform (71)
[2018.05.17-10.22.06:355][896]LogModuleManager: Shutting down and abandoning module AllDesktopTargetPlatform (69)
[2018.05.17-10.22.06:355][896]LogModuleManager: Shutting down and abandoning module InputCore (66)
[2018.05.17-10.22.06:355][896]LogModuleManager: Shutting down and abandoning module Settings (64)
[2018.05.17-10.22.06:355][896]LogModuleManager: Shutting down and abandoning module PhysXCooking (62)
[2018.05.17-10.22.06:355][896]LogModuleManager: Shutting down and abandoning module SteamVR (60)
[2018.05.17-10.22.06:355][896]LogModuleManager: Shutting down and abandoning module OculusHMD (58)
[2018.05.17-10.22.06:355][896]LogModuleManager: Shutting down and abandoning module ExampleDeviceProfileSelector (56)
[2018.05.17-10.22.06:355][896]LogModuleManager: Shutting down and abandoning module AppleARKit (54)
[2018.05.17-10.22.06:355][896]LogModuleManager: Shutting down and abandoning module AugmentedReality (51)
[2018.05.17-10.22.06:355][896]LogModuleManager: Shutting down and abandoning module OnlineBlueprintSupport (48)
[2018.05.17-10.22.06:355][896]LogModuleManager: Shutting down and abandoning module OnlineSubsystem (44)
[2018.05.17-10.22.06:355][896]LogModuleManager: Shutting down and abandoning module XMPP (43)
[2018.05.17-10.22.06:356][896]LogModuleManager: Shutting down and abandoning module HTTP (41)
[2018.05.17-10.22.06:384][896]LogModuleManager: Shutting down and abandoning module SSL (40)
[2018.05.17-10.22.06:386][896]LogModuleManager: Shutting down and abandoning module AnimationModifiers (36)
[2018.05.17-10.22.06:386][896]LogModuleManager: Shutting down and abandoning module PropertyEditor (35)
[2018.05.17-10.22.06:386][896]LogModuleManager: Shutting down and abandoning module AudioEditor (32)
[2018.05.17-10.22.06:387][896]LogModuleManager: Shutting down and abandoning module TextureCompressor (30)
[2018.05.17-10.22.06:387][896]LogModuleManager: Shutting down and abandoning module ShaderCore (28)
[2018.05.17-10.22.06:387][896]LogModuleManager: Shutting down and abandoning module Landscape (26)
[2018.05.17-10.22.06:387][896]LogModuleManager: Shutting down and abandoning module SlateRHIRenderer (24)
[2018.05.17-10.22.06:388][896]LogModuleManager: Shutting down and abandoning module OpenGLDrv (22)
[2018.05.17-10.22.06:388][896]LogModuleManager: Shutting down and abandoning module D3D11RHI (20)
[2018.05.17-10.22.06:388][896]LogModuleManager: Shutting down and abandoning module AnimGraphRuntime (18)
[2018.05.17-10.22.06:388][896]LogModuleManager: Shutting down and abandoning module Renderer (16)
[2018.05.17-10.22.06:388][896]LogModuleManager: Shutting down and abandoning module Engine (14)
[2018.05.17-10.22.06:388][896]LogModuleManager: Shutting down and abandoning module CoreUObject (12)
[2018.05.17-10.22.06:388][896]LogModuleManager: Shutting down and abandoning module NetworkFile (10)
[2018.05.17-10.22.06:388][896]LogModuleManager: Shutting down and abandoning module CookedIterativeFile (8)
[2018.05.17-10.22.06:388][896]LogModuleManager: Shutting down and abandoning module StreamingFile (6)
[2018.05.17-10.22.06:388][896]LogModuleManager: Shutting down and abandoning module SandboxFile (4)
[2018.05.17-10.22.06:389][896]LogModuleManager: Shutting down and abandoning module PakFile (2)
[2018.05.17-10.22.06:394][896]LogExit: Exiting.
[2018.05.17-10.22.06:426][896]Log file closed, 05/17/18 18:22:06
